2025-02-27:19:02:26,900 INFO     [psi4.driver.task_planner:237] PLANNING MB:  mc_level_idx=0 packet={'driver': 'energy', 'method': 'mp2', 'basis': 'AUG-CC-PVTZ', 'keywords': {'SCF_TYPE': 'DF', 'function_kwargs': {}}}
2025-02-27:19:02:26,900 INFO     [psi4.driver.driver_nbody:954] 
  //>>>>>>>>>>>>>>>>>>>>>>>>>>>>>>>>>>>>>//
  // ManyBody Setup: N-Body Levels [1, 2]//
  //<<<<<<<<<<<<<<<<<<<<<<<<<<<<<<<<<<<<<//


2025-02-27:19:02:26,900 INFO     [psi4.driver.driver_nbody:515]         Number of 1-body computations:     2
        Number of 2-body computations:     1
2025-02-27:19:02:26,901 INFO     [psi4.driver.driver_nbody:1016] 
  //>>>>>>>>>>>>>>>>>>>>>>>>>>>>>>>>>>>//
  //       ManyBody Computations       //
  //<<<<<<<<<<<<<<<<<<<<<<<<<<<<<<<<<<<//


2025-02-27:19:02:26,916 INFO     [psi4.driver.task_base:172] <<< JSON launch ... c1 82.17233687676932
2025-02-27:19:02:28,410 INFO     [psi4.driver.task_planner:285] PLANNING Atomic:  keywords={'SCF_TYPE': 'DF', 'function_kwargs': {}}
2025-02-27:19:02:28,412 INFO     [psi4.driver.driver:523] Compute energy(): method=mp2, basis=aug-cc-pvtz, molecule=dimer, nre=82.17233687676932
2025-02-27:19:02:41,426 INFO     [psi4.driver.driver:526] Return energy(): -154.8113115234917
2025-02-27:19:02:41,436 INFO     [psi4.driver.task_base:172] <<< JSON launch ... c1 82.17278084846023
2025-02-27:19:02:41,462 INFO     [psi4.driver.task_planner:285] PLANNING Atomic:  keywords={'SCF_TYPE': 'DF', 'function_kwargs': {}}
2025-02-27:19:02:41,465 INFO     [psi4.driver.driver:523] Compute energy(): method=mp2, basis=aug-cc-pvtz, molecule=dimer, nre=82.17278084846023
2025-02-27:19:02:58,96 INFO     [psi4.driver.driver:526] Return energy(): -154.81143873351803
2025-02-27:19:02:58,107 INFO     [psi4.driver.task_base:172] <<< JSON launch ... c1 234.4879077102939
2025-02-27:19:02:58,132 INFO     [psi4.driver.task_planner:285] PLANNING Atomic:  keywords={'SCF_TYPE': 'DF', 'function_kwargs': {}}
2025-02-27:19:02:58,134 INFO     [psi4.driver.driver:523] Compute energy(): method=mp2, basis=aug-cc-pvtz, molecule=dimer, nre=234.4879077102939
2025-02-27:19:03:24,662 INFO     [psi4.driver.driver:526] Return energy(): -309.6239254393519
2025-02-27:19:03:24,689 INFO     [psi4.driver.driver_nbody:1366] 
  //>>>>>>>>>>>>>>>>>>>>>>>>>>>>>>>>>>>//
  //          ManyBody Results         //
  //<<<<<<<<<<<<<<<<<<<<<<<<<<<<<<<<<<<//


2025-02-27:19:03:24,690 INFO     [psi4.driver.driver_nbody:396] 
   ==> N-Body: Counterpoise Corrected (CP) energies <==

        n-Body     Total Energy            Interaction Energy                          N-body Contribution to Interaction Energy
                   [Eh]                    [Eh]                  [kcal/mol]            [Eh]                  [kcal/mol]
             1  N/A                         0.000000000000        0.000000000000        0.000000000000        0.000000000000
  FULL/RTN   2  N/A                        -0.001175182342       -0.737438053143       -0.001175182342       -0.737438053143


