2025-02-27:17:24:00,69 INFO     [psi4.driver.task_planner:237] PLANNING MB:  mc_level_idx=0 packet={'driver': 'energy', 'method': 'mp2', 'basis': 'AUG-CC-PVTZ', 'keywords': {'SCF_TYPE': 'DF', 'function_kwargs': {}}}
2025-02-27:17:24:00,69 INFO     [psi4.driver.driver_nbody:954] 
  //>>>>>>>>>>>>>>>>>>>>>>>>>>>>>>>>>>>>>//
  // ManyBody Setup: N-Body Levels [1, 2]//
  //<<<<<<<<<<<<<<<<<<<<<<<<<<<<<<<<<<<<<//


2025-02-27:17:24:00,70 INFO     [psi4.driver.driver_nbody:515]         Number of 1-body computations:     2
        Number of 2-body computations:     1
2025-02-27:17:24:00,70 INFO     [psi4.driver.driver_nbody:1016] 
  //>>>>>>>>>>>>>>>>>>>>>>>>>>>>>>>>>>>//
  //       ManyBody Computations       //
  //<<<<<<<<<<<<<<<<<<<<<<<<<<<<<<<<<<<//


2025-02-27:17:24:00,86 INFO     [psi4.driver.task_base:172] <<< JSON launch ... c1 82.20433370090038
2025-02-27:17:24:01,589 INFO     [psi4.driver.task_planner:285] PLANNING Atomic:  keywords={'SCF_TYPE': 'DF', 'function_kwargs': {}}
2025-02-27:17:24:01,591 INFO     [psi4.driver.driver:523] Compute energy(): method=mp2, basis=aug-cc-pvtz, molecule=dimer, nre=82.20433370090038
2025-02-27:17:24:14,625 INFO     [psi4.driver.driver:526] Return energy(): -154.81160062644653
2025-02-27:17:24:14,635 INFO     [psi4.driver.task_base:172] <<< JSON launch ... c1 82.06137337255903
2025-02-27:17:24:14,658 INFO     [psi4.driver.task_planner:285] PLANNING Atomic:  keywords={'SCF_TYPE': 'DF', 'function_kwargs': {}}
2025-02-27:17:24:14,660 INFO     [psi4.driver.driver:523] Compute energy(): method=mp2, basis=aug-cc-pvtz, molecule=dimer, nre=82.06137337255903
2025-02-27:17:24:27,583 INFO     [psi4.driver.driver:526] Return energy(): -154.81221957486707
2025-02-27:17:24:27,594 INFO     [psi4.driver.task_base:172] <<< JSON launch ... c1 256.8351471533465
2025-02-27:17:24:27,616 INFO     [psi4.driver.task_planner:285] PLANNING Atomic:  keywords={'SCF_TYPE': 'DF', 'function_kwargs': {}}
2025-02-27:17:24:27,617 INFO     [psi4.driver.driver:523] Compute energy(): method=mp2, basis=aug-cc-pvtz, molecule=dimer, nre=256.8351471533465
2025-02-27:17:24:43,914 INFO     [psi4.driver.driver:526] Return energy(): -309.6327435595883
2025-02-27:17:24:43,925 INFO     [psi4.driver.driver_nbody:1366] 
  //>>>>>>>>>>>>>>>>>>>>>>>>>>>>>>>>>>>//
  //          ManyBody Results         //
  //<<<<<<<<<<<<<<<<<<<<<<<<<<<<<<<<<<<//


2025-02-27:17:24:43,925 INFO     [psi4.driver.driver_nbody:396] 
   ==> N-Body: Counterpoise Corrected (CP) energies <==

        n-Body     Total Energy            Interaction Energy                          N-body Contribution to Interaction Energy
                   [Eh]                    [Eh]                  [kcal/mol]            [Eh]                  [kcal/mol]
             1  N/A                         0.000000000000        0.000000000000        0.000000000000        0.000000000000
  FULL/RTN   2  N/A                        -0.008923358275       -5.599491855268       -0.008923358275       -5.599491855268


