2025-02-27:17:39:16,676 INFO     [psi4.driver.task_planner:237] PLANNING MB:  mc_level_idx=0 packet={'driver': 'energy', 'method': 'mp2', 'basis': 'AUG-CC-PVTZ', 'keywords': {'SCF_TYPE': 'DF', 'function_kwargs': {}}}
2025-02-27:17:39:16,676 INFO     [psi4.driver.driver_nbody:954] 
  //>>>>>>>>>>>>>>>>>>>>>>>>>>>>>>>>>>>>>//
  // ManyBody Setup: N-Body Levels [1, 2]//
  //<<<<<<<<<<<<<<<<<<<<<<<<<<<<<<<<<<<<<//


2025-02-27:17:39:16,676 INFO     [psi4.driver.driver_nbody:515]         Number of 1-body computations:     2
        Number of 2-body computations:     1
2025-02-27:17:39:16,677 INFO     [psi4.driver.driver_nbody:1016] 
  //>>>>>>>>>>>>>>>>>>>>>>>>>>>>>>>>>>>//
  //       ManyBody Computations       //
  //<<<<<<<<<<<<<<<<<<<<<<<<<<<<<<<<<<<//


2025-02-27:17:39:16,693 INFO     [psi4.driver.task_base:172] <<< JSON launch ... c1 82.13560784436194
2025-02-27:17:39:18,203 INFO     [psi4.driver.task_planner:285] PLANNING Atomic:  keywords={'SCF_TYPE': 'DF', 'function_kwargs': {}}
2025-02-27:17:39:18,205 INFO     [psi4.driver.driver:523] Compute energy(): method=mp2, basis=aug-cc-pvtz, molecule=dimer, nre=82.13560784436193
2025-02-27:17:39:30,967 INFO     [psi4.driver.driver:526] Return energy(): -154.81161662279217
2025-02-27:17:39:30,976 INFO     [psi4.driver.task_base:172] <<< JSON launch ... c1 82.12405999365133
2025-02-27:17:39:30,998 INFO     [psi4.driver.task_planner:285] PLANNING Atomic:  keywords={'SCF_TYPE': 'DF', 'function_kwargs': {}}
2025-02-27:17:39:31,0 INFO     [psi4.driver.driver:523] Compute energy(): method=mp2, basis=aug-cc-pvtz, molecule=dimer, nre=82.12405999365133
2025-02-27:17:39:43,881 INFO     [psi4.driver.driver:526] Return energy(): -154.8117897050585
2025-02-27:17:39:43,890 INFO     [psi4.driver.task_base:172] <<< JSON launch ... c1 250.98956517146033
2025-02-27:17:39:43,912 INFO     [psi4.driver.task_planner:285] PLANNING Atomic:  keywords={'SCF_TYPE': 'DF', 'function_kwargs': {}}
2025-02-27:17:39:43,914 INFO     [psi4.driver.driver:523] Compute energy(): method=mp2, basis=aug-cc-pvtz, molecule=dimer, nre=250.98956517146033
2025-02-27:17:40:00,596 INFO     [psi4.driver.driver:526] Return energy(): -309.62648719775564
2025-02-27:17:40:00,606 INFO     [psi4.driver.driver_nbody:1366] 
  //>>>>>>>>>>>>>>>>>>>>>>>>>>>>>>>>>>>//
  //          ManyBody Results         //
  //<<<<<<<<<<<<<<<<<<<<<<<<<<<<<<<<<<<//


2025-02-27:17:40:00,607 INFO     [psi4.driver.driver_nbody:396] 
   ==> N-Body: Counterpoise Corrected (CP) energies <==

        n-Body     Total Energy            Interaction Energy                          N-body Contribution to Interaction Energy
                   [Eh]                    [Eh]                  [kcal/mol]            [Eh]                  [kcal/mol]
             1  N/A                         0.000000000000        0.000000000000        0.000000000000        0.000000000000
  FULL/RTN   2  N/A                        -0.003080869905       -1.933275052849       -0.003080869905       -1.933275052849


