2025-02-27:17:18:04,6 INFO     [psi4.driver.task_planner:237] PLANNING MB:  mc_level_idx=0 packet={'driver': 'energy', 'method': 'mp2', 'basis': 'AUG-CC-PVTZ', 'keywords': {'SCF_TYPE': 'DF', 'function_kwargs': {}}}
2025-02-27:17:18:04,6 INFO     [psi4.driver.driver_nbody:954] 
  //>>>>>>>>>>>>>>>>>>>>>>>>>>>>>>>>>>>>>//
  // ManyBody Setup: N-Body Levels [1, 2]//
  //<<<<<<<<<<<<<<<<<<<<<<<<<<<<<<<<<<<<<//


2025-02-27:17:18:04,6 INFO     [psi4.driver.driver_nbody:515]         Number of 1-body computations:     2
        Number of 2-body computations:     1
2025-02-27:17:18:04,7 INFO     [psi4.driver.driver_nbody:1016] 
  //>>>>>>>>>>>>>>>>>>>>>>>>>>>>>>>>>>>//
  //       ManyBody Computations       //
  //<<<<<<<<<<<<<<<<<<<<<<<<<<<<<<<<<<<//


2025-02-27:17:18:04,22 INFO     [psi4.driver.task_base:172] <<< JSON launch ... c1 82.02986953109814
2025-02-27:17:18:05,516 INFO     [psi4.driver.task_planner:285] PLANNING Atomic:  keywords={'SCF_TYPE': 'DF', 'function_kwargs': {}}
2025-02-27:17:18:05,518 INFO     [psi4.driver.driver:523] Compute energy(): method=mp2, basis=aug-cc-pvtz, molecule=dimer, nre=82.02986953109816
2025-02-27:17:18:18,774 INFO     [psi4.driver.driver:526] Return energy(): -154.8121155987673
2025-02-27:17:18:18,785 INFO     [psi4.driver.task_base:172] <<< JSON launch ... c1 82.16537796886814
2025-02-27:17:18:18,809 INFO     [psi4.driver.task_planner:285] PLANNING Atomic:  keywords={'SCF_TYPE': 'DF', 'function_kwargs': {}}
2025-02-27:17:18:18,812 INFO     [psi4.driver.driver:523] Compute energy(): method=mp2, basis=aug-cc-pvtz, molecule=dimer, nre=82.16537796886814
2025-02-27:17:18:31,452 INFO     [psi4.driver.driver:526] Return energy(): -154.81179117887177
2025-02-27:17:18:31,462 INFO     [psi4.driver.task_base:172] <<< JSON launch ... c1 258.45959711113244
2025-02-27:17:18:31,484 INFO     [psi4.driver.task_planner:285] PLANNING Atomic:  keywords={'SCF_TYPE': 'DF', 'function_kwargs': {}}
2025-02-27:17:18:31,486 INFO     [psi4.driver.driver:523] Compute energy(): method=mp2, basis=aug-cc-pvtz, molecule=dimer, nre=258.45959711113244
2025-02-27:17:18:47,255 INFO     [psi4.driver.driver:526] Return energy(): -309.63352652688303
2025-02-27:17:18:47,266 INFO     [psi4.driver.driver_nbody:1366] 
  //>>>>>>>>>>>>>>>>>>>>>>>>>>>>>>>>>>>//
  //          ManyBody Results         //
  //<<<<<<<<<<<<<<<<<<<<<<<<<<<<<<<<<<<//


2025-02-27:17:18:47,266 INFO     [psi4.driver.driver_nbody:396] 
   ==> N-Body: Counterpoise Corrected (CP) energies <==

        n-Body     Total Energy            Interaction Energy                          N-body Contribution to Interaction Energy
                   [Eh]                    [Eh]                  [kcal/mol]            [Eh]                  [kcal/mol]
             1  N/A                         0.000000000000        0.000000000000        0.000000000000        0.000000000000
  FULL/RTN   2  N/A                        -0.009619749244       -6.036483785972       -0.009619749244       -6.036483785972


