2025-02-27:17:27:03,704 INFO     [psi4.driver.task_planner:237] PLANNING MB:  mc_level_idx=0 packet={'driver': 'energy', 'method': 'mp2', 'basis': 'AUG-CC-PVTZ', 'keywords': {'SCF_TYPE': 'DF', 'function_kwargs': {}}}
2025-02-27:17:27:03,704 INFO     [psi4.driver.driver_nbody:954] 
  //>>>>>>>>>>>>>>>>>>>>>>>>>>>>>>>>>>>>>//
  // ManyBody Setup: N-Body Levels [1, 2]//
  //<<<<<<<<<<<<<<<<<<<<<<<<<<<<<<<<<<<<<//


2025-02-27:17:27:03,704 INFO     [psi4.driver.driver_nbody:515]         Number of 1-body computations:     2
        Number of 2-body computations:     1
2025-02-27:17:27:03,705 INFO     [psi4.driver.driver_nbody:1016] 
  //>>>>>>>>>>>>>>>>>>>>>>>>>>>>>>>>>>>//
  //       ManyBody Computations       //
  //<<<<<<<<<<<<<<<<<<<<<<<<<<<<<<<<<<<//


2025-02-27:17:27:03,720 INFO     [psi4.driver.task_base:172] <<< JSON launch ... c1 82.12314196521639
2025-02-27:17:27:05,223 INFO     [psi4.driver.task_planner:285] PLANNING Atomic:  keywords={'SCF_TYPE': 'DF', 'function_kwargs': {}}
2025-02-27:17:27:05,225 INFO     [psi4.driver.driver:523] Compute energy(): method=mp2, basis=aug-cc-pvtz, molecule=dimer, nre=82.12314196521639
2025-02-27:17:27:18,451 INFO     [psi4.driver.driver:526] Return energy(): -154.81193822730745
2025-02-27:17:27:18,461 INFO     [psi4.driver.task_base:172] <<< JSON launch ... c1 82.1231414833394
2025-02-27:17:27:18,484 INFO     [psi4.driver.task_planner:285] PLANNING Atomic:  keywords={'SCF_TYPE': 'DF', 'function_kwargs': {}}
2025-02-27:17:27:18,486 INFO     [psi4.driver.driver:523] Compute energy(): method=mp2, basis=aug-cc-pvtz, molecule=dimer, nre=82.1231414833394
2025-02-27:17:27:31,446 INFO     [psi4.driver.driver:526] Return energy(): -154.81193820874518
2025-02-27:17:27:31,458 INFO     [psi4.driver.task_base:172] <<< JSON launch ... c1 260.8685077668981
2025-02-27:17:27:31,481 INFO     [psi4.driver.task_planner:285] PLANNING Atomic:  keywords={'SCF_TYPE': 'DF', 'function_kwargs': {}}
2025-02-27:17:27:31,482 INFO     [psi4.driver.driver:523] Compute energy(): method=mp2, basis=aug-cc-pvtz, molecule=dimer, nre=260.8685077668981
2025-02-27:17:27:47,426 INFO     [psi4.driver.driver:526] Return energy(): -309.6287397969578
2025-02-27:17:27:47,436 INFO     [psi4.driver.driver_nbody:1366] 
  //>>>>>>>>>>>>>>>>>>>>>>>>>>>>>>>>>>>//
  //          ManyBody Results         //
  //<<<<<<<<<<<<<<<<<<<<<<<<<<<<<<<<<<<//


2025-02-27:17:27:47,436 INFO     [psi4.driver.driver_nbody:396] 
   ==> N-Body: Counterpoise Corrected (CP) energies <==

        n-Body     Total Energy            Interaction Energy                          N-body Contribution to Interaction Energy
                   [Eh]                    [Eh]                  [kcal/mol]            [Eh]                  [kcal/mol]
             1  N/A                         0.000000000000        0.000000000000        0.000000000000        0.000000000000
  FULL/RTN   2  N/A                        -0.004863360905       -3.051805042397       -0.004863360905       -3.051805042397


