
Running Job 1 of 1 004_ethanol_dimer_59_almo.inp
qchem 004_ethanol_dimer_59_almo.inp_160296.0 /scratch/qchem160296/ 6
/home/kchung25/qchem/5.4.0/exe/qcprog.exe_s 004_ethanol_dimer_59_almo.inp_160296.0 /scratch/qchem160296/
                  Welcome to Q-Chem
     A Quantum Leap Into The Future Of Chemistry


 Q-Chem 5.4, Q-Chem, Inc., Pleasanton, CA (2021)

 E. Epifanovsky,  A. T. B. Gilbert,  Xintian Feng,  Joonho Lee,  Yuezhi Mao,  
 N. Mardirossian,  P. Pokhilko,  A. White,  M. Wormit,  M. P. Coons,  
 A. L. Dempwolff,  Zhengting Gan,  D. Hait,  P. R. Horn,  L. D. Jacobson,  
 I. Kaliman,  J. Kussmann,  A. W. Lange,  Ka Un Lao,  D. S. Levine,  Jie Liu,  
 S. C. McKenzie,  A. F. Morrison,  K. Nanda,  F. Plasser,  D. R. Rehn,  
 M. L. Vidal,  Zhi-Qiang You,  Ying Zhu,  B. Alam,  B. Albrecht,  
 A. Aldossary,  E. Alguire,  J. H. Andersen,  D. Barton,  K. Begam,  A. Behn,  
 Y. A. Bernard,  E. J. Berquist,  H. Burton,  A. Carreras,  K. Carter-Fenk,  
 Romit Chakraborty,  A. D. Chien,  K. D. Closser,  V. Cofer-Shabica,  
 S. Dasgupta,  Jia Deng,  M. de Wergifosse,  M. Diedenhofen,  Hainam Do,  
 S. Ehlert,  Po-Tung Fang,  S. Fatehi,  Qingguo Feng,  T. Friedhoff,  
 J. Gayvert,  Qinghui Ge,  G. Gidofalvi,  M. Goldey,  J. Gomes,  
 C. Gonzalez-Espinoza,  S. Gulania,  A. Gunina,  M. W. D. Hanson-Heine,  
 P. H. P. Harbach,  A. W. Hauser,  M. F. Herbst,  M. Hernandez Vera,  
 M. Hodecker,  Z. C. Holden,  S. Houck,  Xunkun Huang,  Kerwin Hui,  
 B. C. Huynh,  M. Ivanov,  Hyunjun Ji,  Hanjie Jiang,  B. Kaduk,  S. Kaehler,  
 K. Khistyaev,  Jaehoon Kim,  P. Klunzinger,  Z. Koczor-Benda,  
 Joong Hoon Koh,  D. Kosenkov,  L. Koulias,  T. Kowalczyk,  C. M. Krauter,  
 K. Kue,  A. Kunitsa,  T. Kus,  A. Landau,  K. V. Lawler,  D. Lefrancois,  
 S. Lehtola,  Rain Li,  Yi-Pei Li,  Jiashu Liang,  M. Liebenthal,  
 Hung-Hsuan Lin,  You-Sheng Lin,  Fenglai Liu,  Kuan-Yu Liu,  
 M. Loipersberger,  A. Luenser,  A. Manjanath,  P. Manohar,  E. Mansoor,  
 S. F. Manzer,  Shan-Ping Mao,  A. V. Marenich,  T. Markovich,  S. Mason,  
 S. A. Maurer,  P. F. McLaughlin,  M. F. S. J. Menger,  J.-M. Mewes,  
 S. A. Mewes,  P. Morgante,  J. W. Mullinax,  K. J. Oosterbaan,  G. Paran,  
 Alexander C. Paul,  Suranjan K. Paul,  F. Pavosevic,  Zheng Pei,  S. Prager,  
 E. I. Proynov,  E. Ramos,  B. Rana,  A. E. Rask,  A. Rettig,  R. M. Richard,  
 F. Rob,  E. Rossomme,  T. Scheele,  M. Scheurer,  M. Schneider,  
 N. Sergueev,  S. M. Sharada,  W. Skomorowski,  D. W. Small,  C. J. Stein,  
 Yu-Chuan Su,  E. J. Sundstrom,  Zhen Tao,  J. Thirman,  T. Tsuchimochi,  
 N. M. Tubman,  S. P. Veccham,  O. Vydrov,  J. Wenzel,  J. Witte,  A. Yamada,  
 Kun Yao,  S. Yeganeh,  S. R. Yost,  A. Zech,  Igor Ying Zhang,  Xing Zhang,  
 Yu Zhang,  D. Zuev,  A. Aspuru-Guzik,  A. T. Bell,  N. A. Besley,  
 K. B. Bravaya,  B. R. Brooks,  D. Casanova,  Jeng-Da Chai,  S. Coriani,  
 C. J. Cramer,  A. E. DePrince, III,  R. A. DiStasio Jr.,  A. Dreuw,  
 B. D. Dunietz,  T. R. Furlani,  W. A. Goddard III,  S. Grimme,  
 S. Hammes-Schiffer,  T. Head-Gordon,  W. J. Hehre,  Chao-Ping Hsu,  
 T.-C. Jagau,  Yousung Jung,  A. Klamt,  Jing Kong,  D. S. Lambrecht,  
 WanZhen Liang,  N. J. Mayhall,  C. W. McCurdy,  J. B. Neaton,  T. Neudecker,  
 C. Ochsenfeld,  J. A. Parkhill,  R. Peverati,  V. A. Rassolov,  Yihan Shao,  
 L. V. Slipchenko,  R. P. Steele,  J. E. Subotnik,  A. J. W. Thom,  
 A. Tkatchenko,  D. G. Truhlar,  T. Van Voorhis,  T. A. Wesolowski,  
 K. B. Whaley,  H. L. Woodcock III,  P. M. Zimmerman,  S. Faraji,  
 P. M. W. Gill,  M. Head-Gordon,  J. M. Herbert,  A. I. Krylov

 Additional authors since Version 5.4.0: 
 Chandrima Chakravarty,  L. Cunha,  R. Kang,  Yongbin Kim,  S. Kotaru,  
 Shaozhi Li,  Xiangyuan Li,  F. Matz,  A. Molle,  V. Parravicini,  
 Haisheng Ren,  Hengyuan Shen,  Yingli Su,  Hung-Yi Tsai,  C. Utku,  
 Fang Wang,  Jeff Yang,  F. Zeller

 Contributors to earlier versions of Q-Chem not listed above: 
 R. D. Adamson,  B. Austin,  R. Baer,  J. Baker,  G. J. O. Beran,  
 K. Brandhorst,  S. T. Brown,  E. F. C. Byrd,  Arup K. Chakraborty,  
 G. K. L. Chan,  Chun-Min Chang,  Yunqing Chen,  C.-L. Cheng,  
 Siu Hung Chien,  D. M. Chipman,  D. L. Crittenden,  H. Dachsel,  
 R. J. Doerksen,  A. D. Dutoi,  R. G. Edgar,  J. Fosso-Tande,  
 L. Fusti-Molnar,  D. Ghosh,  A. Ghysels,  A. Golubeva-Zadorozhnaya,  
 J. Gonthier,  M. S. Gordon,  S. R. Gwaltney,  G. Hawkins,  J. E. Herr,  
 A. Heyden,  S. Hirata,  E. G. Hohenstein,  G. Kedziora,  F. J. Keil,  
 C. Kelley,  Jihan Kim,  R. A. King,  R. Z. Khaliullin,  P. P. Korambath,  
 W. Kurlancheek,  A. Laurent,  A. M. Lee,  M. S. Lee,  S. V. Levchenko,  
 Ching Yeh Lin,  D. Liotard,  E. Livshits,  R. C. Lochan,  I. Lotan,  
 L. A. Martinez-Martinez,  P. E. Maslen,  N. Nair,  D. P. O'Neill,  
 D. Neuhauser,  E. Neuscamman,  C. M. Oana,  R. Olivares-Amaya,  R. Olson,  
 T. M. Perrine,  B. Peters,  P. A. Pieniazek,  A. Prociuk,  Y. M. Rhee,  
 J. Ritchie,  M. A. Rohrdanz,  E. Rosta,  N. J. Russ,  H. F. Schaefer III,  
 M. W. Schmidt,  N. E. Schultz,  S. Sharma,  N. Shenvi,  C. D. Sherrill,  
 A. C. Simmonett,  A. Sodt,  T. Stein,  D. Stuck,  K. S. Thanthiriwatte,  
 V. Vanovschi,  L. Vogt,  Tao Wang,  A. Warshel,  M. A. Watson,  
 C. F. Williams,  Q. Wu,  X. Xu,  Jun Yang,  W. Zhang,  Yan Zhao

   Please cite Q-Chem as follows:
  "Software for the frontiers of quantum chemistry:
   An overview of developments in the Q-Chem 5 package"
   J. Chem. Phys. 155, 084801 (2021)
   https://doi.org/10.1063/5.0055522 (open access)

 Q-Chem 5.4.2 for Intel X86 EM64T Linux

 Parts of Q-Chem use Armadillo 9.900.5 (Nocturnal Misbehaviour).
 http://arma.sourceforge.net/

 Q-Chem begins on Sat Mar  1 00:19:03 2025  

 Host: 
0

     Scratch files written to /scratch/qchem160296//
 Dec1321 |scratch|qcdevops|jenkins|workspace|build_RNUM 5684   
 Processing $rem in /home/kchung25/qchem/5.4.0/config/preferences:
 Processing $rem in /home/kchung25/.qchemrc:

 Q-Chem warning in module libgen/rem_setup.C, line 3079:

 Neither GIA nor STOLL is specified by user. Use STOLL as the default


 Checking the input file for inconsistencies... 	...done.

--------------------------------------------------------------
User input:
--------------------------------------------------------------
$molecule
0 1
--
0 1
C   -1.193277  -0.706714   0.501279
C   -2.076043  -0.011608  -0.503934
O   -3.268800   0.479011   0.065369
H   -3.727558  -0.256160   0.479429
H   -0.252172  -1.025888   0.044345
H   -1.690324  -1.592920   0.908402
H   -0.966587  -0.037044   1.334894
H   -2.289579  -0.682301  -1.348864
H   -1.564720   0.860285  -0.921796
--
0 1
C    1.909877   1.326801  -0.067993
C    2.404113   0.002593   0.440661
O    2.144878  -0.968276  -0.551699
H    2.497641  -1.812724  -0.264602
H    2.090757   2.116631   0.662536
H    0.836941   1.282336  -0.267517
H    2.415726   1.591170  -0.998192
H    1.893826  -0.254203   1.381037
H    3.479404   0.058505   0.660893
$end

$rem
JOBTYPE          eda
EDA2             1
METHOD           wB97M-V
BASIS            def2-TZVPPD
SYMMETRY         false
MEM_TOTAL        50000
MEM_STATIC       10000
THRESH           14
SCF_CONVERGENCE  8
XC_GRID          000099000590
NL_GRID          1
EDA_CLS_DISP     true
FD_MAT_VEC_PROD  FALSE
$end
--------------------------------------------------------------
 ----------------------------------------------------------------
             Standard Nuclear Orientation (Angstroms)
    I     Atom           X                Y                Z
 ----------------------------------------------------------------
    1      C      -1.1932770637    -0.7067138902     0.5012788725
    2      C      -2.0760429539    -0.0116078155    -0.5039341722
    3      O      -3.2687999469     0.4790112746     0.0653687648
    4      H      -3.7275580272    -0.2561596918     0.4794287353
    5      H      -0.2521720635    -1.0258879613     0.0443449226
    6      H      -1.6903241555    -1.5929198536     0.9084018401
    7      H      -0.9665870573    -0.0370439127     1.3348938888
    8      H      -2.2895789598    -0.6823007940    -1.3488641878
    9      H      -1.5647198626     0.8602851469    -0.9217961391
   10      C       1.9098771268     1.3268008702    -0.0679929449
   11      C       2.4041129951     0.0025928286     0.4406610749
   12      O       2.1448779739    -0.9682761455    -0.5516989449
   13      H       2.4976408920    -1.8127241747    -0.2646019302
   14      H       2.0907571483     2.1166308519     0.6625360695
   15      H       0.8369411343     1.2823359553    -0.2675170043
   16      H       2.4157261988     1.5911698358    -0.9981919155
   17      H       1.8938259232    -0.2542031367     1.3810370453
   18      H       3.4794039874     0.0585047433     0.6608931345
 ----------------------------------------------------------------
 Molecular Point Group                 C1    NOp =  1
 Largest Abelian Subgroup              C1    NOp =  1
 Nuclear Repulsion Energy =         245.81545358 hartrees
 There are       26 alpha and       26 beta electrons
 Requested basis set is def2-TZVPPD
 There are 164 shells and 432 basis functions

 Q-Chem warning in module libmdc/get_mega.C, line 171:

 Allowed MEM_STATIC has been capped at MEM_STATIC=8191.
 Reduce the value of MEM_STATIC to silence this warning.


 Total QAlloc Memory Limit  50000 MB
 Mega-Array Size      8007 MB
 MEM_STATIC part      8191 MB
 A cutoff of  1.0D-14 yielded  12262 shell pairs
 There are     84068 function pairs (    103194 Cartesian)
 Smallest overlap matrix eigenvalue = 4.33E-06

 Scale SEOQF with 1.000000e-01/1.000000e-01/1.000000e-01

 Standard Electronic Orientation quadrupole field applied
 Nucleus-field energy     =     0.0000000108 hartrees

 -----------------------------------------------------------------------
  General SCF calculation program by
  Eric Jon Sundstrom, Paul Horn, Yuezhi Mao, Dmitri Zuev, Alec White,
  David Stuck, Shaama M.S., Shane Yost, Joonho Lee, David Small,
  Daniel Levine, Susi Lehtola, Hugh Burton, Evgeny Epifanovsky,
  Bang C. Huynh
 -----------------------------------------------------------------------
================================================================
                 ALMO-EDA with the EDA2 driver                  
================================================================
 The second-generation ALMO-EDA (for DFT):                      
 P. R. Horn, Y. Mao and M. Head-Gordon, PCCP, 18, 23067 (2016)  
 Y. Mao et al. Annu. Rev. Phys. Chem. 72, 641 (2021)            
 Decomposition of the frozen energy:                            
 P. R. Horn, Y. Mao and M. Head-Gordon, JCP, 144, 114107 (2016) 
 FERF model for polarization:                                   
 P. R. Horn and M. Head-Gordon, JCP, 143, 114111 (2015)         
================================================================
 Using eda2 option set 1
 Option set summary: Frozen orbital wavefunction, initial wavefunction decomposition, and nDQ polarization.
--------------------------------
Printing EDA Options
--------------------------------
eda_child_super_basis      0
fragmo_guess_mode          0
child_mp                   1
child_mp_orders            232
cls_elec                   1
cls_disp                   1
scfmi_mode                 1
scfmi_occs                 0
scfmi_virts                0
frz_relax                  0
frz_relax_method           0
dc_pen_start               0
dc_pen_conv                0
dc_pen_increment           0
dc_pen_steps               0
dc_pen_thresh_factor       0
dc_pen_pre_newton_thresh   0
frz_ortho_decomp           1
frz_ortho_decomp_conv      6
plot_mo_ortho_frz          0
frgm_method                2
scfmi_freeze_ss            0
separate_rehyb             0
plot_diff_den              0
eda_nocv                   0
eda_vct_relax              1
disp_free_x                0
disp_free_c                0
eda_bsse                   0
eda_pct_a                  0
eda_covp                   0
--------------------------------
Attempting to make child job directory: /scratch/qchem160296//Frg1/
Attempting to make child job directory: /scratch/qchem160296//Frg2/
Creating input file /scratch/qchem160296/Frg1.input
using default PutDataFrgm: nothing
calling putenv with: QCSCRATCH=/scratch/qchem160296/ 
Spawning Job For Fragment 0
Done Job For Fragment 0
calling putenv with: QCSCRATCH=/scratch 
calling putenv with: QCTHREADS=6 
Creating input file /scratch/qchem160296/Frg2.input
using default PutDataFrgm: nothing
calling putenv with: QCSCRATCH=/scratch/qchem160296/ 
Spawning Job For Fragment 1
Done Job For Fragment 1
calling putenv with: QCSCRATCH=/scratch 
calling putenv with: QCTHREADS=6 
Doing General SCFMI
 Exchange:     0.1500 Hartree-Fock + 1.0000 wB97M-V + LR-HF
 Correlation:  1.0000 wB97M-V
 Using Euler-Maclaurin-Lebedev (99,590) quadrature formula
 Nonlocal Correlation:  VV10 with C = 0.0100 and b = 6.00 and scale = 1.00000
 Grid used for NLC:  SG-1 standard quadrature
performing fock build before subrot guess so that all methods have access
Printing subrot_rss_gen Method Specification:
Occupied Subspace Method is 0
Virtual Subspace Method is 0
Energy of the unrelaxed supersystem initial determinant -310.060464005302
write pseudocanon occs and virts to disk
write pseudocanon orbital energies to disk
Tolerance of ortho_decomp_scf: 1.00e-06
GDM subspace size: 20
Beginning the Orthogonal Decomposition of the Initial Supersystem Wavefunction
    1    -310.0399214304      5.03e-02     ortho_decomp Preconditoned Steepest Descent
    2    -310.0427770156      1.54e-03     ortho_decomp BFGS Step
    3    -310.0427901732      1.10e-04     ortho_decomp BFGS Step
    4    -310.0427901876      4.22e-06     ortho_decomp BFGS Step
    5    -310.0427901876      1.82e-07     ortho_decomp 00000 Convergence criterion met
 Hartree-Fock
 Hartree-Fock
 Hartree-Fock
 Exchange:     0.1500 Hartree-Fock + 1.0000 wB97M-V + LR-HF
 Correlation:  1.0000 wB97M-V
 Using Euler-Maclaurin-Lebedev (99,590) quadrature formula
 Nonlocal Correlation:  VV10 with C = 0.0100 and b = 6.00 and scale = 1.00000
 Grid used for NLC:  SG-1 standard quadrature
 Long-range K will be added via erf
 Coulomb attenuation parameter = 0.3 bohr**(-1)
 Nonlocal correlation = 2.046343868165e-01
Doing General SCFMI
 Exchange:     0.1500 Hartree-Fock + 1.0000 wB97M-V + LR-HF
 Correlation:  1.0000 wB97M-V
 Using Euler-Maclaurin-Lebedev (99,590) quadrature formula
 Nonlocal Correlation:  VV10 with C = 0.0100 and b = 6.00 and scale = 1.00000
 Grid used for NLC:  SG-1 standard quadrature
performing fock build at end of subrot_r(subrot) constructor so that all methods have access
<S^2> of initial wavefunction before polarization iterations 0.0000000000
Beginning iterations for the determination of the polarized wavefunction
Energy prior to optimization (guess energy) = -310.060464005302
Begin Timing: Total SCF Calculation
begin iterations for algorithm: DIIS         
the SCF tolerance is set to 1.00e-08
    1    -310.0604640053      1.22e-04     00000 
    2    -310.0609081103      4.47e-05     00000 
    3    -310.0609436653      2.75e-05     00000 
    4    -310.0609542417      8.92e-06     00000 
    5    -310.0609556767      2.68e-06     00000 
    6    -310.0609559654      1.16e-06     00000 
    7    -310.0609560116      4.07e-07     00000 
    8    -310.0609560186      1.47e-07     00000 
    9    -310.0609560190      7.97e-08     00000 
   10    -310.0609560191      2.05e-08     00000 
   11    -310.0609560191      8.28e-09     00000 Convergence criterion met
write pseudocanon occs and virts to disk
write pseudocanon orbital energies to disk
Timing for Total SCF: 255.00s (wall), 1526.93s (cpu)
<S^2> of polarized wavefunction after polarization iterations 0.0000000000
relaxing scfmi constraint to allow all rotations in the entire AO span
Doing General SCFMI
 Exchange:     0.1500 Hartree-Fock + 1.0000 wB97M-V + LR-HF
 Correlation:  1.0000 wB97M-V
 Using Euler-Maclaurin-Lebedev (99,590) quadrature formula
 Nonlocal Correlation:  VV10 with C = 0.0100 and b = 6.00 and scale = 1.00000
 Grid used for NLC:  SG-1 standard quadrature
performing fock build at end of subrot_r(subrot) constructor so that all methods have access
<S^2> of polarized wavefunction before ct-allowed iterations 0.0000000000
Beginning iterations for the determination of the CT-Allowed wavefunction
Energy prior to optimization (guess energy) = -310.060956019061
Begin Timing: Total SCF Calculation
begin iterations for algorithm: DIIS         
the SCF tolerance is set to 1.00e-08
    1    -310.0609560191      8.55e-05     00000 
    2    -310.0617637937      1.08e-05     00000 
    3    -310.0617891804      2.76e-06     00000 
    4    -310.0617898314      2.15e-06     00000 
    5    -310.0617901444      2.88e-07     00000 
    6    -310.0617901526      9.70e-08     00000 
    7    -310.0617901539      2.40e-08     00000 
    8    -310.0617901540      5.46e-09     00000 Convergence criterion met
write pseudocanon occs and virts to disk
write pseudocanon orbital energies to disk
Timing for Total SCF: 180.00s (wall), 1076.24s (cpu)
<S^2> of ct_allowed wavefunction after ct-allowed iterations 0.0000000000

================================
        Results of EDA2         
================================
Basic EDA Quantities
--------------------
Fragment Energies (Ha):
1 -155.0293953846
2 -155.0296119377
--------------------
  E_prp (kJ/mol) = 0.0000
  E_frz (kJ/mol) = -3.8246
  E_pol (kJ/mol) = -1.2918
  E_vct (kJ/mol) = -2.1900
  E_int (kJ/mol) = -7.3064
--------------------


Decomposition of frozen interaction energy
--------------------
  --------------------
  Orthogonal Frozen Decomposition:
  --------------------
     E_elec   (ELEC)   (kJ/mol) = -23.6161
     E_pauli  (PAULI)  (kJ/mol) = 32.5407
     E_disp   (DISP)   (kJ/mol) = -12.7492
  --------------------
  Classical Frozen Decomposition:
  --------------------
     E_cls_elec  (CLS ELEC)  (kJ/mol) = -9.6337
     E_mod_pauli (MOD PAULI) (kJ/mol) = 17.0717 (FRZ - CLS ELEC - CLS DISP)
     E_cls_disp  (CLS DISP)  (kJ/mol) = -11.2626
  --------------------
--------------------

Simplified EDA Summary (kJ/mol)
--------------------
 PREPARATION      0.0000
 FROZEN           -3.8246 (ELEC + PAULI + DISP)
[ELEC + PAULI = 7.4380, DISP = -11.2626]
 POLARIZATION    -1.2918
 CHARGE TRANSFER -2.1900
 TOTAL           -7.3064     (PRP + FRZ + POL + CT)
--------------------
 
 --------------------------------------------------------------
 
                    Orbital Energies (a.u.)
 --------------------------------------------------------------
 
 Alpha MOs
 -- Occupied --
-19.3375 -19.3261 -10.3907 -10.3806 -10.3305 -10.3253  -1.1588  -1.1482
 -0.8776  -0.8655  -0.7367  -0.7305  -0.6371  -0.6090  -0.5847  -0.5561
 -0.5390  -0.5168  -0.4873  -0.4801  -0.4712  -0.4650  -0.4413  -0.4230
 -0.3839  -0.3754
 -- Virtual --
  0.0309   0.0460   0.0541   0.0618   0.0716   0.0831   0.0837   0.0990
  0.1094   0.1180   0.1250   0.1278   0.1416   0.1500   0.1638   0.1639
  0.1701   0.1762   0.1840   0.1987   0.2010   0.2107   0.2173   0.2216
  0.2361   0.2455   0.2490   0.2551   0.2591   0.2727   0.2737   0.2835
  0.2899   0.2937   0.3018   0.3040   0.3079   0.3157   0.3183   0.3236
  0.3265   0.3304   0.3341   0.3363   0.3427   0.3462   0.3565   0.3603
  0.3615   0.3666   0.3719   0.3829   0.3906   0.3938   0.3996   0.4088
  0.4111   0.4182   0.4236   0.4276   0.4370   0.4396   0.4452   0.4512
  0.4613   0.4699   0.4742   0.4801   0.4835   0.4851   0.4932   0.5027
  0.5074   0.5155   0.5200   0.5302   0.5405   0.5433   0.5545   0.5642
  0.5751   0.5815   0.5859   0.6006   0.6049   0.6165   0.6266   0.6479
  0.6486   0.6597   0.6672   0.6803   0.6830   0.6885   0.7066   0.7161
  0.7228   0.7276   0.7322   0.7425   0.7497   0.7531   0.7557   0.7623
  0.7679   0.7753   0.7798   0.7882   0.7986   0.8046   0.8274   0.8327
  0.8378   0.8451   0.8530   0.8685   0.8753   0.9008   0.9129   0.9347
  0.9453   0.9587   0.9663   0.9936   0.9993   1.0096   1.0134   1.0364
  1.0405   1.0506   1.0714   1.0956   1.1055   1.1237   1.1392   1.1537
  1.1788   1.1969   1.2007   1.2142   1.2187   1.2303   1.2472   1.2561
  1.2633   1.2664   1.2801   1.2914   1.3066   1.3275   1.3334   1.3462
  1.3545   1.3665   1.3774   1.3862   1.3980   1.4151   1.4197   1.4339
  1.4537   1.4737   1.4846   1.5004   1.5166   1.5283   1.5415   1.5595
  1.5655   1.5954   1.6336   1.6494   1.6587   1.6632   1.6757   1.6857
  1.6924   1.7015   1.7116   1.7281   1.7553   1.7783   1.7895   1.8143
  1.8232   1.8498   1.9326   1.9567   1.9884   2.0088   2.0243   2.0593
  2.0677   2.0876   2.1118   2.1229   2.1555   2.1876   2.2462   2.2534
  2.2726   2.3174   2.3360   2.3643   2.3805   2.4069   2.4509   2.4658
  2.4859   2.5329   2.6910   2.7107   2.7264   2.7445   2.7713   2.7955
  2.8413   2.8526   2.8757   2.8838   2.9034   2.9190   2.9378   2.9402
  2.9538   2.9756   2.9758   2.9921   2.9953   3.0104   3.0243   3.0395
  3.0495   3.0714   3.0909   3.1079   3.1325   3.1395   3.1687   3.1775
  3.1947   3.2173   3.2263   3.2419   3.2473   3.2607   3.2761   3.2786
  3.2940   3.3077   3.3140   3.3274   3.3378   3.3400   3.3566   3.3839
  3.4346   3.4442   3.4526   3.4638   3.5061   3.5182   3.5284   3.5519
  3.5673   3.5805   3.5925   3.6031   3.6097   3.6167   3.6444   3.6814
  3.6919   3.7029   3.7248   3.7580   3.7601   3.7707   3.7756   3.7952
  3.8154   3.8311   3.8710   3.9019   3.9117   3.9190   3.9903   4.0018
  4.0073   4.0276   4.0376   4.0588   4.0636   4.0828   4.0893   4.1058
  4.1114   4.1311   4.1490   4.1551   4.1650   4.1837   4.2014   4.2115
  4.2191   4.2415   4.2521   4.2653   4.2837   4.3039   4.3158   4.3265
  4.3352   4.3574   4.3771   4.3930   4.4242   4.4397   4.4496   4.4721
  4.4922   4.4961   4.5063   4.5201   4.5422   4.5739   4.6113   4.6296
  4.6546   4.6596   4.6975   4.7099   4.7192   4.7623   4.8163   4.8300
  4.8340   4.8632   4.9317   4.9571   4.9601   4.9659   4.9758   5.0121
  5.0203   5.0236   5.0524   5.0791   5.1137   5.1578   5.2122   5.2561
  5.2976   5.3067   5.3202   5.3319   5.4102   5.4194   5.4222   5.4291
  5.4503   5.4529   5.4698   5.4853   5.5120   5.5804   5.5844   5.6016
  5.6202   5.6387   5.6678   5.6916   5.7436   5.7538   5.7793   5.8212
  5.8271   5.8406   5.9026   5.9582   6.1113   6.1223   6.2551   6.3016
  6.6645   6.6820   6.8240   6.8325   6.8763   6.8976   6.9503   6.9890
  7.0694   7.0833   7.3655   7.3742   7.5509   7.5576   7.7721   7.7824
 23.7564  23.7662  24.0688  24.0998  44.7492  44.8081
 --------------------------------------------------------------
 
          Ground-State Mulliken Net Atomic Charges

     Atom                 Charge (a.u.)
  ----------------------------------------
      1 C                    -0.756943
      2 C                    -0.148323
      3 O                    -0.395226
      4 H                     0.132555
      5 H                     0.068942
      6 H                     0.364145
      7 H                     0.254877
      8 H                     0.281561
      9 H                     0.197805
     10 C                    -0.727863
     11 C                    -0.307499
     12 O                    -0.394598
     13 H                     0.130112
     14 H                     0.288327
     15 H                     0.033925
     16 H                     0.295273
     17 H                     0.296408
     18 H                     0.386521
  ----------------------------------------
  Sum of atomic charges =     0.000000

 -----------------------------------------------------------------
                    Cartesian Multipole Moments
 -----------------------------------------------------------------
    Charge (ESU x 10^10)
                 0.0000
    Dipole Moment (Debye)
         X       1.6431      Y      -1.8346      Z       1.3328
       Tot       2.8003
    Quadrupole Moments (Debye-Ang)
        XX     -39.8998     XY       4.3345     YY     -38.2280
        XZ       1.4628     YZ      -1.3786     ZZ     -41.7587
    Octopole Moments (Debye-Ang^2)
       XXX      13.9632    XXY     -30.0460    XYY      10.0553
       YYY     -11.8090    XXZ      12.7472    XYZ       0.0859
       YYZ      -0.5738    XZZ      -4.3826    YZZ       0.3460
       ZZZ      -0.9209
    Hexadecapole Moments (Debye-Ang^3)
      XXXX   -1236.0381   XXXY      45.7686   XXYY    -232.3440
      XYYY     -33.1678   YYYY    -211.0398   XXXZ     -30.0502
      XXYZ      -8.4936   XYYZ      -1.0525   YYYZ       4.5747
      XXZZ    -235.6773   XYZZ       0.7460   YYZZ     -57.4621
      XZZZ      -3.1851   YZZZ       1.5932   ZZZZ    -123.1773
 -----------------------------------------------------------------
 Total job time:  1450.94s(wall), 5185.91s(cpu) 
 Sat Mar  1 00:43:14 2025

        *************************************************************
        *                                                           *
        *  Thank you very much for using Q-Chem.  Have a nice day.  *
        *                                                           *
        *************************************************************


