
Running Job 1 of 1 004_ethanol_dimer_28_almo.inp
qchem 004_ethanol_dimer_28_almo.inp_124196.0 /scratch/qchem124196/ 6
/home/kchung25/qchem/5.4.0/exe/qcprog.exe_s 004_ethanol_dimer_28_almo.inp_124196.0 /scratch/qchem124196/
                  Welcome to Q-Chem
     A Quantum Leap Into The Future Of Chemistry


 Q-Chem 5.4, Q-Chem, Inc., Pleasanton, CA (2021)

 E. Epifanovsky,  A. T. B. Gilbert,  Xintian Feng,  Joonho Lee,  Yuezhi Mao,  
 N. Mardirossian,  P. Pokhilko,  A. White,  M. Wormit,  M. P. Coons,  
 A. L. Dempwolff,  Zhengting Gan,  D. Hait,  P. R. Horn,  L. D. Jacobson,  
 I. Kaliman,  J. Kussmann,  A. W. Lange,  Ka Un Lao,  D. S. Levine,  Jie Liu,  
 S. C. McKenzie,  A. F. Morrison,  K. Nanda,  F. Plasser,  D. R. Rehn,  
 M. L. Vidal,  Zhi-Qiang You,  Ying Zhu,  B. Alam,  B. Albrecht,  
 A. Aldossary,  E. Alguire,  J. H. Andersen,  D. Barton,  K. Begam,  A. Behn,  
 Y. A. Bernard,  E. J. Berquist,  H. Burton,  A. Carreras,  K. Carter-Fenk,  
 Romit Chakraborty,  A. D. Chien,  K. D. Closser,  V. Cofer-Shabica,  
 S. Dasgupta,  Jia Deng,  M. de Wergifosse,  M. Diedenhofen,  Hainam Do,  
 S. Ehlert,  Po-Tung Fang,  S. Fatehi,  Qingguo Feng,  T. Friedhoff,  
 J. Gayvert,  Qinghui Ge,  G. Gidofalvi,  M. Goldey,  J. Gomes,  
 C. Gonzalez-Espinoza,  S. Gulania,  A. Gunina,  M. W. D. Hanson-Heine,  
 P. H. P. Harbach,  A. W. Hauser,  M. F. Herbst,  M. Hernandez Vera,  
 M. Hodecker,  Z. C. Holden,  S. Houck,  Xunkun Huang,  Kerwin Hui,  
 B. C. Huynh,  M. Ivanov,  Hyunjun Ji,  Hanjie Jiang,  B. Kaduk,  S. Kaehler,  
 K. Khistyaev,  Jaehoon Kim,  P. Klunzinger,  Z. Koczor-Benda,  
 Joong Hoon Koh,  D. Kosenkov,  L. Koulias,  T. Kowalczyk,  C. M. Krauter,  
 K. Kue,  A. Kunitsa,  T. Kus,  A. Landau,  K. V. Lawler,  D. Lefrancois,  
 S. Lehtola,  Rain Li,  Yi-Pei Li,  Jiashu Liang,  M. Liebenthal,  
 Hung-Hsuan Lin,  You-Sheng Lin,  Fenglai Liu,  Kuan-Yu Liu,  
 M. Loipersberger,  A. Luenser,  A. Manjanath,  P. Manohar,  E. Mansoor,  
 S. F. Manzer,  Shan-Ping Mao,  A. V. Marenich,  T. Markovich,  S. Mason,  
 S. A. Maurer,  P. F. McLaughlin,  M. F. S. J. Menger,  J.-M. Mewes,  
 S. A. Mewes,  P. Morgante,  J. W. Mullinax,  K. J. Oosterbaan,  G. Paran,  
 Alexander C. Paul,  Suranjan K. Paul,  F. Pavosevic,  Zheng Pei,  S. Prager,  
 E. I. Proynov,  E. Ramos,  B. Rana,  A. E. Rask,  A. Rettig,  R. M. Richard,  
 F. Rob,  E. Rossomme,  T. Scheele,  M. Scheurer,  M. Schneider,  
 N. Sergueev,  S. M. Sharada,  W. Skomorowski,  D. W. Small,  C. J. Stein,  
 Yu-Chuan Su,  E. J. Sundstrom,  Zhen Tao,  J. Thirman,  T. Tsuchimochi,  
 N. M. Tubman,  S. P. Veccham,  O. Vydrov,  J. Wenzel,  J. Witte,  A. Yamada,  
 Kun Yao,  S. Yeganeh,  S. R. Yost,  A. Zech,  Igor Ying Zhang,  Xing Zhang,  
 Yu Zhang,  D. Zuev,  A. Aspuru-Guzik,  A. T. Bell,  N. A. Besley,  
 K. B. Bravaya,  B. R. Brooks,  D. Casanova,  Jeng-Da Chai,  S. Coriani,  
 C. J. Cramer,  A. E. DePrince, III,  R. A. DiStasio Jr.,  A. Dreuw,  
 B. D. Dunietz,  T. R. Furlani,  W. A. Goddard III,  S. Grimme,  
 S. Hammes-Schiffer,  T. Head-Gordon,  W. J. Hehre,  Chao-Ping Hsu,  
 T.-C. Jagau,  Yousung Jung,  A. Klamt,  Jing Kong,  D. S. Lambrecht,  
 WanZhen Liang,  N. J. Mayhall,  C. W. McCurdy,  J. B. Neaton,  T. Neudecker,  
 C. Ochsenfeld,  J. A. Parkhill,  R. Peverati,  V. A. Rassolov,  Yihan Shao,  
 L. V. Slipchenko,  R. P. Steele,  J. E. Subotnik,  A. J. W. Thom,  
 A. Tkatchenko,  D. G. Truhlar,  T. Van Voorhis,  T. A. Wesolowski,  
 K. B. Whaley,  H. L. Woodcock III,  P. M. Zimmerman,  S. Faraji,  
 P. M. W. Gill,  M. Head-Gordon,  J. M. Herbert,  A. I. Krylov

 Additional authors since Version 5.4.0: 
 Chandrima Chakravarty,  L. Cunha,  R. Kang,  Yongbin Kim,  S. Kotaru,  
 Shaozhi Li,  Xiangyuan Li,  F. Matz,  A. Molle,  V. Parravicini,  
 Haisheng Ren,  Hengyuan Shen,  Yingli Su,  Hung-Yi Tsai,  C. Utku,  
 Fang Wang,  Jeff Yang,  F. Zeller

 Contributors to earlier versions of Q-Chem not listed above: 
 R. D. Adamson,  B. Austin,  R. Baer,  J. Baker,  G. J. O. Beran,  
 K. Brandhorst,  S. T. Brown,  E. F. C. Byrd,  Arup K. Chakraborty,  
 G. K. L. Chan,  Chun-Min Chang,  Yunqing Chen,  C.-L. Cheng,  
 Siu Hung Chien,  D. M. Chipman,  D. L. Crittenden,  H. Dachsel,  
 R. J. Doerksen,  A. D. Dutoi,  R. G. Edgar,  J. Fosso-Tande,  
 L. Fusti-Molnar,  D. Ghosh,  A. Ghysels,  A. Golubeva-Zadorozhnaya,  
 J. Gonthier,  M. S. Gordon,  S. R. Gwaltney,  G. Hawkins,  J. E. Herr,  
 A. Heyden,  S. Hirata,  E. G. Hohenstein,  G. Kedziora,  F. J. Keil,  
 C. Kelley,  Jihan Kim,  R. A. King,  R. Z. Khaliullin,  P. P. Korambath,  
 W. Kurlancheek,  A. Laurent,  A. M. Lee,  M. S. Lee,  S. V. Levchenko,  
 Ching Yeh Lin,  D. Liotard,  E. Livshits,  R. C. Lochan,  I. Lotan,  
 L. A. Martinez-Martinez,  P. E. Maslen,  N. Nair,  D. P. O'Neill,  
 D. Neuhauser,  E. Neuscamman,  C. M. Oana,  R. Olivares-Amaya,  R. Olson,  
 T. M. Perrine,  B. Peters,  P. A. Pieniazek,  A. Prociuk,  Y. M. Rhee,  
 J. Ritchie,  M. A. Rohrdanz,  E. Rosta,  N. J. Russ,  H. F. Schaefer III,  
 M. W. Schmidt,  N. E. Schultz,  S. Sharma,  N. Shenvi,  C. D. Sherrill,  
 A. C. Simmonett,  A. Sodt,  T. Stein,  D. Stuck,  K. S. Thanthiriwatte,  
 V. Vanovschi,  L. Vogt,  Tao Wang,  A. Warshel,  M. A. Watson,  
 C. F. Williams,  Q. Wu,  X. Xu,  Jun Yang,  W. Zhang,  Yan Zhao

   Please cite Q-Chem as follows:
  "Software for the frontiers of quantum chemistry:
   An overview of developments in the Q-Chem 5 package"
   J. Chem. Phys. 155, 084801 (2021)
   https://doi.org/10.1063/5.0055522 (open access)

 Q-Chem 5.4.2 for Intel X86 EM64T Linux

 Parts of Q-Chem use Armadillo 9.900.5 (Nocturnal Misbehaviour).
 http://arma.sourceforge.net/

 Q-Chem begins on Fri Feb 28 11:18:26 2025  

 Host: 
0

     Scratch files written to /scratch/qchem124196//
 Dec1321 |scratch|qcdevops|jenkins|workspace|build_RNUM 5684   
 Processing $rem in /home/kchung25/qchem/5.4.0/config/preferences:
 Processing $rem in /home/kchung25/.qchemrc:

 Q-Chem warning in module libgen/rem_setup.C, line 3079:

 Neither GIA nor STOLL is specified by user. Use STOLL as the default


 Checking the input file for inconsistencies... 	...done.

--------------------------------------------------------------
User input:
--------------------------------------------------------------
$molecule
0 1
--
0 1
C   -2.155164  -0.955565   0.208662
C   -1.631256   0.226947  -0.556077
O   -1.450840   1.288410   0.360837
H   -1.083716   2.042894  -0.104265
H   -2.299215  -1.811793  -0.452297
H   -3.109149  -0.718332   0.683083
H   -1.453477  -1.239614   0.996988
H   -2.341754   0.510467  -1.345522
H   -0.682472  -0.038588  -1.043697
--
0 1
C    2.155265   0.955548  -0.208559
C    1.631287  -0.226997   0.556078
O    1.450717  -1.288342  -0.360942
H    1.083422  -2.042797   0.104070
H    2.299530   1.811659   0.452504
H    1.453509   1.239816  -0.996743
H    3.109152   0.718241  -0.683140
H    0.682556   0.038576   1.043780
H    2.341799  -0.510676   1.345454
$end

$rem
JOBTYPE          eda
EDA2             1
METHOD           wB97M-V
BASIS            def2-TZVPPD
SYMMETRY         false
MEM_TOTAL        50000
MEM_STATIC       10000
THRESH           14
SCF_CONVERGENCE  8
XC_GRID          000099000590
NL_GRID          1
EDA_CLS_DISP     true
FD_MAT_VEC_PROD  FALSE
$end
--------------------------------------------------------------
 ----------------------------------------------------------------
             Standard Nuclear Orientation (Angstroms)
    I     Atom           X                Y                Z
 ----------------------------------------------------------------
    1      C       2.1551640228    -0.9555646025    -0.2086617729
    2      C       1.6312557429     0.2269472379     0.5560772822
    3      O       1.4508397609     1.2884103257    -0.3608366197
    4      H       1.0837155862     2.0428942224     0.1042654099
    5      H       2.2992150215    -1.8117926640     0.4522971477
    6      H       3.1091490721    -0.7183314229    -0.6830825840
    7      H       1.4534771916    -1.2396135971    -0.9969879251
    8      H       2.3417535740     0.5104672334     1.3455224358
    9      H       0.6824716950    -0.0385879427     1.0436970907
   10      C      -2.1552652920     0.9555477948     0.2085587344
   11      C      -1.6312870121    -0.2269970455    -0.5560783207
   12      O      -1.4507170302    -1.2883421333     0.3609415813
   13      H      -1.0834218555    -2.0427970300    -0.1040704483
   14      H      -2.2995302907     1.8116588563    -0.4525041863
   15      H      -1.4535094608     1.2398157894     0.9967428866
   16      H      -3.1091523414     0.7182406152     0.6831395455
   17      H      -0.6825559643     0.0385761350    -1.0437801292
   18      H      -2.3417988432    -0.5106760411    -1.3454544743
 ----------------------------------------------------------------
 Molecular Point Group                 C1    NOp =  1
 Largest Abelian Subgroup              C1    NOp =  1
 Nuclear Repulsion Energy =         258.91942084 hartrees
 There are       26 alpha and       26 beta electrons
 Requested basis set is def2-TZVPPD
 There are 164 shells and 432 basis functions

 Q-Chem warning in module libmdc/get_mega.C, line 171:

 Allowed MEM_STATIC has been capped at MEM_STATIC=8191.
 Reduce the value of MEM_STATIC to silence this warning.


 Total QAlloc Memory Limit  50000 MB
 Mega-Array Size      8007 MB
 MEM_STATIC part      8191 MB
 A cutoff of  1.0D-14 yielded  12647 shell pairs
 There are     87695 function pairs (    108083 Cartesian)
 Smallest overlap matrix eigenvalue = 7.37E-06

 Scale SEOQF with 1.000000e-01/1.000000e-01/1.000000e-01

 Standard Electronic Orientation quadrupole field applied
 Nucleus-field energy     =     0.0000000085 hartrees

 -----------------------------------------------------------------------
  General SCF calculation program by
  Eric Jon Sundstrom, Paul Horn, Yuezhi Mao, Dmitri Zuev, Alec White,
  David Stuck, Shaama M.S., Shane Yost, Joonho Lee, David Small,
  Daniel Levine, Susi Lehtola, Hugh Burton, Evgeny Epifanovsky,
  Bang C. Huynh
 -----------------------------------------------------------------------
================================================================
                 ALMO-EDA with the EDA2 driver                  
================================================================
 The second-generation ALMO-EDA (for DFT):                      
 P. R. Horn, Y. Mao and M. Head-Gordon, PCCP, 18, 23067 (2016)  
 Y. Mao et al. Annu. Rev. Phys. Chem. 72, 641 (2021)            
 Decomposition of the frozen energy:                            
 P. R. Horn, Y. Mao and M. Head-Gordon, JCP, 144, 114107 (2016) 
 FERF model for polarization:                                   
 P. R. Horn and M. Head-Gordon, JCP, 143, 114111 (2015)         
================================================================
 Using eda2 option set 1
 Option set summary: Frozen orbital wavefunction, initial wavefunction decomposition, and nDQ polarization.
--------------------------------
Printing EDA Options
--------------------------------
eda_child_super_basis      0
fragmo_guess_mode          0
child_mp                   1
child_mp_orders            232
cls_elec                   1
cls_disp                   1
scfmi_mode                 1
scfmi_occs                 0
scfmi_virts                0
frz_relax                  0
frz_relax_method           0
dc_pen_start               0
dc_pen_conv                0
dc_pen_increment           0
dc_pen_steps               0
dc_pen_thresh_factor       0
dc_pen_pre_newton_thresh   0
frz_ortho_decomp           1
frz_ortho_decomp_conv      6
plot_mo_ortho_frz          0
frgm_method                2
scfmi_freeze_ss            0
separate_rehyb             0
plot_diff_den              0
eda_nocv                   0
eda_vct_relax              1
disp_free_x                0
disp_free_c                0
eda_bsse                   0
eda_pct_a                  0
eda_covp                   0
--------------------------------
Attempting to make child job directory: /scratch/qchem124196//Frg1/
Attempting to make child job directory: /scratch/qchem124196//Frg2/
Creating input file /scratch/qchem124196/Frg1.input
using default PutDataFrgm: nothing
calling putenv with: QCSCRATCH=/scratch/qchem124196/ 
Spawning Job For Fragment 0
Done Job For Fragment 0
calling putenv with: QCSCRATCH=/scratch 
calling putenv with: QCTHREADS=6 
Creating input file /scratch/qchem124196/Frg2.input
using default PutDataFrgm: nothing
calling putenv with: QCSCRATCH=/scratch/qchem124196/ 
Spawning Job For Fragment 1
Done Job For Fragment 1
calling putenv with: QCSCRATCH=/scratch 
calling putenv with: QCTHREADS=6 
Doing General SCFMI
 Exchange:     0.1500 Hartree-Fock + 1.0000 wB97M-V + LR-HF
 Correlation:  1.0000 wB97M-V
 Using Euler-Maclaurin-Lebedev (99,590) quadrature formula
 Nonlocal Correlation:  VV10 with C = 0.0100 and b = 6.00 and scale = 1.00000
 Grid used for NLC:  SG-1 standard quadrature
performing fock build before subrot guess so that all methods have access
Printing subrot_rss_gen Method Specification:
Occupied Subspace Method is 0
Virtual Subspace Method is 0
Energy of the unrelaxed supersystem initial determinant -310.061583014951
write pseudocanon occs and virts to disk
write pseudocanon orbital energies to disk
Tolerance of ortho_decomp_scf: 1.00e-06
GDM subspace size: 20
Beginning the Orthogonal Decomposition of the Initial Supersystem Wavefunction
    1    -310.0320505570      5.76e-02     ortho_decomp Preconditoned Steepest Descent
    2    -310.0359958062      1.86e-03     ortho_decomp BFGS Step
    3    -310.0360144244      1.17e-04     ortho_decomp BFGS Step
    4    -310.0360144387      4.15e-06     ortho_decomp BFGS Step
    5    -310.0360144388      1.63e-07     ortho_decomp 00000 Convergence criterion met
 Hartree-Fock
 Hartree-Fock
 Hartree-Fock
 Exchange:     0.1500 Hartree-Fock + 1.0000 wB97M-V + LR-HF
 Correlation:  1.0000 wB97M-V
 Using Euler-Maclaurin-Lebedev (99,590) quadrature formula
 Nonlocal Correlation:  VV10 with C = 0.0100 and b = 6.00 and scale = 1.00000
 Grid used for NLC:  SG-1 standard quadrature
 Long-range K will be added via erf
 Coulomb attenuation parameter = 0.3 bohr**(-1)
 Nonlocal correlation = 2.035275368261e-01
Doing General SCFMI
 Exchange:     0.1500 Hartree-Fock + 1.0000 wB97M-V + LR-HF
 Correlation:  1.0000 wB97M-V
 Using Euler-Maclaurin-Lebedev (99,590) quadrature formula
 Nonlocal Correlation:  VV10 with C = 0.0100 and b = 6.00 and scale = 1.00000
 Grid used for NLC:  SG-1 standard quadrature
performing fock build at end of subrot_r(subrot) constructor so that all methods have access
<S^2> of initial wavefunction before polarization iterations 0.0000000000
Beginning iterations for the determination of the polarized wavefunction
Energy prior to optimization (guess energy) = -310.061583014951
Begin Timing: Total SCF Calculation
begin iterations for algorithm: DIIS         
the SCF tolerance is set to 1.00e-08
    1    -310.0615830150      1.52e-04     00000 
    2    -310.0623297383      5.19e-05     00000 
    3    -310.0623964110      2.91e-05     00000 
    4    -310.0624120519      1.03e-05     00000 
    5    -310.0624145854      4.22e-06     00000 
    6    -310.0624152433      1.77e-06     00000 
    7    -310.0624153688      6.57e-07     00000 
    8    -310.0624153894      1.88e-07     00000 
    9    -310.0624153904      6.70e-08     00000 
   10    -310.0624153905      3.03e-08     00000 
   11    -310.0624153905      1.37e-08     00000 
   12    -310.0624153905      4.36e-09     00000 Convergence criterion met
write pseudocanon occs and virts to disk
write pseudocanon orbital energies to disk
Timing for Total SCF: 300.00s (wall), 1799.41s (cpu)
<S^2> of polarized wavefunction after polarization iterations 0.0000000000
relaxing scfmi constraint to allow all rotations in the entire AO span
Doing General SCFMI
 Exchange:     0.1500 Hartree-Fock + 1.0000 wB97M-V + LR-HF
 Correlation:  1.0000 wB97M-V
 Using Euler-Maclaurin-Lebedev (99,590) quadrature formula
 Nonlocal Correlation:  VV10 with C = 0.0100 and b = 6.00 and scale = 1.00000
 Grid used for NLC:  SG-1 standard quadrature
performing fock build at end of subrot_r(subrot) constructor so that all methods have access
<S^2> of polarized wavefunction before ct-allowed iterations 0.0000000000
Beginning iterations for the determination of the CT-Allowed wavefunction
Energy prior to optimization (guess energy) = -310.062415390525
Begin Timing: Total SCF Calculation
begin iterations for algorithm: DIIS         
the SCF tolerance is set to 1.00e-08
    1    -310.0624153905      9.80e-05     00000 
    2    -310.0634511270      1.19e-05     00000 
    3    -310.0634812842      2.75e-06     00000 
    4    -310.0634819841      2.20e-06     00000 
    5    -310.0634823114      3.05e-07     00000 
    6    -310.0634823214      1.09e-07     00000 
    7    -310.0634823231      3.00e-08     00000 
    8    -310.0634823232      7.15e-09     00000 Convergence criterion met
write pseudocanon occs and virts to disk
write pseudocanon orbital energies to disk
Timing for Total SCF: 193.00s (wall), 1153.87s (cpu)
<S^2> of ct_allowed wavefunction after ct-allowed iterations 0.0000000000

================================
        Results of EDA2         
================================
Basic EDA Quantities
--------------------
Fragment Energies (Ha):
1 -155.0296278647
2 -155.0296278582
--------------------
  E_prp (kJ/mol) = 0.0000
  E_frz (kJ/mol) = -6.1104
  E_pol (kJ/mol) = -2.1854
  E_vct (kJ/mol) = -2.8013
  E_int (kJ/mol) = -11.0971
--------------------


Decomposition of frozen interaction energy
--------------------
  --------------------
  Orthogonal Frozen Decomposition:
  --------------------
     E_elec   (ELEC)   (kJ/mol) = -34.3359
     E_pauli  (PAULI)  (kJ/mol) = 46.6115
     E_disp   (DISP)   (kJ/mol) = -18.3859
  --------------------
  Classical Frozen Decomposition:
  --------------------
     E_cls_elec  (CLS ELEC)  (kJ/mol) = -12.9677
     E_mod_pauli (MOD PAULI) (kJ/mol) = 22.7958 (FRZ - CLS ELEC - CLS DISP)
     E_cls_disp  (CLS DISP)  (kJ/mol) = -15.9385
  --------------------
--------------------

Simplified EDA Summary (kJ/mol)
--------------------
 PREPARATION      0.0000
 FROZEN           -6.1104 (ELEC + PAULI + DISP)
[ELEC + PAULI = 9.8281, DISP = -15.9385]
 POLARIZATION    -2.1854
 CHARGE TRANSFER -2.8013
 TOTAL           -11.0971     (PRP + FRZ + POL + CT)
--------------------
 
 --------------------------------------------------------------
 
                    Orbital Energies (a.u.)
 --------------------------------------------------------------
 
 Alpha MOs
 -- Occupied --
-19.3317 -19.3317 -10.3827 -10.3827 -10.3292 -10.3292  -1.1531  -1.1515
 -0.8737  -0.8729  -0.7262  -0.7257  -0.6319  -0.6297  -0.5923  -0.5591
 -0.5134  -0.5111  -0.4849  -0.4848  -0.4707  -0.4646  -0.4391  -0.4326
 -0.3908  -0.3669
 -- Virtual --
  0.0327   0.0421   0.0568   0.0633   0.0782   0.0813   0.0922   0.0943
  0.1108   0.1152   0.1337   0.1355   0.1454   0.1563   0.1591   0.1675
  0.1729   0.1770   0.1892   0.1986   0.2041   0.2090   0.2198   0.2303
  0.2439   0.2477   0.2497   0.2598   0.2676   0.2726   0.2814   0.2842
  0.2907   0.2988   0.2998   0.3091   0.3108   0.3143   0.3169   0.3245
  0.3332   0.3381   0.3393   0.3447   0.3497   0.3499   0.3553   0.3567
  0.3659   0.3776   0.3878   0.3881   0.3911   0.3963   0.3980   0.4082
  0.4175   0.4189   0.4327   0.4392   0.4426   0.4505   0.4533   0.4535
  0.4595   0.4597   0.4691   0.4793   0.4809   0.4840   0.4875   0.4982
  0.5073   0.5171   0.5191   0.5305   0.5306   0.5483   0.5497   0.5688
  0.5814   0.5821   0.5945   0.6013   0.6081   0.6275   0.6400   0.6532
  0.6532   0.6756   0.6867   0.6905   0.6919   0.7003   0.7085   0.7157
  0.7161   0.7199   0.7451   0.7548   0.7607   0.7612   0.7612   0.7718
  0.7764   0.7787   0.7847   0.7962   0.8048   0.8108   0.8301   0.8369
  0.8373   0.8571   0.8610   0.8948   0.9018   0.9122   0.9344   0.9436
  0.9506   0.9522   0.9723   0.9882   1.0079   1.0215   1.0410   1.0412
  1.0555   1.0671   1.0887   1.0935   1.1142   1.1278   1.1326   1.1677
  1.1730   1.1734   1.2035   1.2050   1.2218   1.2451   1.2536   1.2592
  1.2715   1.2816   1.2996   1.3077   1.3248   1.3286   1.3532   1.3685
  1.3745   1.3819   1.3949   1.4096   1.4140   1.4343   1.4392   1.4526
  1.4618   1.4779   1.4918   1.5038   1.5405   1.5522   1.5629   1.5665
  1.5740   1.5932   1.6474   1.6635   1.6752   1.6784   1.6802   1.6870
  1.6919   1.7089   1.7244   1.7319   1.7570   1.7704   1.8118   1.8153
  1.8492   1.8529   1.9369   1.9680   1.9853   2.0028   2.0185   2.0247
  2.0730   2.1149   2.1295   2.1565   2.1623   2.2150   2.2623   2.2685
  2.2746   2.3120   2.3585   2.3635   2.4071   2.4451   2.4590   2.4736
  2.5548   2.5715   2.6961   2.7039   2.7239   2.7373   2.7716   2.7948
  2.8670   2.8675   2.8829   2.8941   2.8987   2.9090   2.9317   2.9369
  2.9506   2.9735   2.9766   2.9914   3.0113   3.0249   3.0542   3.0568
  3.0602   3.0696   3.0835   3.1029   3.1421   3.1465   3.1599   3.1866
  3.2107   3.2268   3.2343   3.2579   3.2582   3.2709   3.2816   3.2935
  3.2991   3.3001   3.3150   3.3275   3.3477   3.3573   3.3752   3.4206
  3.4359   3.4435   3.4900   3.4994   3.5226   3.5311   3.5551   3.5717
  3.5816   3.5884   3.6084   3.6141   3.6285   3.6320   3.6476   3.6615
  3.6950   3.7166   3.7388   3.7496   3.7844   3.8072   3.8147   3.8231
  3.8393   3.8486   3.8998   3.9160   3.9230   3.9292   4.0057   4.0068
  4.0094   4.0200   4.0303   4.0575   4.0713   4.0941   4.1175   4.1272
  4.1397   4.1436   4.1530   4.1574   4.1626   4.1730   4.2045   4.2368
  4.2459   4.2549   4.2737   4.2798   4.2905   4.2986   4.3076   4.3164
  4.3391   4.3526   4.3775   4.3791   4.4237   4.4661   4.4826   4.5023
  4.5056   4.5137   4.5373   4.5420   4.5812   4.5900   4.6238   4.6536
  4.6656   4.6738   4.6964   4.7002   4.7300   4.7506   4.8306   4.8412
  4.8740   4.8979   4.9386   4.9537   4.9587   4.9597   4.9750   4.9863
  5.0298   5.0307   5.0408   5.0492   5.1118   5.1463   5.2674   5.2693
  5.3091   5.3150   5.3366   5.3422   5.4073   5.4211   5.4249   5.4310
  5.4341   5.4543   5.4765   5.4795   5.5258   5.5282   5.5697   5.5784
  5.6489   5.6517   5.6656   5.6855   5.7493   5.7508   5.8066   5.8098
  5.8423   5.8528   5.9608   5.9676   6.1187   6.1257   6.2603   6.2729
  6.6833   6.6838   6.8437   6.8522   6.8792   6.8815   6.9739   6.9922
  7.0751   7.0942   7.3767   7.3929   7.5649   7.5667   7.7804   7.7966
 23.7662  23.8611  24.0736  24.0828  44.7902  44.8320
 --------------------------------------------------------------
 
          Ground-State Mulliken Net Atomic Charges

     Atom                 Charge (a.u.)
  ----------------------------------------
      1 C                    -1.035891
      2 C                    -0.149783
      3 O                    -0.394167
      4 H                     0.136357
      5 H                     0.281697
      6 H                     0.312137
      7 H                     0.228557
      8 H                     0.403965
      9 H                     0.217132
     10 C                    -1.035840
     11 C                    -0.149814
     12 O                    -0.394180
     13 H                     0.136364
     14 H                     0.281698
     15 H                     0.228537
     16 H                     0.312122
     17 H                     0.217128
     18 H                     0.403979
  ----------------------------------------
  Sum of atomic charges =     0.000000

 -----------------------------------------------------------------
                    Cartesian Multipole Moments
 -----------------------------------------------------------------
    Charge (ESU x 10^10)
                 0.0000
    Dipole Moment (Debye)
         X       0.0001      Y      -0.0000      Z       0.0000
       Tot       0.0001
    Quadrupole Moments (Debye-Ang)
        XX     -42.5139     XY      -2.6142     YY     -36.3693
        XZ       4.5326     YZ       3.9969     ZZ     -41.9203
    Octopole Moments (Debye-Ang^2)
       XXX      -0.0006    XXY       0.0006    XYY       0.0018
       YYY       0.0016    XXZ       0.0005    XYZ       0.0008
       YYZ       0.0016    XZZ       0.0004    YZZ       0.0006
       ZZZ       0.0002
    Hexadecapole Moments (Debye-Ang^3)
      XXXX    -861.5879   XXXY       0.7395   XXYY    -204.8620
      XYYY      26.1364   YYYY    -250.6334   XXXZ       5.8345
      XXYZ       7.5566   XYYZ      11.7199   YYYZ       3.1981
      XXZZ    -164.2637   XYZZ       2.9445   YYZZ     -70.4524
      XZZZ       0.5742   YZZZ      -0.7199   ZZZZ    -121.2470
 -----------------------------------------------------------------
 Total job time:  1529.79s(wall), 5730.36s(cpu) 
 Fri Feb 28 11:43:56 2025

        *************************************************************
        *                                                           *
        *  Thank you very much for using Q-Chem.  Have a nice day.  *
        *                                                           *
        *************************************************************


