
Running Job 1 of 1 004_ethanol_dimer_16_almo.inp
qchem 004_ethanol_dimer_16_almo.inp_108065.0 /scratch/qchem108065/ 6
/home/kchung25/qchem/5.4.0/exe/qcprog.exe_s 004_ethanol_dimer_16_almo.inp_108065.0 /scratch/qchem108065/
                  Welcome to Q-Chem
     A Quantum Leap Into The Future Of Chemistry


 Q-Chem 5.4, Q-Chem, Inc., Pleasanton, CA (2021)

 E. Epifanovsky,  A. T. B. Gilbert,  Xintian Feng,  Joonho Lee,  Yuezhi Mao,  
 N. Mardirossian,  P. Pokhilko,  A. White,  M. Wormit,  M. P. Coons,  
 A. L. Dempwolff,  Zhengting Gan,  D. Hait,  P. R. Horn,  L. D. Jacobson,  
 I. Kaliman,  J. Kussmann,  A. W. Lange,  Ka Un Lao,  D. S. Levine,  Jie Liu,  
 S. C. McKenzie,  A. F. Morrison,  K. Nanda,  F. Plasser,  D. R. Rehn,  
 M. L. Vidal,  Zhi-Qiang You,  Ying Zhu,  B. Alam,  B. Albrecht,  
 A. Aldossary,  E. Alguire,  J. H. Andersen,  D. Barton,  K. Begam,  A. Behn,  
 Y. A. Bernard,  E. J. Berquist,  H. Burton,  A. Carreras,  K. Carter-Fenk,  
 Romit Chakraborty,  A. D. Chien,  K. D. Closser,  V. Cofer-Shabica,  
 S. Dasgupta,  Jia Deng,  M. de Wergifosse,  M. Diedenhofen,  Hainam Do,  
 S. Ehlert,  Po-Tung Fang,  S. Fatehi,  Qingguo Feng,  T. Friedhoff,  
 J. Gayvert,  Qinghui Ge,  G. Gidofalvi,  M. Goldey,  J. Gomes,  
 C. Gonzalez-Espinoza,  S. Gulania,  A. Gunina,  M. W. D. Hanson-Heine,  
 P. H. P. Harbach,  A. W. Hauser,  M. F. Herbst,  M. Hernandez Vera,  
 M. Hodecker,  Z. C. Holden,  S. Houck,  Xunkun Huang,  Kerwin Hui,  
 B. C. Huynh,  M. Ivanov,  Hyunjun Ji,  Hanjie Jiang,  B. Kaduk,  S. Kaehler,  
 K. Khistyaev,  Jaehoon Kim,  P. Klunzinger,  Z. Koczor-Benda,  
 Joong Hoon Koh,  D. Kosenkov,  L. Koulias,  T. Kowalczyk,  C. M. Krauter,  
 K. Kue,  A. Kunitsa,  T. Kus,  A. Landau,  K. V. Lawler,  D. Lefrancois,  
 S. Lehtola,  Rain Li,  Yi-Pei Li,  Jiashu Liang,  M. Liebenthal,  
 Hung-Hsuan Lin,  You-Sheng Lin,  Fenglai Liu,  Kuan-Yu Liu,  
 M. Loipersberger,  A. Luenser,  A. Manjanath,  P. Manohar,  E. Mansoor,  
 S. F. Manzer,  Shan-Ping Mao,  A. V. Marenich,  T. Markovich,  S. Mason,  
 S. A. Maurer,  P. F. McLaughlin,  M. F. S. J. Menger,  J.-M. Mewes,  
 S. A. Mewes,  P. Morgante,  J. W. Mullinax,  K. J. Oosterbaan,  G. Paran,  
 Alexander C. Paul,  Suranjan K. Paul,  F. Pavosevic,  Zheng Pei,  S. Prager,  
 E. I. Proynov,  E. Ramos,  B. Rana,  A. E. Rask,  A. Rettig,  R. M. Richard,  
 F. Rob,  E. Rossomme,  T. Scheele,  M. Scheurer,  M. Schneider,  
 N. Sergueev,  S. M. Sharada,  W. Skomorowski,  D. W. Small,  C. J. Stein,  
 Yu-Chuan Su,  E. J. Sundstrom,  Zhen Tao,  J. Thirman,  T. Tsuchimochi,  
 N. M. Tubman,  S. P. Veccham,  O. Vydrov,  J. Wenzel,  J. Witte,  A. Yamada,  
 Kun Yao,  S. Yeganeh,  S. R. Yost,  A. Zech,  Igor Ying Zhang,  Xing Zhang,  
 Yu Zhang,  D. Zuev,  A. Aspuru-Guzik,  A. T. Bell,  N. A. Besley,  
 K. B. Bravaya,  B. R. Brooks,  D. Casanova,  Jeng-Da Chai,  S. Coriani,  
 C. J. Cramer,  A. E. DePrince, III,  R. A. DiStasio Jr.,  A. Dreuw,  
 B. D. Dunietz,  T. R. Furlani,  W. A. Goddard III,  S. Grimme,  
 S. Hammes-Schiffer,  T. Head-Gordon,  W. J. Hehre,  Chao-Ping Hsu,  
 T.-C. Jagau,  Yousung Jung,  A. Klamt,  Jing Kong,  D. S. Lambrecht,  
 WanZhen Liang,  N. J. Mayhall,  C. W. McCurdy,  J. B. Neaton,  T. Neudecker,  
 C. Ochsenfeld,  J. A. Parkhill,  R. Peverati,  V. A. Rassolov,  Yihan Shao,  
 L. V. Slipchenko,  R. P. Steele,  J. E. Subotnik,  A. J. W. Thom,  
 A. Tkatchenko,  D. G. Truhlar,  T. Van Voorhis,  T. A. Wesolowski,  
 K. B. Whaley,  H. L. Woodcock III,  P. M. Zimmerman,  S. Faraji,  
 P. M. W. Gill,  M. Head-Gordon,  J. M. Herbert,  A. I. Krylov

 Additional authors since Version 5.4.0: 
 Chandrima Chakravarty,  L. Cunha,  R. Kang,  Yongbin Kim,  S. Kotaru,  
 Shaozhi Li,  Xiangyuan Li,  F. Matz,  A. Molle,  V. Parravicini,  
 Haisheng Ren,  Hengyuan Shen,  Yingli Su,  Hung-Yi Tsai,  C. Utku,  
 Fang Wang,  Jeff Yang,  F. Zeller

 Contributors to earlier versions of Q-Chem not listed above: 
 R. D. Adamson,  B. Austin,  R. Baer,  J. Baker,  G. J. O. Beran,  
 K. Brandhorst,  S. T. Brown,  E. F. C. Byrd,  Arup K. Chakraborty,  
 G. K. L. Chan,  Chun-Min Chang,  Yunqing Chen,  C.-L. Cheng,  
 Siu Hung Chien,  D. M. Chipman,  D. L. Crittenden,  H. Dachsel,  
 R. J. Doerksen,  A. D. Dutoi,  R. G. Edgar,  J. Fosso-Tande,  
 L. Fusti-Molnar,  D. Ghosh,  A. Ghysels,  A. Golubeva-Zadorozhnaya,  
 J. Gonthier,  M. S. Gordon,  S. R. Gwaltney,  G. Hawkins,  J. E. Herr,  
 A. Heyden,  S. Hirata,  E. G. Hohenstein,  G. Kedziora,  F. J. Keil,  
 C. Kelley,  Jihan Kim,  R. A. King,  R. Z. Khaliullin,  P. P. Korambath,  
 W. Kurlancheek,  A. Laurent,  A. M. Lee,  M. S. Lee,  S. V. Levchenko,  
 Ching Yeh Lin,  D. Liotard,  E. Livshits,  R. C. Lochan,  I. Lotan,  
 L. A. Martinez-Martinez,  P. E. Maslen,  N. Nair,  D. P. O'Neill,  
 D. Neuhauser,  E. Neuscamman,  C. M. Oana,  R. Olivares-Amaya,  R. Olson,  
 T. M. Perrine,  B. Peters,  P. A. Pieniazek,  A. Prociuk,  Y. M. Rhee,  
 J. Ritchie,  M. A. Rohrdanz,  E. Rosta,  N. J. Russ,  H. F. Schaefer III,  
 M. W. Schmidt,  N. E. Schultz,  S. Sharma,  N. Shenvi,  C. D. Sherrill,  
 A. C. Simmonett,  A. Sodt,  T. Stein,  D. Stuck,  K. S. Thanthiriwatte,  
 V. Vanovschi,  L. Vogt,  Tao Wang,  A. Warshel,  M. A. Watson,  
 C. F. Williams,  Q. Wu,  X. Xu,  Jun Yang,  W. Zhang,  Yan Zhao

   Please cite Q-Chem as follows:
  "Software for the frontiers of quantum chemistry:
   An overview of developments in the Q-Chem 5 package"
   J. Chem. Phys. 155, 084801 (2021)
   https://doi.org/10.1063/5.0055522 (open access)

 Q-Chem 5.4.2 for Intel X86 EM64T Linux

 Parts of Q-Chem use Armadillo 9.900.5 (Nocturnal Misbehaviour).
 http://arma.sourceforge.net/

 Q-Chem begins on Fri Feb 28 06:04:09 2025  

 Host: 
0

     Scratch files written to /scratch/qchem108065//
 Dec1321 |scratch|qcdevops|jenkins|workspace|build_RNUM 5684   
 Processing $rem in /home/kchung25/qchem/5.4.0/config/preferences:
 Processing $rem in /home/kchung25/.qchemrc:

 Q-Chem warning in module libgen/rem_setup.C, line 3079:

 Neither GIA nor STOLL is specified by user. Use STOLL as the default


 Checking the input file for inconsistencies... 	...done.

--------------------------------------------------------------
User input:
--------------------------------------------------------------
$molecule
0 1
--
0 1
C    2.584823   0.580861  -0.414759
C    1.760466  -0.661007  -0.173359
O    0.998046  -0.577244   1.001583
H    0.375593   0.156131   0.879066
H    3.189531   0.489143  -1.319989
H    3.250277   0.766859   0.430319
H    1.937739   1.455965  -0.526514
H    2.409824  -1.534677  -0.065270
H    1.117876  -0.858158  -1.048615
--
0 1
C   -2.057266  -0.936950  -0.531782
C   -2.184932   0.344508   0.249614
O   -1.064190   1.198352   0.077039
H   -0.954906   1.372540  -0.862252
H   -2.929025  -1.575620  -0.377756
H   -1.165835  -1.484887  -0.218990
H   -1.982100  -0.734326  -1.604803
H   -2.230479   0.136995   1.321525
H   -3.107893   0.876704  -0.013975
$end

$rem
JOBTYPE          eda
EDA2             1
METHOD           wB97M-V
BASIS            def2-TZVPPD
SYMMETRY         false
MEM_TOTAL        50000
MEM_STATIC       10000
THRESH           14
SCF_CONVERGENCE  8
XC_GRID          000099000590
NL_GRID          1
EDA_CLS_DISP     true
FD_MAT_VEC_PROD  FALSE
$end
--------------------------------------------------------------
 ----------------------------------------------------------------
             Standard Nuclear Orientation (Angstroms)
    I     Atom           X                Y                Z
 ----------------------------------------------------------------
    1      C       2.5848231018    -0.5808606445     0.4147593233
    2      C       1.7604660235     0.6610072526     0.1733590619
    3      O       0.9980460751     0.5772439817    -1.0015829524
    4      H       0.3755931222    -0.1561310397    -0.8790658411
    5      H       3.1895310601    -0.4891424346     1.3199893299
    6      H       3.2502771479    -0.7668587536    -0.4303186164
    7      H       1.9377391593    -1.4559646696     0.5265144598
    8      H       2.4098239659     1.5346772785     0.0652699258
    9      H       1.1178759754     0.8581583689     1.0486150004
   10      C      -2.0572660100     0.9369500490     0.5317818622
   11      C      -2.1849318890    -0.3445081044    -0.2496139061
   12      O      -1.0641898354    -1.1983519933    -0.0770387047
   13      H      -0.9549058596    -1.3725398121     0.8622523317
   14      H      -2.9290250492     1.5756199589     0.3777557103
   15      H      -1.1658350366     1.4848870542     0.2189897957
   16      H      -1.9821000375     0.7343262525     1.6048029026
   17      H      -2.2304788619    -0.1369953056    -1.3215249462
   18      H      -3.1078928617    -0.8767041209     0.0139751563
 ----------------------------------------------------------------
 Molecular Point Group                 C1    NOp =  1
 Largest Abelian Subgroup              C1    NOp =  1
 Nuclear Repulsion Energy =         259.88884782 hartrees
 There are       26 alpha and       26 beta electrons
 Requested basis set is def2-TZVPPD
 There are 164 shells and 432 basis functions

 Q-Chem warning in module libmdc/get_mega.C, line 171:

 Allowed MEM_STATIC has been capped at MEM_STATIC=8191.
 Reduce the value of MEM_STATIC to silence this warning.


 Total QAlloc Memory Limit  50000 MB
 Mega-Array Size      8007 MB
 MEM_STATIC part      8191 MB
 A cutoff of  1.0D-14 yielded  12556 shell pairs
 There are     86880 function pairs (    107020 Cartesian)
 Smallest overlap matrix eigenvalue = 7.93E-06

 Scale SEOQF with 1.000000e-01/1.000000e-01/1.000000e-01

 Standard Electronic Orientation quadrupole field applied
 Nucleus-field energy     =     0.0000000074 hartrees

 -----------------------------------------------------------------------
  General SCF calculation program by
  Eric Jon Sundstrom, Paul Horn, Yuezhi Mao, Dmitri Zuev, Alec White,
  David Stuck, Shaama M.S., Shane Yost, Joonho Lee, David Small,
  Daniel Levine, Susi Lehtola, Hugh Burton, Evgeny Epifanovsky,
  Bang C. Huynh
 -----------------------------------------------------------------------
================================================================
                 ALMO-EDA with the EDA2 driver                  
================================================================
 The second-generation ALMO-EDA (for DFT):                      
 P. R. Horn, Y. Mao and M. Head-Gordon, PCCP, 18, 23067 (2016)  
 Y. Mao et al. Annu. Rev. Phys. Chem. 72, 641 (2021)            
 Decomposition of the frozen energy:                            
 P. R. Horn, Y. Mao and M. Head-Gordon, JCP, 144, 114107 (2016) 
 FERF model for polarization:                                   
 P. R. Horn and M. Head-Gordon, JCP, 143, 114111 (2015)         
================================================================
 Using eda2 option set 1
 Option set summary: Frozen orbital wavefunction, initial wavefunction decomposition, and nDQ polarization.
--------------------------------
Printing EDA Options
--------------------------------
eda_child_super_basis      0
fragmo_guess_mode          0
child_mp                   1
child_mp_orders            232
cls_elec                   1
cls_disp                   1
scfmi_mode                 1
scfmi_occs                 0
scfmi_virts                0
frz_relax                  0
frz_relax_method           0
dc_pen_start               0
dc_pen_conv                0
dc_pen_increment           0
dc_pen_steps               0
dc_pen_thresh_factor       0
dc_pen_pre_newton_thresh   0
frz_ortho_decomp           1
frz_ortho_decomp_conv      6
plot_mo_ortho_frz          0
frgm_method                2
scfmi_freeze_ss            0
separate_rehyb             0
plot_diff_den              0
eda_nocv                   0
eda_vct_relax              1
disp_free_x                0
disp_free_c                0
eda_bsse                   0
eda_pct_a                  0
eda_covp                   0
--------------------------------
Attempting to make child job directory: /scratch/qchem108065//Frg1/
Attempting to make child job directory: /scratch/qchem108065//Frg2/
Creating input file /scratch/qchem108065/Frg1.input
using default PutDataFrgm: nothing
calling putenv with: QCSCRATCH=/scratch/qchem108065/ 
Spawning Job For Fragment 0
Done Job For Fragment 0
calling putenv with: QCSCRATCH=/scratch 
calling putenv with: QCTHREADS=6 
Creating input file /scratch/qchem108065/Frg2.input
using default PutDataFrgm: nothing
calling putenv with: QCSCRATCH=/scratch/qchem108065/ 
Spawning Job For Fragment 1
Done Job For Fragment 1
calling putenv with: QCSCRATCH=/scratch 
calling putenv with: QCTHREADS=6 
Doing General SCFMI
 Exchange:     0.1500 Hartree-Fock + 1.0000 wB97M-V + LR-HF
 Correlation:  1.0000 wB97M-V
 Using Euler-Maclaurin-Lebedev (99,590) quadrature formula
 Nonlocal Correlation:  VV10 with C = 0.0100 and b = 6.00 and scale = 1.00000
 Grid used for NLC:  SG-1 standard quadrature
performing fock build before subrot guess so that all methods have access
Printing subrot_rss_gen Method Specification:
Occupied Subspace Method is 0
Virtual Subspace Method is 0
Energy of the unrelaxed supersystem initial determinant -310.062174836962
write pseudocanon occs and virts to disk
write pseudocanon orbital energies to disk
Tolerance of ortho_decomp_scf: 1.00e-06
GDM subspace size: 20
Beginning the Orthogonal Decomposition of the Initial Supersystem Wavefunction
    1    -310.0069344583      9.36e-02     ortho_decomp Preconditoned Steepest Descent
    2    -310.0143179902      2.34e-03     ortho_decomp BFGS Step
    3    -310.0143440123      1.68e-04     ortho_decomp BFGS Step
    4    -310.0143440388      5.56e-06     ortho_decomp BFGS Step
    5    -310.0143440388      1.86e-07     ortho_decomp 00000 Convergence criterion met
 Hartree-Fock
 Hartree-Fock
 Hartree-Fock
 Exchange:     0.1500 Hartree-Fock + 1.0000 wB97M-V + LR-HF
 Correlation:  1.0000 wB97M-V
 Using Euler-Maclaurin-Lebedev (99,590) quadrature formula
 Nonlocal Correlation:  VV10 with C = 0.0100 and b = 6.00 and scale = 1.00000
 Grid used for NLC:  SG-1 standard quadrature
 Long-range K will be added via erf
 Coulomb attenuation parameter = 0.3 bohr**(-1)
 Nonlocal correlation = 2.035575324856e-01
Doing General SCFMI
 Exchange:     0.1500 Hartree-Fock + 1.0000 wB97M-V + LR-HF
 Correlation:  1.0000 wB97M-V
 Using Euler-Maclaurin-Lebedev (99,590) quadrature formula
 Nonlocal Correlation:  VV10 with C = 0.0100 and b = 6.00 and scale = 1.00000
 Grid used for NLC:  SG-1 standard quadrature
performing fock build at end of subrot_r(subrot) constructor so that all methods have access
<S^2> of initial wavefunction before polarization iterations 0.0000000000
Beginning iterations for the determination of the polarized wavefunction
Energy prior to optimization (guess energy) = -310.062174836962
Begin Timing: Total SCF Calculation
begin iterations for algorithm: DIIS         
the SCF tolerance is set to 1.00e-08
    1    -310.0621748370      2.98e-04     00000 
    2    -310.0647057264      1.05e-04     00000 
    3    -310.0649268430      6.90e-05     00000 
    4    -310.0649943716      2.14e-05     00000 
    5    -310.0650057206      7.06e-06     00000 
    6    -310.0650086374      3.24e-06     00000 
    7    -310.0650091667      1.54e-06     00000 
    8    -310.0650093112      6.30e-07     00000 
    9    -310.0650093234      2.91e-07     00000 
   10    -310.0650093254      7.93e-08     00000 
   11    -310.0650093256      3.19e-08     00000 
   12    -310.0650093257      1.64e-08     00000 
   13    -310.0650093257      7.24e-09     00000 Convergence criterion met
write pseudocanon occs and virts to disk
write pseudocanon orbital energies to disk
Timing for Total SCF: 323.00s (wall), 1940.12s (cpu)
<S^2> of polarized wavefunction after polarization iterations 0.0000000000
relaxing scfmi constraint to allow all rotations in the entire AO span
Doing General SCFMI
 Exchange:     0.1500 Hartree-Fock + 1.0000 wB97M-V + LR-HF
 Correlation:  1.0000 wB97M-V
 Using Euler-Maclaurin-Lebedev (99,590) quadrature formula
 Nonlocal Correlation:  VV10 with C = 0.0100 and b = 6.00 and scale = 1.00000
 Grid used for NLC:  SG-1 standard quadrature
performing fock build at end of subrot_r(subrot) constructor so that all methods have access
<S^2> of polarized wavefunction before ct-allowed iterations 0.0000000000
Beginning iterations for the determination of the CT-Allowed wavefunction
Energy prior to optimization (guess energy) = -310.065009325665
Begin Timing: Total SCF Calculation
begin iterations for algorithm: DIIS         
the SCF tolerance is set to 1.00e-08
    1    -310.0650093257      1.74e-04     00000 
    2    -310.0681966541      2.51e-05     00000 
    3    -310.0683072124      1.05e-05     00000 
    4    -310.0683141606      5.34e-06     00000 
    5    -310.0683164153      4.96e-07     00000 
    6    -310.0683164639      2.68e-07     00000 
    7    -310.0683164729      6.05e-08     00000 
    8    -310.0683164733      2.73e-08     00000 
    9    -310.0683164734      8.36e-09     00000 Convergence criterion met
write pseudocanon occs and virts to disk
write pseudocanon orbital energies to disk
Timing for Total SCF: 216.00s (wall), 1292.73s (cpu)
<S^2> of ct_allowed wavefunction after ct-allowed iterations 0.0000000000

================================
        Results of EDA2         
================================
Basic EDA Quantities
--------------------
Fragment Energies (Ha):
1 -155.0290322035
2 -155.0294823793
--------------------
  E_prp (kJ/mol) = -0.0000
  E_frz (kJ/mol) = -9.6101
  E_pol (kJ/mol) = -7.4420
  E_vct (kJ/mol) = -8.6830
  E_int (kJ/mol) = -25.7352
--------------------


Decomposition of frozen interaction energy
--------------------
  --------------------
  Orthogonal Frozen Decomposition:
  --------------------
     E_elec   (ELEC)   (kJ/mol) = -82.8328
     E_pauli  (PAULI)  (kJ/mol) = 92.9997
     E_disp   (DISP)   (kJ/mol) = -19.7771
  --------------------
  Classical Frozen Decomposition:
  --------------------
     E_cls_elec  (CLS ELEC)  (kJ/mol) = -41.9854
     E_mod_pauli (MOD PAULI) (kJ/mol) = 49.0637 (FRZ - CLS ELEC - CLS DISP)
     E_cls_disp  (CLS DISP)  (kJ/mol) = -16.6884
  --------------------
--------------------

Simplified EDA Summary (kJ/mol)
--------------------
 PREPARATION      -0.0000
 FROZEN           -9.6101 (ELEC + PAULI + DISP)
[ELEC + PAULI = 7.0783, DISP = -16.6884]
 POLARIZATION    -7.4420
 CHARGE TRANSFER -8.6830
 TOTAL           -25.7352     (PRP + FRZ + POL + CT)
--------------------
 
 --------------------------------------------------------------
 
                    Orbital Energies (a.u.)
 --------------------------------------------------------------
 
 Alpha MOs
 -- Occupied --
-19.3529 -19.3091 -10.3978 -10.3759 -10.3382 -10.3237  -1.1727  -1.1343
 -0.8819  -0.8603  -0.7541  -0.7287  -0.6336  -0.6022  -0.5753  -0.5569
 -0.5515  -0.5326  -0.4948  -0.4851  -0.4743  -0.4629  -0.4429  -0.4156
 -0.3965  -0.3643
 -- Virtual --
  0.0302   0.0522   0.0529   0.0601   0.0794   0.0859   0.0927   0.1001
  0.1129   0.1170   0.1329   0.1377   0.1462   0.1517   0.1541   0.1721
  0.1811   0.1851   0.1875   0.1895   0.1998   0.2109   0.2147   0.2246
  0.2393   0.2519   0.2562   0.2628   0.2656   0.2703   0.2816   0.2852
  0.2913   0.2937   0.2940   0.3030   0.3112   0.3134   0.3268   0.3283
  0.3285   0.3348   0.3355   0.3392   0.3417   0.3502   0.3553   0.3612
  0.3657   0.3687   0.3754   0.3824   0.3866   0.3982   0.3992   0.4046
  0.4078   0.4124   0.4272   0.4318   0.4371   0.4411   0.4478   0.4532
  0.4589   0.4628   0.4647   0.4792   0.4823   0.4904   0.4959   0.5000
  0.5042   0.5109   0.5249   0.5270   0.5370   0.5495   0.5541   0.5606
  0.5708   0.5772   0.5882   0.5932   0.6100   0.6218   0.6304   0.6370
  0.6494   0.6663   0.6722   0.6774   0.6855   0.6926   0.7141   0.7187
  0.7230   0.7314   0.7404   0.7480   0.7509   0.7567   0.7655   0.7673
  0.7750   0.7761   0.7850   0.7888   0.8028   0.8182   0.8275   0.8400
  0.8457   0.8591   0.8702   0.8767   0.8847   0.8949   0.9111   0.9264
  0.9465   0.9471   0.9723   0.9783   0.9891   1.0063   1.0291   1.0418
  1.0681   1.0824   1.0850   1.0954   1.1312   1.1458   1.1539   1.1683
  1.1837   1.1950   1.2031   1.2116   1.2222   1.2347   1.2573   1.2712
  1.2787   1.2878   1.2961   1.2979   1.3137   1.3244   1.3325   1.3436
  1.3505   1.3650   1.3909   1.3990   1.4063   1.4308   1.4394   1.4596
  1.4718   1.4786   1.4978   1.5037   1.5174   1.5287   1.5455   1.5764
  1.6106   1.6322   1.6393   1.6574   1.6603   1.6623   1.6714   1.6818
  1.6963   1.7058   1.7163   1.7235   1.7620   1.7720   1.7842   1.7958
  1.8145   1.8275   1.9392   1.9624   1.9780   1.9940   2.0411   2.0484
  2.0926   2.1181   2.1466   2.1582   2.1974   2.2297   2.2550   2.2626
  2.2673   2.3492   2.3680   2.3846   2.4190   2.4479   2.4706   2.4995
  2.5045   2.5448   2.6936   2.7050   2.7445   2.7633   2.7807   2.8183
  2.8291   2.8493   2.8682   2.8757   2.8873   2.8984   2.9187   2.9334
  2.9448   2.9573   2.9770   2.9957   3.0006   3.0142   3.0244   3.0455
  3.0607   3.0840   3.0918   3.1054   3.1159   3.1387   3.1710   3.1970
  3.2072   3.2088   3.2311   3.2433   3.2512   3.2659   3.2723   3.2830
  3.3012   3.3148   3.3240   3.3323   3.3405   3.3459   3.3534   3.3828
  3.4117   3.4368   3.4544   3.4713   3.4833   3.5057   3.5263   3.5449
  3.5846   3.5966   3.6051   3.6212   3.6310   3.6643   3.6915   3.7058
  3.7160   3.7300   3.7458   3.7527   3.7588   3.7675   3.7915   3.8056
  3.8242   3.8567   3.8803   3.9109   3.9142   3.9266   3.9794   3.9927
  4.0056   4.0183   4.0354   4.0476   4.0518   4.0905   4.1113   4.1145
  4.1268   4.1439   4.1564   4.1803   4.1891   4.2123   4.2251   4.2287
  4.2370   4.2525   4.2672   4.2716   4.2857   4.2899   4.3041   4.3181
  4.3521   4.3719   4.3913   4.4073   4.4405   4.4526   4.4645   4.4772
  4.4939   4.5036   4.5147   4.5200   4.5463   4.5649   4.6033   4.6470
  4.6752   4.6825   4.7109   4.7197   4.7545   4.7734   4.8139   4.8168
  4.8337   4.8518   4.9422   4.9597   4.9622   4.9760   4.9924   5.0036
  5.0264   5.0505   5.0541   5.1161   5.1448   5.1626   5.2169   5.2497
  5.2990   5.3034   5.3531   5.3647   5.4071   5.4170   5.4265   5.4378
  5.4392   5.4514   5.4804   5.4878   5.5159   5.5242   5.5925   5.5945
  5.6054   5.6257   5.6677   5.6752   5.7361   5.7443   5.7565   5.7853
  5.8118   5.8305   5.8986   5.9534   6.0907   6.1444   6.2977   6.3217
  6.6265   6.6894   6.8569   6.8969   6.9026   6.9321   6.9921   7.0341
  7.1025   7.1466   7.3792   7.4148   7.5597   7.6167   7.7817   7.8685
 23.7629  23.8276  24.0583  24.0700  44.7454  44.8426
 --------------------------------------------------------------
 
          Ground-State Mulliken Net Atomic Charges

     Atom                 Charge (a.u.)
  ----------------------------------------
      1 C                    -0.954263
      2 C                    -0.163116
      3 O                    -0.477237
      4 H                     0.255700
      5 H                     0.286090
      6 H                     0.259997
      7 H                     0.228021
      8 H                     0.320372
      9 H                     0.238003
     10 C                    -0.887949
     11 C                    -0.224381
     12 O                    -0.410158
     13 H                     0.140703
     14 H                     0.320594
     15 H                     0.213621
     16 H                     0.266166
     17 H                     0.258278
     18 H                     0.329558
  ----------------------------------------
  Sum of atomic charges =     0.000000

 -----------------------------------------------------------------
                    Cartesian Multipole Moments
 -----------------------------------------------------------------
    Charge (ESU x 10^10)
                 0.0000
    Dipole Moment (Debye)
         X      -1.6131      Y      -0.4293      Z       2.4531
       Tot       2.9671
    Quadrupole Moments (Debye-Ang)
        XX     -36.4472     XY      -0.4938     YY     -42.2680
        XZ       1.3336     YZ      -0.5432     ZZ     -41.3596
    Octopole Moments (Debye-Ang^2)
       XXX      -7.5939    XXY       1.6528    XYY      -0.1491
       YYY      -0.8633    XXZ      -0.1119    XYZ       3.7507
       YYZ       2.9732    XZZ      -5.9202    YZZ      -5.5568
       ZZZ       0.1146
    Hexadecapole Moments (Debye-Ang^3)
      XXXX    -949.8489   XXXY      13.9508   XXYY    -198.1371
      XYYY       8.1637   YYYY    -227.1644   XXXZ      -1.1570
      XXYZ      -1.4384   XYYZ      -4.7637   YYYZ      -8.1636
      XXZZ    -186.0068   XYZZ       3.1940   YYZZ     -60.7021
      XZZZ       2.3876   YZZZ      -1.6735   ZZZZ    -137.8111
 -----------------------------------------------------------------
 Total job time:  1591.75s(wall), 5982.59s(cpu) 
 Fri Feb 28 06:30:41 2025

        *************************************************************
        *                                                           *
        *  Thank you very much for using Q-Chem.  Have a nice day.  *
        *                                                           *
        *************************************************************


