
Running Job 1 of 1 004_ethanol_dimer_05_almo.inp
qchem 004_ethanol_dimer_05_almo.inp_94995.0 /scratch/qchem94995/ 6
/home/kchung25/qchem/5.4.0/exe/qcprog.exe_s 004_ethanol_dimer_05_almo.inp_94995.0 /scratch/qchem94995/
                  Welcome to Q-Chem
     A Quantum Leap Into The Future Of Chemistry


 Q-Chem 5.4, Q-Chem, Inc., Pleasanton, CA (2021)

 E. Epifanovsky,  A. T. B. Gilbert,  Xintian Feng,  Joonho Lee,  Yuezhi Mao,  
 N. Mardirossian,  P. Pokhilko,  A. White,  M. Wormit,  M. P. Coons,  
 A. L. Dempwolff,  Zhengting Gan,  D. Hait,  P. R. Horn,  L. D. Jacobson,  
 I. Kaliman,  J. Kussmann,  A. W. Lange,  Ka Un Lao,  D. S. Levine,  Jie Liu,  
 S. C. McKenzie,  A. F. Morrison,  K. Nanda,  F. Plasser,  D. R. Rehn,  
 M. L. Vidal,  Zhi-Qiang You,  Ying Zhu,  B. Alam,  B. Albrecht,  
 A. Aldossary,  E. Alguire,  J. H. Andersen,  D. Barton,  K. Begam,  A. Behn,  
 Y. A. Bernard,  E. J. Berquist,  H. Burton,  A. Carreras,  K. Carter-Fenk,  
 Romit Chakraborty,  A. D. Chien,  K. D. Closser,  V. Cofer-Shabica,  
 S. Dasgupta,  Jia Deng,  M. de Wergifosse,  M. Diedenhofen,  Hainam Do,  
 S. Ehlert,  Po-Tung Fang,  S. Fatehi,  Qingguo Feng,  T. Friedhoff,  
 J. Gayvert,  Qinghui Ge,  G. Gidofalvi,  M. Goldey,  J. Gomes,  
 C. Gonzalez-Espinoza,  S. Gulania,  A. Gunina,  M. W. D. Hanson-Heine,  
 P. H. P. Harbach,  A. W. Hauser,  M. F. Herbst,  M. Hernandez Vera,  
 M. Hodecker,  Z. C. Holden,  S. Houck,  Xunkun Huang,  Kerwin Hui,  
 B. C. Huynh,  M. Ivanov,  Hyunjun Ji,  Hanjie Jiang,  B. Kaduk,  S. Kaehler,  
 K. Khistyaev,  Jaehoon Kim,  P. Klunzinger,  Z. Koczor-Benda,  
 Joong Hoon Koh,  D. Kosenkov,  L. Koulias,  T. Kowalczyk,  C. M. Krauter,  
 K. Kue,  A. Kunitsa,  T. Kus,  A. Landau,  K. V. Lawler,  D. Lefrancois,  
 S. Lehtola,  Rain Li,  Yi-Pei Li,  Jiashu Liang,  M. Liebenthal,  
 Hung-Hsuan Lin,  You-Sheng Lin,  Fenglai Liu,  Kuan-Yu Liu,  
 M. Loipersberger,  A. Luenser,  A. Manjanath,  P. Manohar,  E. Mansoor,  
 S. F. Manzer,  Shan-Ping Mao,  A. V. Marenich,  T. Markovich,  S. Mason,  
 S. A. Maurer,  P. F. McLaughlin,  M. F. S. J. Menger,  J.-M. Mewes,  
 S. A. Mewes,  P. Morgante,  J. W. Mullinax,  K. J. Oosterbaan,  G. Paran,  
 Alexander C. Paul,  Suranjan K. Paul,  F. Pavosevic,  Zheng Pei,  S. Prager,  
 E. I. Proynov,  E. Ramos,  B. Rana,  A. E. Rask,  A. Rettig,  R. M. Richard,  
 F. Rob,  E. Rossomme,  T. Scheele,  M. Scheurer,  M. Schneider,  
 N. Sergueev,  S. M. Sharada,  W. Skomorowski,  D. W. Small,  C. J. Stein,  
 Yu-Chuan Su,  E. J. Sundstrom,  Zhen Tao,  J. Thirman,  T. Tsuchimochi,  
 N. M. Tubman,  S. P. Veccham,  O. Vydrov,  J. Wenzel,  J. Witte,  A. Yamada,  
 Kun Yao,  S. Yeganeh,  S. R. Yost,  A. Zech,  Igor Ying Zhang,  Xing Zhang,  
 Yu Zhang,  D. Zuev,  A. Aspuru-Guzik,  A. T. Bell,  N. A. Besley,  
 K. B. Bravaya,  B. R. Brooks,  D. Casanova,  Jeng-Da Chai,  S. Coriani,  
 C. J. Cramer,  A. E. DePrince, III,  R. A. DiStasio Jr.,  A. Dreuw,  
 B. D. Dunietz,  T. R. Furlani,  W. A. Goddard III,  S. Grimme,  
 S. Hammes-Schiffer,  T. Head-Gordon,  W. J. Hehre,  Chao-Ping Hsu,  
 T.-C. Jagau,  Yousung Jung,  A. Klamt,  Jing Kong,  D. S. Lambrecht,  
 WanZhen Liang,  N. J. Mayhall,  C. W. McCurdy,  J. B. Neaton,  T. Neudecker,  
 C. Ochsenfeld,  J. A. Parkhill,  R. Peverati,  V. A. Rassolov,  Yihan Shao,  
 L. V. Slipchenko,  R. P. Steele,  J. E. Subotnik,  A. J. W. Thom,  
 A. Tkatchenko,  D. G. Truhlar,  T. Van Voorhis,  T. A. Wesolowski,  
 K. B. Whaley,  H. L. Woodcock III,  P. M. Zimmerman,  S. Faraji,  
 P. M. W. Gill,  M. Head-Gordon,  J. M. Herbert,  A. I. Krylov

 Additional authors since Version 5.4.0: 
 Chandrima Chakravarty,  L. Cunha,  R. Kang,  Yongbin Kim,  S. Kotaru,  
 Shaozhi Li,  Xiangyuan Li,  F. Matz,  A. Molle,  V. Parravicini,  
 Haisheng Ren,  Hengyuan Shen,  Yingli Su,  Hung-Yi Tsai,  C. Utku,  
 Fang Wang,  Jeff Yang,  F. Zeller

 Contributors to earlier versions of Q-Chem not listed above: 
 R. D. Adamson,  B. Austin,  R. Baer,  J. Baker,  G. J. O. Beran,  
 K. Brandhorst,  S. T. Brown,  E. F. C. Byrd,  Arup K. Chakraborty,  
 G. K. L. Chan,  Chun-Min Chang,  Yunqing Chen,  C.-L. Cheng,  
 Siu Hung Chien,  D. M. Chipman,  D. L. Crittenden,  H. Dachsel,  
 R. J. Doerksen,  A. D. Dutoi,  R. G. Edgar,  J. Fosso-Tande,  
 L. Fusti-Molnar,  D. Ghosh,  A. Ghysels,  A. Golubeva-Zadorozhnaya,  
 J. Gonthier,  M. S. Gordon,  S. R. Gwaltney,  G. Hawkins,  J. E. Herr,  
 A. Heyden,  S. Hirata,  E. G. Hohenstein,  G. Kedziora,  F. J. Keil,  
 C. Kelley,  Jihan Kim,  R. A. King,  R. Z. Khaliullin,  P. P. Korambath,  
 W. Kurlancheek,  A. Laurent,  A. M. Lee,  M. S. Lee,  S. V. Levchenko,  
 Ching Yeh Lin,  D. Liotard,  E. Livshits,  R. C. Lochan,  I. Lotan,  
 L. A. Martinez-Martinez,  P. E. Maslen,  N. Nair,  D. P. O'Neill,  
 D. Neuhauser,  E. Neuscamman,  C. M. Oana,  R. Olivares-Amaya,  R. Olson,  
 T. M. Perrine,  B. Peters,  P. A. Pieniazek,  A. Prociuk,  Y. M. Rhee,  
 J. Ritchie,  M. A. Rohrdanz,  E. Rosta,  N. J. Russ,  H. F. Schaefer III,  
 M. W. Schmidt,  N. E. Schultz,  S. Sharma,  N. Shenvi,  C. D. Sherrill,  
 A. C. Simmonett,  A. Sodt,  T. Stein,  D. Stuck,  K. S. Thanthiriwatte,  
 V. Vanovschi,  L. Vogt,  Tao Wang,  A. Warshel,  M. A. Watson,  
 C. F. Williams,  Q. Wu,  X. Xu,  Jun Yang,  W. Zhang,  Yan Zhao

   Please cite Q-Chem as follows:
  "Software for the frontiers of quantum chemistry:
   An overview of developments in the Q-Chem 5 package"
   J. Chem. Phys. 155, 084801 (2021)
   https://doi.org/10.1063/5.0055522 (open access)

 Q-Chem 5.4.2 for Intel X86 EM64T Linux

 Parts of Q-Chem use Armadillo 9.900.5 (Nocturnal Misbehaviour).
 http://arma.sourceforge.net/

 Q-Chem begins on Fri Feb 28 01:13:41 2025  

 Host: 
0

     Scratch files written to /scratch/qchem94995//
 Dec1321 |scratch|qcdevops|jenkins|workspace|build_RNUM 5684   
 Processing $rem in /home/kchung25/qchem/5.4.0/config/preferences:
 Processing $rem in /home/kchung25/.qchemrc:

 Q-Chem warning in module libgen/rem_setup.C, line 3079:

 Neither GIA nor STOLL is specified by user. Use STOLL as the default


 Checking the input file for inconsistencies... 	...done.

--------------------------------------------------------------
User input:
--------------------------------------------------------------
$molecule
0 1
--
0 1
C   -1.996943   0.956004   0.584861
C   -2.232015  -0.351656  -0.132587
O   -1.109857  -0.777828  -0.860710
H   -0.364786  -0.863805  -0.245421
H   -2.886970   1.273319   1.133176
H   -1.732546   1.741938  -0.126468
H   -1.175299   0.859544   1.300322
H   -3.048917  -0.247609  -0.853104
H   -2.550425  -1.120063   0.588861
--
0 1
C    1.740731   1.156265  -0.426737
C    2.240365  -0.208929  -0.050019
O    1.262325  -0.825552   0.776306
H    1.580138  -1.687319   1.054270
H    2.468113   1.668618  -1.057893
H    1.571017   1.761794   0.465829
H    0.799038   1.079626  -0.974589
H    3.194372  -0.136309   0.487701
H    2.413697  -0.812794  -0.950564
$end

$rem
JOBTYPE          eda
EDA2             1
METHOD           wB97M-V
BASIS            def2-TZVPPD
SYMMETRY         false
MEM_TOTAL        50000
MEM_STATIC       10000
THRESH           14
SCF_CONVERGENCE  8
XC_GRID          000099000590
NL_GRID          1
EDA_CLS_DISP     true
FD_MAT_VEC_PROD  FALSE
$end
--------------------------------------------------------------
 ----------------------------------------------------------------
             Standard Nuclear Orientation (Angstroms)
    I     Atom           X                Y                Z
 ----------------------------------------------------------------
    1      C       1.9969430679    -0.9560042026     0.5848606508
    2      C       2.2320150814     0.3516560923    -0.1325868074
    3      O       1.1098570789     0.7778284158    -0.8607096142
    4      H       0.3647860890     0.8638051727    -0.2454205681
    5      H       2.8869700698    -1.2733194470     1.1331755063
    6      H       1.7325460440    -1.7419379014    -0.1264686731
    7      H       1.1752990795    -0.8595444861     1.3003217024
    8      H       3.0489170695     0.2476093780    -0.8531038621
    9      H       2.5504251051     1.1200627859     0.5888615085
   10      C      -1.7407309497    -1.1562647141    -0.4267373809
   11      C      -2.2403649200     0.2089291378    -0.0500188050
   12      O      -1.2623248976     0.8255517759     0.7763064385
   13      H      -1.5801378783     1.6873186658     1.0542708021
   14      H      -2.4681129676    -1.6686174380    -1.0578935844
   15      H      -1.5710169481    -1.7617940891     0.4658283643
   16      H      -0.7990379559    -1.0796255026    -0.9745893620
   17      H      -3.1943719139     0.1363089308     0.4877011779
   18      H      -2.4136969217     0.8127945163    -0.9505635509
 ----------------------------------------------------------------
 Molecular Point Group                 C1    NOp =  1
 Largest Abelian Subgroup              C1    NOp =  1
 Nuclear Repulsion Energy =         259.54986931 hartrees
 There are       26 alpha and       26 beta electrons
 Requested basis set is def2-TZVPPD
 There are 164 shells and 432 basis functions

 Q-Chem warning in module libmdc/get_mega.C, line 171:

 Allowed MEM_STATIC has been capped at MEM_STATIC=8191.
 Reduce the value of MEM_STATIC to silence this warning.


 Total QAlloc Memory Limit  50000 MB
 Mega-Array Size      8007 MB
 MEM_STATIC part      8191 MB
 A cutoff of  1.0D-14 yielded  12563 shell pairs
 There are     87125 function pairs (    107439 Cartesian)
 Smallest overlap matrix eigenvalue = 8.83E-06

 Scale SEOQF with 1.000000e-01/1.000000e-01/1.000000e-01

 Standard Electronic Orientation quadrupole field applied
 Nucleus-field energy     =     0.0000000071 hartrees

 -----------------------------------------------------------------------
  General SCF calculation program by
  Eric Jon Sundstrom, Paul Horn, Yuezhi Mao, Dmitri Zuev, Alec White,
  David Stuck, Shaama M.S., Shane Yost, Joonho Lee, David Small,
  Daniel Levine, Susi Lehtola, Hugh Burton, Evgeny Epifanovsky,
  Bang C. Huynh
 -----------------------------------------------------------------------
================================================================
                 ALMO-EDA with the EDA2 driver                  
================================================================
 The second-generation ALMO-EDA (for DFT):                      
 P. R. Horn, Y. Mao and M. Head-Gordon, PCCP, 18, 23067 (2016)  
 Y. Mao et al. Annu. Rev. Phys. Chem. 72, 641 (2021)            
 Decomposition of the frozen energy:                            
 P. R. Horn, Y. Mao and M. Head-Gordon, JCP, 144, 114107 (2016) 
 FERF model for polarization:                                   
 P. R. Horn and M. Head-Gordon, JCP, 143, 114111 (2015)         
================================================================
 Using eda2 option set 1
 Option set summary: Frozen orbital wavefunction, initial wavefunction decomposition, and nDQ polarization.
--------------------------------
Printing EDA Options
--------------------------------
eda_child_super_basis      0
fragmo_guess_mode          0
child_mp                   1
child_mp_orders            232
cls_elec                   1
cls_disp                   1
scfmi_mode                 1
scfmi_occs                 0
scfmi_virts                0
frz_relax                  0
frz_relax_method           0
dc_pen_start               0
dc_pen_conv                0
dc_pen_increment           0
dc_pen_steps               0
dc_pen_thresh_factor       0
dc_pen_pre_newton_thresh   0
frz_ortho_decomp           1
frz_ortho_decomp_conv      6
plot_mo_ortho_frz          0
frgm_method                2
scfmi_freeze_ss            0
separate_rehyb             0
plot_diff_den              0
eda_nocv                   0
eda_vct_relax              1
disp_free_x                0
disp_free_c                0
eda_bsse                   0
eda_pct_a                  0
eda_covp                   0
--------------------------------
Attempting to make child job directory: /scratch/qchem94995//Frg1/
Attempting to make child job directory: /scratch/qchem94995//Frg2/
Creating input file /scratch/qchem94995/Frg1.input
using default PutDataFrgm: nothing
calling putenv with: QCSCRATCH=/scratch/qchem94995/ 
Spawning Job For Fragment 0
Done Job For Fragment 0
calling putenv with: QCSCRATCH=/scratch 
calling putenv with: QCTHREADS=6 
Creating input file /scratch/qchem94995/Frg2.input
using default PutDataFrgm: nothing
calling putenv with: QCSCRATCH=/scratch/qchem94995/ 
Spawning Job For Fragment 1
Done Job For Fragment 1
calling putenv with: QCSCRATCH=/scratch 
calling putenv with: QCTHREADS=6 
Doing General SCFMI
 Exchange:     0.1500 Hartree-Fock + 1.0000 wB97M-V + LR-HF
 Correlation:  1.0000 wB97M-V
 Using Euler-Maclaurin-Lebedev (99,590) quadrature formula
 Nonlocal Correlation:  VV10 with C = 0.0100 and b = 6.00 and scale = 1.00000
 Grid used for NLC:  SG-1 standard quadrature
performing fock build before subrot guess so that all methods have access
Printing subrot_rss_gen Method Specification:
Occupied Subspace Method is 0
Virtual Subspace Method is 0
Energy of the unrelaxed supersystem initial determinant -310.062690669643
write pseudocanon occs and virts to disk
write pseudocanon orbital energies to disk
Tolerance of ortho_decomp_scf: 1.00e-06
GDM subspace size: 20
Beginning the Orthogonal Decomposition of the Initial Supersystem Wavefunction
    1    -310.0055787967      9.86e-02     ortho_decomp Preconditoned Steepest Descent
    2    -310.0130450926      2.25e-03     ortho_decomp BFGS Step
    3    -310.0130687256      1.73e-04     ortho_decomp BFGS Step
    4    -310.0130687548      5.68e-06     ortho_decomp BFGS Step
    5    -310.0130687549      1.61e-07     ortho_decomp 00000 Convergence criterion met
 Hartree-Fock
 Hartree-Fock
 Hartree-Fock
 Exchange:     0.1500 Hartree-Fock + 1.0000 wB97M-V + LR-HF
 Correlation:  1.0000 wB97M-V
 Using Euler-Maclaurin-Lebedev (99,590) quadrature formula
 Nonlocal Correlation:  VV10 with C = 0.0100 and b = 6.00 and scale = 1.00000
 Grid used for NLC:  SG-1 standard quadrature
 Long-range K will be added via erf
 Coulomb attenuation parameter = 0.3 bohr**(-1)
 Nonlocal correlation = 2.036745165131e-01
Doing General SCFMI
 Exchange:     0.1500 Hartree-Fock + 1.0000 wB97M-V + LR-HF
 Correlation:  1.0000 wB97M-V
 Using Euler-Maclaurin-Lebedev (99,590) quadrature formula
 Nonlocal Correlation:  VV10 with C = 0.0100 and b = 6.00 and scale = 1.00000
 Grid used for NLC:  SG-1 standard quadrature
performing fock build at end of subrot_r(subrot) constructor so that all methods have access
<S^2> of initial wavefunction before polarization iterations 0.0000000000
Beginning iterations for the determination of the polarized wavefunction
Energy prior to optimization (guess energy) = -310.062690669643
Begin Timing: Total SCF Calculation
begin iterations for algorithm: DIIS         
the SCF tolerance is set to 1.00e-08
    1    -310.0626906696      3.05e-04     00000 
    2    -310.0653418259      9.99e-05     00000 
    3    -310.0655695958      6.31e-05     00000 
    4    -310.0656290351      2.29e-05     00000 
    5    -310.0656415695      7.51e-06     00000 
    6    -310.0656451727      3.41e-06     00000 
    7    -310.0656457528      1.78e-06     00000 
    8    -310.0656459117      7.03e-07     00000 
    9    -310.0656459254      3.13e-07     00000 
   10    -310.0656459281      1.17e-07     00000 
   11    -310.0656459285      5.29e-08     00000 
   12    -310.0656459285      2.34e-08     00000 
   13    -310.0656459285      1.18e-08     00000 
   14    -310.0656459285      4.45e-09     00000 Convergence criterion met
write pseudocanon occs and virts to disk
write pseudocanon orbital energies to disk
Timing for Total SCF: 347.00s (wall), 2082.33s (cpu)
<S^2> of polarized wavefunction after polarization iterations 0.0000000000
relaxing scfmi constraint to allow all rotations in the entire AO span
Doing General SCFMI
 Exchange:     0.1500 Hartree-Fock + 1.0000 wB97M-V + LR-HF
 Correlation:  1.0000 wB97M-V
 Using Euler-Maclaurin-Lebedev (99,590) quadrature formula
 Nonlocal Correlation:  VV10 with C = 0.0100 and b = 6.00 and scale = 1.00000
 Grid used for NLC:  SG-1 standard quadrature
performing fock build at end of subrot_r(subrot) constructor so that all methods have access
<S^2> of polarized wavefunction before ct-allowed iterations 0.0000000000
Beginning iterations for the determination of the CT-Allowed wavefunction
Energy prior to optimization (guess energy) = -310.065645928544
Begin Timing: Total SCF Calculation
begin iterations for algorithm: DIIS         
the SCF tolerance is set to 1.00e-08
    1    -310.0656459285      1.82e-04     00000 
    2    -310.0691255726      2.65e-05     00000 
    3    -310.0692447916      1.14e-05     00000 
    4    -310.0692529076      5.43e-06     00000 
    5    -310.0692552496      5.53e-07     00000 
    6    -310.0692553005      2.83e-07     00000 
    7    -310.0692553105      7.28e-08     00000 
    8    -310.0692553110      2.97e-08     00000 
    9    -310.0692553111      8.30e-09     00000 Convergence criterion met
write pseudocanon occs and virts to disk
write pseudocanon orbital energies to disk
Timing for Total SCF: 215.00s (wall), 1288.87s (cpu)
<S^2> of ct_allowed wavefunction after ct-allowed iterations 0.0000000000

================================
        Results of EDA2         
================================
Basic EDA Quantities
--------------------
Fragment Energies (Ha):
1 -155.0291879065
2 -155.0296978277
--------------------
  E_prp (kJ/mol) = -0.0000
  E_frz (kJ/mol) = -9.9900
  E_pol (kJ/mol) = -7.7591
  E_vct (kJ/mol) = -9.4765
  E_int (kJ/mol) = -27.2256
--------------------


Decomposition of frozen interaction energy
--------------------
  --------------------
  Orthogonal Frozen Decomposition:
  --------------------
     E_elec   (ELEC)   (kJ/mol) = -87.5481
     E_pauli  (PAULI)  (kJ/mol) = 96.8251
     E_disp   (DISP)   (kJ/mol) = -19.2670
  --------------------
  Classical Frozen Decomposition:
  --------------------
     E_cls_elec  (CLS ELEC)  (kJ/mol) = -44.2533
     E_mod_pauli (MOD PAULI) (kJ/mol) = 50.6885 (FRZ - CLS ELEC - CLS DISP)
     E_cls_disp  (CLS DISP)  (kJ/mol) = -16.4252
  --------------------
--------------------

Simplified EDA Summary (kJ/mol)
--------------------
 PREPARATION      -0.0000
 FROZEN           -9.9900 (ELEC + PAULI + DISP)
[ELEC + PAULI = 6.4352, DISP = -16.4252]
 POLARIZATION    -7.7591
 CHARGE TRANSFER -9.4765
 TOTAL           -27.2256     (PRP + FRZ + POL + CT)
--------------------
 
 --------------------------------------------------------------
 
                    Orbital Energies (a.u.)
 --------------------------------------------------------------
 
 Alpha MOs
 -- Occupied --
-19.3538 -19.3046 -10.3979 -10.3702 -10.3316 -10.3188  -1.1727  -1.1291
 -0.8830  -0.8554  -0.7380  -0.7243  -0.6481  -0.6022  -0.5844  -0.5467
 -0.5306  -0.5241  -0.4912  -0.4781  -0.4702  -0.4601  -0.4488  -0.4107
 -0.3936  -0.3593
 -- Virtual --
  0.0268   0.0518   0.0544   0.0611   0.0783   0.0833   0.0942   0.1002
  0.1113   0.1237   0.1333   0.1376   0.1477   0.1560   0.1653   0.1782
  0.1801   0.1860   0.1927   0.1982   0.2016   0.2117   0.2174   0.2309
  0.2396   0.2449   0.2548   0.2598   0.2650   0.2723   0.2753   0.2855
  0.2914   0.2977   0.3050   0.3081   0.3149   0.3177   0.3202   0.3236
  0.3298   0.3324   0.3450   0.3450   0.3499   0.3550   0.3599   0.3656
  0.3729   0.3747   0.3800   0.3865   0.3904   0.3963   0.3973   0.4038
  0.4085   0.4165   0.4199   0.4264   0.4365   0.4474   0.4495   0.4552
  0.4580   0.4712   0.4777   0.4801   0.4842   0.4885   0.4996   0.5100
  0.5170   0.5216   0.5330   0.5370   0.5426   0.5537   0.5575   0.5630
  0.5716   0.5844   0.5908   0.6011   0.6115   0.6195   0.6299   0.6474
  0.6520   0.6645   0.6716   0.6905   0.6939   0.6971   0.7102   0.7143
  0.7236   0.7321   0.7343   0.7496   0.7513   0.7574   0.7619   0.7668
  0.7690   0.7759   0.7888   0.7949   0.8065   0.8154   0.8179   0.8258
  0.8327   0.8448   0.8578   0.8684   0.8842   0.8892   0.9185   0.9478
  0.9518   0.9649   0.9829   0.9973   1.0111   1.0391   1.0452   1.0562
  1.0733   1.0785   1.0967   1.1212   1.1429   1.1465   1.1608   1.1633
  1.1882   1.2009   1.2195   1.2298   1.2426   1.2453   1.2710   1.2743
  1.2832   1.2886   1.2967   1.3177   1.3243   1.3302   1.3477   1.3514
  1.3659   1.3825   1.3865   1.4015   1.4116   1.4170   1.4197   1.4513
  1.4643   1.4776   1.4917   1.5052   1.5125   1.5515   1.5563   1.5873
  1.5978   1.6337   1.6475   1.6535   1.6596   1.6755   1.6865   1.6906
  1.7139   1.7158   1.7265   1.7427   1.7568   1.7785   1.7850   1.8028
  1.8089   1.8543   1.9317   1.9495   1.9638   2.0161   2.0407   2.0500
  2.0753   2.1051   2.1349   2.1518   2.1832   2.2399   2.2494   2.2720
  2.3066   2.3359   2.3838   2.3923   2.4126   2.4226   2.4653   2.4987
  2.5154   2.5582   2.7034   2.7063   2.7235   2.7705   2.8030   2.8256
  2.8418   2.8548   2.8730   2.8875   2.8905   2.9051   2.9267   2.9426
  2.9537   2.9726   2.9804   2.9952   3.0129   3.0250   3.0308   3.0643
  3.0781   3.1033   3.1106   3.1215   3.1319   3.1448   3.1656   3.1919
  3.2070   3.2218   3.2339   3.2468   3.2563   3.2607   3.2704   3.2813
  3.2853   3.3027   3.3121   3.3281   3.3357   3.3553   3.3848   3.3979
  3.4530   3.4670   3.4715   3.4874   3.5050   3.5236   3.5406   3.5483
  3.5605   3.5902   3.6019   3.6285   3.6380   3.6529   3.6801   3.6922
  3.7202   3.7393   3.7551   3.7613   3.7803   3.7834   3.7967   3.8089
  3.8354   3.8746   3.9023   3.9314   3.9380   3.9804   3.9957   4.0169
  4.0273   4.0344   4.0456   4.0661   4.0822   4.0927   4.0998   4.1189
  4.1288   4.1384   4.1405   4.1545   4.1802   4.1988   4.2028   4.2170
  4.2289   4.2477   4.2557   4.2830   4.3063   4.3126   4.3221   4.3258
  4.3573   4.3693   4.4096   4.4165   4.4374   4.4471   4.4685   4.4716
  4.4843   4.4887   4.5234   4.5276   4.5488   4.5607   4.6066   4.6237
  4.6487   4.6874   4.7017   4.7067   4.7289   4.7886   4.8192   4.8335
  4.8555   4.8564   4.9301   4.9553   4.9622   4.9671   4.9739   5.0081
  5.0109   5.0331   5.0527   5.0963   5.1212   5.1570   5.2381   5.2639
  5.3104   5.3138   5.3378   5.3833   5.4125   5.4239   5.4382   5.4437
  5.4461   5.4578   5.4692   5.4933   5.5244   5.5390   5.5914   5.5986
  5.6364   5.6434   5.6629   5.6802   5.7516   5.7623   5.7753   5.7896
  5.8124   5.8331   5.9349   5.9498   6.0782   6.1561   6.2630   6.3545
  6.6562   6.6728   6.8491   6.8708   6.8807   6.9345   6.9893   7.0166
  7.0832   7.1274   7.3651   7.4367   7.5556   7.6538   7.8019   7.8853
 23.7469  23.8128  24.0709  24.1158  44.8107  44.8692
 --------------------------------------------------------------
 
          Ground-State Mulliken Net Atomic Charges

     Atom                 Charge (a.u.)
  ----------------------------------------
      1 C                    -0.914841
      2 C                    -0.209306
      3 O                    -0.482294
      4 H                     0.236937
      5 H                     0.324367
      6 H                     0.229681
      7 H                     0.227572
      8 H                     0.284895
      9 H                     0.280768
     10 C                    -0.881085
     11 C                    -0.272570
     12 O                    -0.379758
     13 H                     0.125024
     14 H                     0.324116
     15 H                     0.245037
     16 H                     0.194419
     17 H                     0.362380
     18 H                     0.304659
  ----------------------------------------
  Sum of atomic charges =     0.000000

 -----------------------------------------------------------------
                    Cartesian Multipole Moments
 -----------------------------------------------------------------
    Charge (ESU x 10^10)
                 0.0000
    Dipole Moment (Debye)
         X      -2.0890      Y       0.2084      Z       1.3276
       Tot       2.4839
    Quadrupole Moments (Debye-Ang)
        XX     -34.6516     XY      -3.3412     YY     -38.5803
        XZ       1.2411     YZ       3.2833     ZZ     -42.8939
    Octopole Moments (Debye-Ang^2)
       XXX      -7.9337    XXY       5.4670    XYY      -9.5210
       YYY      13.9074    XXZ       1.6262    XYZ      -0.9734
       YYZ       5.8217    XZZ      -4.0948    YZZ       2.3553
       ZZZ       2.3610
    Hexadecapole Moments (Debye-Ang^3)
      XXXX    -882.6805   XXXY     -10.8069   XXYY    -186.5716
      XYYY     -16.1362   YYYY    -234.9323   XXXZ     -14.4331
      XXYZ       8.4400   XYYZ      -6.7472   YYYZ      14.9191
      XXZZ    -173.3129   XYZZ      -5.9661   YYZZ     -60.6485
      XZZZ      -6.9043   YZZZ       6.5326   ZZZZ    -150.8500
 -----------------------------------------------------------------
 Total job time:  1601.69s(wall), 6106.92s(cpu) 
 Fri Feb 28 01:40:23 2025

        *************************************************************
        *                                                           *
        *  Thank you very much for using Q-Chem.  Have a nice day.  *
        *                                                           *
        *************************************************************


