
Running Job 1 of 1 004_ethanol_dimer_29_almo.inp
qchem 004_ethanol_dimer_29_almo.inp_125397.0 /scratch/qchem125397/ 6
/home/kchung25/qchem/5.4.0/exe/qcprog.exe_s 004_ethanol_dimer_29_almo.inp_125397.0 /scratch/qchem125397/
                  Welcome to Q-Chem
     A Quantum Leap Into The Future Of Chemistry


 Q-Chem 5.4, Q-Chem, Inc., Pleasanton, CA (2021)

 E. Epifanovsky,  A. T. B. Gilbert,  Xintian Feng,  Joonho Lee,  Yuezhi Mao,  
 N. Mardirossian,  P. Pokhilko,  A. White,  M. Wormit,  M. P. Coons,  
 A. L. Dempwolff,  Zhengting Gan,  D. Hait,  P. R. Horn,  L. D. Jacobson,  
 I. Kaliman,  J. Kussmann,  A. W. Lange,  Ka Un Lao,  D. S. Levine,  Jie Liu,  
 S. C. McKenzie,  A. F. Morrison,  K. Nanda,  F. Plasser,  D. R. Rehn,  
 M. L. Vidal,  Zhi-Qiang You,  Ying Zhu,  B. Alam,  B. Albrecht,  
 A. Aldossary,  E. Alguire,  J. H. Andersen,  D. Barton,  K. Begam,  A. Behn,  
 Y. A. Bernard,  E. J. Berquist,  H. Burton,  A. Carreras,  K. Carter-Fenk,  
 Romit Chakraborty,  A. D. Chien,  K. D. Closser,  V. Cofer-Shabica,  
 S. Dasgupta,  Jia Deng,  M. de Wergifosse,  M. Diedenhofen,  Hainam Do,  
 S. Ehlert,  Po-Tung Fang,  S. Fatehi,  Qingguo Feng,  T. Friedhoff,  
 J. Gayvert,  Qinghui Ge,  G. Gidofalvi,  M. Goldey,  J. Gomes,  
 C. Gonzalez-Espinoza,  S. Gulania,  A. Gunina,  M. W. D. Hanson-Heine,  
 P. H. P. Harbach,  A. W. Hauser,  M. F. Herbst,  M. Hernandez Vera,  
 M. Hodecker,  Z. C. Holden,  S. Houck,  Xunkun Huang,  Kerwin Hui,  
 B. C. Huynh,  M. Ivanov,  Hyunjun Ji,  Hanjie Jiang,  B. Kaduk,  S. Kaehler,  
 K. Khistyaev,  Jaehoon Kim,  P. Klunzinger,  Z. Koczor-Benda,  
 Joong Hoon Koh,  D. Kosenkov,  L. Koulias,  T. Kowalczyk,  C. M. Krauter,  
 K. Kue,  A. Kunitsa,  T. Kus,  A. Landau,  K. V. Lawler,  D. Lefrancois,  
 S. Lehtola,  Rain Li,  Yi-Pei Li,  Jiashu Liang,  M. Liebenthal,  
 Hung-Hsuan Lin,  You-Sheng Lin,  Fenglai Liu,  Kuan-Yu Liu,  
 M. Loipersberger,  A. Luenser,  A. Manjanath,  P. Manohar,  E. Mansoor,  
 S. F. Manzer,  Shan-Ping Mao,  A. V. Marenich,  T. Markovich,  S. Mason,  
 S. A. Maurer,  P. F. McLaughlin,  M. F. S. J. Menger,  J.-M. Mewes,  
 S. A. Mewes,  P. Morgante,  J. W. Mullinax,  K. J. Oosterbaan,  G. Paran,  
 Alexander C. Paul,  Suranjan K. Paul,  F. Pavosevic,  Zheng Pei,  S. Prager,  
 E. I. Proynov,  E. Ramos,  B. Rana,  A. E. Rask,  A. Rettig,  R. M. Richard,  
 F. Rob,  E. Rossomme,  T. Scheele,  M. Scheurer,  M. Schneider,  
 N. Sergueev,  S. M. Sharada,  W. Skomorowski,  D. W. Small,  C. J. Stein,  
 Yu-Chuan Su,  E. J. Sundstrom,  Zhen Tao,  J. Thirman,  T. Tsuchimochi,  
 N. M. Tubman,  S. P. Veccham,  O. Vydrov,  J. Wenzel,  J. Witte,  A. Yamada,  
 Kun Yao,  S. Yeganeh,  S. R. Yost,  A. Zech,  Igor Ying Zhang,  Xing Zhang,  
 Yu Zhang,  D. Zuev,  A. Aspuru-Guzik,  A. T. Bell,  N. A. Besley,  
 K. B. Bravaya,  B. R. Brooks,  D. Casanova,  Jeng-Da Chai,  S. Coriani,  
 C. J. Cramer,  A. E. DePrince, III,  R. A. DiStasio Jr.,  A. Dreuw,  
 B. D. Dunietz,  T. R. Furlani,  W. A. Goddard III,  S. Grimme,  
 S. Hammes-Schiffer,  T. Head-Gordon,  W. J. Hehre,  Chao-Ping Hsu,  
 T.-C. Jagau,  Yousung Jung,  A. Klamt,  Jing Kong,  D. S. Lambrecht,  
 WanZhen Liang,  N. J. Mayhall,  C. W. McCurdy,  J. B. Neaton,  T. Neudecker,  
 C. Ochsenfeld,  J. A. Parkhill,  R. Peverati,  V. A. Rassolov,  Yihan Shao,  
 L. V. Slipchenko,  R. P. Steele,  J. E. Subotnik,  A. J. W. Thom,  
 A. Tkatchenko,  D. G. Truhlar,  T. Van Voorhis,  T. A. Wesolowski,  
 K. B. Whaley,  H. L. Woodcock III,  P. M. Zimmerman,  S. Faraji,  
 P. M. W. Gill,  M. Head-Gordon,  J. M. Herbert,  A. I. Krylov

 Additional authors since Version 5.4.0: 
 Chandrima Chakravarty,  L. Cunha,  R. Kang,  Yongbin Kim,  S. Kotaru,  
 Shaozhi Li,  Xiangyuan Li,  F. Matz,  A. Molle,  V. Parravicini,  
 Haisheng Ren,  Hengyuan Shen,  Yingli Su,  Hung-Yi Tsai,  C. Utku,  
 Fang Wang,  Jeff Yang,  F. Zeller

 Contributors to earlier versions of Q-Chem not listed above: 
 R. D. Adamson,  B. Austin,  R. Baer,  J. Baker,  G. J. O. Beran,  
 K. Brandhorst,  S. T. Brown,  E. F. C. Byrd,  Arup K. Chakraborty,  
 G. K. L. Chan,  Chun-Min Chang,  Yunqing Chen,  C.-L. Cheng,  
 Siu Hung Chien,  D. M. Chipman,  D. L. Crittenden,  H. Dachsel,  
 R. J. Doerksen,  A. D. Dutoi,  R. G. Edgar,  J. Fosso-Tande,  
 L. Fusti-Molnar,  D. Ghosh,  A. Ghysels,  A. Golubeva-Zadorozhnaya,  
 J. Gonthier,  M. S. Gordon,  S. R. Gwaltney,  G. Hawkins,  J. E. Herr,  
 A. Heyden,  S. Hirata,  E. G. Hohenstein,  G. Kedziora,  F. J. Keil,  
 C. Kelley,  Jihan Kim,  R. A. King,  R. Z. Khaliullin,  P. P. Korambath,  
 W. Kurlancheek,  A. Laurent,  A. M. Lee,  M. S. Lee,  S. V. Levchenko,  
 Ching Yeh Lin,  D. Liotard,  E. Livshits,  R. C. Lochan,  I. Lotan,  
 L. A. Martinez-Martinez,  P. E. Maslen,  N. Nair,  D. P. O'Neill,  
 D. Neuhauser,  E. Neuscamman,  C. M. Oana,  R. Olivares-Amaya,  R. Olson,  
 T. M. Perrine,  B. Peters,  P. A. Pieniazek,  A. Prociuk,  Y. M. Rhee,  
 J. Ritchie,  M. A. Rohrdanz,  E. Rosta,  N. J. Russ,  H. F. Schaefer III,  
 M. W. Schmidt,  N. E. Schultz,  S. Sharma,  N. Shenvi,  C. D. Sherrill,  
 A. C. Simmonett,  A. Sodt,  T. Stein,  D. Stuck,  K. S. Thanthiriwatte,  
 V. Vanovschi,  L. Vogt,  Tao Wang,  A. Warshel,  M. A. Watson,  
 C. F. Williams,  Q. Wu,  X. Xu,  Jun Yang,  W. Zhang,  Yan Zhao

   Please cite Q-Chem as follows:
  "Software for the frontiers of quantum chemistry:
   An overview of developments in the Q-Chem 5 package"
   J. Chem. Phys. 155, 084801 (2021)
   https://doi.org/10.1063/5.0055522 (open access)

 Q-Chem 5.4.2 for Intel X86 EM64T Linux

 Parts of Q-Chem use Armadillo 9.900.5 (Nocturnal Misbehaviour).
 http://arma.sourceforge.net/

 Q-Chem begins on Fri Feb 28 11:43:56 2025  

 Host: 
0

     Scratch files written to /scratch/qchem125397//
 Dec1321 |scratch|qcdevops|jenkins|workspace|build_RNUM 5684   
 Processing $rem in /home/kchung25/qchem/5.4.0/config/preferences:
 Processing $rem in /home/kchung25/.qchemrc:

 Q-Chem warning in module libgen/rem_setup.C, line 3079:

 Neither GIA nor STOLL is specified by user. Use STOLL as the default


 Checking the input file for inconsistencies... 	...done.

--------------------------------------------------------------
User input:
--------------------------------------------------------------
$molecule
0 1
--
0 1
C   -1.831657  -0.837081   0.886327
C   -1.639715  -0.303433  -0.511246
O   -1.708178   1.107656  -0.558073
H   -2.549813   1.383081  -0.185907
H   -1.716619  -1.922841   0.913057
H   -2.829746  -0.599590   1.267641
H   -1.099505  -0.395839   1.567667
H   -2.375171  -0.751537  -1.194355
H   -0.648066  -0.567271  -0.890410
--
0 1
C    1.570030   1.079434   0.625875
C    1.898950  -0.373594   0.394867
O    1.758896  -0.754222  -0.957044
H    2.230812  -0.117480  -1.500073
H    1.646712   1.333345   1.685611
H    0.557707   1.312018   0.284040
H    2.268859   1.724683   0.084118
H    1.212315  -1.015944   0.955554
H    2.911124  -0.602052   0.759050
$end

$rem
JOBTYPE          eda
EDA2             1
METHOD           wB97M-V
BASIS            def2-TZVPPD
SYMMETRY         false
MEM_TOTAL        50000
MEM_STATIC       10000
THRESH           14
SCF_CONVERGENCE  8
XC_GRID          000099000590
NL_GRID          1
EDA_CLS_DISP     true
FD_MAT_VEC_PROD  FALSE
$end
--------------------------------------------------------------
 ----------------------------------------------------------------
             Standard Nuclear Orientation (Angstroms)
    I     Atom           X                Y                Z
 ----------------------------------------------------------------
    1      C      -1.8316571841    -0.8370804165     0.8863273247
    2      C      -1.6397150230    -0.3034330278    -0.5112458866
    3      O      -1.7081778424     1.1076559611    -0.5580734841
    4      H      -2.5498128328     1.3830812234    -0.1859076564
    5      H      -1.7166193225    -1.9228404197     0.9130577886
    6      H      -2.8297461799    -0.5995891307     1.2676411578
    7      H      -1.0995051744    -0.3958382223     1.5676671885
    8      H      -2.3751710334    -0.7515372223    -1.1943547478
    9      H      -0.6480660307    -0.5672713118    -0.8904097091
   10      C       1.5700300744     1.0794340463     0.6258747482
   11      C       1.8989499072    -0.3735940922     0.3948673808
   12      O       1.7588959503    -0.7542226426    -0.9570434687
   13      H       2.2308120669    -0.1174809301    -1.5000727045
   14      H       1.6467120351     1.3333454819     1.6856106467
   15      H       0.5577071267     1.3120180300     0.2840395824
   16      H       2.2688591920     1.7246827307     0.0841175241
   17      H       1.2123147887    -1.0159437702     0.9555546045
   18      H       2.9111238540    -0.6020520665     0.7590505449
 ----------------------------------------------------------------
 Molecular Point Group                 C1    NOp =  1
 Largest Abelian Subgroup              C1    NOp =  1
 Nuclear Repulsion Energy =         257.84407293 hartrees
 There are       26 alpha and       26 beta electrons
 Requested basis set is def2-TZVPPD
 There are 164 shells and 432 basis functions

 Q-Chem warning in module libmdc/get_mega.C, line 171:

 Allowed MEM_STATIC has been capped at MEM_STATIC=8191.
 Reduce the value of MEM_STATIC to silence this warning.


 Total QAlloc Memory Limit  50000 MB
 Mega-Array Size      8007 MB
 MEM_STATIC part      8191 MB
 A cutoff of  1.0D-14 yielded  12635 shell pairs
 There are     87201 function pairs (    107404 Cartesian)
 Smallest overlap matrix eigenvalue = 5.43E-06

 Scale SEOQF with 1.000000e-01/1.000000e-01/1.000000e-01

 Standard Electronic Orientation quadrupole field applied
 Nucleus-field energy     =     0.0000000055 hartrees

 -----------------------------------------------------------------------
  General SCF calculation program by
  Eric Jon Sundstrom, Paul Horn, Yuezhi Mao, Dmitri Zuev, Alec White,
  David Stuck, Shaama M.S., Shane Yost, Joonho Lee, David Small,
  Daniel Levine, Susi Lehtola, Hugh Burton, Evgeny Epifanovsky,
  Bang C. Huynh
 -----------------------------------------------------------------------
================================================================
                 ALMO-EDA with the EDA2 driver                  
================================================================
 The second-generation ALMO-EDA (for DFT):                      
 P. R. Horn, Y. Mao and M. Head-Gordon, PCCP, 18, 23067 (2016)  
 Y. Mao et al. Annu. Rev. Phys. Chem. 72, 641 (2021)            
 Decomposition of the frozen energy:                            
 P. R. Horn, Y. Mao and M. Head-Gordon, JCP, 144, 114107 (2016) 
 FERF model for polarization:                                   
 P. R. Horn and M. Head-Gordon, JCP, 143, 114111 (2015)         
================================================================
 Using eda2 option set 1
 Option set summary: Frozen orbital wavefunction, initial wavefunction decomposition, and nDQ polarization.
--------------------------------
Printing EDA Options
--------------------------------
eda_child_super_basis      0
fragmo_guess_mode          0
child_mp                   1
child_mp_orders            232
cls_elec                   1
cls_disp                   1
scfmi_mode                 1
scfmi_occs                 0
scfmi_virts                0
frz_relax                  0
frz_relax_method           0
dc_pen_start               0
dc_pen_conv                0
dc_pen_increment           0
dc_pen_steps               0
dc_pen_thresh_factor       0
dc_pen_pre_newton_thresh   0
frz_ortho_decomp           1
frz_ortho_decomp_conv      6
plot_mo_ortho_frz          0
frgm_method                2
scfmi_freeze_ss            0
separate_rehyb             0
plot_diff_den              0
eda_nocv                   0
eda_vct_relax              1
disp_free_x                0
disp_free_c                0
eda_bsse                   0
eda_pct_a                  0
eda_covp                   0
--------------------------------
Attempting to make child job directory: /scratch/qchem125397//Frg1/
Attempting to make child job directory: /scratch/qchem125397//Frg2/
Creating input file /scratch/qchem125397/Frg1.input
using default PutDataFrgm: nothing
calling putenv with: QCSCRATCH=/scratch/qchem125397/ 
Spawning Job For Fragment 0
Done Job For Fragment 0
calling putenv with: QCSCRATCH=/scratch 
calling putenv with: QCTHREADS=6 
Creating input file /scratch/qchem125397/Frg2.input
using default PutDataFrgm: nothing
calling putenv with: QCSCRATCH=/scratch/qchem125397/ 
Spawning Job For Fragment 1
Done Job For Fragment 1
calling putenv with: QCSCRATCH=/scratch 
calling putenv with: QCTHREADS=6 
Doing General SCFMI
 Exchange:     0.1500 Hartree-Fock + 1.0000 wB97M-V + LR-HF
 Correlation:  1.0000 wB97M-V
 Using Euler-Maclaurin-Lebedev (99,590) quadrature formula
 Nonlocal Correlation:  VV10 with C = 0.0100 and b = 6.00 and scale = 1.00000
 Grid used for NLC:  SG-1 standard quadrature
performing fock build before subrot guess so that all methods have access
Printing subrot_rss_gen Method Specification:
Occupied Subspace Method is 0
Virtual Subspace Method is 0
Energy of the unrelaxed supersystem initial determinant -310.060821957875
write pseudocanon occs and virts to disk
write pseudocanon orbital energies to disk
Tolerance of ortho_decomp_scf: 1.00e-06
GDM subspace size: 20
Beginning the Orthogonal Decomposition of the Initial Supersystem Wavefunction
    1    -310.0272675102      7.41e-02     ortho_decomp Preconditoned Steepest Descent
    2    -310.0324928682      2.07e-03     ortho_decomp BFGS Step
    3    -310.0325157378      1.65e-04     ortho_decomp BFGS Step
    4    -310.0325157654      5.88e-06     ortho_decomp BFGS Step
    5    -310.0325157655      1.84e-07     ortho_decomp 00000 Convergence criterion met
 Hartree-Fock
 Hartree-Fock
 Hartree-Fock
 Exchange:     0.1500 Hartree-Fock + 1.0000 wB97M-V + LR-HF
 Correlation:  1.0000 wB97M-V
 Using Euler-Maclaurin-Lebedev (99,590) quadrature formula
 Nonlocal Correlation:  VV10 with C = 0.0100 and b = 6.00 and scale = 1.00000
 Grid used for NLC:  SG-1 standard quadrature
 Long-range K will be added via erf
 Coulomb attenuation parameter = 0.3 bohr**(-1)
 Nonlocal correlation = 2.035879540194e-01
Doing General SCFMI
 Exchange:     0.1500 Hartree-Fock + 1.0000 wB97M-V + LR-HF
 Correlation:  1.0000 wB97M-V
 Using Euler-Maclaurin-Lebedev (99,590) quadrature formula
 Nonlocal Correlation:  VV10 with C = 0.0100 and b = 6.00 and scale = 1.00000
 Grid used for NLC:  SG-1 standard quadrature
performing fock build at end of subrot_r(subrot) constructor so that all methods have access
<S^2> of initial wavefunction before polarization iterations 0.0000000000
Beginning iterations for the determination of the polarized wavefunction
Energy prior to optimization (guess energy) = -310.060821957875
Begin Timing: Total SCF Calculation
begin iterations for algorithm: DIIS         
the SCF tolerance is set to 1.00e-08
    1    -310.0608219579      1.73e-04     00000 
    2    -310.0617580760      5.74e-05     00000 
    3    -310.0618358431      3.71e-05     00000 
    4    -310.0618560736      1.23e-05     00000 
    5    -310.0618592519      4.14e-06     00000 
    6    -310.0618599447      1.74e-06     00000 
    7    -310.0618600669      7.03e-07     00000 
    8    -310.0618600879      2.24e-07     00000 
    9    -310.0618600896      7.73e-08     00000 
   10    -310.0618600897      3.97e-08     00000 
   11    -310.0618600897      2.00e-08     00000 
   12    -310.0618600897      9.87e-09     00000 Convergence criterion met
write pseudocanon occs and virts to disk
write pseudocanon orbital energies to disk
Timing for Total SCF: 303.00s (wall), 1817.63s (cpu)
<S^2> of polarized wavefunction after polarization iterations 0.0000000000
relaxing scfmi constraint to allow all rotations in the entire AO span
Doing General SCFMI
 Exchange:     0.1500 Hartree-Fock + 1.0000 wB97M-V + LR-HF
 Correlation:  1.0000 wB97M-V
 Using Euler-Maclaurin-Lebedev (99,590) quadrature formula
 Nonlocal Correlation:  VV10 with C = 0.0100 and b = 6.00 and scale = 1.00000
 Grid used for NLC:  SG-1 standard quadrature
performing fock build at end of subrot_r(subrot) constructor so that all methods have access
<S^2> of polarized wavefunction before ct-allowed iterations 0.0000000000
Beginning iterations for the determination of the CT-Allowed wavefunction
Energy prior to optimization (guess energy) = -310.061860089722
Begin Timing: Total SCF Calculation
begin iterations for algorithm: DIIS         
the SCF tolerance is set to 1.00e-08
    1    -310.0618600897      1.09e-04     00000 
    2    -310.0631895593      1.42e-05     00000 
    3    -310.0632332759      3.74e-06     00000 
    4    -310.0632343627      3.08e-06     00000 
    5    -310.0632349943      2.90e-07     00000 
    6    -310.0632350057      1.20e-07     00000 
    7    -310.0632350078      2.94e-08     00000 
    8    -310.0632350079      7.98e-09     00000 Convergence criterion met
write pseudocanon occs and virts to disk
write pseudocanon orbital energies to disk
Timing for Total SCF: 194.00s (wall), 1165.39s (cpu)
<S^2> of ct_allowed wavefunction after ct-allowed iterations 0.0000000000

================================
        Results of EDA2         
================================
Basic EDA Quantities
--------------------
Fragment Energies (Ha):
1 -155.0294493893
2 -155.0293285910
--------------------
  E_prp (kJ/mol) = 0.0000
  E_frz (kJ/mol) = -5.3665
  E_pol (kJ/mol) = -2.7256
  E_vct (kJ/mol) = -3.6099
  E_int (kJ/mol) = -11.7021
--------------------


Decomposition of frozen interaction energy
--------------------
  --------------------
  Orthogonal Frozen Decomposition:
  --------------------
     E_elec   (ELEC)   (kJ/mol) = -40.2624
     E_pauli  (PAULI)  (kJ/mol) = 53.1522
     E_disp   (DISP)   (kJ/mol) = -18.2563
  --------------------
  Classical Frozen Decomposition:
  --------------------
     E_cls_elec  (CLS ELEC)  (kJ/mol) = -17.4405
     E_mod_pauli (MOD PAULI) (kJ/mol) = 28.1409 (FRZ - CLS ELEC - CLS DISP)
     E_cls_disp  (CLS DISP)  (kJ/mol) = -16.0669
  --------------------
--------------------

Simplified EDA Summary (kJ/mol)
--------------------
 PREPARATION      0.0000
 FROZEN           -5.3665 (ELEC + PAULI + DISP)
[ELEC + PAULI = 10.7004, DISP = -16.0669]
 POLARIZATION    -2.7256
 CHARGE TRANSFER -3.6099
 TOTAL           -11.7021     (PRP + FRZ + POL + CT)
--------------------
 
 --------------------------------------------------------------
 
                    Orbital Energies (a.u.)
 --------------------------------------------------------------
 
 Alpha MOs
 -- Occupied --
-19.3300 -19.3289 -10.3837 -10.3778 -10.3311 -10.3256  -1.1520  -1.1495
 -0.8699  -0.8654  -0.7400  -0.7379  -0.6163  -0.6053  -0.5669  -0.5544
 -0.5458  -0.5395  -0.4847  -0.4770  -0.4714  -0.4677  -0.4271  -0.4221
 -0.3782  -0.3773
 -- Virtual --
  0.0358   0.0465   0.0543   0.0608   0.0781   0.0826   0.0895   0.0983
  0.1087   0.1230   0.1302   0.1341   0.1462   0.1524   0.1598   0.1643
  0.1729   0.1786   0.1914   0.1993   0.2073   0.2154   0.2191   0.2392
  0.2503   0.2516   0.2603   0.2654   0.2718   0.2786   0.2843   0.2905
  0.2937   0.2956   0.2991   0.3062   0.3076   0.3168   0.3210   0.3275
  0.3295   0.3298   0.3328   0.3390   0.3441   0.3488   0.3505   0.3597
  0.3622   0.3734   0.3758   0.3833   0.3909   0.3979   0.4094   0.4122
  0.4177   0.4228   0.4310   0.4391   0.4501   0.4519   0.4538   0.4593
  0.4707   0.4729   0.4778   0.4850   0.4914   0.4955   0.4987   0.5094
  0.5181   0.5238   0.5362   0.5444   0.5478   0.5573   0.5678   0.5745
  0.5807   0.5870   0.5919   0.6075   0.6093   0.6301   0.6358   0.6450
  0.6510   0.6723   0.6746   0.6919   0.6983   0.7073   0.7139   0.7212
  0.7267   0.7293   0.7320   0.7456   0.7551   0.7580   0.7625   0.7672
  0.7733   0.7853   0.7910   0.8054   0.8095   0.8124   0.8234   0.8399
  0.8440   0.8714   0.8786   0.8884   0.9049   0.9108   0.9154   0.9355
  0.9592   0.9729   0.9760   1.0046   1.0073   1.0164   1.0250   1.0449
  1.0624   1.0777   1.0998   1.1044   1.1092   1.1329   1.1614   1.1717
  1.1760   1.1829   1.2094   1.2143   1.2356   1.2466   1.2667   1.2750
  1.2844   1.2867   1.3087   1.3184   1.3357   1.3415   1.3534   1.3668
  1.3876   1.4014   1.4098   1.4184   1.4221   1.4348   1.4464   1.4569
  1.4837   1.4926   1.5084   1.5118   1.5178   1.5297   1.5312   1.5623
  1.5915   1.6049   1.6267   1.6387   1.6686   1.6723   1.6871   1.6975
  1.7102   1.7376   1.7489   1.7547   1.7666   1.7869   1.8065   1.8153
  1.8432   1.8502   1.9658   1.9823   1.9925   2.0148   2.0542   2.0766
  2.0943   2.1024   2.1328   2.1459   2.1679   2.2231   2.2346   2.2542
  2.2872   2.3177   2.3673   2.3726   2.4113   2.4307   2.4647   2.4868
  2.5090   2.5389   2.7020   2.7105   2.7696   2.7976   2.8096   2.8180
  2.8340   2.8523   2.8812   2.8992   2.9123   2.9258   2.9382   2.9438
  2.9557   2.9764   2.9903   2.9959   3.0184   3.0299   3.0398   3.0587
  3.0713   3.0824   3.0991   3.1140   3.1242   3.1478   3.1537   3.1691
  3.1994   3.2086   3.2482   3.2577   3.2651   3.2838   3.2944   3.2986
  3.3068   3.3128   3.3385   3.3401   3.3513   3.3607   3.3881   3.4058
  3.4409   3.4584   3.4732   3.4867   3.5017   3.5272   3.5400   3.5580
  3.6002   3.6033   3.6209   3.6293   3.6556   3.6824   3.6842   3.6975
  3.7247   3.7285   3.7469   3.7587   3.7642   3.7829   3.7855   3.7990
  3.8137   3.8462   3.8780   3.8820   3.9303   3.9457   4.0014   4.0062
  4.0079   4.0177   4.0431   4.0510   4.0692   4.0769   4.1022   4.1203
  4.1336   4.1408   4.1520   4.1731   4.1893   4.2118   4.2172   4.2289
  4.2487   4.2606   4.2729   4.2792   4.2999   4.3087   4.3116   4.3366
  4.3507   4.3676   4.3842   4.3880   4.4301   4.4392   4.4640   4.4821
  4.5028   4.5189   4.5259   4.5441   4.5543   4.5696   4.6104   4.6639
  4.6875   4.7039   4.7152   4.7221   4.7466   4.7516   4.8138   4.8315
  4.8397   4.8517   4.9486   4.9574   4.9786   4.9816   4.9966   5.0172
  5.0479   5.0597   5.0713   5.0852   5.1533   5.1558   5.2259   5.2524
  5.3002   5.3066   5.3467   5.3659   5.4152   5.4242   5.4331   5.4478
  5.4503   5.4666   5.4804   5.5006   5.5187   5.5397   5.5939   5.6077
  5.6523   5.6838   5.6908   5.7047   5.7394   5.7442   5.7606   5.7644
  5.8231   5.8651   5.8948   5.9210   6.1162   6.1258   6.2939   6.3046
  6.6705   6.6824   6.8350   6.8474   6.8927   6.8996   6.9999   7.0101
  7.1003   7.1100   7.3797   7.3910   7.5641   7.5660   7.7830   7.8005
 23.7601  23.8206  24.0624  24.0906  44.7550  44.8148
 --------------------------------------------------------------
 
          Ground-State Mulliken Net Atomic Charges

     Atom                 Charge (a.u.)
  ----------------------------------------
      1 C                    -0.976174
      2 C                    -0.117740
      3 O                    -0.395708
      4 H                     0.131469
      5 H                     0.249951
      6 H                     0.359569
      7 H                     0.246955
      8 H                     0.345022
      9 H                     0.151115
     10 C                    -0.823845
     11 C                    -0.199744
     12 O                    -0.379884
     13 H                     0.134515
     14 H                     0.252056
     15 H                     0.174794
     16 H                     0.353257
     17 H                     0.178799
     18 H                     0.315592
  ----------------------------------------
  Sum of atomic charges =     0.000000

 -----------------------------------------------------------------
                    Cartesian Multipole Moments
 -----------------------------------------------------------------
    Charge (ESU x 10^10)
                -0.0000
    Dipole Moment (Debye)
         X      -0.3620      Y       0.3627      Z       1.1174
       Tot       1.2293
    Quadrupole Moments (Debye-Ang)
        XX     -32.8406     XY       2.3523     YY     -43.0576
        XZ      -1.5994     YZ      -0.5947     ZZ     -40.7885
    Octopole Moments (Debye-Ang^2)
       XXX      -9.7565    XXY      11.8590    XYY      -5.2671
       YYY       1.8789    XXZ      -4.4891    XYZ      -6.5165
       YYZ       1.9261    XZZ       6.2681    YZZ       1.4833
       ZZZ      -8.7246
    Hexadecapole Moments (Debye-Ang^3)
      XXXX    -749.9412   XXXY     -29.8680   XXYY    -174.5263
      XYYY     -13.5102   YYYY    -239.0616   XXXZ     -18.7534
      XXYZ      -3.5905   XYYZ      -0.2556   YYYZ      -1.7481
      XXZZ    -164.4214   XYZZ       2.6597   YYZZ     -78.3708
      XZZZ     -12.2037   YZZZ       2.6773   ZZZZ    -191.9809
 -----------------------------------------------------------------
 Total job time:  1559.18s(wall), 5778.81s(cpu) 
 Fri Feb 28 12:09:55 2025

        *************************************************************
        *                                                           *
        *  Thank you very much for using Q-Chem.  Have a nice day.  *
        *                                                           *
        *************************************************************


