
Running Job 1 of 1 004_ethanol_dimer_63_almo.inp
qchem 004_ethanol_dimer_63_almo.inp_164831.0 /scratch/qchem164831/ 6
/home/kchung25/qchem/5.4.0/exe/qcprog.exe_s 004_ethanol_dimer_63_almo.inp_164831.0 /scratch/qchem164831/
                  Welcome to Q-Chem
     A Quantum Leap Into The Future Of Chemistry


 Q-Chem 5.4, Q-Chem, Inc., Pleasanton, CA (2021)

 E. Epifanovsky,  A. T. B. Gilbert,  Xintian Feng,  Joonho Lee,  Yuezhi Mao,  
 N. Mardirossian,  P. Pokhilko,  A. White,  M. Wormit,  M. P. Coons,  
 A. L. Dempwolff,  Zhengting Gan,  D. Hait,  P. R. Horn,  L. D. Jacobson,  
 I. Kaliman,  J. Kussmann,  A. W. Lange,  Ka Un Lao,  D. S. Levine,  Jie Liu,  
 S. C. McKenzie,  A. F. Morrison,  K. Nanda,  F. Plasser,  D. R. Rehn,  
 M. L. Vidal,  Zhi-Qiang You,  Ying Zhu,  B. Alam,  B. Albrecht,  
 A. Aldossary,  E. Alguire,  J. H. Andersen,  D. Barton,  K. Begam,  A. Behn,  
 Y. A. Bernard,  E. J. Berquist,  H. Burton,  A. Carreras,  K. Carter-Fenk,  
 Romit Chakraborty,  A. D. Chien,  K. D. Closser,  V. Cofer-Shabica,  
 S. Dasgupta,  Jia Deng,  M. de Wergifosse,  M. Diedenhofen,  Hainam Do,  
 S. Ehlert,  Po-Tung Fang,  S. Fatehi,  Qingguo Feng,  T. Friedhoff,  
 J. Gayvert,  Qinghui Ge,  G. Gidofalvi,  M. Goldey,  J. Gomes,  
 C. Gonzalez-Espinoza,  S. Gulania,  A. Gunina,  M. W. D. Hanson-Heine,  
 P. H. P. Harbach,  A. W. Hauser,  M. F. Herbst,  M. Hernandez Vera,  
 M. Hodecker,  Z. C. Holden,  S. Houck,  Xunkun Huang,  Kerwin Hui,  
 B. C. Huynh,  M. Ivanov,  Hyunjun Ji,  Hanjie Jiang,  B. Kaduk,  S. Kaehler,  
 K. Khistyaev,  Jaehoon Kim,  P. Klunzinger,  Z. Koczor-Benda,  
 Joong Hoon Koh,  D. Kosenkov,  L. Koulias,  T. Kowalczyk,  C. M. Krauter,  
 K. Kue,  A. Kunitsa,  T. Kus,  A. Landau,  K. V. Lawler,  D. Lefrancois,  
 S. Lehtola,  Rain Li,  Yi-Pei Li,  Jiashu Liang,  M. Liebenthal,  
 Hung-Hsuan Lin,  You-Sheng Lin,  Fenglai Liu,  Kuan-Yu Liu,  
 M. Loipersberger,  A. Luenser,  A. Manjanath,  P. Manohar,  E. Mansoor,  
 S. F. Manzer,  Shan-Ping Mao,  A. V. Marenich,  T. Markovich,  S. Mason,  
 S. A. Maurer,  P. F. McLaughlin,  M. F. S. J. Menger,  J.-M. Mewes,  
 S. A. Mewes,  P. Morgante,  J. W. Mullinax,  K. J. Oosterbaan,  G. Paran,  
 Alexander C. Paul,  Suranjan K. Paul,  F. Pavosevic,  Zheng Pei,  S. Prager,  
 E. I. Proynov,  E. Ramos,  B. Rana,  A. E. Rask,  A. Rettig,  R. M. Richard,  
 F. Rob,  E. Rossomme,  T. Scheele,  M. Scheurer,  M. Schneider,  
 N. Sergueev,  S. M. Sharada,  W. Skomorowski,  D. W. Small,  C. J. Stein,  
 Yu-Chuan Su,  E. J. Sundstrom,  Zhen Tao,  J. Thirman,  T. Tsuchimochi,  
 N. M. Tubman,  S. P. Veccham,  O. Vydrov,  J. Wenzel,  J. Witte,  A. Yamada,  
 Kun Yao,  S. Yeganeh,  S. R. Yost,  A. Zech,  Igor Ying Zhang,  Xing Zhang,  
 Yu Zhang,  D. Zuev,  A. Aspuru-Guzik,  A. T. Bell,  N. A. Besley,  
 K. B. Bravaya,  B. R. Brooks,  D. Casanova,  Jeng-Da Chai,  S. Coriani,  
 C. J. Cramer,  A. E. DePrince, III,  R. A. DiStasio Jr.,  A. Dreuw,  
 B. D. Dunietz,  T. R. Furlani,  W. A. Goddard III,  S. Grimme,  
 S. Hammes-Schiffer,  T. Head-Gordon,  W. J. Hehre,  Chao-Ping Hsu,  
 T.-C. Jagau,  Yousung Jung,  A. Klamt,  Jing Kong,  D. S. Lambrecht,  
 WanZhen Liang,  N. J. Mayhall,  C. W. McCurdy,  J. B. Neaton,  T. Neudecker,  
 C. Ochsenfeld,  J. A. Parkhill,  R. Peverati,  V. A. Rassolov,  Yihan Shao,  
 L. V. Slipchenko,  R. P. Steele,  J. E. Subotnik,  A. J. W. Thom,  
 A. Tkatchenko,  D. G. Truhlar,  T. Van Voorhis,  T. A. Wesolowski,  
 K. B. Whaley,  H. L. Woodcock III,  P. M. Zimmerman,  S. Faraji,  
 P. M. W. Gill,  M. Head-Gordon,  J. M. Herbert,  A. I. Krylov

 Additional authors since Version 5.4.0: 
 Chandrima Chakravarty,  L. Cunha,  R. Kang,  Yongbin Kim,  S. Kotaru,  
 Shaozhi Li,  Xiangyuan Li,  F. Matz,  A. Molle,  V. Parravicini,  
 Haisheng Ren,  Hengyuan Shen,  Yingli Su,  Hung-Yi Tsai,  C. Utku,  
 Fang Wang,  Jeff Yang,  F. Zeller

 Contributors to earlier versions of Q-Chem not listed above: 
 R. D. Adamson,  B. Austin,  R. Baer,  J. Baker,  G. J. O. Beran,  
 K. Brandhorst,  S. T. Brown,  E. F. C. Byrd,  Arup K. Chakraborty,  
 G. K. L. Chan,  Chun-Min Chang,  Yunqing Chen,  C.-L. Cheng,  
 Siu Hung Chien,  D. M. Chipman,  D. L. Crittenden,  H. Dachsel,  
 R. J. Doerksen,  A. D. Dutoi,  R. G. Edgar,  J. Fosso-Tande,  
 L. Fusti-Molnar,  D. Ghosh,  A. Ghysels,  A. Golubeva-Zadorozhnaya,  
 J. Gonthier,  M. S. Gordon,  S. R. Gwaltney,  G. Hawkins,  J. E. Herr,  
 A. Heyden,  S. Hirata,  E. G. Hohenstein,  G. Kedziora,  F. J. Keil,  
 C. Kelley,  Jihan Kim,  R. A. King,  R. Z. Khaliullin,  P. P. Korambath,  
 W. Kurlancheek,  A. Laurent,  A. M. Lee,  M. S. Lee,  S. V. Levchenko,  
 Ching Yeh Lin,  D. Liotard,  E. Livshits,  R. C. Lochan,  I. Lotan,  
 L. A. Martinez-Martinez,  P. E. Maslen,  N. Nair,  D. P. O'Neill,  
 D. Neuhauser,  E. Neuscamman,  C. M. Oana,  R. Olivares-Amaya,  R. Olson,  
 T. M. Perrine,  B. Peters,  P. A. Pieniazek,  A. Prociuk,  Y. M. Rhee,  
 J. Ritchie,  M. A. Rohrdanz,  E. Rosta,  N. J. Russ,  H. F. Schaefer III,  
 M. W. Schmidt,  N. E. Schultz,  S. Sharma,  N. Shenvi,  C. D. Sherrill,  
 A. C. Simmonett,  A. Sodt,  T. Stein,  D. Stuck,  K. S. Thanthiriwatte,  
 V. Vanovschi,  L. Vogt,  Tao Wang,  A. Warshel,  M. A. Watson,  
 C. F. Williams,  Q. Wu,  X. Xu,  Jun Yang,  W. Zhang,  Yan Zhao

   Please cite Q-Chem as follows:
  "Software for the frontiers of quantum chemistry:
   An overview of developments in the Q-Chem 5 package"
   J. Chem. Phys. 155, 084801 (2021)
   https://doi.org/10.1063/5.0055522 (open access)

 Q-Chem 5.4.2 for Intel X86 EM64T Linux

 Parts of Q-Chem use Armadillo 9.900.5 (Nocturnal Misbehaviour).
 http://arma.sourceforge.net/

 Q-Chem begins on Sat Mar  1 01:57:48 2025  

 Host: 
0

     Scratch files written to /scratch/qchem164831//
 Dec1321 |scratch|qcdevops|jenkins|workspace|build_RNUM 5684   
 Processing $rem in /home/kchung25/qchem/5.4.0/config/preferences:
 Processing $rem in /home/kchung25/.qchemrc:

 Q-Chem warning in module libgen/rem_setup.C, line 3079:

 Neither GIA nor STOLL is specified by user. Use STOLL as the default


 Checking the input file for inconsistencies... 	...done.

--------------------------------------------------------------
User input:
--------------------------------------------------------------
$molecule
0 1
--
0 1
C    2.165693   1.109782   0.597800
C    1.625379  -0.007612  -0.249428
O    2.608149  -1.019857  -0.311632
H    2.236287  -1.780028  -0.762200
H    1.445574   1.927853   0.666720
H    3.091644   1.501729   0.172386
H    2.382092   0.753756   1.606762
H    1.387906   0.369039  -1.256627
H    0.687995  -0.391938   0.175129
--
0 1
C   -1.886541   1.047214  -0.554735
C   -2.631476  -0.043130   0.162031
O   -1.744207  -1.123737   0.353715
H   -2.190204  -1.814812   0.846678
H   -2.536624   1.902102  -0.746393
H   -1.503486   0.682413  -1.509938
H   -1.036417   1.386367   0.041436
H   -3.504681  -0.354492  -0.429202
H   -3.009958   0.329229   1.124577
$end

$rem
JOBTYPE          eda
EDA2             1
METHOD           wB97M-V
BASIS            def2-TZVPPD
SYMMETRY         false
MEM_TOTAL        50000
MEM_STATIC       10000
THRESH           14
SCF_CONVERGENCE  8
XC_GRID          000099000590
NL_GRID          1
EDA_CLS_DISP     true
FD_MAT_VEC_PROD  FALSE
$end
--------------------------------------------------------------
 ----------------------------------------------------------------
             Standard Nuclear Orientation (Angstroms)
    I     Atom           X                Y                Z
 ----------------------------------------------------------------
    1      C      -2.1656930645    -1.1097822701     0.5978000400
    2      C      -1.6253791336     0.0076118232    -0.2494278811
    3      O      -2.6081491449     1.0198568232    -0.3116317026
    4      H      -2.2362871827     1.7800278733    -0.7621996492
    5      H      -1.4455740540    -1.9278532725     0.6667199011
    6      H      -3.0916440928    -1.5017292313     0.1723860658
    7      H      -2.3820919936    -0.7537563782     1.6067620933
    8      H      -1.3879062042    -0.3690390687    -1.2566269382
    9      H      -0.6879951053     0.3919377846     0.1751290914
   10      C       1.8865408513    -1.0472141210    -0.5547352478
   11      C       2.6314758961     0.0431298082     0.1620308134
   12      O       1.7442069028     1.1237367820     0.3537149921
   13      H       2.1902039340     1.8148117328     0.8466780328
   14      H       2.5366238432    -1.9021020963    -0.7463933855
   15      H       1.5034857795    -0.6824130225    -1.5099381814
   16      H       1.0364168969    -1.3863671897     0.0414357781
   17      H       3.5046808511     0.3544918766    -0.4292022171
   18      H       3.0099579685    -0.3292292911     1.1245767465
 ----------------------------------------------------------------
 Molecular Point Group                 C1    NOp =  1
 Largest Abelian Subgroup              C1    NOp =  1
 Nuclear Repulsion Energy =         246.00402189 hartrees
 There are       26 alpha and       26 beta electrons
 Requested basis set is def2-TZVPPD
 There are 164 shells and 432 basis functions

 Q-Chem warning in module libmdc/get_mega.C, line 171:

 Allowed MEM_STATIC has been capped at MEM_STATIC=8191.
 Reduce the value of MEM_STATIC to silence this warning.


 Total QAlloc Memory Limit  50000 MB
 Mega-Array Size      8007 MB
 MEM_STATIC part      8191 MB
 A cutoff of  1.0D-14 yielded  12237 shell pairs
 There are     83801 function pairs (    102792 Cartesian)
 Smallest overlap matrix eigenvalue = 4.66E-06

 Scale SEOQF with 1.000000e-01/1.000000e-01/1.000000e-01

 Standard Electronic Orientation quadrupole field applied
 Nucleus-field energy     =     0.0000000107 hartrees

 -----------------------------------------------------------------------
  General SCF calculation program by
  Eric Jon Sundstrom, Paul Horn, Yuezhi Mao, Dmitri Zuev, Alec White,
  David Stuck, Shaama M.S., Shane Yost, Joonho Lee, David Small,
  Daniel Levine, Susi Lehtola, Hugh Burton, Evgeny Epifanovsky,
  Bang C. Huynh
 -----------------------------------------------------------------------
================================================================
                 ALMO-EDA with the EDA2 driver                  
================================================================
 The second-generation ALMO-EDA (for DFT):                      
 P. R. Horn, Y. Mao and M. Head-Gordon, PCCP, 18, 23067 (2016)  
 Y. Mao et al. Annu. Rev. Phys. Chem. 72, 641 (2021)            
 Decomposition of the frozen energy:                            
 P. R. Horn, Y. Mao and M. Head-Gordon, JCP, 144, 114107 (2016) 
 FERF model for polarization:                                   
 P. R. Horn and M. Head-Gordon, JCP, 143, 114111 (2015)         
================================================================
 Using eda2 option set 1
 Option set summary: Frozen orbital wavefunction, initial wavefunction decomposition, and nDQ polarization.
--------------------------------
Printing EDA Options
--------------------------------
eda_child_super_basis      0
fragmo_guess_mode          0
child_mp                   1
child_mp_orders            232
cls_elec                   1
cls_disp                   1
scfmi_mode                 1
scfmi_occs                 0
scfmi_virts                0
frz_relax                  0
frz_relax_method           0
dc_pen_start               0
dc_pen_conv                0
dc_pen_increment           0
dc_pen_steps               0
dc_pen_thresh_factor       0
dc_pen_pre_newton_thresh   0
frz_ortho_decomp           1
frz_ortho_decomp_conv      6
plot_mo_ortho_frz          0
frgm_method                2
scfmi_freeze_ss            0
separate_rehyb             0
plot_diff_den              0
eda_nocv                   0
eda_vct_relax              1
disp_free_x                0
disp_free_c                0
eda_bsse                   0
eda_pct_a                  0
eda_covp                   0
--------------------------------
Attempting to make child job directory: /scratch/qchem164831//Frg1/
Attempting to make child job directory: /scratch/qchem164831//Frg2/
Creating input file /scratch/qchem164831/Frg1.input
using default PutDataFrgm: nothing
calling putenv with: QCSCRATCH=/scratch/qchem164831/ 
Spawning Job For Fragment 0
Done Job For Fragment 0
calling putenv with: QCSCRATCH=/scratch 
calling putenv with: QCTHREADS=6 
Creating input file /scratch/qchem164831/Frg2.input
using default PutDataFrgm: nothing
calling putenv with: QCSCRATCH=/scratch/qchem164831/ 
Spawning Job For Fragment 1
Done Job For Fragment 1
calling putenv with: QCSCRATCH=/scratch 
calling putenv with: QCTHREADS=6 
Doing General SCFMI
 Exchange:     0.1500 Hartree-Fock + 1.0000 wB97M-V + LR-HF
 Correlation:  1.0000 wB97M-V
 Using Euler-Maclaurin-Lebedev (99,590) quadrature formula
 Nonlocal Correlation:  VV10 with C = 0.0100 and b = 6.00 and scale = 1.00000
 Grid used for NLC:  SG-1 standard quadrature
performing fock build before subrot guess so that all methods have access
Printing subrot_rss_gen Method Specification:
Occupied Subspace Method is 0
Virtual Subspace Method is 0
Energy of the unrelaxed supersystem initial determinant -310.060741818400
write pseudocanon occs and virts to disk
write pseudocanon orbital energies to disk
Tolerance of ortho_decomp_scf: 1.00e-06
GDM subspace size: 20
Beginning the Orthogonal Decomposition of the Initial Supersystem Wavefunction
    1    -310.0425299074      5.35e-02     ortho_decomp Preconditoned Steepest Descent
    2    -310.0451655122      1.32e-03     ortho_decomp BFGS Step
    3    -310.0451748541      1.04e-04     ortho_decomp BFGS Step
    4    -310.0451748679      3.92e-06     ortho_decomp BFGS Step
    5    -310.0451748680      1.28e-07     ortho_decomp 00000 Convergence criterion met
 Hartree-Fock
 Hartree-Fock
 Hartree-Fock
 Exchange:     0.1500 Hartree-Fock + 1.0000 wB97M-V + LR-HF
 Correlation:  1.0000 wB97M-V
 Using Euler-Maclaurin-Lebedev (99,590) quadrature formula
 Nonlocal Correlation:  VV10 with C = 0.0100 and b = 6.00 and scale = 1.00000
 Grid used for NLC:  SG-1 standard quadrature
 Long-range K will be added via erf
 Coulomb attenuation parameter = 0.3 bohr**(-1)
 Nonlocal correlation = 2.049612595027e-01
Doing General SCFMI
 Exchange:     0.1500 Hartree-Fock + 1.0000 wB97M-V + LR-HF
 Correlation:  1.0000 wB97M-V
 Using Euler-Maclaurin-Lebedev (99,590) quadrature formula
 Nonlocal Correlation:  VV10 with C = 0.0100 and b = 6.00 and scale = 1.00000
 Grid used for NLC:  SG-1 standard quadrature
performing fock build at end of subrot_r(subrot) constructor so that all methods have access
<S^2> of initial wavefunction before polarization iterations 0.0000000000
Beginning iterations for the determination of the polarized wavefunction
Energy prior to optimization (guess energy) = -310.060741818400
Begin Timing: Total SCF Calculation
begin iterations for algorithm: DIIS         
the SCF tolerance is set to 1.00e-08
    1    -310.0607418184      1.19e-04     00000 
    2    -310.0611972815      3.93e-05     00000 
    3    -310.0612361291      2.28e-05     00000 
    4    -310.0612453619      8.24e-06     00000 
    5    -310.0612469404      3.31e-06     00000 
    6    -310.0612472972      1.35e-06     00000 
    7    -310.0612473589      4.24e-07     00000 
    8    -310.0612473663      1.15e-07     00000 
    9    -310.0612473666      6.05e-08     00000 
   10    -310.0612473667      2.57e-08     00000 
   11    -310.0612473667      9.45e-09     00000 Convergence criterion met
write pseudocanon occs and virts to disk
write pseudocanon orbital energies to disk
Timing for Total SCF: 249.00s (wall), 1495.53s (cpu)
<S^2> of polarized wavefunction after polarization iterations 0.0000000000
relaxing scfmi constraint to allow all rotations in the entire AO span
Doing General SCFMI
 Exchange:     0.1500 Hartree-Fock + 1.0000 wB97M-V + LR-HF
 Correlation:  1.0000 wB97M-V
 Using Euler-Maclaurin-Lebedev (99,590) quadrature formula
 Nonlocal Correlation:  VV10 with C = 0.0100 and b = 6.00 and scale = 1.00000
 Grid used for NLC:  SG-1 standard quadrature
performing fock build at end of subrot_r(subrot) constructor so that all methods have access
<S^2> of polarized wavefunction before ct-allowed iterations 0.0000000000
Beginning iterations for the determination of the CT-Allowed wavefunction
Energy prior to optimization (guess energy) = -310.061247366659
Begin Timing: Total SCF Calculation
begin iterations for algorithm: DIIS         
the SCF tolerance is set to 1.00e-08
    1    -310.0612473667      7.58e-05     00000 
    2    -310.0618317918      8.73e-06     00000 
    3    -310.0618484117      1.86e-06     00000 
    4    -310.0618487718      1.54e-06     00000 
    5    -310.0618489305      2.02e-07     00000 
    6    -310.0618489342      8.01e-08     00000 
    7    -310.0618489348      1.52e-08     00000 
    8    -310.0618489349      3.06e-09     00000 Convergence criterion met
write pseudocanon occs and virts to disk
write pseudocanon orbital energies to disk
Timing for Total SCF: 176.00s (wall), 1050.77s (cpu)
<S^2> of ct_allowed wavefunction after ct-allowed iterations 0.0000000000

================================
        Results of EDA2         
================================
Basic EDA Quantities
--------------------
Fragment Energies (Ha):
1 -155.0295441471
2 -155.0296032529
--------------------
  E_prp (kJ/mol) = 0.0000
  E_frz (kJ/mol) = -4.1862
  E_pol (kJ/mol) = -1.3273
  E_vct (kJ/mol) = -1.5794
  E_int (kJ/mol) = -7.0930
--------------------


Decomposition of frozen interaction energy
--------------------
  --------------------
  Orthogonal Frozen Decomposition:
  --------------------
     E_elec   (ELEC)   (kJ/mol) = -21.4434
     E_pauli  (PAULI)  (kJ/mol) = 28.1747
     E_disp   (DISP)   (kJ/mol) = -10.9175
  --------------------
  Classical Frozen Decomposition:
  --------------------
     E_cls_elec  (CLS ELEC)  (kJ/mol) = -8.4154
     E_mod_pauli (MOD PAULI) (kJ/mol) = 13.9103 (FRZ - CLS ELEC - CLS DISP)
     E_cls_disp  (CLS DISP)  (kJ/mol) = -9.6811
  --------------------
--------------------

Simplified EDA Summary (kJ/mol)
--------------------
 PREPARATION      0.0000
 FROZEN           -4.1862 (ELEC + PAULI + DISP)
[ELEC + PAULI = 5.4949, DISP = -9.6811]
 POLARIZATION    -1.3273
 CHARGE TRANSFER -1.5794
 TOTAL           -7.0930     (PRP + FRZ + POL + CT)
--------------------
 
 --------------------------------------------------------------
 
                    Orbital Energies (a.u.)
 --------------------------------------------------------------
 
 Alpha MOs
 -- Occupied --
-19.3391 -19.3203 -10.3926 -10.3718 -10.3334 -10.3191  -1.1605  -1.1413
 -0.8798  -0.8627  -0.7334  -0.7152  -0.6398  -0.6198  -0.5830  -0.5642
 -0.5198  -0.5015  -0.4902  -0.4782  -0.4701  -0.4574  -0.4463  -0.4224
 -0.3867  -0.3657
 -- Virtual --
  0.0284   0.0472   0.0510   0.0618   0.0756   0.0827   0.0886   0.0992
  0.1068   0.1216   0.1293   0.1356   0.1420   0.1514   0.1608   0.1690
  0.1767   0.1829   0.1874   0.1941   0.1974   0.2110   0.2182   0.2300
  0.2373   0.2376   0.2478   0.2607   0.2645   0.2703   0.2793   0.2812
  0.2859   0.2917   0.2959   0.3001   0.3123   0.3152   0.3162   0.3203
  0.3293   0.3347   0.3376   0.3406   0.3440   0.3451   0.3597   0.3631
  0.3666   0.3709   0.3746   0.3776   0.3865   0.3940   0.3950   0.3995
  0.4035   0.4141   0.4146   0.4240   0.4276   0.4340   0.4487   0.4586
  0.4618   0.4643   0.4753   0.4765   0.4826   0.4897   0.4996   0.5054
  0.5091   0.5138   0.5196   0.5290   0.5353   0.5427   0.5533   0.5626
  0.5689   0.5756   0.5909   0.5995   0.6032   0.6115   0.6254   0.6320
  0.6438   0.6598   0.6675   0.6907   0.6942   0.7058   0.7086   0.7212
  0.7241   0.7291   0.7329   0.7411   0.7473   0.7503   0.7578   0.7616
  0.7670   0.7803   0.7832   0.7961   0.8070   0.8119   0.8252   0.8294
  0.8351   0.8422   0.8522   0.8548   0.8873   0.9063   0.9157   0.9245
  0.9307   0.9469   0.9611   0.9856   0.9890   1.0118   1.0283   1.0513
  1.0572   1.0711   1.0879   1.1030   1.1145   1.1418   1.1474   1.1655
  1.1832   1.1959   1.2028   1.2159   1.2321   1.2369   1.2427   1.2496
  1.2617   1.2722   1.2818   1.2834   1.2979   1.3179   1.3254   1.3387
  1.3631   1.3718   1.3735   1.3862   1.3933   1.4029   1.4190   1.4302
  1.4342   1.4567   1.4841   1.4933   1.4994   1.5153   1.5289   1.5517
  1.5815   1.6148   1.6273   1.6395   1.6555   1.6625   1.6707   1.6774
  1.6848   1.6954   1.7051   1.7171   1.7511   1.7555   1.7860   1.7951
  1.8140   1.8275   1.9176   1.9575   1.9601   1.9779   1.9986   2.0308
  2.0706   2.1035   2.1190   2.1443   2.1607   2.2063   2.2349   2.2555
  2.2781   2.3063   2.3481   2.3640   2.4049   2.4103   2.4242   2.4467
  2.5027   2.5487   2.6941   2.7182   2.7246   2.7330   2.7591   2.7951
  2.8374   2.8566   2.8681   2.8841   2.8902   2.9186   2.9280   2.9343
  2.9437   2.9590   2.9802   2.9888   2.9959   3.0042   3.0283   3.0469
  3.0634   3.0846   3.1056   3.1150   3.1390   3.1453   3.1549   3.1780
  3.2076   3.2144   3.2225   3.2266   3.2323   3.2476   3.2594   3.2659
  3.2712   3.2813   3.3034   3.3078   3.3175   3.3456   3.3548   3.3833
  3.4306   3.4546   3.4801   3.4862   3.5143   3.5310   3.5393   3.5551
  3.5687   3.5800   3.5878   3.5895   3.6031   3.6097   3.6262   3.6369
  3.6733   3.7017   3.7112   3.7294   3.7576   3.7733   3.7853   3.7957
  3.8100   3.8584   3.8970   3.9134   3.9248   3.9312   4.0082   4.0181
  4.0222   4.0280   4.0400   4.0528   4.0710   4.0744   4.0846   4.1016
  4.1190   4.1320   4.1413   4.1447   4.1528   4.1701   4.1791   4.1876
  4.2083   4.2148   4.2290   4.2677   4.2743   4.2912   4.2996   4.3226
  4.3343   4.3534   4.3709   4.3929   4.3945   4.4423   4.4477   4.4677
  4.4902   4.4970   4.5149   4.5201   4.5405   4.5605   4.5917   4.6061
  4.6456   4.6635   4.6847   4.6891   4.7060   4.7322   4.8315   4.8406
  4.8528   4.8860   4.9276   4.9394   4.9467   4.9515   4.9623   4.9774
  5.0109   5.0272   5.0463   5.0646   5.1021   5.1266   5.2426   5.2688
  5.2955   5.3109   5.3262   5.3362   5.3968   5.4074   5.4259   5.4279
  5.4419   5.4534   5.4603   5.4887   5.5162   5.5235   5.5618   5.5754
  5.6303   5.6373   5.6477   5.7054   5.7551   5.7663   5.7920   5.8228
  5.8290   5.8621   5.9621   5.9743   6.1061   6.1231   6.2484   6.2659
  6.6772   6.6877   6.8147   6.8343   6.8736   6.8935   6.9540   6.9688
  7.0487   7.0654   7.3747   7.3862   7.5562   7.5705   7.7898   7.8034
 23.7407  23.7894  24.0858  24.1042  44.7900  44.8395
 --------------------------------------------------------------
 
          Ground-State Mulliken Net Atomic Charges

     Atom                 Charge (a.u.)
  ----------------------------------------
      1 C                    -0.995997
      2 C                     0.109485
      3 O                    -0.416647
      4 H                     0.138443
      5 H                     0.268336
      6 H                     0.281249
      7 H                     0.263649
      8 H                     0.262806
      9 H                     0.077386
     10 C                    -0.739754
     11 C                    -0.291189
     12 O                    -0.332636
     13 H                     0.107745
     14 H                     0.322227
     15 H                     0.242778
     16 H                     0.066712
     17 H                     0.308430
     18 H                     0.326977
  ----------------------------------------
  Sum of atomic charges =     0.000000

 -----------------------------------------------------------------
                    Cartesian Multipole Moments
 -----------------------------------------------------------------
    Charge (ESU x 10^10)
                 0.0000
    Dipole Moment (Debye)
         X       3.2635      Y       0.1407      Z       0.0036
       Tot       3.2666
    Quadrupole Moments (Debye-Ang)
        XX     -42.6364     XY       2.6408     YY     -36.6381
        XZ       2.5093     YZ       0.1776     ZZ     -39.4549
    Octopole Moments (Debye-Ang^2)
       XXX      43.8300    XXY       2.6022    XYY       3.0341
       YYY      23.3314    XXZ       4.2291    XYZ       7.3582
       YYZ       0.2475    XZZ       0.9879    YZZ       6.6839
       ZZZ       0.5365
    Hexadecapole Moments (Debye-Ang^3)
      XXXX   -1250.0424   XXXY      43.5883   XXYY    -222.4177
      XYYY      -4.1799   YYYY    -248.0774   XXXZ      15.2654
      XXYZ       6.3596   XYYZ      21.5987   YYYZ       2.5538
      XXZZ    -214.1204   XYZZ       0.7592   YYZZ     -61.5415
      XZZZ      10.4317   YZZZ       1.2036   ZZZZ    -117.8019
 -----------------------------------------------------------------
 Total job time:  1424.94s(wall), 5085.29s(cpu) 
 Sat Mar  1 02:21:33 2025

        *************************************************************
        *                                                           *
        *  Thank you very much for using Q-Chem.  Have a nice day.  *
        *                                                           *
        *************************************************************


