
Running Job 1 of 1 004_ethanol_dimer_61_almo.inp
qchem 004_ethanol_dimer_61_almo.inp_162546.0 /scratch/qchem162546/ 6
/home/kchung25/qchem/5.4.0/exe/qcprog.exe_s 004_ethanol_dimer_61_almo.inp_162546.0 /scratch/qchem162546/
                  Welcome to Q-Chem
     A Quantum Leap Into The Future Of Chemistry


 Q-Chem 5.4, Q-Chem, Inc., Pleasanton, CA (2021)

 E. Epifanovsky,  A. T. B. Gilbert,  Xintian Feng,  Joonho Lee,  Yuezhi Mao,  
 N. Mardirossian,  P. Pokhilko,  A. White,  M. Wormit,  M. P. Coons,  
 A. L. Dempwolff,  Zhengting Gan,  D. Hait,  P. R. Horn,  L. D. Jacobson,  
 I. Kaliman,  J. Kussmann,  A. W. Lange,  Ka Un Lao,  D. S. Levine,  Jie Liu,  
 S. C. McKenzie,  A. F. Morrison,  K. Nanda,  F. Plasser,  D. R. Rehn,  
 M. L. Vidal,  Zhi-Qiang You,  Ying Zhu,  B. Alam,  B. Albrecht,  
 A. Aldossary,  E. Alguire,  J. H. Andersen,  D. Barton,  K. Begam,  A. Behn,  
 Y. A. Bernard,  E. J. Berquist,  H. Burton,  A. Carreras,  K. Carter-Fenk,  
 Romit Chakraborty,  A. D. Chien,  K. D. Closser,  V. Cofer-Shabica,  
 S. Dasgupta,  Jia Deng,  M. de Wergifosse,  M. Diedenhofen,  Hainam Do,  
 S. Ehlert,  Po-Tung Fang,  S. Fatehi,  Qingguo Feng,  T. Friedhoff,  
 J. Gayvert,  Qinghui Ge,  G. Gidofalvi,  M. Goldey,  J. Gomes,  
 C. Gonzalez-Espinoza,  S. Gulania,  A. Gunina,  M. W. D. Hanson-Heine,  
 P. H. P. Harbach,  A. W. Hauser,  M. F. Herbst,  M. Hernandez Vera,  
 M. Hodecker,  Z. C. Holden,  S. Houck,  Xunkun Huang,  Kerwin Hui,  
 B. C. Huynh,  M. Ivanov,  Hyunjun Ji,  Hanjie Jiang,  B. Kaduk,  S. Kaehler,  
 K. Khistyaev,  Jaehoon Kim,  P. Klunzinger,  Z. Koczor-Benda,  
 Joong Hoon Koh,  D. Kosenkov,  L. Koulias,  T. Kowalczyk,  C. M. Krauter,  
 K. Kue,  A. Kunitsa,  T. Kus,  A. Landau,  K. V. Lawler,  D. Lefrancois,  
 S. Lehtola,  Rain Li,  Yi-Pei Li,  Jiashu Liang,  M. Liebenthal,  
 Hung-Hsuan Lin,  You-Sheng Lin,  Fenglai Liu,  Kuan-Yu Liu,  
 M. Loipersberger,  A. Luenser,  A. Manjanath,  P. Manohar,  E. Mansoor,  
 S. F. Manzer,  Shan-Ping Mao,  A. V. Marenich,  T. Markovich,  S. Mason,  
 S. A. Maurer,  P. F. McLaughlin,  M. F. S. J. Menger,  J.-M. Mewes,  
 S. A. Mewes,  P. Morgante,  J. W. Mullinax,  K. J. Oosterbaan,  G. Paran,  
 Alexander C. Paul,  Suranjan K. Paul,  F. Pavosevic,  Zheng Pei,  S. Prager,  
 E. I. Proynov,  E. Ramos,  B. Rana,  A. E. Rask,  A. Rettig,  R. M. Richard,  
 F. Rob,  E. Rossomme,  T. Scheele,  M. Scheurer,  M. Schneider,  
 N. Sergueev,  S. M. Sharada,  W. Skomorowski,  D. W. Small,  C. J. Stein,  
 Yu-Chuan Su,  E. J. Sundstrom,  Zhen Tao,  J. Thirman,  T. Tsuchimochi,  
 N. M. Tubman,  S. P. Veccham,  O. Vydrov,  J. Wenzel,  J. Witte,  A. Yamada,  
 Kun Yao,  S. Yeganeh,  S. R. Yost,  A. Zech,  Igor Ying Zhang,  Xing Zhang,  
 Yu Zhang,  D. Zuev,  A. Aspuru-Guzik,  A. T. Bell,  N. A. Besley,  
 K. B. Bravaya,  B. R. Brooks,  D. Casanova,  Jeng-Da Chai,  S. Coriani,  
 C. J. Cramer,  A. E. DePrince, III,  R. A. DiStasio Jr.,  A. Dreuw,  
 B. D. Dunietz,  T. R. Furlani,  W. A. Goddard III,  S. Grimme,  
 S. Hammes-Schiffer,  T. Head-Gordon,  W. J. Hehre,  Chao-Ping Hsu,  
 T.-C. Jagau,  Yousung Jung,  A. Klamt,  Jing Kong,  D. S. Lambrecht,  
 WanZhen Liang,  N. J. Mayhall,  C. W. McCurdy,  J. B. Neaton,  T. Neudecker,  
 C. Ochsenfeld,  J. A. Parkhill,  R. Peverati,  V. A. Rassolov,  Yihan Shao,  
 L. V. Slipchenko,  R. P. Steele,  J. E. Subotnik,  A. J. W. Thom,  
 A. Tkatchenko,  D. G. Truhlar,  T. Van Voorhis,  T. A. Wesolowski,  
 K. B. Whaley,  H. L. Woodcock III,  P. M. Zimmerman,  S. Faraji,  
 P. M. W. Gill,  M. Head-Gordon,  J. M. Herbert,  A. I. Krylov

 Additional authors since Version 5.4.0: 
 Chandrima Chakravarty,  L. Cunha,  R. Kang,  Yongbin Kim,  S. Kotaru,  
 Shaozhi Li,  Xiangyuan Li,  F. Matz,  A. Molle,  V. Parravicini,  
 Haisheng Ren,  Hengyuan Shen,  Yingli Su,  Hung-Yi Tsai,  C. Utku,  
 Fang Wang,  Jeff Yang,  F. Zeller

 Contributors to earlier versions of Q-Chem not listed above: 
 R. D. Adamson,  B. Austin,  R. Baer,  J. Baker,  G. J. O. Beran,  
 K. Brandhorst,  S. T. Brown,  E. F. C. Byrd,  Arup K. Chakraborty,  
 G. K. L. Chan,  Chun-Min Chang,  Yunqing Chen,  C.-L. Cheng,  
 Siu Hung Chien,  D. M. Chipman,  D. L. Crittenden,  H. Dachsel,  
 R. J. Doerksen,  A. D. Dutoi,  R. G. Edgar,  J. Fosso-Tande,  
 L. Fusti-Molnar,  D. Ghosh,  A. Ghysels,  A. Golubeva-Zadorozhnaya,  
 J. Gonthier,  M. S. Gordon,  S. R. Gwaltney,  G. Hawkins,  J. E. Herr,  
 A. Heyden,  S. Hirata,  E. G. Hohenstein,  G. Kedziora,  F. J. Keil,  
 C. Kelley,  Jihan Kim,  R. A. King,  R. Z. Khaliullin,  P. P. Korambath,  
 W. Kurlancheek,  A. Laurent,  A. M. Lee,  M. S. Lee,  S. V. Levchenko,  
 Ching Yeh Lin,  D. Liotard,  E. Livshits,  R. C. Lochan,  I. Lotan,  
 L. A. Martinez-Martinez,  P. E. Maslen,  N. Nair,  D. P. O'Neill,  
 D. Neuhauser,  E. Neuscamman,  C. M. Oana,  R. Olivares-Amaya,  R. Olson,  
 T. M. Perrine,  B. Peters,  P. A. Pieniazek,  A. Prociuk,  Y. M. Rhee,  
 J. Ritchie,  M. A. Rohrdanz,  E. Rosta,  N. J. Russ,  H. F. Schaefer III,  
 M. W. Schmidt,  N. E. Schultz,  S. Sharma,  N. Shenvi,  C. D. Sherrill,  
 A. C. Simmonett,  A. Sodt,  T. Stein,  D. Stuck,  K. S. Thanthiriwatte,  
 V. Vanovschi,  L. Vogt,  Tao Wang,  A. Warshel,  M. A. Watson,  
 C. F. Williams,  Q. Wu,  X. Xu,  Jun Yang,  W. Zhang,  Yan Zhao

   Please cite Q-Chem as follows:
  "Software for the frontiers of quantum chemistry:
   An overview of developments in the Q-Chem 5 package"
   J. Chem. Phys. 155, 084801 (2021)
   https://doi.org/10.1063/5.0055522 (open access)

 Q-Chem 5.4.2 for Intel X86 EM64T Linux

 Parts of Q-Chem use Armadillo 9.900.5 (Nocturnal Misbehaviour).
 http://arma.sourceforge.net/

 Q-Chem begins on Sat Mar  1 01:08:18 2025  

 Host: 
0

     Scratch files written to /scratch/qchem162546//
 Dec1321 |scratch|qcdevops|jenkins|workspace|build_RNUM 5684   
 Processing $rem in /home/kchung25/qchem/5.4.0/config/preferences:
 Processing $rem in /home/kchung25/.qchemrc:

 Q-Chem warning in module libgen/rem_setup.C, line 3079:

 Neither GIA nor STOLL is specified by user. Use STOLL as the default


 Checking the input file for inconsistencies... 	...done.

--------------------------------------------------------------
User input:
--------------------------------------------------------------
$molecule
0 1
--
0 1
C    1.919916   1.158802   0.433176
C    2.555492  -0.111534  -0.056569
O    1.547990  -0.896830  -0.655789
H    1.929343  -1.720488  -0.965149
H    2.659934   1.811678   0.898278
H    1.142518   0.939399   1.168522
H    1.455997   1.696381  -0.396440
H    3.023775  -0.646463   0.782073
H    3.353109   0.119292  -0.777244
--
0 1
C   -1.602636  -0.894208   0.874554
C   -1.614125   0.257630  -0.089116
O   -2.946481   0.465005  -0.509966
H   -2.958921   1.164519  -1.165306
H   -0.583627  -1.100036   1.206452
H   -1.995194  -1.792970   0.394912
H   -2.225105  -0.676357   1.744787
H   -0.952193   0.036233  -0.937217
H   -1.213583   1.159277   0.400096
$end

$rem
JOBTYPE          eda
EDA2             1
METHOD           wB97M-V
BASIS            def2-TZVPPD
SYMMETRY         false
MEM_TOTAL        50000
MEM_STATIC       10000
THRESH           14
SCF_CONVERGENCE  8
XC_GRID          000099000590
NL_GRID          1
EDA_CLS_DISP     true
FD_MAT_VEC_PROD  FALSE
$end
--------------------------------------------------------------
 ----------------------------------------------------------------
             Standard Nuclear Orientation (Angstroms)
    I     Atom           X                Y                Z
 ----------------------------------------------------------------
    1      C       1.9199158620    -1.1588018692    -0.4331762233
    2      C       2.5554918673     0.1115341951     0.0565686031
    3      O       1.5479899022     0.8968302079     0.6557886449
    4      H       1.9293429048     1.7204882478     0.9651485356
    5      H       2.6599338365    -1.8116778807    -0.8982782477
    6      H       1.1425177755    -0.9393989591    -1.1685221588
    7      H       1.4559969702    -1.6963808171     0.3964398709
    8      H       3.0237747582     0.6464631424    -0.7820734914
    9      H       3.3531089526    -0.1192917154     0.7772435373
   10      C      -1.6026362608     0.8942079641    -0.8745540192
   11      C      -1.6141251156    -0.2576299559     0.0891160781
   12      O      -2.9464810631    -0.4650049700     0.5099662373
   13      H      -2.9589209675    -1.1645189158     1.1653062970
   14      H      -0.5836273037     1.1000359740    -1.2064521449
   15      H      -1.9951942428     1.7929699897    -0.3949120523
   16      H      -2.2251053454     0.6763568686    -1.7447869347
   17      H      -0.9521930334    -0.0362328608     0.9372169891
   18      H      -1.2135831345    -1.1592769820    -0.4000958894
 ----------------------------------------------------------------
 Molecular Point Group                 C1    NOp =  1
 Largest Abelian Subgroup              C1    NOp =  1
 Nuclear Repulsion Energy =         249.48691989 hartrees
 There are       26 alpha and       26 beta electrons
 Requested basis set is def2-TZVPPD
 There are 164 shells and 432 basis functions

 Q-Chem warning in module libmdc/get_mega.C, line 171:

 Allowed MEM_STATIC has been capped at MEM_STATIC=8191.
 Reduce the value of MEM_STATIC to silence this warning.


 Total QAlloc Memory Limit  50000 MB
 Mega-Array Size      8007 MB
 MEM_STATIC part      8191 MB
 A cutoff of  1.0D-14 yielded  12369 shell pairs
 There are     85193 function pairs (    104724 Cartesian)
 Smallest overlap matrix eigenvalue = 7.59E-06

 Scale SEOQF with 1.000000e-01/1.000000e-01/1.000000e-01

 Standard Electronic Orientation quadrupole field applied
 Nucleus-field energy     =     0.0000000088 hartrees

 -----------------------------------------------------------------------
  General SCF calculation program by
  Eric Jon Sundstrom, Paul Horn, Yuezhi Mao, Dmitri Zuev, Alec White,
  David Stuck, Shaama M.S., Shane Yost, Joonho Lee, David Small,
  Daniel Levine, Susi Lehtola, Hugh Burton, Evgeny Epifanovsky,
  Bang C. Huynh
 -----------------------------------------------------------------------
================================================================
                 ALMO-EDA with the EDA2 driver                  
================================================================
 The second-generation ALMO-EDA (for DFT):                      
 P. R. Horn, Y. Mao and M. Head-Gordon, PCCP, 18, 23067 (2016)  
 Y. Mao et al. Annu. Rev. Phys. Chem. 72, 641 (2021)            
 Decomposition of the frozen energy:                            
 P. R. Horn, Y. Mao and M. Head-Gordon, JCP, 144, 114107 (2016) 
 FERF model for polarization:                                   
 P. R. Horn and M. Head-Gordon, JCP, 143, 114111 (2015)         
================================================================
 Using eda2 option set 1
 Option set summary: Frozen orbital wavefunction, initial wavefunction decomposition, and nDQ polarization.
--------------------------------
Printing EDA Options
--------------------------------
eda_child_super_basis      0
fragmo_guess_mode          0
child_mp                   1
child_mp_orders            232
cls_elec                   1
cls_disp                   1
scfmi_mode                 1
scfmi_occs                 0
scfmi_virts                0
frz_relax                  0
frz_relax_method           0
dc_pen_start               0
dc_pen_conv                0
dc_pen_increment           0
dc_pen_steps               0
dc_pen_thresh_factor       0
dc_pen_pre_newton_thresh   0
frz_ortho_decomp           1
frz_ortho_decomp_conv      6
plot_mo_ortho_frz          0
frgm_method                2
scfmi_freeze_ss            0
separate_rehyb             0
plot_diff_den              0
eda_nocv                   0
eda_vct_relax              1
disp_free_x                0
disp_free_c                0
eda_bsse                   0
eda_pct_a                  0
eda_covp                   0
--------------------------------
Attempting to make child job directory: /scratch/qchem162546//Frg1/
Attempting to make child job directory: /scratch/qchem162546//Frg2/
Creating input file /scratch/qchem162546/Frg1.input
using default PutDataFrgm: nothing
calling putenv with: QCSCRATCH=/scratch/qchem162546/ 
Spawning Job For Fragment 0
Done Job For Fragment 0
calling putenv with: QCSCRATCH=/scratch 
calling putenv with: QCTHREADS=6 
Creating input file /scratch/qchem162546/Frg2.input
using default PutDataFrgm: nothing
calling putenv with: QCSCRATCH=/scratch/qchem162546/ 
Spawning Job For Fragment 1
Done Job For Fragment 1
calling putenv with: QCSCRATCH=/scratch 
calling putenv with: QCTHREADS=6 
Doing General SCFMI
 Exchange:     0.1500 Hartree-Fock + 1.0000 wB97M-V + LR-HF
 Correlation:  1.0000 wB97M-V
 Using Euler-Maclaurin-Lebedev (99,590) quadrature formula
 Nonlocal Correlation:  VV10 with C = 0.0100 and b = 6.00 and scale = 1.00000
 Grid used for NLC:  SG-1 standard quadrature
performing fock build before subrot guess so that all methods have access
Printing subrot_rss_gen Method Specification:
Occupied Subspace Method is 0
Virtual Subspace Method is 0
Energy of the unrelaxed supersystem initial determinant -310.060866127924
write pseudocanon occs and virts to disk
write pseudocanon orbital energies to disk
Tolerance of ortho_decomp_scf: 1.00e-06
GDM subspace size: 20
Beginning the Orthogonal Decomposition of the Initial Supersystem Wavefunction
    1    -310.0398024381      5.81e-02     ortho_decomp Preconditoned Steepest Descent
    2    -310.0431949483      1.59e-03     ortho_decomp BFGS Step
    3    -310.0432085579      1.18e-04     ortho_decomp BFGS Step
    4    -310.0432085738      4.31e-06     ortho_decomp BFGS Step
    5    -310.0432085739      1.33e-07     ortho_decomp 00000 Convergence criterion met
 Hartree-Fock
 Hartree-Fock
 Hartree-Fock
 Exchange:     0.1500 Hartree-Fock + 1.0000 wB97M-V + LR-HF
 Correlation:  1.0000 wB97M-V
 Using Euler-Maclaurin-Lebedev (99,590) quadrature formula
 Nonlocal Correlation:  VV10 with C = 0.0100 and b = 6.00 and scale = 1.00000
 Grid used for NLC:  SG-1 standard quadrature
 Long-range K will be added via erf
 Coulomb attenuation parameter = 0.3 bohr**(-1)
 Nonlocal correlation = 2.044807532922e-01
Doing General SCFMI
 Exchange:     0.1500 Hartree-Fock + 1.0000 wB97M-V + LR-HF
 Correlation:  1.0000 wB97M-V
 Using Euler-Maclaurin-Lebedev (99,590) quadrature formula
 Nonlocal Correlation:  VV10 with C = 0.0100 and b = 6.00 and scale = 1.00000
 Grid used for NLC:  SG-1 standard quadrature
performing fock build at end of subrot_r(subrot) constructor so that all methods have access
<S^2> of initial wavefunction before polarization iterations 0.0000000000
Beginning iterations for the determination of the polarized wavefunction
Energy prior to optimization (guess energy) = -310.060866127924
Begin Timing: Total SCF Calculation
begin iterations for algorithm: DIIS         
the SCF tolerance is set to 1.00e-08
    1    -310.0608661279      1.28e-04     00000 
    2    -310.0613165085      5.31e-05     00000 
    3    -310.0613573481      2.95e-05     00000 
    4    -310.0613696863      9.66e-06     00000 
    5    -310.0613715280      3.27e-06     00000 
    6    -310.0613718965      1.46e-06     00000 
    7    -310.0613719628      4.16e-07     00000 
    8    -310.0613719688      1.32e-07     00000 
    9    -310.0613719691      7.51e-08     00000 
   10    -310.0613719692      2.38e-08     00000 
   11    -310.0613719692      8.01e-09     00000 Convergence criterion met
write pseudocanon occs and virts to disk
write pseudocanon orbital energies to disk
Timing for Total SCF: 257.00s (wall), 1541.37s (cpu)
<S^2> of polarized wavefunction after polarization iterations 0.0000000000
relaxing scfmi constraint to allow all rotations in the entire AO span
Doing General SCFMI
 Exchange:     0.1500 Hartree-Fock + 1.0000 wB97M-V + LR-HF
 Correlation:  1.0000 wB97M-V
 Using Euler-Maclaurin-Lebedev (99,590) quadrature formula
 Nonlocal Correlation:  VV10 with C = 0.0100 and b = 6.00 and scale = 1.00000
 Grid used for NLC:  SG-1 standard quadrature
performing fock build at end of subrot_r(subrot) constructor so that all methods have access
<S^2> of polarized wavefunction before ct-allowed iterations 0.0000000000
Beginning iterations for the determination of the CT-Allowed wavefunction
Energy prior to optimization (guess energy) = -310.061371969219
Begin Timing: Total SCF Calculation
begin iterations for algorithm: DIIS         
the SCF tolerance is set to 1.00e-08
    1    -310.0613719692      7.81e-05     00000 
    2    -310.0619581267      8.44e-06     00000 
    3    -310.0619734404      1.86e-06     00000 
    4    -310.0619737760      1.52e-06     00000 
    5    -310.0619739297      2.06e-07     00000 
    6    -310.0619739335      7.54e-08     00000 
    7    -310.0619739340      1.71e-08     00000 
    8    -310.0619739341      3.41e-09     00000 Convergence criterion met
write pseudocanon occs and virts to disk
write pseudocanon orbital energies to disk
Timing for Total SCF: 180.00s (wall), 1081.83s (cpu)
<S^2> of ct_allowed wavefunction after ct-allowed iterations 0.0000000000

================================
        Results of EDA2         
================================
Basic EDA Quantities
--------------------
Fragment Energies (Ha):
1 -155.0296035987
2 -155.0295517166
--------------------
  E_prp (kJ/mol) = 0.0000
  E_frz (kJ/mol) = -4.4918
  E_pol (kJ/mol) = -1.3281
  E_vct (kJ/mol) = -1.5805
  E_int (kJ/mol) = -7.4004
--------------------


Decomposition of frozen interaction energy
--------------------
  --------------------
  Orthogonal Frozen Decomposition:
  --------------------
     E_elec   (ELEC)   (kJ/mol) = -23.5824
     E_pauli  (PAULI)  (kJ/mol) = 32.1772
     E_disp   (DISP)   (kJ/mol) = -13.0867
  --------------------
  Classical Frozen Decomposition:
  --------------------
     E_cls_elec  (CLS ELEC)  (kJ/mol) = -8.1867
     E_mod_pauli (MOD PAULI) (kJ/mol) = 15.1348 (FRZ - CLS ELEC - CLS DISP)
     E_cls_disp  (CLS DISP)  (kJ/mol) = -11.4399
  --------------------
--------------------

Simplified EDA Summary (kJ/mol)
--------------------
 PREPARATION      0.0000
 FROZEN           -4.4918 (ELEC + PAULI + DISP)
[ELEC + PAULI = 6.9481, DISP = -11.4399]
 POLARIZATION    -1.3281
 CHARGE TRANSFER -1.5805
 TOTAL           -7.4004     (PRP + FRZ + POL + CT)
--------------------
 
 --------------------------------------------------------------
 
                    Orbital Energies (a.u.)
 --------------------------------------------------------------
 
 Alpha MOs
 -- Occupied --
-19.3381 -19.3202 -10.3922 -10.3716 -10.3332 -10.3143  -1.1597  -1.1411
 -0.8794  -0.8603  -0.7329  -0.7128  -0.6393  -0.6191  -0.5827  -0.5635
 -0.5184  -0.5001  -0.4899  -0.4729  -0.4708  -0.4543  -0.4441  -0.4222
 -0.3852  -0.3661
 -- Virtual --
  0.0284   0.0423   0.0543   0.0634   0.0720   0.0844   0.0880   0.0991
  0.1112   0.1195   0.1299   0.1312   0.1402   0.1528   0.1649   0.1719
  0.1778   0.1803   0.1921   0.2010   0.2041   0.2107   0.2200   0.2245
  0.2326   0.2434   0.2516   0.2576   0.2716   0.2744   0.2810   0.2834
  0.2922   0.2976   0.2999   0.3084   0.3104   0.3137   0.3171   0.3226
  0.3302   0.3334   0.3396   0.3477   0.3488   0.3523   0.3585   0.3609
  0.3662   0.3711   0.3771   0.3860   0.3898   0.3938   0.4020   0.4051
  0.4076   0.4116   0.4195   0.4293   0.4329   0.4425   0.4474   0.4611
  0.4684   0.4711   0.4740   0.4827   0.4913   0.4955   0.4993   0.5046
  0.5130   0.5191   0.5268   0.5341   0.5361   0.5517   0.5559   0.5582
  0.5767   0.5850   0.5882   0.5969   0.6077   0.6196   0.6309   0.6371
  0.6448   0.6638   0.6686   0.6823   0.6960   0.7011   0.7036   0.7178
  0.7299   0.7341   0.7389   0.7470   0.7513   0.7559   0.7622   0.7686
  0.7737   0.7854   0.7901   0.7998   0.8080   0.8145   0.8204   0.8260
  0.8290   0.8390   0.8521   0.8619   0.8719   0.8939   0.9022   0.9175
  0.9230   0.9533   0.9643   0.9808   0.9879   1.0023   1.0387   1.0451
  1.0584   1.0658   1.1001   1.1038   1.1176   1.1425   1.1450   1.1685
  1.1909   1.2133   1.2162   1.2227   1.2315   1.2443   1.2576   1.2582
  1.2696   1.2731   1.2954   1.2986   1.3148   1.3248   1.3350   1.3413
  1.3501   1.3739   1.3817   1.3907   1.4021   1.4091   1.4218   1.4398
  1.4442   1.4704   1.4765   1.4949   1.4969   1.5283   1.5376   1.5510
  1.5965   1.6113   1.6242   1.6523   1.6656   1.6690   1.6743   1.7004
  1.7075   1.7098   1.7207   1.7397   1.7623   1.7655   1.7841   1.8007
  1.8157   1.8372   1.9182   1.9605   1.9789   1.9868   2.0141   2.0343
  2.0616   2.0987   2.1143   2.1296   2.1710   2.1826   2.2358   2.2529
  2.2842   2.3143   2.3399   2.3524   2.3984   2.4125   2.4416   2.4597
  2.5302   2.5432   2.6990   2.7123   2.7242   2.7390   2.7755   2.8047
  2.8302   2.8753   2.8829   2.8902   2.9064   2.9140   2.9244   2.9367
  2.9495   2.9689   2.9807   2.9980   3.0051   3.0123   3.0250   3.0419
  3.0714   3.0849   3.1037   3.1203   3.1351   3.1519   3.1637   3.1750
  3.2020   3.2165   3.2310   3.2326   3.2475   3.2596   3.2651   3.2675
  3.2766   3.2957   3.3016   3.3134   3.3247   3.3404   3.3498   3.3917
  3.4381   3.4646   3.4876   3.4934   3.5049   3.5333   3.5446   3.5479
  3.5752   3.5794   3.5942   3.6060   3.6108   3.6160   3.6270   3.6559
  3.6746   3.7075   3.7441   3.7580   3.7683   3.7776   3.7862   3.8023
  3.8291   3.8367   3.9031   3.9218   3.9339   3.9490   4.0137   4.0265
  4.0316   4.0367   4.0379   4.0510   4.0680   4.0790   4.0958   4.1123
  4.1265   4.1368   4.1434   4.1477   4.1599   4.1708   4.1891   4.1917
  4.2103   4.2173   4.2376   4.2712   4.2879   4.2935   4.3049   4.3308
  4.3397   4.3632   4.3672   4.4002   4.4287   4.4343   4.4659   4.4718
  4.5071   4.5116   4.5289   4.5293   4.5380   4.5743   4.6023   4.6110
  4.6496   4.6686   4.6849   4.6933   4.7055   4.7271   4.8363   4.8576
  4.8610   4.8870   4.9282   4.9405   4.9428   4.9509   4.9630   4.9976
  5.0133   5.0304   5.0501   5.0809   5.1071   5.1192   5.2503   5.2707
  5.3039   5.3188   5.3246   5.3359   5.4024   5.4106   5.4247   5.4326
  5.4420   5.4485   5.4770   5.4972   5.5212   5.5517   5.5642   5.5796
  5.6292   5.6387   5.6600   5.6716   5.7563   5.7781   5.7904   5.8080
  5.8247   5.8437   5.9663   5.9707   6.1100   6.1296   6.2568   6.2699
  6.6801   6.6870   6.8236   6.8277   6.8759   6.8924   6.9623   6.9692
  7.0537   7.0631   7.3782   7.3967   7.5573   7.5688   7.7888   7.8167
 23.7481  23.7899  24.0924  24.1192  44.8152  44.8688
 --------------------------------------------------------------
 
          Ground-State Mulliken Net Atomic Charges

     Atom                 Charge (a.u.)
  ----------------------------------------
      1 C                    -0.849562
      2 C                    -0.327062
      3 O                    -0.302370
      4 H                     0.090231
      5 H                     0.337015
      6 H                     0.165704
      7 H                     0.239682
      8 H                     0.323528
      9 H                     0.334426
     10 C                    -0.958035
     11 C                    -0.066834
     12 O                    -0.412248
     13 H                     0.132266
     14 H                     0.249141
     15 H                     0.277212
     16 H                     0.293986
     17 H                     0.247525
     18 H                     0.225393
  ----------------------------------------
  Sum of atomic charges =     0.000000

 -----------------------------------------------------------------
                    Cartesian Multipole Moments
 -----------------------------------------------------------------
    Charge (ESU x 10^10)
                 0.0000
    Dipole Moment (Debye)
         X       3.1111      Y      -0.2844      Z       0.4928
       Tot       3.1627
    Quadrupole Moments (Debye-Ang)
        XX     -42.7289     XY       4.1465     YY     -36.3164
        XZ      -1.0039     YZ      -0.4986     ZZ     -39.2022
    Octopole Moments (Debye-Ang^2)
       XXX      38.8942    XXY       0.0606    XYY       0.9655
       YYY       6.7240    XXZ       8.5381    XYZ       8.8745
       YYZ       9.0907    XZZ      -4.4480    YZZ      -0.9342
       ZZZ       8.0914
    Hexadecapole Moments (Debye-Ang^3)
      XXXX   -1207.4534   XXXY      42.7560   XXYY    -196.6721
      XYYY      35.4549   YYYY    -209.8167   XXXZ      -9.3852
      XXYZ      -9.1630   XYYZ      -3.5795   YYYZ       8.0609
      XXZZ    -195.6838   XYZZ      17.6773   YYZZ     -55.0768
      XZZZ      -7.1560   YZZZ      -0.2602   ZZZZ    -147.0191
 -----------------------------------------------------------------
 Total job time:  1448.62s(wall), 5239.69s(cpu) 
 Sat Mar  1 01:32:27 2025

        *************************************************************
        *                                                           *
        *  Thank you very much for using Q-Chem.  Have a nice day.  *
        *                                                           *
        *************************************************************


