
Running Job 1 of 1 004_ethanol_dimer_49_almo.inp
qchem 004_ethanol_dimer_49_almo.inp_148687.0 /scratch/qchem148687/ 6
/home/kchung25/qchem/5.4.0/exe/qcprog.exe_s 004_ethanol_dimer_49_almo.inp_148687.0 /scratch/qchem148687/
                  Welcome to Q-Chem
     A Quantum Leap Into The Future Of Chemistry


 Q-Chem 5.4, Q-Chem, Inc., Pleasanton, CA (2021)

 E. Epifanovsky,  A. T. B. Gilbert,  Xintian Feng,  Joonho Lee,  Yuezhi Mao,  
 N. Mardirossian,  P. Pokhilko,  A. White,  M. Wormit,  M. P. Coons,  
 A. L. Dempwolff,  Zhengting Gan,  D. Hait,  P. R. Horn,  L. D. Jacobson,  
 I. Kaliman,  J. Kussmann,  A. W. Lange,  Ka Un Lao,  D. S. Levine,  Jie Liu,  
 S. C. McKenzie,  A. F. Morrison,  K. Nanda,  F. Plasser,  D. R. Rehn,  
 M. L. Vidal,  Zhi-Qiang You,  Ying Zhu,  B. Alam,  B. Albrecht,  
 A. Aldossary,  E. Alguire,  J. H. Andersen,  D. Barton,  K. Begam,  A. Behn,  
 Y. A. Bernard,  E. J. Berquist,  H. Burton,  A. Carreras,  K. Carter-Fenk,  
 Romit Chakraborty,  A. D. Chien,  K. D. Closser,  V. Cofer-Shabica,  
 S. Dasgupta,  Jia Deng,  M. de Wergifosse,  M. Diedenhofen,  Hainam Do,  
 S. Ehlert,  Po-Tung Fang,  S. Fatehi,  Qingguo Feng,  T. Friedhoff,  
 J. Gayvert,  Qinghui Ge,  G. Gidofalvi,  M. Goldey,  J. Gomes,  
 C. Gonzalez-Espinoza,  S. Gulania,  A. Gunina,  M. W. D. Hanson-Heine,  
 P. H. P. Harbach,  A. W. Hauser,  M. F. Herbst,  M. Hernandez Vera,  
 M. Hodecker,  Z. C. Holden,  S. Houck,  Xunkun Huang,  Kerwin Hui,  
 B. C. Huynh,  M. Ivanov,  Hyunjun Ji,  Hanjie Jiang,  B. Kaduk,  S. Kaehler,  
 K. Khistyaev,  Jaehoon Kim,  P. Klunzinger,  Z. Koczor-Benda,  
 Joong Hoon Koh,  D. Kosenkov,  L. Koulias,  T. Kowalczyk,  C. M. Krauter,  
 K. Kue,  A. Kunitsa,  T. Kus,  A. Landau,  K. V. Lawler,  D. Lefrancois,  
 S. Lehtola,  Rain Li,  Yi-Pei Li,  Jiashu Liang,  M. Liebenthal,  
 Hung-Hsuan Lin,  You-Sheng Lin,  Fenglai Liu,  Kuan-Yu Liu,  
 M. Loipersberger,  A. Luenser,  A. Manjanath,  P. Manohar,  E. Mansoor,  
 S. F. Manzer,  Shan-Ping Mao,  A. V. Marenich,  T. Markovich,  S. Mason,  
 S. A. Maurer,  P. F. McLaughlin,  M. F. S. J. Menger,  J.-M. Mewes,  
 S. A. Mewes,  P. Morgante,  J. W. Mullinax,  K. J. Oosterbaan,  G. Paran,  
 Alexander C. Paul,  Suranjan K. Paul,  F. Pavosevic,  Zheng Pei,  S. Prager,  
 E. I. Proynov,  E. Ramos,  B. Rana,  A. E. Rask,  A. Rettig,  R. M. Richard,  
 F. Rob,  E. Rossomme,  T. Scheele,  M. Scheurer,  M. Schneider,  
 N. Sergueev,  S. M. Sharada,  W. Skomorowski,  D. W. Small,  C. J. Stein,  
 Yu-Chuan Su,  E. J. Sundstrom,  Zhen Tao,  J. Thirman,  T. Tsuchimochi,  
 N. M. Tubman,  S. P. Veccham,  O. Vydrov,  J. Wenzel,  J. Witte,  A. Yamada,  
 Kun Yao,  S. Yeganeh,  S. R. Yost,  A. Zech,  Igor Ying Zhang,  Xing Zhang,  
 Yu Zhang,  D. Zuev,  A. Aspuru-Guzik,  A. T. Bell,  N. A. Besley,  
 K. B. Bravaya,  B. R. Brooks,  D. Casanova,  Jeng-Da Chai,  S. Coriani,  
 C. J. Cramer,  A. E. DePrince, III,  R. A. DiStasio Jr.,  A. Dreuw,  
 B. D. Dunietz,  T. R. Furlani,  W. A. Goddard III,  S. Grimme,  
 S. Hammes-Schiffer,  T. Head-Gordon,  W. J. Hehre,  Chao-Ping Hsu,  
 T.-C. Jagau,  Yousung Jung,  A. Klamt,  Jing Kong,  D. S. Lambrecht,  
 WanZhen Liang,  N. J. Mayhall,  C. W. McCurdy,  J. B. Neaton,  T. Neudecker,  
 C. Ochsenfeld,  J. A. Parkhill,  R. Peverati,  V. A. Rassolov,  Yihan Shao,  
 L. V. Slipchenko,  R. P. Steele,  J. E. Subotnik,  A. J. W. Thom,  
 A. Tkatchenko,  D. G. Truhlar,  T. Van Voorhis,  T. A. Wesolowski,  
 K. B. Whaley,  H. L. Woodcock III,  P. M. Zimmerman,  S. Faraji,  
 P. M. W. Gill,  M. Head-Gordon,  J. M. Herbert,  A. I. Krylov

 Additional authors since Version 5.4.0: 
 Chandrima Chakravarty,  L. Cunha,  R. Kang,  Yongbin Kim,  S. Kotaru,  
 Shaozhi Li,  Xiangyuan Li,  F. Matz,  A. Molle,  V. Parravicini,  
 Haisheng Ren,  Hengyuan Shen,  Yingli Su,  Hung-Yi Tsai,  C. Utku,  
 Fang Wang,  Jeff Yang,  F. Zeller

 Contributors to earlier versions of Q-Chem not listed above: 
 R. D. Adamson,  B. Austin,  R. Baer,  J. Baker,  G. J. O. Beran,  
 K. Brandhorst,  S. T. Brown,  E. F. C. Byrd,  Arup K. Chakraborty,  
 G. K. L. Chan,  Chun-Min Chang,  Yunqing Chen,  C.-L. Cheng,  
 Siu Hung Chien,  D. M. Chipman,  D. L. Crittenden,  H. Dachsel,  
 R. J. Doerksen,  A. D. Dutoi,  R. G. Edgar,  J. Fosso-Tande,  
 L. Fusti-Molnar,  D. Ghosh,  A. Ghysels,  A. Golubeva-Zadorozhnaya,  
 J. Gonthier,  M. S. Gordon,  S. R. Gwaltney,  G. Hawkins,  J. E. Herr,  
 A. Heyden,  S. Hirata,  E. G. Hohenstein,  G. Kedziora,  F. J. Keil,  
 C. Kelley,  Jihan Kim,  R. A. King,  R. Z. Khaliullin,  P. P. Korambath,  
 W. Kurlancheek,  A. Laurent,  A. M. Lee,  M. S. Lee,  S. V. Levchenko,  
 Ching Yeh Lin,  D. Liotard,  E. Livshits,  R. C. Lochan,  I. Lotan,  
 L. A. Martinez-Martinez,  P. E. Maslen,  N. Nair,  D. P. O'Neill,  
 D. Neuhauser,  E. Neuscamman,  C. M. Oana,  R. Olivares-Amaya,  R. Olson,  
 T. M. Perrine,  B. Peters,  P. A. Pieniazek,  A. Prociuk,  Y. M. Rhee,  
 J. Ritchie,  M. A. Rohrdanz,  E. Rosta,  N. J. Russ,  H. F. Schaefer III,  
 M. W. Schmidt,  N. E. Schultz,  S. Sharma,  N. Shenvi,  C. D. Sherrill,  
 A. C. Simmonett,  A. Sodt,  T. Stein,  D. Stuck,  K. S. Thanthiriwatte,  
 V. Vanovschi,  L. Vogt,  Tao Wang,  A. Warshel,  M. A. Watson,  
 C. F. Williams,  Q. Wu,  X. Xu,  Jun Yang,  W. Zhang,  Yan Zhao

   Please cite Q-Chem as follows:
  "Software for the frontiers of quantum chemistry:
   An overview of developments in the Q-Chem 5 package"
   J. Chem. Phys. 155, 084801 (2021)
   https://doi.org/10.1063/5.0055522 (open access)

 Q-Chem 5.4.2 for Intel X86 EM64T Linux

 Parts of Q-Chem use Armadillo 9.900.5 (Nocturnal Misbehaviour).
 http://arma.sourceforge.net/

 Q-Chem begins on Fri Feb 28 20:10:37 2025  

 Host: 
0

     Scratch files written to /scratch/qchem148687//
 Dec1321 |scratch|qcdevops|jenkins|workspace|build_RNUM 5684   
 Processing $rem in /home/kchung25/qchem/5.4.0/config/preferences:
 Processing $rem in /home/kchung25/.qchemrc:

 Q-Chem warning in module libgen/rem_setup.C, line 3079:

 Neither GIA nor STOLL is specified by user. Use STOLL as the default


 Checking the input file for inconsistencies... 	...done.

--------------------------------------------------------------
User input:
--------------------------------------------------------------
$molecule
0 1
--
0 1
C    1.964053   1.241757  -0.148399
C    2.395908  -0.160787   0.175024
O    1.509715  -1.051482  -0.469393
H    1.789609  -1.952525  -0.297639
H    2.642125   1.969651   0.299603
H    0.957322   1.432443   0.229612
H    1.955326   1.396133  -1.229161
H    2.384615  -0.316654   1.264113
H    3.428691  -0.325209  -0.163468
--
0 1
C   -1.347298  -0.112224   1.186486
C   -1.679387  -0.223148  -0.274172
O   -2.961933   0.333397  -0.473531
H   -3.175255   0.293214  -1.407286
H   -0.358311  -0.531909   1.379124
H   -2.082268  -0.648007   1.790390
H   -1.353725   0.933819   1.501749
H   -1.651432  -1.277524  -0.585129
H   -0.918604   0.297665  -0.872141
$end

$rem
JOBTYPE          eda
EDA2             1
METHOD           wB97M-V
BASIS            def2-TZVPPD
SYMMETRY         false
MEM_TOTAL        50000
MEM_STATIC       10000
THRESH           14
SCF_CONVERGENCE  8
XC_GRID          000099000590
NL_GRID          1
EDA_CLS_DISP     true
FD_MAT_VEC_PROD  FALSE
$end
--------------------------------------------------------------
 ----------------------------------------------------------------
             Standard Nuclear Orientation (Angstroms)
    I     Atom           X                Y                Z
 ----------------------------------------------------------------
    1      C       1.9640529720    -1.2417568479     0.1483987398
    2      C       2.3959078860     0.1607872561    -0.1750239239
    3      O       1.5097148805     1.0514820476     0.4693933568
    4      H       1.7896088274     1.9525251053     0.2976395727
    5      H       2.6421249810    -1.9696507000    -0.2996034869
    6      H       0.9573219593    -1.4324427988    -0.2296122512
    7      H       1.9553260418    -1.3961331267     1.2291607005
    8      H       2.3846148157     0.3166545362    -1.2641128831
    9      H       3.4286908977     0.3252092185     0.1634680589
   10      C      -1.3472981701     0.1122243372    -1.1864857202
   11      C      -1.6793870910     0.2231479450     0.2741723275
   12      O      -2.9619330528    -0.3333971679     0.4735312582
   13      H      -3.1752550008    -0.2932144187     1.4072862809
   14      H      -0.3583112013     0.5319094343    -1.3791236692
   15      H      -2.0822682306     0.6480074575    -1.7903895397
   16      H      -1.3537251381    -0.9338185819    -1.5017489893
   17      H      -1.6514321236     1.2775238662     0.5851295976
   18      H      -0.9186040315    -0.2976651726     0.8721411494
 ----------------------------------------------------------------
 Molecular Point Group                 C1    NOp =  1
 Largest Abelian Subgroup              C1    NOp =  1
 Nuclear Repulsion Energy =         251.53724044 hartrees
 There are       26 alpha and       26 beta electrons
 Requested basis set is def2-TZVPPD
 There are 164 shells and 432 basis functions

 Q-Chem warning in module libmdc/get_mega.C, line 171:

 Allowed MEM_STATIC has been capped at MEM_STATIC=8191.
 Reduce the value of MEM_STATIC to silence this warning.


 Total QAlloc Memory Limit  50000 MB
 Mega-Array Size      8007 MB
 MEM_STATIC part      8191 MB
 A cutoff of  1.0D-14 yielded  12436 shell pairs
 There are     85798 function pairs (    105541 Cartesian)
 Smallest overlap matrix eigenvalue = 6.92E-06

 Scale SEOQF with 1.000000e-01/1.000000e-01/1.000000e-01

 Standard Electronic Orientation quadrupole field applied
 Nucleus-field energy     =     0.0000000077 hartrees

 -----------------------------------------------------------------------
  General SCF calculation program by
  Eric Jon Sundstrom, Paul Horn, Yuezhi Mao, Dmitri Zuev, Alec White,
  David Stuck, Shaama M.S., Shane Yost, Joonho Lee, David Small,
  Daniel Levine, Susi Lehtola, Hugh Burton, Evgeny Epifanovsky,
  Bang C. Huynh
 -----------------------------------------------------------------------
================================================================
                 ALMO-EDA with the EDA2 driver                  
================================================================
 The second-generation ALMO-EDA (for DFT):                      
 P. R. Horn, Y. Mao and M. Head-Gordon, PCCP, 18, 23067 (2016)  
 Y. Mao et al. Annu. Rev. Phys. Chem. 72, 641 (2021)            
 Decomposition of the frozen energy:                            
 P. R. Horn, Y. Mao and M. Head-Gordon, JCP, 144, 114107 (2016) 
 FERF model for polarization:                                   
 P. R. Horn and M. Head-Gordon, JCP, 143, 114111 (2015)         
================================================================
 Using eda2 option set 1
 Option set summary: Frozen orbital wavefunction, initial wavefunction decomposition, and nDQ polarization.
--------------------------------
Printing EDA Options
--------------------------------
eda_child_super_basis      0
fragmo_guess_mode          0
child_mp                   1
child_mp_orders            232
cls_elec                   1
cls_disp                   1
scfmi_mode                 1
scfmi_occs                 0
scfmi_virts                0
frz_relax                  0
frz_relax_method           0
dc_pen_start               0
dc_pen_conv                0
dc_pen_increment           0
dc_pen_steps               0
dc_pen_thresh_factor       0
dc_pen_pre_newton_thresh   0
frz_ortho_decomp           1
frz_ortho_decomp_conv      6
plot_mo_ortho_frz          0
frgm_method                2
scfmi_freeze_ss            0
separate_rehyb             0
plot_diff_den              0
eda_nocv                   0
eda_vct_relax              1
disp_free_x                0
disp_free_c                0
eda_bsse                   0
eda_pct_a                  0
eda_covp                   0
--------------------------------
Attempting to make child job directory: /scratch/qchem148687//Frg1/
Attempting to make child job directory: /scratch/qchem148687//Frg2/
Creating input file /scratch/qchem148687/Frg1.input
using default PutDataFrgm: nothing
calling putenv with: QCSCRATCH=/scratch/qchem148687/ 
Spawning Job For Fragment 0
Done Job For Fragment 0
calling putenv with: QCSCRATCH=/scratch 
calling putenv with: QCTHREADS=6 
Creating input file /scratch/qchem148687/Frg2.input
using default PutDataFrgm: nothing
calling putenv with: QCSCRATCH=/scratch/qchem148687/ 
Spawning Job For Fragment 1
Done Job For Fragment 1
calling putenv with: QCSCRATCH=/scratch 
calling putenv with: QCTHREADS=6 
Doing General SCFMI
 Exchange:     0.1500 Hartree-Fock + 1.0000 wB97M-V + LR-HF
 Correlation:  1.0000 wB97M-V
 Using Euler-Maclaurin-Lebedev (99,590) quadrature formula
 Nonlocal Correlation:  VV10 with C = 0.0100 and b = 6.00 and scale = 1.00000
 Grid used for NLC:  SG-1 standard quadrature
performing fock build before subrot guess so that all methods have access
Printing subrot_rss_gen Method Specification:
Occupied Subspace Method is 0
Virtual Subspace Method is 0
Energy of the unrelaxed supersystem initial determinant -310.061056612707
write pseudocanon occs and virts to disk
write pseudocanon orbital energies to disk
Tolerance of ortho_decomp_scf: 1.00e-06
GDM subspace size: 20
Beginning the Orthogonal Decomposition of the Initial Supersystem Wavefunction
    1    -310.0376224610      5.70e-02     ortho_decomp Preconditoned Steepest Descent
    2    -310.0414548696      1.82e-03     ortho_decomp BFGS Step
    3    -310.0414730717      1.22e-04     ortho_decomp BFGS Step
    4    -310.0414730885      4.57e-06     ortho_decomp BFGS Step
    5    -310.0414730885      1.86e-07     ortho_decomp 00000 Convergence criterion met
 Hartree-Fock
 Hartree-Fock
 Hartree-Fock
 Exchange:     0.1500 Hartree-Fock + 1.0000 wB97M-V + LR-HF
 Correlation:  1.0000 wB97M-V
 Using Euler-Maclaurin-Lebedev (99,590) quadrature formula
 Nonlocal Correlation:  VV10 with C = 0.0100 and b = 6.00 and scale = 1.00000
 Grid used for NLC:  SG-1 standard quadrature
 Long-range K will be added via erf
 Coulomb attenuation parameter = 0.3 bohr**(-1)
 Nonlocal correlation = 2.041678246477e-01
Doing General SCFMI
 Exchange:     0.1500 Hartree-Fock + 1.0000 wB97M-V + LR-HF
 Correlation:  1.0000 wB97M-V
 Using Euler-Maclaurin-Lebedev (99,590) quadrature formula
 Nonlocal Correlation:  VV10 with C = 0.0100 and b = 6.00 and scale = 1.00000
 Grid used for NLC:  SG-1 standard quadrature
performing fock build at end of subrot_r(subrot) constructor so that all methods have access
<S^2> of initial wavefunction before polarization iterations 0.0000000000
Beginning iterations for the determination of the polarized wavefunction
Energy prior to optimization (guess energy) = -310.061056612707
Begin Timing: Total SCF Calculation
begin iterations for algorithm: DIIS         
the SCF tolerance is set to 1.00e-08
    1    -310.0610566127      1.35e-04     00000 
    2    -310.0615456862      5.79e-05     00000 
    3    -310.0615886626      3.37e-05     00000 
    4    -310.0616030631      8.89e-06     00000 
    5    -310.0616044765      2.84e-06     00000 
    6    -310.0616047271      1.26e-06     00000 
    7    -310.0616047856      4.43e-07     00000 
    8    -310.0616047949      1.56e-07     00000 
    9    -310.0616047955      9.00e-08     00000 
   10    -310.0616047956      3.16e-08     00000 
   11    -310.0616047956      1.33e-08     00000 
   12    -310.0616047957      5.84e-09     00000 Convergence criterion met
write pseudocanon occs and virts to disk
write pseudocanon orbital energies to disk
Timing for Total SCF: 287.00s (wall), 1722.08s (cpu)
<S^2> of polarized wavefunction after polarization iterations 0.0000000000
relaxing scfmi constraint to allow all rotations in the entire AO span
Doing General SCFMI
 Exchange:     0.1500 Hartree-Fock + 1.0000 wB97M-V + LR-HF
 Correlation:  1.0000 wB97M-V
 Using Euler-Maclaurin-Lebedev (99,590) quadrature formula
 Nonlocal Correlation:  VV10 with C = 0.0100 and b = 6.00 and scale = 1.00000
 Grid used for NLC:  SG-1 standard quadrature
performing fock build at end of subrot_r(subrot) constructor so that all methods have access
<S^2> of polarized wavefunction before ct-allowed iterations 0.0000000000
Beginning iterations for the determination of the CT-Allowed wavefunction
Energy prior to optimization (guess energy) = -310.061604795650
Begin Timing: Total SCF Calculation
begin iterations for algorithm: DIIS         
the SCF tolerance is set to 1.00e-08
    1    -310.0616047956      8.54e-05     00000 
    2    -310.0623229749      9.46e-06     00000 
    3    -310.0623424161      2.22e-06     00000 
    4    -310.0623428715      1.79e-06     00000 
    5    -310.0623430872      2.43e-07     00000 
    6    -310.0623430927      8.98e-08     00000 
    7    -310.0623430936      2.12e-08     00000 
    8    -310.0623430937      4.93e-09     00000 Convergence criterion met
write pseudocanon occs and virts to disk
write pseudocanon orbital energies to disk
Timing for Total SCF: 184.00s (wall), 1105.33s (cpu)
<S^2> of ct_allowed wavefunction after ct-allowed iterations 0.0000000000

================================
        Results of EDA2         
================================
Basic EDA Quantities
--------------------
Fragment Energies (Ha):
1 -155.0296049040
2 -155.0295580437
--------------------
  E_prp (kJ/mol) = 0.0000
  E_frz (kJ/mol) = -4.9719
  E_pol (kJ/mol) = -1.4393
  E_vct (kJ/mol) = -1.9384
  E_int (kJ/mol) = -8.3496
--------------------


Decomposition of frozen interaction energy
--------------------
  --------------------
  Orthogonal Frozen Decomposition:
  --------------------
     E_elec   (ELEC)   (kJ/mol) = -25.5875
     E_pauli  (PAULI)  (kJ/mol) = 35.6066
     E_disp   (DISP)   (kJ/mol) = -14.9909
  --------------------
  Classical Frozen Decomposition:
  --------------------
     E_cls_elec  (CLS ELEC)  (kJ/mol) = -9.8417
     E_mod_pauli (MOD PAULI) (kJ/mol) = 17.8722 (FRZ - CLS ELEC - CLS DISP)
     E_cls_disp  (CLS DISP)  (kJ/mol) = -13.0024
  --------------------
--------------------

Simplified EDA Summary (kJ/mol)
--------------------
 PREPARATION      0.0000
 FROZEN           -4.9719 (ELEC + PAULI + DISP)
[ELEC + PAULI = 8.0305, DISP = -13.0024]
 POLARIZATION    -1.4393
 CHARGE TRANSFER -1.9384
 TOTAL           -8.3496     (PRP + FRZ + POL + CT)
--------------------
 
 --------------------------------------------------------------
 
                    Orbital Energies (a.u.)
 --------------------------------------------------------------
 
 Alpha MOs
 -- Occupied --
-19.3379 -19.3214 -10.3917 -10.3732 -10.3314 -10.3174  -1.1593  -1.1424
 -0.8782  -0.8625  -0.7316  -0.7150  -0.6384  -0.6212  -0.5826  -0.5643
 -0.5180  -0.5017  -0.4882  -0.4753  -0.4700  -0.4561  -0.4433  -0.4247
 -0.3847  -0.3675
 -- Virtual --
  0.0297   0.0440   0.0536   0.0600   0.0706   0.0867   0.0880   0.0973
  0.1126   0.1191   0.1287   0.1324   0.1442   0.1583   0.1634   0.1698
  0.1769   0.1878   0.1892   0.1950   0.2007   0.2152   0.2208   0.2257
  0.2365   0.2400   0.2459   0.2620   0.2676   0.2720   0.2860   0.2866
  0.2940   0.2975   0.2986   0.3055   0.3099   0.3161   0.3169   0.3231
  0.3261   0.3380   0.3387   0.3475   0.3497   0.3503   0.3543   0.3585
  0.3673   0.3740   0.3779   0.3811   0.3925   0.3970   0.4022   0.4060
  0.4119   0.4147   0.4295   0.4354   0.4386   0.4431   0.4529   0.4591
  0.4670   0.4705   0.4734   0.4841   0.4922   0.4954   0.5001   0.5094
  0.5110   0.5234   0.5263   0.5344   0.5455   0.5530   0.5603   0.5620
  0.5708   0.5816   0.5893   0.6023   0.6120   0.6168   0.6278   0.6414
  0.6456   0.6487   0.6606   0.6726   0.6843   0.6965   0.7042   0.7133
  0.7193   0.7247   0.7372   0.7408   0.7551   0.7571   0.7647   0.7698
  0.7827   0.7853   0.7913   0.7940   0.8079   0.8137   0.8158   0.8256
  0.8277   0.8365   0.8659   0.8731   0.8962   0.9182   0.9233   0.9427
  0.9479   0.9613   0.9951   1.0025   1.0067   1.0296   1.0331   1.0370
  1.0621   1.0706   1.0839   1.0883   1.1159   1.1311   1.1528   1.1755
  1.1952   1.2176   1.2214   1.2285   1.2372   1.2471   1.2484   1.2608
  1.2737   1.2784   1.2922   1.2938   1.3136   1.3204   1.3351   1.3425
  1.3575   1.3727   1.3894   1.3994   1.4045   1.4151   1.4176   1.4361
  1.4542   1.4778   1.4888   1.4923   1.5122   1.5416   1.5534   1.5638
  1.5858   1.6040   1.6365   1.6516   1.6587   1.6683   1.6811   1.6975
  1.7057   1.7157   1.7387   1.7389   1.7566   1.7799   1.7944   1.8178
  1.8228   1.8558   1.9372   1.9764   1.9924   2.0010   2.0191   2.0381
  2.0632   2.1050   2.1147   2.1450   2.1630   2.1793   2.2570   2.2750
  2.2766   2.2994   2.3390   2.3553   2.3933   2.4143   2.4311   2.4562
  2.5269   2.5500   2.7019   2.7235   2.7262   2.7433   2.7627   2.7979
  2.8515   2.8685   2.8913   2.8955   2.9144   2.9258   2.9374   2.9558
  2.9622   2.9841   2.9872   3.0007   3.0140   3.0225   3.0327   3.0469
  3.0602   3.0923   3.1049   3.1252   3.1451   3.1560   3.1723   3.1885
  3.2062   3.2162   3.2271   3.2401   3.2537   3.2584   3.2698   3.2743
  3.2920   3.2975   3.3060   3.3188   3.3366   3.3639   3.3691   3.4088
  3.4300   3.4613   3.4692   3.5031   3.5114   3.5310   3.5426   3.5552
  3.5688   3.5811   3.5919   3.6134   3.6189   3.6352   3.6450   3.6590
  3.6886   3.7130   3.7405   3.7547   3.7645   3.7736   3.7993   3.8085
  3.8201   3.8395   3.9000   3.9245   3.9285   3.9506   4.0089   4.0224
  4.0280   4.0360   4.0506   4.0561   4.0678   4.0831   4.1041   4.1151
  4.1250   4.1400   4.1437   4.1522   4.1604   4.1725   4.1993   4.2165
  4.2209   4.2273   4.2525   4.2784   4.2885   4.3106   4.3240   4.3428
  4.3518   4.3536   4.3884   4.4052   4.4073   4.4367   4.4585   4.4801
  4.4980   4.5247   4.5305   4.5398   4.5607   4.5869   4.5947   4.6253
  4.6552   4.6768   4.6900   4.6985   4.7096   4.7270   4.8310   4.8513
  4.8604   4.8854   4.9306   4.9479   4.9561   4.9605   4.9750   4.9973
  5.0195   5.0284   5.0418   5.0680   5.1173   5.1343   5.2596   5.2730
  5.2965   5.3103   5.3234   5.3353   5.4168   5.4221   5.4370   5.4423
  5.4488   5.4517   5.4662   5.4939   5.5232   5.5597   5.5724   5.5968
  5.6302   5.6553   5.6704   5.6843   5.7569   5.7734   5.7992   5.8188
  5.8334   5.8552   5.9589   5.9731   6.1124   6.1286   6.2500   6.2652
  6.6796   6.6882   6.8272   6.8333   6.8759   6.8915   6.9568   6.9612
  7.0522   7.0756   7.3764   7.3806   7.5576   7.5694   7.7887   7.8102
 23.7448  23.8171  24.0856  24.1194  44.8085  44.8607
 --------------------------------------------------------------
 
          Ground-State Mulliken Net Atomic Charges

     Atom                 Charge (a.u.)
  ----------------------------------------
      1 C                    -0.858470
      2 C                    -0.314818
      3 O                    -0.339496
      4 H                     0.109669
      5 H                     0.333362
      6 H                     0.134702
      7 H                     0.252361
      8 H                     0.303658
      9 H                     0.381863
     10 C                    -0.992597
     11 C                    -0.034644
     12 O                    -0.405290
     13 H                     0.129807
     14 H                     0.231449
     15 H                     0.329452
     16 H                     0.251779
     17 H                     0.262539
     18 H                     0.224676
  ----------------------------------------
  Sum of atomic charges =     0.000000

 -----------------------------------------------------------------
                    Cartesian Multipole Moments
 -----------------------------------------------------------------
    Charge (ESU x 10^10)
                -0.0000
    Dipole Moment (Debye)
         X       2.4602      Y       1.0454      Z       0.3770
       Tot       2.6996
    Quadrupole Moments (Debye-Ang)
        XX     -41.5849     XY       0.0768     YY     -37.7288
        XZ      -4.9640     YZ      -0.7980     ZZ     -38.8587
    Octopole Moments (Debye-Ang^2)
       XXX      24.9739    XXY      10.1856    XYY       7.8287
       YYY      15.0146    XXZ      13.4600    XYZ       0.3902
       YYZ       1.4023    XZZ     -12.3911    YZZ      -0.6613
       ZZZ       9.6863
    Hexadecapole Moments (Debye-Ang^3)
      XXXX   -1120.2547   XXXY       9.4206   XXYY    -203.1560
      XYYY      27.8649   YYYY    -178.9111   XXXZ     -51.6002
      XXYZ      -3.3053   XYYZ      -1.2449   YYYZ       6.3148
      XXZZ    -178.4724   XYZZ       4.2407   YYZZ     -62.1320
      XZZZ     -23.1216   YZZZ      -3.2862   ZZZZ    -165.1896
 -----------------------------------------------------------------
 Total job time:  1499.63s(wall), 5520.55s(cpu) 
 Fri Feb 28 20:35:36 2025

        *************************************************************
        *                                                           *
        *  Thank you very much for using Q-Chem.  Have a nice day.  *
        *                                                           *
        *************************************************************


