
Running Job 1 of 1 004_ethanol_dimer_73_almo.inp
qchem 004_ethanol_dimer_73_almo.inp_175888.0 /scratch/qchem175888/ 6
/home/kchung25/qchem/5.4.0/exe/qcprog.exe_s 004_ethanol_dimer_73_almo.inp_175888.0 /scratch/qchem175888/
                  Welcome to Q-Chem
     A Quantum Leap Into The Future Of Chemistry


 Q-Chem 5.4, Q-Chem, Inc., Pleasanton, CA (2021)

 E. Epifanovsky,  A. T. B. Gilbert,  Xintian Feng,  Joonho Lee,  Yuezhi Mao,  
 N. Mardirossian,  P. Pokhilko,  A. White,  M. Wormit,  M. P. Coons,  
 A. L. Dempwolff,  Zhengting Gan,  D. Hait,  P. R. Horn,  L. D. Jacobson,  
 I. Kaliman,  J. Kussmann,  A. W. Lange,  Ka Un Lao,  D. S. Levine,  Jie Liu,  
 S. C. McKenzie,  A. F. Morrison,  K. Nanda,  F. Plasser,  D. R. Rehn,  
 M. L. Vidal,  Zhi-Qiang You,  Ying Zhu,  B. Alam,  B. Albrecht,  
 A. Aldossary,  E. Alguire,  J. H. Andersen,  D. Barton,  K. Begam,  A. Behn,  
 Y. A. Bernard,  E. J. Berquist,  H. Burton,  A. Carreras,  K. Carter-Fenk,  
 Romit Chakraborty,  A. D. Chien,  K. D. Closser,  V. Cofer-Shabica,  
 S. Dasgupta,  Jia Deng,  M. de Wergifosse,  M. Diedenhofen,  Hainam Do,  
 S. Ehlert,  Po-Tung Fang,  S. Fatehi,  Qingguo Feng,  T. Friedhoff,  
 J. Gayvert,  Qinghui Ge,  G. Gidofalvi,  M. Goldey,  J. Gomes,  
 C. Gonzalez-Espinoza,  S. Gulania,  A. Gunina,  M. W. D. Hanson-Heine,  
 P. H. P. Harbach,  A. W. Hauser,  M. F. Herbst,  M. Hernandez Vera,  
 M. Hodecker,  Z. C. Holden,  S. Houck,  Xunkun Huang,  Kerwin Hui,  
 B. C. Huynh,  M. Ivanov,  Hyunjun Ji,  Hanjie Jiang,  B. Kaduk,  S. Kaehler,  
 K. Khistyaev,  Jaehoon Kim,  P. Klunzinger,  Z. Koczor-Benda,  
 Joong Hoon Koh,  D. Kosenkov,  L. Koulias,  T. Kowalczyk,  C. M. Krauter,  
 K. Kue,  A. Kunitsa,  T. Kus,  A. Landau,  K. V. Lawler,  D. Lefrancois,  
 S. Lehtola,  Rain Li,  Yi-Pei Li,  Jiashu Liang,  M. Liebenthal,  
 Hung-Hsuan Lin,  You-Sheng Lin,  Fenglai Liu,  Kuan-Yu Liu,  
 M. Loipersberger,  A. Luenser,  A. Manjanath,  P. Manohar,  E. Mansoor,  
 S. F. Manzer,  Shan-Ping Mao,  A. V. Marenich,  T. Markovich,  S. Mason,  
 S. A. Maurer,  P. F. McLaughlin,  M. F. S. J. Menger,  J.-M. Mewes,  
 S. A. Mewes,  P. Morgante,  J. W. Mullinax,  K. J. Oosterbaan,  G. Paran,  
 Alexander C. Paul,  Suranjan K. Paul,  F. Pavosevic,  Zheng Pei,  S. Prager,  
 E. I. Proynov,  E. Ramos,  B. Rana,  A. E. Rask,  A. Rettig,  R. M. Richard,  
 F. Rob,  E. Rossomme,  T. Scheele,  M. Scheurer,  M. Schneider,  
 N. Sergueev,  S. M. Sharada,  W. Skomorowski,  D. W. Small,  C. J. Stein,  
 Yu-Chuan Su,  E. J. Sundstrom,  Zhen Tao,  J. Thirman,  T. Tsuchimochi,  
 N. M. Tubman,  S. P. Veccham,  O. Vydrov,  J. Wenzel,  J. Witte,  A. Yamada,  
 Kun Yao,  S. Yeganeh,  S. R. Yost,  A. Zech,  Igor Ying Zhang,  Xing Zhang,  
 Yu Zhang,  D. Zuev,  A. Aspuru-Guzik,  A. T. Bell,  N. A. Besley,  
 K. B. Bravaya,  B. R. Brooks,  D. Casanova,  Jeng-Da Chai,  S. Coriani,  
 C. J. Cramer,  A. E. DePrince, III,  R. A. DiStasio Jr.,  A. Dreuw,  
 B. D. Dunietz,  T. R. Furlani,  W. A. Goddard III,  S. Grimme,  
 S. Hammes-Schiffer,  T. Head-Gordon,  W. J. Hehre,  Chao-Ping Hsu,  
 T.-C. Jagau,  Yousung Jung,  A. Klamt,  Jing Kong,  D. S. Lambrecht,  
 WanZhen Liang,  N. J. Mayhall,  C. W. McCurdy,  J. B. Neaton,  T. Neudecker,  
 C. Ochsenfeld,  J. A. Parkhill,  R. Peverati,  V. A. Rassolov,  Yihan Shao,  
 L. V. Slipchenko,  R. P. Steele,  J. E. Subotnik,  A. J. W. Thom,  
 A. Tkatchenko,  D. G. Truhlar,  T. Van Voorhis,  T. A. Wesolowski,  
 K. B. Whaley,  H. L. Woodcock III,  P. M. Zimmerman,  S. Faraji,  
 P. M. W. Gill,  M. Head-Gordon,  J. M. Herbert,  A. I. Krylov

 Additional authors since Version 5.4.0: 
 Chandrima Chakravarty,  L. Cunha,  R. Kang,  Yongbin Kim,  S. Kotaru,  
 Shaozhi Li,  Xiangyuan Li,  F. Matz,  A. Molle,  V. Parravicini,  
 Haisheng Ren,  Hengyuan Shen,  Yingli Su,  Hung-Yi Tsai,  C. Utku,  
 Fang Wang,  Jeff Yang,  F. Zeller

 Contributors to earlier versions of Q-Chem not listed above: 
 R. D. Adamson,  B. Austin,  R. Baer,  J. Baker,  G. J. O. Beran,  
 K. Brandhorst,  S. T. Brown,  E. F. C. Byrd,  Arup K. Chakraborty,  
 G. K. L. Chan,  Chun-Min Chang,  Yunqing Chen,  C.-L. Cheng,  
 Siu Hung Chien,  D. M. Chipman,  D. L. Crittenden,  H. Dachsel,  
 R. J. Doerksen,  A. D. Dutoi,  R. G. Edgar,  J. Fosso-Tande,  
 L. Fusti-Molnar,  D. Ghosh,  A. Ghysels,  A. Golubeva-Zadorozhnaya,  
 J. Gonthier,  M. S. Gordon,  S. R. Gwaltney,  G. Hawkins,  J. E. Herr,  
 A. Heyden,  S. Hirata,  E. G. Hohenstein,  G. Kedziora,  F. J. Keil,  
 C. Kelley,  Jihan Kim,  R. A. King,  R. Z. Khaliullin,  P. P. Korambath,  
 W. Kurlancheek,  A. Laurent,  A. M. Lee,  M. S. Lee,  S. V. Levchenko,  
 Ching Yeh Lin,  D. Liotard,  E. Livshits,  R. C. Lochan,  I. Lotan,  
 L. A. Martinez-Martinez,  P. E. Maslen,  N. Nair,  D. P. O'Neill,  
 D. Neuhauser,  E. Neuscamman,  C. M. Oana,  R. Olivares-Amaya,  R. Olson,  
 T. M. Perrine,  B. Peters,  P. A. Pieniazek,  A. Prociuk,  Y. M. Rhee,  
 J. Ritchie,  M. A. Rohrdanz,  E. Rosta,  N. J. Russ,  H. F. Schaefer III,  
 M. W. Schmidt,  N. E. Schultz,  S. Sharma,  N. Shenvi,  C. D. Sherrill,  
 A. C. Simmonett,  A. Sodt,  T. Stein,  D. Stuck,  K. S. Thanthiriwatte,  
 V. Vanovschi,  L. Vogt,  Tao Wang,  A. Warshel,  M. A. Watson,  
 C. F. Williams,  Q. Wu,  X. Xu,  Jun Yang,  W. Zhang,  Yan Zhao

   Please cite Q-Chem as follows:
  "Software for the frontiers of quantum chemistry:
   An overview of developments in the Q-Chem 5 package"
   J. Chem. Phys. 155, 084801 (2021)
   https://doi.org/10.1063/5.0055522 (open access)

 Q-Chem 5.4.2 for Intel X86 EM64T Linux

 Parts of Q-Chem use Armadillo 9.900.5 (Nocturnal Misbehaviour).
 http://arma.sourceforge.net/

 Q-Chem begins on Sat Mar  1 06:00:59 2025  

 Host: 
0

     Scratch files written to /scratch/qchem175888//
 Dec1321 |scratch|qcdevops|jenkins|workspace|build_RNUM 5684   
 Processing $rem in /home/kchung25/qchem/5.4.0/config/preferences:
 Processing $rem in /home/kchung25/.qchemrc:

 Q-Chem warning in module libgen/rem_setup.C, line 3079:

 Neither GIA nor STOLL is specified by user. Use STOLL as the default


 Checking the input file for inconsistencies... 	...done.

--------------------------------------------------------------
User input:
--------------------------------------------------------------
$molecule
0 1
--
0 1
C   -1.798382   1.057763  -0.551942
C   -1.814818  -0.406295  -0.189193
O   -3.049397  -0.818684   0.346059
H   -3.242730  -0.276030   1.114633
H   -0.850112   1.341314  -1.015457
H   -1.931597   1.681753   0.337635
H   -2.605197   1.289255  -1.249672
H   -0.988671  -0.633582   0.502743
H   -1.653153  -1.020307  -1.079540
--
0 1
C    1.629798   0.588371   1.028772
C    1.941199   0.106999  -0.366559
O    3.130895  -0.641920  -0.428788
H    3.045305  -1.396141   0.159733
H    0.731724   1.211321   1.040556
H    2.460966   1.172875   1.427467
H    1.456130  -0.256248   1.703056
H    2.086917   0.957394  -1.038537
H    1.091649  -0.467795  -0.767251
$end

$rem
JOBTYPE          eda
EDA2             1
METHOD           wB97M-V
BASIS            def2-TZVPPD
SYMMETRY         false
MEM_TOTAL        50000
MEM_STATIC       10000
THRESH           14
SCF_CONVERGENCE  8
XC_GRID          000099000590
NL_GRID          1
EDA_CLS_DISP     true
FD_MAT_VEC_PROD  FALSE
$end
--------------------------------------------------------------
 ----------------------------------------------------------------
             Standard Nuclear Orientation (Angstroms)
    I     Atom           X                Y                Z
 ----------------------------------------------------------------
    1      C       1.7983819183    -1.0577629562    -0.5519420164
    2      C       1.8148179448     0.4062950615    -0.1891930890
    3      O       3.0493969595     0.8186840707     0.3460588698
    4      H       3.2427299649     0.2760301060     1.1146328934
    5      H       0.8501119065    -1.3413139659    -1.0154569864
    6      H       1.9315969245    -1.6817529141     0.3376350122
    7      H       2.6051969033    -1.2892550019    -1.2496720185
    8      H       0.9886709596     0.6335821072     0.5027429136
    9      H       1.6531529384     1.0203070197    -1.0795401167
   10      C      -1.6297980486    -0.5883708303     1.0287720180
   11      C      -1.9411990653    -0.1069988949    -0.3665590006
   12      O      -3.1308950559     0.6419201186    -0.4287880176
   13      H      -3.0453050355     1.3961411465     0.1597329437
   14      H      -0.7317240571    -1.2113208422     1.0405560337
   15      H      -2.4609660501    -1.1728747990     1.4274670609
   16      H      -1.4561300255     0.2562482006     1.7030559733
   17      H      -2.0869170885    -0.9573939261    -1.0385369561
   18      H      -1.0916490641     0.4677950734    -0.7672510432
 ----------------------------------------------------------------
 Molecular Point Group                 C1    NOp =  1
 Largest Abelian Subgroup              C1    NOp =  1
 Nuclear Repulsion Energy =         244.14360226 hartrees
 There are       26 alpha and       26 beta electrons
 Requested basis set is def2-TZVPPD
 There are 164 shells and 432 basis functions

 Q-Chem warning in module libmdc/get_mega.C, line 171:

 Allowed MEM_STATIC has been capped at MEM_STATIC=8191.
 Reduce the value of MEM_STATIC to silence this warning.


 Total QAlloc Memory Limit  50000 MB
 Mega-Array Size      8007 MB
 MEM_STATIC part      8191 MB
 A cutoff of  1.0D-14 yielded  12326 shell pairs
 There are     84630 function pairs (    103849 Cartesian)
 Smallest overlap matrix eigenvalue = 6.60E-06

 Scale SEOQF with 1.000000e-01/1.000000e-01/1.000000e-01

 Standard Electronic Orientation quadrupole field applied
 Nucleus-field energy     =     0.0000000096 hartrees

 -----------------------------------------------------------------------
  General SCF calculation program by
  Eric Jon Sundstrom, Paul Horn, Yuezhi Mao, Dmitri Zuev, Alec White,
  David Stuck, Shaama M.S., Shane Yost, Joonho Lee, David Small,
  Daniel Levine, Susi Lehtola, Hugh Burton, Evgeny Epifanovsky,
  Bang C. Huynh
 -----------------------------------------------------------------------
================================================================
                 ALMO-EDA with the EDA2 driver                  
================================================================
 The second-generation ALMO-EDA (for DFT):                      
 P. R. Horn, Y. Mao and M. Head-Gordon, PCCP, 18, 23067 (2016)  
 Y. Mao et al. Annu. Rev. Phys. Chem. 72, 641 (2021)            
 Decomposition of the frozen energy:                            
 P. R. Horn, Y. Mao and M. Head-Gordon, JCP, 144, 114107 (2016) 
 FERF model for polarization:                                   
 P. R. Horn and M. Head-Gordon, JCP, 143, 114111 (2015)         
================================================================
 Using eda2 option set 1
 Option set summary: Frozen orbital wavefunction, initial wavefunction decomposition, and nDQ polarization.
--------------------------------
Printing EDA Options
--------------------------------
eda_child_super_basis      0
fragmo_guess_mode          0
child_mp                   1
child_mp_orders            232
cls_elec                   1
cls_disp                   1
scfmi_mode                 1
scfmi_occs                 0
scfmi_virts                0
frz_relax                  0
frz_relax_method           0
dc_pen_start               0
dc_pen_conv                0
dc_pen_increment           0
dc_pen_steps               0
dc_pen_thresh_factor       0
dc_pen_pre_newton_thresh   0
frz_ortho_decomp           1
frz_ortho_decomp_conv      6
plot_mo_ortho_frz          0
frgm_method                2
scfmi_freeze_ss            0
separate_rehyb             0
plot_diff_den              0
eda_nocv                   0
eda_vct_relax              1
disp_free_x                0
disp_free_c                0
eda_bsse                   0
eda_pct_a                  0
eda_covp                   0
--------------------------------
Attempting to make child job directory: /scratch/qchem175888//Frg1/
Attempting to make child job directory: /scratch/qchem175888//Frg2/
Creating input file /scratch/qchem175888/Frg1.input
using default PutDataFrgm: nothing
calling putenv with: QCSCRATCH=/scratch/qchem175888/ 
Spawning Job For Fragment 0
Done Job For Fragment 0
calling putenv with: QCSCRATCH=/scratch 
calling putenv with: QCTHREADS=6 
Creating input file /scratch/qchem175888/Frg2.input
using default PutDataFrgm: nothing
calling putenv with: QCSCRATCH=/scratch/qchem175888/ 
Spawning Job For Fragment 1
Done Job For Fragment 1
calling putenv with: QCSCRATCH=/scratch 
calling putenv with: QCTHREADS=6 
Doing General SCFMI
 Exchange:     0.1500 Hartree-Fock + 1.0000 wB97M-V + LR-HF
 Correlation:  1.0000 wB97M-V
 Using Euler-Maclaurin-Lebedev (99,590) quadrature formula
 Nonlocal Correlation:  VV10 with C = 0.0100 and b = 6.00 and scale = 1.00000
 Grid used for NLC:  SG-1 standard quadrature
performing fock build before subrot guess so that all methods have access
Printing subrot_rss_gen Method Specification:
Occupied Subspace Method is 0
Virtual Subspace Method is 0
Energy of the unrelaxed supersystem initial determinant -310.059627095006
write pseudocanon occs and virts to disk
write pseudocanon orbital energies to disk
Tolerance of ortho_decomp_scf: 1.00e-06
GDM subspace size: 20
Beginning the Orthogonal Decomposition of the Initial Supersystem Wavefunction
    1    -310.0448944661      3.34e-02     ortho_decomp Preconditoned Steepest Descent
    2    -310.0466944962      1.07e-03     ortho_decomp BFGS Step
    3    -310.0467013180      6.48e-05     ortho_decomp BFGS Step
    4    -310.0467013293      3.58e-06     ortho_decomp BFGS Step
    5    -310.0467013294      1.26e-07     ortho_decomp 00000 Convergence criterion met
 Hartree-Fock
 Hartree-Fock
 Hartree-Fock
 Exchange:     0.1500 Hartree-Fock + 1.0000 wB97M-V + LR-HF
 Correlation:  1.0000 wB97M-V
 Using Euler-Maclaurin-Lebedev (99,590) quadrature formula
 Nonlocal Correlation:  VV10 with C = 0.0100 and b = 6.00 and scale = 1.00000
 Grid used for NLC:  SG-1 standard quadrature
 Long-range K will be added via erf
 Coulomb attenuation parameter = 0.3 bohr**(-1)
 Nonlocal correlation = 2.046186834817e-01
Doing General SCFMI
 Exchange:     0.1500 Hartree-Fock + 1.0000 wB97M-V + LR-HF
 Correlation:  1.0000 wB97M-V
 Using Euler-Maclaurin-Lebedev (99,590) quadrature formula
 Nonlocal Correlation:  VV10 with C = 0.0100 and b = 6.00 and scale = 1.00000
 Grid used for NLC:  SG-1 standard quadrature
performing fock build at end of subrot_r(subrot) constructor so that all methods have access
<S^2> of initial wavefunction before polarization iterations 0.0000000000
Beginning iterations for the determination of the polarized wavefunction
Energy prior to optimization (guess energy) = -310.059627095005
Begin Timing: Total SCF Calculation
begin iterations for algorithm: DIIS         
the SCF tolerance is set to 1.00e-08
    1    -310.0596270950      9.82e-05     00000 
    2    -310.0599073258      3.75e-05     00000 
    3    -310.0599300205      2.00e-05     00000 
    4    -310.0599359623      7.82e-06     00000 
    5    -310.0599369778      2.90e-06     00000 
    6    -310.0599372799      1.33e-06     00000 
    7    -310.0599373425      4.42e-07     00000 
    8    -310.0599373503      1.06e-07     00000 
    9    -310.0599373506      3.72e-08     00000 
   10    -310.0599373506      1.85e-08     00000 
   11    -310.0599373506      8.12e-09     00000 Convergence criterion met
write pseudocanon occs and virts to disk
write pseudocanon orbital energies to disk
Timing for Total SCF: 260.00s (wall), 1558.85s (cpu)
<S^2> of polarized wavefunction after polarization iterations 0.0000000000
relaxing scfmi constraint to allow all rotations in the entire AO span
Doing General SCFMI
 Exchange:     0.1500 Hartree-Fock + 1.0000 wB97M-V + LR-HF
 Correlation:  1.0000 wB97M-V
 Using Euler-Maclaurin-Lebedev (99,590) quadrature formula
 Nonlocal Correlation:  VV10 with C = 0.0100 and b = 6.00 and scale = 1.00000
 Grid used for NLC:  SG-1 standard quadrature
performing fock build at end of subrot_r(subrot) constructor so that all methods have access
<S^2> of polarized wavefunction before ct-allowed iterations 0.0000000000
Beginning iterations for the determination of the CT-Allowed wavefunction
Energy prior to optimization (guess energy) = -310.059937350595
Begin Timing: Total SCF Calculation
begin iterations for algorithm: DIIS         
the SCF tolerance is set to 1.00e-08
    1    -310.0599373506      8.20e-05     00000 
    2    -310.0605228967      8.11e-06     00000 
    3    -310.0605370120      1.43e-06     00000 
    4    -310.0605373509      7.69e-07     00000 
    5    -310.0605374058      1.38e-07     00000 
    6    -310.0605374079      7.40e-08     00000 
    7    -310.0605374084      1.81e-08     00000 
    8    -310.0605374084      3.52e-09     00000 Convergence criterion met
write pseudocanon occs and virts to disk
write pseudocanon orbital energies to disk
Timing for Total SCF: 181.00s (wall), 1088.27s (cpu)
<S^2> of ct_allowed wavefunction after ct-allowed iterations 0.0000000000

================================
        Results of EDA2         
================================
Basic EDA Quantities
--------------------
Fragment Energies (Ha):
1 -155.0293768244
2 -155.0293850236
--------------------
  E_prp (kJ/mol) = -0.0000
  E_frz (kJ/mol) = -2.2717
  E_pol (kJ/mol) = -0.8146
  E_vct (kJ/mol) = -1.5755
  E_int (kJ/mol) = -4.6618
--------------------


Decomposition of frozen interaction energy
--------------------
  --------------------
  Orthogonal Frozen Decomposition:
  --------------------
     E_elec   (ELEC)   (kJ/mol) = -13.8116
     E_pauli  (PAULI)  (kJ/mol) = 23.8795
     E_disp   (DISP)   (kJ/mol) = -12.3396
  --------------------
  Classical Frozen Decomposition:
  --------------------
     E_cls_elec  (CLS ELEC)  (kJ/mol) = -4.6265
     E_mod_pauli (MOD PAULI) (kJ/mol) = 13.3190 (FRZ - CLS ELEC - CLS DISP)
     E_cls_disp  (CLS DISP)  (kJ/mol) = -10.9642
  --------------------
--------------------

Simplified EDA Summary (kJ/mol)
--------------------
 PREPARATION      -0.0000
 FROZEN           -2.2717 (ELEC + PAULI + DISP)
[ELEC + PAULI = 8.6925, DISP = -10.9642]
 POLARIZATION    -0.8146
 CHARGE TRANSFER -1.5755
 TOTAL           -4.6618     (PRP + FRZ + POL + CT)
--------------------
 
 --------------------------------------------------------------
 
                    Orbital Energies (a.u.)
 --------------------------------------------------------------
 
 Alpha MOs
 -- Occupied --
-19.3348 -19.3342 -10.3910 -10.3907 -10.3385 -10.3380  -1.1576  -1.1571
 -0.8806  -0.8734  -0.7476  -0.7467  -0.6251  -0.6144  -0.5702  -0.5679
 -0.5544  -0.5443  -0.4917  -0.4888  -0.4788  -0.4772  -0.4325  -0.4319
 -0.3878  -0.3812
 -- Virtual --
  0.0290   0.0414   0.0509   0.0532   0.0720   0.0760   0.0830   0.0982
  0.1101   0.1115   0.1246   0.1274   0.1337   0.1475   0.1537   0.1581
  0.1718   0.1775   0.1807   0.1907   0.1971   0.2008   0.2117   0.2153
  0.2307   0.2314   0.2389   0.2428   0.2569   0.2604   0.2728   0.2785
  0.2849   0.2901   0.2927   0.2971   0.3056   0.3082   0.3163   0.3236
  0.3252   0.3332   0.3359   0.3399   0.3446   0.3512   0.3525   0.3592
  0.3666   0.3688   0.3758   0.3827   0.3869   0.3926   0.3981   0.4060
  0.4068   0.4177   0.4254   0.4281   0.4381   0.4440   0.4515   0.4559
  0.4599   0.4692   0.4738   0.4832   0.4882   0.4938   0.5010   0.5044
  0.5135   0.5206   0.5250   0.5352   0.5367   0.5436   0.5542   0.5650
  0.5704   0.5723   0.5877   0.5975   0.6061   0.6140   0.6171   0.6272
  0.6377   0.6456   0.6471   0.6542   0.6572   0.6593   0.6672   0.6981
  0.7146   0.7155   0.7291   0.7428   0.7467   0.7523   0.7574   0.7628
  0.7743   0.7790   0.7853   0.7945   0.7971   0.8036   0.8120   0.8237
  0.8374   0.8486   0.8622   0.8699   0.8872   0.9066   0.9247   0.9337
  0.9594   0.9678   0.9718   0.9767   0.9977   1.0079   1.0095   1.0315
  1.0425   1.0496   1.0531   1.0618   1.1029   1.1278   1.1387   1.1458
  1.1626   1.1666   1.1890   1.1961   1.2079   1.2162   1.2270   1.2393
  1.2586   1.2663   1.2695   1.2783   1.2849   1.3050   1.3134   1.3402
  1.3460   1.3648   1.3875   1.3904   1.3964   1.4040   1.4099   1.4226
  1.4371   1.4686   1.4816   1.4979   1.5136   1.5187   1.5465   1.5633
  1.5761   1.5919   1.6098   1.6269   1.6512   1.6692   1.6726   1.6880
  1.6960   1.7032   1.7147   1.7508   1.7561   1.7738   1.7898   1.7965
  1.8105   1.8261   1.9494   1.9621   1.9699   2.0161   2.0241   2.0384
  2.0737   2.0773   2.1114   2.1380   2.1866   2.1943   2.2052   2.2211
  2.2676   2.2907   2.3418   2.3525   2.3811   2.4101   2.4463   2.4528
  2.4825   2.4928   2.6800   2.6890   2.7408   2.7512   2.7925   2.8061
  2.8294   2.8327   2.8752   2.8925   2.9118   2.9180   2.9230   2.9333
  2.9355   2.9490   2.9757   2.9915   2.9977   3.0127   3.0271   3.0426
  3.0504   3.0661   3.0815   3.0852   3.0914   3.0933   3.1565   3.1633
  3.1913   3.1964   3.2232   3.2359   3.2475   3.2616   3.2642   3.2785
  3.2977   3.2992   3.3087   3.3224   3.3362   3.3388   3.3672   3.3730
  3.4101   3.4245   3.4462   3.4580   3.4707   3.4746   3.5415   3.5516
  3.5769   3.5867   3.5926   3.6126   3.6182   3.6212   3.6512   3.6649
  3.6945   3.7186   3.7263   3.7373   3.7545   3.7633   3.7945   3.8048
  3.8222   3.8398   3.8445   3.8472   3.9061   3.9368   3.9803   3.9850
  4.0077   4.0128   4.0285   4.0393   4.0517   4.0582   4.0986   4.1031
  4.1094   4.1270   4.1336   4.1440   4.1808   4.1864   4.2003   4.2072
  4.2272   4.2377   4.2551   4.2786   4.2841   4.2928   4.3024   4.3146
  4.3224   4.3279   4.3686   4.3771   4.4299   4.4343   4.4479   4.4526
  4.4798   4.4932   4.5085   4.5147   4.5211   4.5758   4.6026   4.6465
  4.6848   4.6874   4.6924   4.7069   4.7325   4.7372   4.7988   4.8118
  4.8170   4.8272   4.9473   4.9507   4.9738   4.9869   4.9949   5.0059
  5.0473   5.0581   5.0644   5.0803   5.1302   5.1426   5.2203   5.2216
  5.2846   5.2955   5.3290   5.3389   5.3970   5.4082   5.4179   5.4249
  5.4286   5.4521   5.4699   5.4847   5.4913   5.5597   5.5820   5.5892
  5.6102   5.6114   5.6676   5.6862   5.7330   5.7404   5.7497   5.7674
  5.8020   5.8377   5.9037   5.9062   6.1145   6.1168   6.2921   6.3021
  6.6543   6.6554   6.8139   6.8173   6.8882   6.8944   6.9695   6.9772
  7.0671   7.0729   7.3826   7.3833   7.5461   7.5471   7.7710   7.7741
 23.7628  23.7767  24.0756  24.0839  44.7918  44.8019
 --------------------------------------------------------------
 
          Ground-State Mulliken Net Atomic Charges

     Atom                 Charge (a.u.)
  ----------------------------------------
      1 C                    -0.939544
      2 C                     0.052231
      3 O                    -0.412246
      4 H                     0.128587
      5 H                     0.204585
      6 H                     0.264659
      7 H                     0.340430
      8 H                     0.110189
      9 H                     0.249317
     10 C                    -0.922116
     11 C                     0.032059
     12 O                    -0.409808
     13 H                     0.124593
     14 H                     0.195826
     15 H                     0.335815
     16 H                     0.258956
     17 H                     0.248052
     18 H                     0.138415
  ----------------------------------------
  Sum of atomic charges =     0.000000

 -----------------------------------------------------------------
                    Cartesian Multipole Moments
 -----------------------------------------------------------------
    Charge (ESU x 10^10)
                -0.0000
    Dipole Moment (Debye)
         X       0.3679      Y      -1.0261      Z       1.4784
       Tot       1.8369
    Quadrupole Moments (Debye-Ang)
        XX     -52.8053     XY      -5.3713     YY     -40.2301
        XZ      -1.3509     YZ       0.8374     ZZ     -39.1683
    Octopole Moments (Debye-Ang^2)
       XXX      14.2333    XXY     -12.2701    XYY     -13.1982
       YYY       8.3720    XXZ      21.9255    XYZ      -6.9431
       YYZ       0.3427    XZZ       8.6369    YZZ       1.3553
       ZZZ       2.1101
    Hexadecapole Moments (Debye-Ang^3)
      XXXX   -1492.2990   XXXY     -55.7182   XXYY    -245.2239
      XYYY     -18.3903   YYYY    -193.0200   XXXZ       2.8764
      XXYZ      10.5443   XYYZ      -5.2156   YYYZ      -0.1125
      XXZZ    -225.3777   XYZZ       3.1559   YYZZ     -58.6823
      XZZZ      15.9563   YZZZ       2.3794   ZZZZ    -160.8282
 -----------------------------------------------------------------
 Total job time:  1478.17s(wall), 5284.70s(cpu) 
 Sat Mar  1 06:25:37 2025

        *************************************************************
        *                                                           *
        *  Thank you very much for using Q-Chem.  Have a nice day.  *
        *                                                           *
        *************************************************************


