
Running Job 1 of 1 004_ethanol_dimer_74_almo.inp
qchem 004_ethanol_dimer_74_almo.inp_178519.0 /scratch/qchem178519/ 6
/home/kchung25/qchem/5.4.0/exe/qcprog.exe_s 004_ethanol_dimer_74_almo.inp_178519.0 /scratch/qchem178519/
                  Welcome to Q-Chem
     A Quantum Leap Into The Future Of Chemistry


 Q-Chem 5.4, Q-Chem, Inc., Pleasanton, CA (2021)

 E. Epifanovsky,  A. T. B. Gilbert,  Xintian Feng,  Joonho Lee,  Yuezhi Mao,  
 N. Mardirossian,  P. Pokhilko,  A. White,  M. Wormit,  M. P. Coons,  
 A. L. Dempwolff,  Zhengting Gan,  D. Hait,  P. R. Horn,  L. D. Jacobson,  
 I. Kaliman,  J. Kussmann,  A. W. Lange,  Ka Un Lao,  D. S. Levine,  Jie Liu,  
 S. C. McKenzie,  A. F. Morrison,  K. Nanda,  F. Plasser,  D. R. Rehn,  
 M. L. Vidal,  Zhi-Qiang You,  Ying Zhu,  B. Alam,  B. Albrecht,  
 A. Aldossary,  E. Alguire,  J. H. Andersen,  D. Barton,  K. Begam,  A. Behn,  
 Y. A. Bernard,  E. J. Berquist,  H. Burton,  A. Carreras,  K. Carter-Fenk,  
 Romit Chakraborty,  A. D. Chien,  K. D. Closser,  V. Cofer-Shabica,  
 S. Dasgupta,  Jia Deng,  M. de Wergifosse,  M. Diedenhofen,  Hainam Do,  
 S. Ehlert,  Po-Tung Fang,  S. Fatehi,  Qingguo Feng,  T. Friedhoff,  
 J. Gayvert,  Qinghui Ge,  G. Gidofalvi,  M. Goldey,  J. Gomes,  
 C. Gonzalez-Espinoza,  S. Gulania,  A. Gunina,  M. W. D. Hanson-Heine,  
 P. H. P. Harbach,  A. W. Hauser,  M. F. Herbst,  M. Hernandez Vera,  
 M. Hodecker,  Z. C. Holden,  S. Houck,  Xunkun Huang,  Kerwin Hui,  
 B. C. Huynh,  M. Ivanov,  Hyunjun Ji,  Hanjie Jiang,  B. Kaduk,  S. Kaehler,  
 K. Khistyaev,  Jaehoon Kim,  P. Klunzinger,  Z. Koczor-Benda,  
 Joong Hoon Koh,  D. Kosenkov,  L. Koulias,  T. Kowalczyk,  C. M. Krauter,  
 K. Kue,  A. Kunitsa,  T. Kus,  A. Landau,  K. V. Lawler,  D. Lefrancois,  
 S. Lehtola,  Rain Li,  Yi-Pei Li,  Jiashu Liang,  M. Liebenthal,  
 Hung-Hsuan Lin,  You-Sheng Lin,  Fenglai Liu,  Kuan-Yu Liu,  
 M. Loipersberger,  A. Luenser,  A. Manjanath,  P. Manohar,  E. Mansoor,  
 S. F. Manzer,  Shan-Ping Mao,  A. V. Marenich,  T. Markovich,  S. Mason,  
 S. A. Maurer,  P. F. McLaughlin,  M. F. S. J. Menger,  J.-M. Mewes,  
 S. A. Mewes,  P. Morgante,  J. W. Mullinax,  K. J. Oosterbaan,  G. Paran,  
 Alexander C. Paul,  Suranjan K. Paul,  F. Pavosevic,  Zheng Pei,  S. Prager,  
 E. I. Proynov,  E. Ramos,  B. Rana,  A. E. Rask,  A. Rettig,  R. M. Richard,  
 F. Rob,  E. Rossomme,  T. Scheele,  M. Scheurer,  M. Schneider,  
 N. Sergueev,  S. M. Sharada,  W. Skomorowski,  D. W. Small,  C. J. Stein,  
 Yu-Chuan Su,  E. J. Sundstrom,  Zhen Tao,  J. Thirman,  T. Tsuchimochi,  
 N. M. Tubman,  S. P. Veccham,  O. Vydrov,  J. Wenzel,  J. Witte,  A. Yamada,  
 Kun Yao,  S. Yeganeh,  S. R. Yost,  A. Zech,  Igor Ying Zhang,  Xing Zhang,  
 Yu Zhang,  D. Zuev,  A. Aspuru-Guzik,  A. T. Bell,  N. A. Besley,  
 K. B. Bravaya,  B. R. Brooks,  D. Casanova,  Jeng-Da Chai,  S. Coriani,  
 C. J. Cramer,  A. E. DePrince, III,  R. A. DiStasio Jr.,  A. Dreuw,  
 B. D. Dunietz,  T. R. Furlani,  W. A. Goddard III,  S. Grimme,  
 S. Hammes-Schiffer,  T. Head-Gordon,  W. J. Hehre,  Chao-Ping Hsu,  
 T.-C. Jagau,  Yousung Jung,  A. Klamt,  Jing Kong,  D. S. Lambrecht,  
 WanZhen Liang,  N. J. Mayhall,  C. W. McCurdy,  J. B. Neaton,  T. Neudecker,  
 C. Ochsenfeld,  J. A. Parkhill,  R. Peverati,  V. A. Rassolov,  Yihan Shao,  
 L. V. Slipchenko,  R. P. Steele,  J. E. Subotnik,  A. J. W. Thom,  
 A. Tkatchenko,  D. G. Truhlar,  T. Van Voorhis,  T. A. Wesolowski,  
 K. B. Whaley,  H. L. Woodcock III,  P. M. Zimmerman,  S. Faraji,  
 P. M. W. Gill,  M. Head-Gordon,  J. M. Herbert,  A. I. Krylov

 Additional authors since Version 5.4.0: 
 Chandrima Chakravarty,  L. Cunha,  R. Kang,  Yongbin Kim,  S. Kotaru,  
 Shaozhi Li,  Xiangyuan Li,  F. Matz,  A. Molle,  V. Parravicini,  
 Haisheng Ren,  Hengyuan Shen,  Yingli Su,  Hung-Yi Tsai,  C. Utku,  
 Fang Wang,  Jeff Yang,  F. Zeller

 Contributors to earlier versions of Q-Chem not listed above: 
 R. D. Adamson,  B. Austin,  R. Baer,  J. Baker,  G. J. O. Beran,  
 K. Brandhorst,  S. T. Brown,  E. F. C. Byrd,  Arup K. Chakraborty,  
 G. K. L. Chan,  Chun-Min Chang,  Yunqing Chen,  C.-L. Cheng,  
 Siu Hung Chien,  D. M. Chipman,  D. L. Crittenden,  H. Dachsel,  
 R. J. Doerksen,  A. D. Dutoi,  R. G. Edgar,  J. Fosso-Tande,  
 L. Fusti-Molnar,  D. Ghosh,  A. Ghysels,  A. Golubeva-Zadorozhnaya,  
 J. Gonthier,  M. S. Gordon,  S. R. Gwaltney,  G. Hawkins,  J. E. Herr,  
 A. Heyden,  S. Hirata,  E. G. Hohenstein,  G. Kedziora,  F. J. Keil,  
 C. Kelley,  Jihan Kim,  R. A. King,  R. Z. Khaliullin,  P. P. Korambath,  
 W. Kurlancheek,  A. Laurent,  A. M. Lee,  M. S. Lee,  S. V. Levchenko,  
 Ching Yeh Lin,  D. Liotard,  E. Livshits,  R. C. Lochan,  I. Lotan,  
 L. A. Martinez-Martinez,  P. E. Maslen,  N. Nair,  D. P. O'Neill,  
 D. Neuhauser,  E. Neuscamman,  C. M. Oana,  R. Olivares-Amaya,  R. Olson,  
 T. M. Perrine,  B. Peters,  P. A. Pieniazek,  A. Prociuk,  Y. M. Rhee,  
 J. Ritchie,  M. A. Rohrdanz,  E. Rosta,  N. J. Russ,  H. F. Schaefer III,  
 M. W. Schmidt,  N. E. Schultz,  S. Sharma,  N. Shenvi,  C. D. Sherrill,  
 A. C. Simmonett,  A. Sodt,  T. Stein,  D. Stuck,  K. S. Thanthiriwatte,  
 V. Vanovschi,  L. Vogt,  Tao Wang,  A. Warshel,  M. A. Watson,  
 C. F. Williams,  Q. Wu,  X. Xu,  Jun Yang,  W. Zhang,  Yan Zhao

   Please cite Q-Chem as follows:
  "Software for the frontiers of quantum chemistry:
   An overview of developments in the Q-Chem 5 package"
   J. Chem. Phys. 155, 084801 (2021)
   https://doi.org/10.1063/5.0055522 (open access)

 Q-Chem 5.4.2 for Intel X86 EM64T Linux

 Parts of Q-Chem use Armadillo 9.900.5 (Nocturnal Misbehaviour).
 http://arma.sourceforge.net/

 Q-Chem begins on Sat Mar  1 06:25:38 2025  

 Host: 
0

     Scratch files written to /scratch/qchem178519//
 Dec1321 |scratch|qcdevops|jenkins|workspace|build_RNUM 5684   
 Processing $rem in /home/kchung25/qchem/5.4.0/config/preferences:
 Processing $rem in /home/kchung25/.qchemrc:

 Q-Chem warning in module libgen/rem_setup.C, line 3079:

 Neither GIA nor STOLL is specified by user. Use STOLL as the default


 Checking the input file for inconsistencies... 	...done.

--------------------------------------------------------------
User input:
--------------------------------------------------------------
$molecule
0 1
--
0 1
C   -1.732810  -1.268731  -0.367624
C   -2.069534  -0.138921   0.571733
O   -2.634802   0.966272  -0.094040
H   -2.064545   1.201880  -0.830910
H   -1.322067  -2.124778   0.172076
H   -0.981882  -0.951469  -1.099656
H   -2.619791  -1.594560  -0.914044
H   -1.174693   0.160376   1.139728
H   -2.812332  -0.457922   1.307278
--
0 1
C    1.398325   1.156271  -0.143975
C    1.794865  -0.291953   0.001437
O    3.176624  -0.455459   0.209650
H    3.644650  -0.053235  -0.526357
H    0.314612   1.263583  -0.241364
H    1.857981   1.602125  -1.031019
H    1.717921   1.730622   0.727399
H    1.455032  -0.869471  -0.871841
H    1.305465  -0.733649   0.874407
$end

$rem
JOBTYPE          eda
EDA2             1
METHOD           wB97M-V
BASIS            def2-TZVPPD
SYMMETRY         false
MEM_TOTAL        50000
MEM_STATIC       10000
THRESH           14
SCF_CONVERGENCE  8
XC_GRID          000099000590
NL_GRID          1
EDA_CLS_DISP     true
FD_MAT_VEC_PROD  FALSE
$end
--------------------------------------------------------------
 ----------------------------------------------------------------
             Standard Nuclear Orientation (Angstroms)
    I     Atom           X                Y                Z
 ----------------------------------------------------------------
    1      C      -1.7328101249    -1.2687309287    -0.3676241200
    2      C      -2.0695341145    -0.1389208455     0.5717327837
    3      O      -2.6348019763     0.9662721569    -0.0940403296
    4      H      -2.0645448988     1.2018800683    -0.8309102980
    5      H      -1.3220672338    -2.1247779270     0.1720759655
    6      H      -0.9818820415    -0.9514690308    -1.0996560788
    7      H      -2.6197911056    -1.5945598944    -0.9140441717
    8      H      -1.1746931375     0.1603761210     1.1397278376
    9      H      -2.8123321982    -0.4579217438     1.3072777432
   10      C       1.3983250422     1.1562708460    -0.1439750155
   11      C       1.7948649199    -0.2919531754     0.0014371051
   12      O       3.1766238906    -0.4554592681     0.2096502267
   13      H       3.6446499808    -0.0532353489    -0.5263567601
   14      H       0.3146120583     1.2635829228    -0.2413641096
   15      H       1.8579811479     1.6021247566    -1.0310190057
   16      H       1.7179210157     1.7306218749     0.7273989752
   17      H       1.4550319463    -0.8694712029    -0.8718408870
   18      H       1.3054648157    -0.7336490846     0.8744070926
 ----------------------------------------------------------------
 Molecular Point Group                 C1    NOp =  1
 Largest Abelian Subgroup              C1    NOp =  1
 Nuclear Repulsion Energy =         246.88644613 hartrees
 There are       26 alpha and       26 beta electrons
 Requested basis set is def2-TZVPPD
 There are 164 shells and 432 basis functions

 Q-Chem warning in module libmdc/get_mega.C, line 171:

 Allowed MEM_STATIC has been capped at MEM_STATIC=8191.
 Reduce the value of MEM_STATIC to silence this warning.


 Total QAlloc Memory Limit  50000 MB
 Mega-Array Size      8007 MB
 MEM_STATIC part      8191 MB
 A cutoff of  1.0D-14 yielded  12426 shell pairs
 There are     85434 function pairs (    104918 Cartesian)
 Smallest overlap matrix eigenvalue = 5.16E-06

 Scale SEOQF with 1.000000e-01/1.000000e-01/1.000000e-01

 Standard Electronic Orientation quadrupole field applied
 Nucleus-field energy     =     0.0000000111 hartrees

 -----------------------------------------------------------------------
  General SCF calculation program by
  Eric Jon Sundstrom, Paul Horn, Yuezhi Mao, Dmitri Zuev, Alec White,
  David Stuck, Shaama M.S., Shane Yost, Joonho Lee, David Small,
  Daniel Levine, Susi Lehtola, Hugh Burton, Evgeny Epifanovsky,
  Bang C. Huynh
 -----------------------------------------------------------------------
================================================================
                 ALMO-EDA with the EDA2 driver                  
================================================================
 The second-generation ALMO-EDA (for DFT):                      
 P. R. Horn, Y. Mao and M. Head-Gordon, PCCP, 18, 23067 (2016)  
 Y. Mao et al. Annu. Rev. Phys. Chem. 72, 641 (2021)            
 Decomposition of the frozen energy:                            
 P. R. Horn, Y. Mao and M. Head-Gordon, JCP, 144, 114107 (2016) 
 FERF model for polarization:                                   
 P. R. Horn and M. Head-Gordon, JCP, 143, 114111 (2015)         
================================================================
 Using eda2 option set 1
 Option set summary: Frozen orbital wavefunction, initial wavefunction decomposition, and nDQ polarization.
--------------------------------
Printing EDA Options
--------------------------------
eda_child_super_basis      0
fragmo_guess_mode          0
child_mp                   1
child_mp_orders            232
cls_elec                   1
cls_disp                   1
scfmi_mode                 1
scfmi_occs                 0
scfmi_virts                0
frz_relax                  0
frz_relax_method           0
dc_pen_start               0
dc_pen_conv                0
dc_pen_increment           0
dc_pen_steps               0
dc_pen_thresh_factor       0
dc_pen_pre_newton_thresh   0
frz_ortho_decomp           1
frz_ortho_decomp_conv      6
plot_mo_ortho_frz          0
frgm_method                2
scfmi_freeze_ss            0
separate_rehyb             0
plot_diff_den              0
eda_nocv                   0
eda_vct_relax              1
disp_free_x                0
disp_free_c                0
eda_bsse                   0
eda_pct_a                  0
eda_covp                   0
--------------------------------
Attempting to make child job directory: /scratch/qchem178519//Frg1/
Attempting to make child job directory: /scratch/qchem178519//Frg2/
Creating input file /scratch/qchem178519/Frg1.input
using default PutDataFrgm: nothing
calling putenv with: QCSCRATCH=/scratch/qchem178519/ 
Spawning Job For Fragment 0
Done Job For Fragment 0
calling putenv with: QCSCRATCH=/scratch 
calling putenv with: QCTHREADS=6 
Creating input file /scratch/qchem178519/Frg2.input
using default PutDataFrgm: nothing
calling putenv with: QCSCRATCH=/scratch/qchem178519/ 
Spawning Job For Fragment 1
Done Job For Fragment 1
calling putenv with: QCSCRATCH=/scratch 
calling putenv with: QCTHREADS=6 
Doing General SCFMI
 Exchange:     0.1500 Hartree-Fock + 1.0000 wB97M-V + LR-HF
 Correlation:  1.0000 wB97M-V
 Using Euler-Maclaurin-Lebedev (99,590) quadrature formula
 Nonlocal Correlation:  VV10 with C = 0.0100 and b = 6.00 and scale = 1.00000
 Grid used for NLC:  SG-1 standard quadrature
performing fock build before subrot guess so that all methods have access
Printing subrot_rss_gen Method Specification:
Occupied Subspace Method is 0
Virtual Subspace Method is 0
Energy of the unrelaxed supersystem initial determinant -310.059256635909
write pseudocanon occs and virts to disk
write pseudocanon orbital energies to disk
Tolerance of ortho_decomp_scf: 1.00e-06
GDM subspace size: 20
Beginning the Orthogonal Decomposition of the Initial Supersystem Wavefunction
    1    -310.0445236757      3.18e-02     ortho_decomp Preconditoned Steepest Descent
    2    -310.0458855271      8.94e-04     ortho_decomp BFGS Step
    3    -310.0458901396      5.95e-05     ortho_decomp BFGS Step
    4    -310.0458901473      2.78e-06     ortho_decomp BFGS Step
    5    -310.0458901474      9.57e-08     ortho_decomp 00000 Convergence criterion met
 Hartree-Fock
 Hartree-Fock
 Hartree-Fock
 Exchange:     0.1500 Hartree-Fock + 1.0000 wB97M-V + LR-HF
 Correlation:  1.0000 wB97M-V
 Using Euler-Maclaurin-Lebedev (99,590) quadrature formula
 Nonlocal Correlation:  VV10 with C = 0.0100 and b = 6.00 and scale = 1.00000
 Grid used for NLC:  SG-1 standard quadrature
 Long-range K will be added via erf
 Coulomb attenuation parameter = 0.3 bohr**(-1)
 Nonlocal correlation = 2.044176833540e-01
Doing General SCFMI
 Exchange:     0.1500 Hartree-Fock + 1.0000 wB97M-V + LR-HF
 Correlation:  1.0000 wB97M-V
 Using Euler-Maclaurin-Lebedev (99,590) quadrature formula
 Nonlocal Correlation:  VV10 with C = 0.0100 and b = 6.00 and scale = 1.00000
 Grid used for NLC:  SG-1 standard quadrature
performing fock build at end of subrot_r(subrot) constructor so that all methods have access
<S^2> of initial wavefunction before polarization iterations 0.0000000000
Beginning iterations for the determination of the polarized wavefunction
Energy prior to optimization (guess energy) = -310.059256635909
Begin Timing: Total SCF Calculation
begin iterations for algorithm: DIIS         
the SCF tolerance is set to 1.00e-08
    1    -310.0592566359      1.11e-04     00000 
    2    -310.0596239691      4.52e-05     00000 
    3    -310.0596571061      2.06e-05     00000 
    4    -310.0596645076      9.66e-06     00000 
    5    -310.0596660624      3.43e-06     00000 
    6    -310.0596665012      1.43e-06     00000 
    7    -310.0596665724      5.35e-07     00000 
    8    -310.0596665833      1.40e-07     00000 
    9    -310.0596665839      5.33e-08     00000 
   10    -310.0596665839      3.14e-08     00000 
   11    -310.0596665839      1.25e-08     00000 
   12    -310.0596665839      5.67e-09     00000 Convergence criterion met
write pseudocanon occs and virts to disk
write pseudocanon orbital energies to disk
Timing for Total SCF: 287.00s (wall), 1720.44s (cpu)
<S^2> of polarized wavefunction after polarization iterations 0.0000000000
relaxing scfmi constraint to allow all rotations in the entire AO span
Doing General SCFMI
 Exchange:     0.1500 Hartree-Fock + 1.0000 wB97M-V + LR-HF
 Correlation:  1.0000 wB97M-V
 Using Euler-Maclaurin-Lebedev (99,590) quadrature formula
 Nonlocal Correlation:  VV10 with C = 0.0100 and b = 6.00 and scale = 1.00000
 Grid used for NLC:  SG-1 standard quadrature
performing fock build at end of subrot_r(subrot) constructor so that all methods have access
<S^2> of polarized wavefunction before ct-allowed iterations 0.0000000000
Beginning iterations for the determination of the CT-Allowed wavefunction
Energy prior to optimization (guess energy) = -310.059666583941
Begin Timing: Total SCF Calculation
begin iterations for algorithm: DIIS         
the SCF tolerance is set to 1.00e-08
    1    -310.0596665839      8.39e-05     00000 
    2    -310.0603521446      9.07e-06     00000 
    3    -310.0603694562      1.57e-06     00000 
    4    -310.0603698306      8.67e-07     00000 
    5    -310.0603698997      1.60e-07     00000 
    6    -310.0603699022      8.45e-08     00000 
    7    -310.0603699027      1.90e-08     00000 
    8    -310.0603699028      3.68e-09     00000 Convergence criterion met
write pseudocanon occs and virts to disk
write pseudocanon orbital energies to disk
Timing for Total SCF: 184.00s (wall), 1102.00s (cpu)
<S^2> of ct_allowed wavefunction after ct-allowed iterations 0.0000000000

================================
        Results of EDA2         
================================
Basic EDA Quantities
--------------------
Fragment Energies (Ha):
1 -155.0293221154
2 -155.0293666629
--------------------
  E_prp (kJ/mol) = 0.0000
  E_frz (kJ/mol) = -1.4909
  E_pol (kJ/mol) = -1.0763
  E_vct (kJ/mol) = -1.8466
  E_int (kJ/mol) = -4.4138
--------------------


Decomposition of frozen interaction energy
--------------------
  --------------------
  Orthogonal Frozen Decomposition:
  --------------------
     E_elec   (ELEC)   (kJ/mol) = -13.5952
     E_pauli  (PAULI)  (kJ/mol) = 25.2091
     E_disp   (DISP)   (kJ/mol) = -13.1048
  --------------------
  Classical Frozen Decomposition:
  --------------------
     E_cls_elec  (CLS ELEC)  (kJ/mol) = -3.4391
     E_mod_pauli (MOD PAULI) (kJ/mol) = 13.7510 (FRZ - CLS ELEC - CLS DISP)
     E_cls_disp  (CLS DISP)  (kJ/mol) = -11.8028
  --------------------
--------------------

Simplified EDA Summary (kJ/mol)
--------------------
 PREPARATION      0.0000
 FROZEN           -1.4909 (ELEC + PAULI + DISP)
[ELEC + PAULI = 10.3118, DISP = -11.8028]
 POLARIZATION    -1.0763
 CHARGE TRANSFER -1.8466
 TOTAL           -4.4138     (PRP + FRZ + POL + CT)
--------------------
 
 --------------------------------------------------------------
 
                    Orbital Energies (a.u.)
 --------------------------------------------------------------
 
 Alpha MOs
 -- Occupied --
-19.3360 -19.3349 -10.3925 -10.3898 -10.3407 -10.3382  -1.1589  -1.1572
 -0.8809  -0.8745  -0.7497  -0.7470  -0.6215  -0.6182  -0.5737  -0.5661
 -0.5533  -0.5487  -0.4925  -0.4893  -0.4784  -0.4778  -0.4353  -0.4317
 -0.3862  -0.3837
 -- Virtual --
  0.0288   0.0451   0.0512   0.0568   0.0740   0.0779   0.0852   0.0996
  0.1103   0.1153   0.1165   0.1275   0.1362   0.1423   0.1532   0.1612
  0.1670   0.1730   0.1847   0.1870   0.1978   0.2060   0.2143   0.2198
  0.2298   0.2371   0.2395   0.2533   0.2608   0.2678   0.2724   0.2807
  0.2824   0.2930   0.2955   0.2992   0.3065   0.3106   0.3158   0.3221
  0.3330   0.3348   0.3365   0.3408   0.3424   0.3472   0.3567   0.3578
  0.3683   0.3701   0.3779   0.3798   0.3847   0.3943   0.3995   0.4051
  0.4075   0.4190   0.4288   0.4308   0.4352   0.4460   0.4487   0.4534
  0.4656   0.4676   0.4694   0.4771   0.4821   0.4859   0.4929   0.5025
  0.5151   0.5178   0.5250   0.5293   0.5391   0.5439   0.5524   0.5593
  0.5739   0.5847   0.5871   0.6109   0.6147   0.6279   0.6284   0.6356
  0.6459   0.6562   0.6618   0.6668   0.6723   0.6887   0.6918   0.7015
  0.7158   0.7170   0.7357   0.7408   0.7456   0.7538   0.7589   0.7641
  0.7682   0.7773   0.7795   0.7864   0.8004   0.8077   0.8096   0.8320
  0.8391   0.8475   0.8585   0.8725   0.8755   0.8973   0.9119   0.9146
  0.9296   0.9367   0.9592   0.9809   0.9983   1.0036   1.0146   1.0206
  1.0359   1.0664   1.0734   1.0885   1.1044   1.1259   1.1360   1.1404
  1.1677   1.1730   1.1924   1.2084   1.2119   1.2255   1.2357   1.2466
  1.2493   1.2546   1.2770   1.2946   1.3029   1.3066   1.3331   1.3416
  1.3469   1.3668   1.3849   1.3962   1.4019   1.4156   1.4196   1.4320
  1.4432   1.4513   1.4708   1.4911   1.4990   1.5142   1.5242   1.5510
  1.5705   1.5876   1.6024   1.6251   1.6487   1.6614   1.6732   1.6861
  1.6935   1.7144   1.7255   1.7316   1.7434   1.7650   1.7881   1.8050
  1.8144   1.8292   1.9401   1.9657   1.9946   2.0161   2.0237   2.0327
  2.0719   2.0944   2.1174   2.1412   2.1708   2.1979   2.2185   2.2302
  2.2640   2.2819   2.3479   2.3744   2.3822   2.3963   2.4398   2.4581
  2.4805   2.5278   2.6865   2.6978   2.7045   2.7699   2.7945   2.8088
  2.8342   2.8465   2.8499   2.8797   2.9002   2.9063   2.9228   2.9338
  2.9475   2.9559   2.9672   2.9784   2.9968   2.9992   3.0304   3.0412
  3.0493   3.0597   3.0793   3.0826   3.0954   3.1426   3.1599   3.1627
  3.1770   3.1957   3.2190   3.2358   3.2442   3.2683   3.2732   3.2787
  3.2951   3.2977   3.3121   3.3191   3.3270   3.3458   3.3623   3.3947
  3.4079   3.4115   3.4566   3.4654   3.4930   3.5050   3.5145   3.5411
  3.5723   3.5795   3.5888   3.6117   3.6264   3.6558   3.6591   3.6728
  3.6966   3.7198   3.7268   3.7462   3.7498   3.7660   3.7806   3.7919
  3.8095   3.8256   3.8461   3.8692   3.9065   3.9311   3.9713   3.9914
  4.0008   4.0080   4.0291   4.0364   4.0483   4.0527   4.0848   4.0886
  4.1177   4.1254   4.1394   4.1571   4.1685   4.1901   4.1934   4.2029
  4.2107   4.2307   4.2591   4.2651   4.2751   4.2943   4.3063   4.3219
  4.3326   4.3428   4.3663   4.3787   4.4131   4.4192   4.4481   4.4616
  4.4803   4.4877   4.4918   4.5354   4.5435   4.5666   4.5999   4.6323
  4.6663   4.6779   4.6960   4.7237   4.7325   4.7562   4.7897   4.8068
  4.8091   4.8532   4.9407   4.9500   4.9578   4.9898   4.9928   5.0047
  5.0419   5.0592   5.0643   5.0879   5.1271   5.1470   5.2048   5.2191
  5.2886   5.2975   5.3270   5.3358   5.4008   5.4076   5.4251   5.4313
  5.4352   5.4471   5.4576   5.4739   5.5121   5.5709   5.5754   5.5837
  5.6077   5.6179   5.6598   5.6781   5.7302   5.7375   5.7424   5.7954
  5.8141   5.8250   5.8968   5.9006   6.1157   6.1231   6.2957   6.3017
  6.6533   6.6566   6.8133   6.8412   6.8875   6.8924   6.9707   6.9938
  7.0682   7.0806   7.3642   7.3798   7.5468   7.5501   7.7646   7.7855
 23.7644  23.7710  24.0499  24.0917  44.7334  44.8160
 --------------------------------------------------------------
 
          Ground-State Mulliken Net Atomic Charges

     Atom                 Charge (a.u.)
  ----------------------------------------
      1 C                    -0.838191
      2 C                    -0.140094
      3 O                    -0.398499
      4 H                     0.141434
      5 H                     0.264122
      6 H                     0.164267
      7 H                     0.337576
      8 H                     0.183010
      9 H                     0.288898
     10 C                    -0.753298
     11 C                    -0.071944
     12 O                    -0.417831
     13 H                     0.138884
     14 H                     0.067254
     15 H                     0.348014
     16 H                     0.262793
     17 H                     0.226116
     18 H                     0.197488
  ----------------------------------------
  Sum of atomic charges =     0.000000

 -----------------------------------------------------------------
                    Cartesian Multipole Moments
 -----------------------------------------------------------------
    Charge (ESU x 10^10)
                 0.0000
    Dipole Moment (Debye)
         X       0.6723      Y      -0.0839      Z      -1.6096
       Tot       1.7464
    Quadrupole Moments (Debye-Ang)
        XX     -49.5977     XY       7.2163     YY     -42.1195
        XZ      -4.7772     YZ      -1.5071     ZZ     -38.7829
    Octopole Moments (Debye-Ang^2)
       XXX      21.7571    XXY      -0.5116    XYY       1.0177
       YYY       1.2826    XXZ     -18.0943    XYZ       3.6055
       YYZ      -1.5836    XZZ      -0.4560    YZZ       2.2606
       ZZZ      -0.8776
    Hexadecapole Moments (Debye-Ang^3)
      XXXX   -1266.6240   XXXY      69.3301   XXYY    -265.2353
      XYYY      -7.2097   YYYY    -266.5166   XXXZ     -78.6822
      XXYZ      -3.6678   XYYZ       5.8221   YYYZ      -6.2183
      XXZZ    -204.1267   XYZZ      -5.9158   YYZZ     -57.3812
      XZZZ      -0.4853   YZZZ      -3.6526   ZZZZ    -100.3736
 -----------------------------------------------------------------
 Total job time:  1508.34s(wall), 5484.99s(cpu) 
 Sat Mar  1 06:50:46 2025

        *************************************************************
        *                                                           *
        *  Thank you very much for using Q-Chem.  Have a nice day.  *
        *                                                           *
        *************************************************************


