
Running Job 1 of 1 004_ethanol_dimer_02_almo.inp
qchem 004_ethanol_dimer_02_almo.inp_9511.0 /scratch/qchem9511/ 6
/home/kchung25/qchem/5.4.0/exe/qcprog.exe_s 004_ethanol_dimer_02_almo.inp_9511.0 /scratch/qchem9511/
                  Welcome to Q-Chem
     A Quantum Leap Into The Future Of Chemistry


 Q-Chem 5.4, Q-Chem, Inc., Pleasanton, CA (2021)

 E. Epifanovsky,  A. T. B. Gilbert,  Xintian Feng,  Joonho Lee,  Yuezhi Mao,  
 N. Mardirossian,  P. Pokhilko,  A. White,  M. Wormit,  M. P. Coons,  
 A. L. Dempwolff,  Zhengting Gan,  D. Hait,  P. R. Horn,  L. D. Jacobson,  
 I. Kaliman,  J. Kussmann,  A. W. Lange,  Ka Un Lao,  D. S. Levine,  Jie Liu,  
 S. C. McKenzie,  A. F. Morrison,  K. Nanda,  F. Plasser,  D. R. Rehn,  
 M. L. Vidal,  Zhi-Qiang You,  Ying Zhu,  B. Alam,  B. Albrecht,  
 A. Aldossary,  E. Alguire,  J. H. Andersen,  D. Barton,  K. Begam,  A. Behn,  
 Y. A. Bernard,  E. J. Berquist,  H. Burton,  A. Carreras,  K. Carter-Fenk,  
 Romit Chakraborty,  A. D. Chien,  K. D. Closser,  V. Cofer-Shabica,  
 S. Dasgupta,  Jia Deng,  M. de Wergifosse,  M. Diedenhofen,  Hainam Do,  
 S. Ehlert,  Po-Tung Fang,  S. Fatehi,  Qingguo Feng,  T. Friedhoff,  
 J. Gayvert,  Qinghui Ge,  G. Gidofalvi,  M. Goldey,  J. Gomes,  
 C. Gonzalez-Espinoza,  S. Gulania,  A. Gunina,  M. W. D. Hanson-Heine,  
 P. H. P. Harbach,  A. W. Hauser,  M. F. Herbst,  M. Hernandez Vera,  
 M. Hodecker,  Z. C. Holden,  S. Houck,  Xunkun Huang,  Kerwin Hui,  
 B. C. Huynh,  M. Ivanov,  Hyunjun Ji,  Hanjie Jiang,  B. Kaduk,  S. Kaehler,  
 K. Khistyaev,  Jaehoon Kim,  P. Klunzinger,  Z. Koczor-Benda,  
 Joong Hoon Koh,  D. Kosenkov,  L. Koulias,  T. Kowalczyk,  C. M. Krauter,  
 K. Kue,  A. Kunitsa,  T. Kus,  A. Landau,  K. V. Lawler,  D. Lefrancois,  
 S. Lehtola,  Rain Li,  Yi-Pei Li,  Jiashu Liang,  M. Liebenthal,  
 Hung-Hsuan Lin,  You-Sheng Lin,  Fenglai Liu,  Kuan-Yu Liu,  
 M. Loipersberger,  A. Luenser,  A. Manjanath,  P. Manohar,  E. Mansoor,  
 S. F. Manzer,  Shan-Ping Mao,  A. V. Marenich,  T. Markovich,  S. Mason,  
 S. A. Maurer,  P. F. McLaughlin,  M. F. S. J. Menger,  J.-M. Mewes,  
 S. A. Mewes,  P. Morgante,  J. W. Mullinax,  K. J. Oosterbaan,  G. Paran,  
 Alexander C. Paul,  Suranjan K. Paul,  F. Pavosevic,  Zheng Pei,  S. Prager,  
 E. I. Proynov,  E. Ramos,  B. Rana,  A. E. Rask,  A. Rettig,  R. M. Richard,  
 F. Rob,  E. Rossomme,  T. Scheele,  M. Scheurer,  M. Schneider,  
 N. Sergueev,  S. M. Sharada,  W. Skomorowski,  D. W. Small,  C. J. Stein,  
 Yu-Chuan Su,  E. J. Sundstrom,  Zhen Tao,  J. Thirman,  T. Tsuchimochi,  
 N. M. Tubman,  S. P. Veccham,  O. Vydrov,  J. Wenzel,  J. Witte,  A. Yamada,  
 Kun Yao,  S. Yeganeh,  S. R. Yost,  A. Zech,  Igor Ying Zhang,  Xing Zhang,  
 Yu Zhang,  D. Zuev,  A. Aspuru-Guzik,  A. T. Bell,  N. A. Besley,  
 K. B. Bravaya,  B. R. Brooks,  D. Casanova,  Jeng-Da Chai,  S. Coriani,  
 C. J. Cramer,  A. E. DePrince, III,  R. A. DiStasio Jr.,  A. Dreuw,  
 B. D. Dunietz,  T. R. Furlani,  W. A. Goddard III,  S. Grimme,  
 S. Hammes-Schiffer,  T. Head-Gordon,  W. J. Hehre,  Chao-Ping Hsu,  
 T.-C. Jagau,  Yousung Jung,  A. Klamt,  Jing Kong,  D. S. Lambrecht,  
 WanZhen Liang,  N. J. Mayhall,  C. W. McCurdy,  J. B. Neaton,  T. Neudecker,  
 C. Ochsenfeld,  J. A. Parkhill,  R. Peverati,  V. A. Rassolov,  Yihan Shao,  
 L. V. Slipchenko,  R. P. Steele,  J. E. Subotnik,  A. J. W. Thom,  
 A. Tkatchenko,  D. G. Truhlar,  T. Van Voorhis,  T. A. Wesolowski,  
 K. B. Whaley,  H. L. Woodcock III,  P. M. Zimmerman,  S. Faraji,  
 P. M. W. Gill,  M. Head-Gordon,  J. M. Herbert,  A. I. Krylov

 Additional authors since Version 5.4.0: 
 Chandrima Chakravarty,  L. Cunha,  R. Kang,  Yongbin Kim,  S. Kotaru,  
 Shaozhi Li,  Xiangyuan Li,  F. Matz,  A. Molle,  V. Parravicini,  
 Haisheng Ren,  Hengyuan Shen,  Yingli Su,  Hung-Yi Tsai,  C. Utku,  
 Fang Wang,  Jeff Yang,  F. Zeller

 Contributors to earlier versions of Q-Chem not listed above: 
 R. D. Adamson,  B. Austin,  R. Baer,  J. Baker,  G. J. O. Beran,  
 K. Brandhorst,  S. T. Brown,  E. F. C. Byrd,  Arup K. Chakraborty,  
 G. K. L. Chan,  Chun-Min Chang,  Yunqing Chen,  C.-L. Cheng,  
 Siu Hung Chien,  D. M. Chipman,  D. L. Crittenden,  H. Dachsel,  
 R. J. Doerksen,  A. D. Dutoi,  R. G. Edgar,  J. Fosso-Tande,  
 L. Fusti-Molnar,  D. Ghosh,  A. Ghysels,  A. Golubeva-Zadorozhnaya,  
 J. Gonthier,  M. S. Gordon,  S. R. Gwaltney,  G. Hawkins,  J. E. Herr,  
 A. Heyden,  S. Hirata,  E. G. Hohenstein,  G. Kedziora,  F. J. Keil,  
 C. Kelley,  Jihan Kim,  R. A. King,  R. Z. Khaliullin,  P. P. Korambath,  
 W. Kurlancheek,  A. Laurent,  A. M. Lee,  M. S. Lee,  S. V. Levchenko,  
 Ching Yeh Lin,  D. Liotard,  E. Livshits,  R. C. Lochan,  I. Lotan,  
 L. A. Martinez-Martinez,  P. E. Maslen,  N. Nair,  D. P. O'Neill,  
 D. Neuhauser,  E. Neuscamman,  C. M. Oana,  R. Olivares-Amaya,  R. Olson,  
 T. M. Perrine,  B. Peters,  P. A. Pieniazek,  A. Prociuk,  Y. M. Rhee,  
 J. Ritchie,  M. A. Rohrdanz,  E. Rosta,  N. J. Russ,  H. F. Schaefer III,  
 M. W. Schmidt,  N. E. Schultz,  S. Sharma,  N. Shenvi,  C. D. Sherrill,  
 A. C. Simmonett,  A. Sodt,  T. Stein,  D. Stuck,  K. S. Thanthiriwatte,  
 V. Vanovschi,  L. Vogt,  Tao Wang,  A. Warshel,  M. A. Watson,  
 C. F. Williams,  Q. Wu,  X. Xu,  Jun Yang,  W. Zhang,  Yan Zhao

   Please cite Q-Chem as follows:
  "Software for the frontiers of quantum chemistry:
   An overview of developments in the Q-Chem 5 package"
   J. Chem. Phys. 155, 084801 (2021)
   https://doi.org/10.1063/5.0055522 (open access)

 Q-Chem 5.4.2 for Intel X86 EM64T Linux

 Parts of Q-Chem use Armadillo 9.900.5 (Nocturnal Misbehaviour).
 http://arma.sourceforge.net/

 Q-Chem begins on Thu Feb 27 23:51:01 2025  

 Host: 
0

     Scratch files written to /scratch/qchem9511//
 Dec1321 |scratch|qcdevops|jenkins|workspace|build_RNUM 5684   
 Processing $rem in /home/kchung25/qchem/5.4.0/config/preferences:
 Processing $rem in /home/kchung25/.qchemrc:

 Q-Chem warning in module libgen/rem_setup.C, line 3079:

 Neither GIA nor STOLL is specified by user. Use STOLL as the default


 Checking the input file for inconsistencies... 	...done.

--------------------------------------------------------------
User input:
--------------------------------------------------------------
$molecule
0 1
--
0 1
C   -2.487597   0.608687  -0.583554
C   -1.837698  -0.656164  -0.076304
O   -1.085446  -0.443379   1.089982
H   -0.371751   0.172884   0.864426
H   -3.099850   0.414336  -1.467330
H   -1.727073   1.345474  -0.856583
H   -3.123218   1.046984   0.188632
H   -1.216734  -1.099176  -0.871686
H   -2.598797  -1.401041   0.175005
--
0 1
C    1.918981  -1.043395  -0.470114
C    2.292208   0.315008   0.050278
O    1.116813   1.110588   0.084284
H    1.332036   1.988261   0.406597
H    2.794996  -1.691769  -0.514538
H    1.498225  -0.964042  -1.474590
H    1.173296  -1.510155   0.177450
H    3.044584   0.782449  -0.598000
H    2.727986   0.233302   1.054655
$end

$rem
JOBTYPE          eda
EDA2             1
METHOD           wB97M-V
BASIS            def2-TZVPPD
SYMMETRY         false
MEM_TOTAL        50000
MEM_STATIC       10000
THRESH           14
SCF_CONVERGENCE  8
XC_GRID          000099000590
NL_GRID          1
EDA_CLS_DISP     true
FD_MAT_VEC_PROD  FALSE
$end
--------------------------------------------------------------
 ----------------------------------------------------------------
             Standard Nuclear Orientation (Angstroms)
    I     Atom           X                Y                Z
 ----------------------------------------------------------------
    1      C       2.4875970305    -0.6086870787    -0.5835539268
    2      C       1.8376979820     0.6561639514    -0.0763040639
    3      O       1.0854459638     0.4433790428     1.0899819411
    4      H       0.3717509870    -0.1728840006     0.8644259862
    5      H       3.0998500432    -0.4143361466    -1.4673299329
    6      H       1.7270730583    -1.3454741281    -0.8565828708
    7      H       3.1232180274    -1.0469839842     0.1886321294
    8      H       1.2167339854     1.0991758552    -0.8716861202
    9      H       2.5987969544     1.4010409987     0.1750048793
   10      C      -1.9189810214     1.0433948005    -0.4701141806
   11      C      -2.2922079916    -0.3150081599     0.0502779441
   12      O      -1.1168129685    -1.1105881214     0.0842840465
   13      H      -1.3320359490    -1.9882610963     0.4065971277
   14      H      -2.7949960398     1.6917687699    -0.5145382623
   15      H      -1.4982249979     0.9640417150    -1.4745901641
   16      H      -1.1732960489     1.5101548860     0.1774497895
   17      H      -3.0445839640    -0.7824492457    -0.5980000260
   18      H      -2.7279860152    -0.2333020749     1.0546549270
 ----------------------------------------------------------------
 Molecular Point Group                 C1    NOp =  1
 Largest Abelian Subgroup              C1    NOp =  1
 Nuclear Repulsion Energy =         258.99740933 hartrees
 There are       26 alpha and       26 beta electrons
 Requested basis set is def2-TZVPPD
 There are 164 shells and 432 basis functions

 Q-Chem warning in module libmdc/get_mega.C, line 171:

 Allowed MEM_STATIC has been capped at MEM_STATIC=8191.
 Reduce the value of MEM_STATIC to silence this warning.


 Total QAlloc Memory Limit  50000 MB
 Mega-Array Size      8007 MB
 MEM_STATIC part      8191 MB
 A cutoff of  1.0D-14 yielded  12535 shell pairs
 There are     86831 function pairs (    107041 Cartesian)
 Smallest overlap matrix eigenvalue = 9.05E-06

 Scale SEOQF with 1.000000e-01/1.000000e-01/1.000000e-01

 Standard Electronic Orientation quadrupole field applied
 Nucleus-field energy     =     0.0000000074 hartrees

 -----------------------------------------------------------------------
  General SCF calculation program by
  Eric Jon Sundstrom, Paul Horn, Yuezhi Mao, Dmitri Zuev, Alec White,
  David Stuck, Shaama M.S., Shane Yost, Joonho Lee, David Small,
  Daniel Levine, Susi Lehtola, Hugh Burton, Evgeny Epifanovsky,
  Bang C. Huynh
 -----------------------------------------------------------------------
================================================================
                 ALMO-EDA with the EDA2 driver                  
================================================================
 The second-generation ALMO-EDA (for DFT):                      
 P. R. Horn, Y. Mao and M. Head-Gordon, PCCP, 18, 23067 (2016)  
 Y. Mao et al. Annu. Rev. Phys. Chem. 72, 641 (2021)            
 Decomposition of the frozen energy:                            
 P. R. Horn, Y. Mao and M. Head-Gordon, JCP, 144, 114107 (2016) 
 FERF model for polarization:                                   
 P. R. Horn and M. Head-Gordon, JCP, 143, 114111 (2015)         
================================================================
 Using eda2 option set 1
 Option set summary: Frozen orbital wavefunction, initial wavefunction decomposition, and nDQ polarization.
--------------------------------
Printing EDA Options
--------------------------------
eda_child_super_basis      0
fragmo_guess_mode          0
child_mp                   1
child_mp_orders            232
cls_elec                   1
cls_disp                   1
scfmi_mode                 1
scfmi_occs                 0
scfmi_virts                0
frz_relax                  0
frz_relax_method           0
dc_pen_start               0
dc_pen_conv                0
dc_pen_increment           0
dc_pen_steps               0
dc_pen_thresh_factor       0
dc_pen_pre_newton_thresh   0
frz_ortho_decomp           1
frz_ortho_decomp_conv      6
plot_mo_ortho_frz          0
frgm_method                2
scfmi_freeze_ss            0
separate_rehyb             0
plot_diff_den              0
eda_nocv                   0
eda_vct_relax              1
disp_free_x                0
disp_free_c                0
eda_bsse                   0
eda_pct_a                  0
eda_covp                   0
--------------------------------
Attempting to make child job directory: /scratch/qchem9511//Frg1/
Attempting to make child job directory: /scratch/qchem9511//Frg2/
Creating input file /scratch/qchem9511/Frg1.input
using default PutDataFrgm: nothing
calling putenv with: QCSCRATCH=/scratch/qchem9511/ 
Spawning Job For Fragment 0
Done Job For Fragment 0
calling putenv with: QCSCRATCH=/scratch 
calling putenv with: QCTHREADS=6 
Creating input file /scratch/qchem9511/Frg2.input
using default PutDataFrgm: nothing
calling putenv with: QCSCRATCH=/scratch/qchem9511/ 
Spawning Job For Fragment 1
Done Job For Fragment 1
calling putenv with: QCSCRATCH=/scratch 
calling putenv with: QCTHREADS=6 
Doing General SCFMI
 Exchange:     0.1500 Hartree-Fock + 1.0000 wB97M-V + LR-HF
 Correlation:  1.0000 wB97M-V
 Using Euler-Maclaurin-Lebedev (99,590) quadrature formula
 Nonlocal Correlation:  VV10 with C = 0.0100 and b = 6.00 and scale = 1.00000
 Grid used for NLC:  SG-1 standard quadrature
performing fock build before subrot guess so that all methods have access
Printing subrot_rss_gen Method Specification:
Occupied Subspace Method is 0
Virtual Subspace Method is 0
Energy of the unrelaxed supersystem initial determinant -310.062917364366
write pseudocanon occs and virts to disk
write pseudocanon orbital energies to disk
Tolerance of ortho_decomp_scf: 1.00e-06
GDM subspace size: 20
Beginning the Orthogonal Decomposition of the Initial Supersystem Wavefunction
    1    -310.0072983790      9.97e-02     ortho_decomp Preconditoned Steepest Descent
    2    -310.0145234917      2.17e-03     ortho_decomp BFGS Step
    3    -310.0145449074      1.72e-04     ortho_decomp BFGS Step
    4    -310.0145449376      5.70e-06     ortho_decomp BFGS Step
    5    -310.0145449376      1.62e-07     ortho_decomp 00000 Convergence criterion met
 Hartree-Fock
 Hartree-Fock
 Hartree-Fock
 Exchange:     0.1500 Hartree-Fock + 1.0000 wB97M-V + LR-HF
 Correlation:  1.0000 wB97M-V
 Using Euler-Maclaurin-Lebedev (99,590) quadrature formula
 Nonlocal Correlation:  VV10 with C = 0.0100 and b = 6.00 and scale = 1.00000
 Grid used for NLC:  SG-1 standard quadrature
 Long-range K will be added via erf
 Coulomb attenuation parameter = 0.3 bohr**(-1)
 Nonlocal correlation = 2.037448921776e-01
Doing General SCFMI
 Exchange:     0.1500 Hartree-Fock + 1.0000 wB97M-V + LR-HF
 Correlation:  1.0000 wB97M-V
 Using Euler-Maclaurin-Lebedev (99,590) quadrature formula
 Nonlocal Correlation:  VV10 with C = 0.0100 and b = 6.00 and scale = 1.00000
 Grid used for NLC:  SG-1 standard quadrature
performing fock build at end of subrot_r(subrot) constructor so that all methods have access
<S^2> of initial wavefunction before polarization iterations 0.0000000000
Beginning iterations for the determination of the polarized wavefunction
Energy prior to optimization (guess energy) = -310.062917364366
Begin Timing: Total SCF Calculation
begin iterations for algorithm: DIIS         
the SCF tolerance is set to 1.00e-08
    1    -310.0629173644      3.02e-04     00000 
    2    -310.0655505350      1.01e-04     00000 
    3    -310.0657802186      6.21e-05     00000 
    4    -310.0658397367      2.31e-05     00000 
    5    -310.0658520571      7.64e-06     00000 
    6    -310.0658555063      3.54e-06     00000 
    7    -310.0658560768      1.58e-06     00000 
    8    -310.0658562112      6.32e-07     00000 
    9    -310.0658562203      2.56e-07     00000 
   10    -310.0658562221      7.62e-08     00000 
   11    -310.0658562223      3.24e-08     00000 
   12    -310.0658562223      1.54e-08     00000 
   13    -310.0658562223      6.51e-09     00000 Convergence criterion met
write pseudocanon occs and virts to disk
write pseudocanon orbital energies to disk
Timing for Total SCF: 380.00s (wall), 2255.79s (cpu)
<S^2> of polarized wavefunction after polarization iterations 0.0000000000
relaxing scfmi constraint to allow all rotations in the entire AO span
Doing General SCFMI
 Exchange:     0.1500 Hartree-Fock + 1.0000 wB97M-V + LR-HF
 Correlation:  1.0000 wB97M-V
 Using Euler-Maclaurin-Lebedev (99,590) quadrature formula
 Nonlocal Correlation:  VV10 with C = 0.0100 and b = 6.00 and scale = 1.00000
 Grid used for NLC:  SG-1 standard quadrature
performing fock build at end of subrot_r(subrot) constructor so that all methods have access
<S^2> of polarized wavefunction before ct-allowed iterations 0.0000000000
Beginning iterations for the determination of the CT-Allowed wavefunction
Energy prior to optimization (guess energy) = -310.065856222326
Begin Timing: Total SCF Calculation
begin iterations for algorithm: DIIS         
the SCF tolerance is set to 1.00e-08
    1    -310.0658562223      1.78e-04     00000 
    2    -310.0691819057      2.56e-05     00000 
    3    -310.0692938027      1.06e-05     00000 
    4    -310.0693007491      5.26e-06     00000 
    5    -310.0693028849      5.03e-07     00000 
    6    -310.0693029263      2.67e-07     00000 
    7    -310.0693029348      6.11e-08     00000 
    8    -310.0693029352      2.76e-08     00000 
    9    -310.0693029353      7.14e-09     00000 Convergence criterion met
write pseudocanon occs and virts to disk
write pseudocanon orbital energies to disk
Timing for Total SCF: 244.00s (wall), 1466.39s (cpu)
<S^2> of ct_allowed wavefunction after ct-allowed iterations 0.0000000000

================================
        Results of EDA2         
================================
Basic EDA Quantities
--------------------
Fragment Energies (Ha):
1 -155.0291365046
2 -155.0296948196
--------------------
  E_prp (kJ/mol) = 0.0000
  E_frz (kJ/mol) = -10.7280
  E_pol (kJ/mol) = -7.7161
  E_vct (kJ/mol) = -9.0495
  E_int (kJ/mol) = -27.4935
--------------------


Decomposition of frozen interaction energy
--------------------
  --------------------
  Orthogonal Frozen Decomposition:
  --------------------
     E_elec   (ELEC)   (kJ/mol) = -85.2228
     E_pauli  (PAULI)  (kJ/mol) = 93.4061
     E_disp   (DISP)   (kJ/mol) = -18.9113
  --------------------
  Classical Frozen Decomposition:
  --------------------
     E_cls_elec  (CLS ELEC)  (kJ/mol) = -43.3736
     E_mod_pauli (MOD PAULI) (kJ/mol) = 48.8682 (FRZ - CLS ELEC - CLS DISP)
     E_cls_disp  (CLS DISP)  (kJ/mol) = -16.2227
  --------------------
--------------------

Simplified EDA Summary (kJ/mol)
--------------------
 PREPARATION      0.0000
 FROZEN           -10.7280 (ELEC + PAULI + DISP)
[ELEC + PAULI = 5.4946, DISP = -16.2227]
 POLARIZATION    -7.7161
 CHARGE TRANSFER -9.0495
 TOTAL           -27.4935     (PRP + FRZ + POL + CT)
--------------------
 
 --------------------------------------------------------------
 
                    Orbital Energies (a.u.)
 --------------------------------------------------------------
 
 Alpha MOs
 -- Occupied --
-19.3551 -19.3035 -10.3998 -10.3691 -10.3342 -10.3171  -1.1742  -1.1283
 -0.8852  -0.8539  -0.7395  -0.7225  -0.6513  -0.6015  -0.5858  -0.5455
 -0.5351  -0.5198  -0.4931  -0.4777  -0.4718  -0.4568  -0.4513  -0.4097
 -0.3953  -0.3585
 -- Virtual --
  0.0260   0.0502   0.0565   0.0640   0.0765   0.0817   0.0969   0.1033
  0.1166   0.1195   0.1326   0.1413   0.1461   0.1521   0.1683   0.1739
  0.1810   0.1867   0.1955   0.1972   0.2039   0.2063   0.2161   0.2204
  0.2334   0.2482   0.2565   0.2641   0.2702   0.2704   0.2767   0.2878
  0.2939   0.2968   0.3017   0.3086   0.3142   0.3160   0.3180   0.3253
  0.3300   0.3344   0.3388   0.3430   0.3491   0.3505   0.3570   0.3671
  0.3713   0.3751   0.3836   0.3848   0.3867   0.3942   0.3984   0.4027
  0.4084   0.4156   0.4234   0.4257   0.4359   0.4419   0.4519   0.4620
  0.4625   0.4672   0.4759   0.4781   0.4867   0.4899   0.4956   0.4987
  0.5063   0.5147   0.5222   0.5320   0.5383   0.5456   0.5480   0.5557
  0.5730   0.5798   0.5941   0.6009   0.6057   0.6248   0.6336   0.6385
  0.6462   0.6584   0.6721   0.6881   0.6956   0.6992   0.7072   0.7155
  0.7198   0.7353   0.7414   0.7455   0.7506   0.7555   0.7580   0.7695
  0.7748   0.7819   0.7938   0.7982   0.8075   0.8209   0.8301   0.8314
  0.8452   0.8509   0.8544   0.8707   0.8896   0.9078   0.9211   0.9375
  0.9561   0.9632   0.9733   0.9829   1.0048   1.0082   1.0280   1.0519
  1.0755   1.0817   1.0962   1.1288   1.1369   1.1493   1.1602   1.1813
  1.1901   1.2048   1.2187   1.2321   1.2380   1.2398   1.2547   1.2669
  1.2783   1.2864   1.2955   1.3096   1.3233   1.3285   1.3423   1.3503
  1.3655   1.3776   1.3864   1.3968   1.4029   1.4141   1.4306   1.4421
  1.4575   1.4819   1.4854   1.5134   1.5225   1.5364   1.5569   1.5853
  1.6019   1.6316   1.6437   1.6546   1.6684   1.6767   1.6798   1.6936
  1.7014   1.7084   1.7249   1.7333   1.7470   1.7539   1.7667   1.7950
  1.8059   1.8667   1.9233   1.9504   1.9729   2.0036   2.0258   2.0580
  2.0652   2.1009   2.1269   2.1525   2.1946   2.2381   2.2555   2.2640
  2.2926   2.3430   2.3777   2.4029   2.4102   2.4323   2.4548   2.4733
  2.5503   2.5576   2.6954   2.7094   2.7269   2.7566   2.7719   2.8248
  2.8281   2.8512   2.8643   2.8901   2.9090   2.9108   2.9314   2.9379
  2.9445   2.9590   2.9900   2.9949   3.0086   3.0197   3.0352   3.0519
  3.0684   3.0875   3.0980   3.1134   3.1252   3.1616   3.1858   3.1960
  3.2132   3.2187   3.2217   3.2319   3.2463   3.2705   3.2723   3.2812
  3.2901   3.2973   3.3133   3.3318   3.3424   3.3582   3.3613   3.3840
  3.4336   3.4605   3.4663   3.4984   3.5143   3.5146   3.5473   3.5619
  3.5661   3.5877   3.6056   3.6186   3.6382   3.6549   3.6724   3.6812
  3.7143   3.7242   3.7500   3.7616   3.7690   3.7831   3.7966   3.8142
  3.8260   3.8718   3.8905   3.9232   3.9367   3.9765   4.0047   4.0110
  4.0195   4.0298   4.0350   4.0592   4.0739   4.0826   4.0950   4.1142
  4.1241   4.1354   4.1538   4.1610   4.1803   4.1865   4.2024   4.2277
  4.2478   4.2554   4.2623   4.2680   4.2865   4.2933   4.3077   4.3326
  4.3508   4.3652   4.3963   4.4135   4.4244   4.4495   4.4624   4.4815
  4.4875   4.5054   4.5284   4.5360   4.5463   4.5673   4.6061   4.6259
  4.6488   4.6803   4.6978   4.7125   4.7274   4.7800   4.8152   4.8233
  4.8527   4.8588   4.9232   4.9458   4.9546   4.9650   4.9726   4.9973
  5.0051   5.0261   5.0557   5.1056   5.1192   5.1740   5.2484   5.2626
  5.2991   5.3065   5.3252   5.3851   5.4191   5.4231   5.4289   5.4321
  5.4416   5.4483   5.4709   5.4950   5.5179   5.5205   5.5951   5.6012
  5.6301   5.6384   5.6748   5.6860   5.7518   5.7616   5.7786   5.7904
  5.8248   5.8329   5.9421   5.9513   6.0774   6.1460   6.2655   6.3306
  6.6579   6.6831   6.8528   6.8899   6.9044   6.9166   6.9646   7.0294
  7.0858   7.1362   7.3843   7.4042   7.5466   7.6536   7.8119   7.8891
 23.7455  23.8179  24.0708  24.1005  44.8108  44.8816
 --------------------------------------------------------------
 
          Ground-State Mulliken Net Atomic Charges

     Atom                 Charge (a.u.)
  ----------------------------------------
      1 C                    -0.955086
      2 C                    -0.114155
      3 O                    -0.500682
      4 H                     0.244443
      5 H                     0.284554
      6 H                     0.228644
      7 H                     0.265143
      8 H                     0.224659
      9 H                     0.304268
     10 C                    -0.926463
     11 C                    -0.250743
     12 O                    -0.350736
     13 H                     0.111057
     14 H                     0.325165
     15 H                     0.241610
     16 H                     0.218355
     17 H                     0.333386
     18 H                     0.316580
  ----------------------------------------
  Sum of atomic charges =     0.000000

 -----------------------------------------------------------------
                    Cartesian Multipole Moments
 -----------------------------------------------------------------
    Charge (ESU x 10^10)
                 0.0000
    Dipole Moment (Debye)
         X      -2.4254      Y      -1.3644      Z      -1.1149
       Tot       2.9978
    Quadrupole Moments (Debye-Ang)
        XX     -35.7854     XY       2.0226     YY     -37.4439
        XZ      -2.9896     YZ      -2.8073     ZZ     -43.5150
    Octopole Moments (Debye-Ang^2)
       XXX     -10.5301    XXY      -2.1230    XYY      -7.7172
       YYY     -14.3482    XXZ       0.4288    XYZ       0.4557
       YYZ       4.3637    XZZ      -5.5258    YZZ      -3.3620
       ZZZ       0.2619
    Hexadecapole Moments (Debye-Ang^3)
      XXXX    -948.6639   XXXY      19.3405   XXYY    -189.1453
      XYYY      25.8494   YYYY    -204.1439   XXXZ       3.8031
      XXYZ      -3.5129   XYYZ      -0.7076   YYYZ      -6.4071
      XXZZ    -188.5364   XYZZ       3.2232   YYZZ     -63.3661
      XZZZ      -4.8247   YZZZ      -3.2585   ZZZZ    -147.9146
 -----------------------------------------------------------------
 Total job time:  1744.09s(wall), 6835.66s(cpu) 
 Fri Feb 28 00:20:05 2025

        *************************************************************
        *                                                           *
        *  Thank you very much for using Q-Chem.  Have a nice day.  *
        *                                                           *
        *************************************************************


