
Running Job 1 of 1 004_ethanol_dimer_39_almo.inp
qchem 004_ethanol_dimer_39_almo.inp_137179.0 /scratch/qchem137179/ 6
/home/kchung25/qchem/5.4.0/exe/qcprog.exe_s 004_ethanol_dimer_39_almo.inp_137179.0 /scratch/qchem137179/
                  Welcome to Q-Chem
     A Quantum Leap Into The Future Of Chemistry


 Q-Chem 5.4, Q-Chem, Inc., Pleasanton, CA (2021)

 E. Epifanovsky,  A. T. B. Gilbert,  Xintian Feng,  Joonho Lee,  Yuezhi Mao,  
 N. Mardirossian,  P. Pokhilko,  A. White,  M. Wormit,  M. P. Coons,  
 A. L. Dempwolff,  Zhengting Gan,  D. Hait,  P. R. Horn,  L. D. Jacobson,  
 I. Kaliman,  J. Kussmann,  A. W. Lange,  Ka Un Lao,  D. S. Levine,  Jie Liu,  
 S. C. McKenzie,  A. F. Morrison,  K. Nanda,  F. Plasser,  D. R. Rehn,  
 M. L. Vidal,  Zhi-Qiang You,  Ying Zhu,  B. Alam,  B. Albrecht,  
 A. Aldossary,  E. Alguire,  J. H. Andersen,  D. Barton,  K. Begam,  A. Behn,  
 Y. A. Bernard,  E. J. Berquist,  H. Burton,  A. Carreras,  K. Carter-Fenk,  
 Romit Chakraborty,  A. D. Chien,  K. D. Closser,  V. Cofer-Shabica,  
 S. Dasgupta,  Jia Deng,  M. de Wergifosse,  M. Diedenhofen,  Hainam Do,  
 S. Ehlert,  Po-Tung Fang,  S. Fatehi,  Qingguo Feng,  T. Friedhoff,  
 J. Gayvert,  Qinghui Ge,  G. Gidofalvi,  M. Goldey,  J. Gomes,  
 C. Gonzalez-Espinoza,  S. Gulania,  A. Gunina,  M. W. D. Hanson-Heine,  
 P. H. P. Harbach,  A. W. Hauser,  M. F. Herbst,  M. Hernandez Vera,  
 M. Hodecker,  Z. C. Holden,  S. Houck,  Xunkun Huang,  Kerwin Hui,  
 B. C. Huynh,  M. Ivanov,  Hyunjun Ji,  Hanjie Jiang,  B. Kaduk,  S. Kaehler,  
 K. Khistyaev,  Jaehoon Kim,  P. Klunzinger,  Z. Koczor-Benda,  
 Joong Hoon Koh,  D. Kosenkov,  L. Koulias,  T. Kowalczyk,  C. M. Krauter,  
 K. Kue,  A. Kunitsa,  T. Kus,  A. Landau,  K. V. Lawler,  D. Lefrancois,  
 S. Lehtola,  Rain Li,  Yi-Pei Li,  Jiashu Liang,  M. Liebenthal,  
 Hung-Hsuan Lin,  You-Sheng Lin,  Fenglai Liu,  Kuan-Yu Liu,  
 M. Loipersberger,  A. Luenser,  A. Manjanath,  P. Manohar,  E. Mansoor,  
 S. F. Manzer,  Shan-Ping Mao,  A. V. Marenich,  T. Markovich,  S. Mason,  
 S. A. Maurer,  P. F. McLaughlin,  M. F. S. J. Menger,  J.-M. Mewes,  
 S. A. Mewes,  P. Morgante,  J. W. Mullinax,  K. J. Oosterbaan,  G. Paran,  
 Alexander C. Paul,  Suranjan K. Paul,  F. Pavosevic,  Zheng Pei,  S. Prager,  
 E. I. Proynov,  E. Ramos,  B. Rana,  A. E. Rask,  A. Rettig,  R. M. Richard,  
 F. Rob,  E. Rossomme,  T. Scheele,  M. Scheurer,  M. Schneider,  
 N. Sergueev,  S. M. Sharada,  W. Skomorowski,  D. W. Small,  C. J. Stein,  
 Yu-Chuan Su,  E. J. Sundstrom,  Zhen Tao,  J. Thirman,  T. Tsuchimochi,  
 N. M. Tubman,  S. P. Veccham,  O. Vydrov,  J. Wenzel,  J. Witte,  A. Yamada,  
 Kun Yao,  S. Yeganeh,  S. R. Yost,  A. Zech,  Igor Ying Zhang,  Xing Zhang,  
 Yu Zhang,  D. Zuev,  A. Aspuru-Guzik,  A. T. Bell,  N. A. Besley,  
 K. B. Bravaya,  B. R. Brooks,  D. Casanova,  Jeng-Da Chai,  S. Coriani,  
 C. J. Cramer,  A. E. DePrince, III,  R. A. DiStasio Jr.,  A. Dreuw,  
 B. D. Dunietz,  T. R. Furlani,  W. A. Goddard III,  S. Grimme,  
 S. Hammes-Schiffer,  T. Head-Gordon,  W. J. Hehre,  Chao-Ping Hsu,  
 T.-C. Jagau,  Yousung Jung,  A. Klamt,  Jing Kong,  D. S. Lambrecht,  
 WanZhen Liang,  N. J. Mayhall,  C. W. McCurdy,  J. B. Neaton,  T. Neudecker,  
 C. Ochsenfeld,  J. A. Parkhill,  R. Peverati,  V. A. Rassolov,  Yihan Shao,  
 L. V. Slipchenko,  R. P. Steele,  J. E. Subotnik,  A. J. W. Thom,  
 A. Tkatchenko,  D. G. Truhlar,  T. Van Voorhis,  T. A. Wesolowski,  
 K. B. Whaley,  H. L. Woodcock III,  P. M. Zimmerman,  S. Faraji,  
 P. M. W. Gill,  M. Head-Gordon,  J. M. Herbert,  A. I. Krylov

 Additional authors since Version 5.4.0: 
 Chandrima Chakravarty,  L. Cunha,  R. Kang,  Yongbin Kim,  S. Kotaru,  
 Shaozhi Li,  Xiangyuan Li,  F. Matz,  A. Molle,  V. Parravicini,  
 Haisheng Ren,  Hengyuan Shen,  Yingli Su,  Hung-Yi Tsai,  C. Utku,  
 Fang Wang,  Jeff Yang,  F. Zeller

 Contributors to earlier versions of Q-Chem not listed above: 
 R. D. Adamson,  B. Austin,  R. Baer,  J. Baker,  G. J. O. Beran,  
 K. Brandhorst,  S. T. Brown,  E. F. C. Byrd,  Arup K. Chakraborty,  
 G. K. L. Chan,  Chun-Min Chang,  Yunqing Chen,  C.-L. Cheng,  
 Siu Hung Chien,  D. M. Chipman,  D. L. Crittenden,  H. Dachsel,  
 R. J. Doerksen,  A. D. Dutoi,  R. G. Edgar,  J. Fosso-Tande,  
 L. Fusti-Molnar,  D. Ghosh,  A. Ghysels,  A. Golubeva-Zadorozhnaya,  
 J. Gonthier,  M. S. Gordon,  S. R. Gwaltney,  G. Hawkins,  J. E. Herr,  
 A. Heyden,  S. Hirata,  E. G. Hohenstein,  G. Kedziora,  F. J. Keil,  
 C. Kelley,  Jihan Kim,  R. A. King,  R. Z. Khaliullin,  P. P. Korambath,  
 W. Kurlancheek,  A. Laurent,  A. M. Lee,  M. S. Lee,  S. V. Levchenko,  
 Ching Yeh Lin,  D. Liotard,  E. Livshits,  R. C. Lochan,  I. Lotan,  
 L. A. Martinez-Martinez,  P. E. Maslen,  N. Nair,  D. P. O'Neill,  
 D. Neuhauser,  E. Neuscamman,  C. M. Oana,  R. Olivares-Amaya,  R. Olson,  
 T. M. Perrine,  B. Peters,  P. A. Pieniazek,  A. Prociuk,  Y. M. Rhee,  
 J. Ritchie,  M. A. Rohrdanz,  E. Rosta,  N. J. Russ,  H. F. Schaefer III,  
 M. W. Schmidt,  N. E. Schultz,  S. Sharma,  N. Shenvi,  C. D. Sherrill,  
 A. C. Simmonett,  A. Sodt,  T. Stein,  D. Stuck,  K. S. Thanthiriwatte,  
 V. Vanovschi,  L. Vogt,  Tao Wang,  A. Warshel,  M. A. Watson,  
 C. F. Williams,  Q. Wu,  X. Xu,  Jun Yang,  W. Zhang,  Yan Zhao

   Please cite Q-Chem as follows:
  "Software for the frontiers of quantum chemistry:
   An overview of developments in the Q-Chem 5 package"
   J. Chem. Phys. 155, 084801 (2021)
   https://doi.org/10.1063/5.0055522 (open access)

 Q-Chem 5.4.2 for Intel X86 EM64T Linux

 Parts of Q-Chem use Armadillo 9.900.5 (Nocturnal Misbehaviour).
 http://arma.sourceforge.net/

 Q-Chem begins on Fri Feb 28 15:59:46 2025  

 Host: 
0

     Scratch files written to /scratch/qchem137179//
 Dec1321 |scratch|qcdevops|jenkins|workspace|build_RNUM 5684   
 Processing $rem in /home/kchung25/qchem/5.4.0/config/preferences:
 Processing $rem in /home/kchung25/.qchemrc:

 Q-Chem warning in module libgen/rem_setup.C, line 3079:

 Neither GIA nor STOLL is specified by user. Use STOLL as the default


 Checking the input file for inconsistencies... 	...done.

--------------------------------------------------------------
User input:
--------------------------------------------------------------
$molecule
0 1
--
0 1
C    1.625795   1.155441  -0.267286
C    1.876613  -0.235139   0.256824
O    3.063286  -0.804528  -0.251867
H    3.788701  -0.205797  -0.058033
H    0.682970   1.544136   0.122725
H    1.585213   1.153594  -1.359080
H    2.425436   1.838207   0.037201
H    1.066426  -0.905073  -0.041732
H    1.879815  -0.227843   1.356430
--
0 1
C   -3.312830  -0.085440  -0.406548
C   -1.826379  -0.307294  -0.290228
O   -1.298452   0.193646   0.918383
H   -1.751106  -0.233912   1.649788
H   -3.690820  -0.443188  -1.366367
H   -3.550561   0.975888  -0.314150
H   -3.850088  -0.622055   0.381097
H   -1.296004   0.221932  -1.087215
H   -1.587842  -1.374235  -0.409365
$end

$rem
JOBTYPE          eda
EDA2             1
METHOD           wB97M-V
BASIS            def2-TZVPPD
SYMMETRY         false
MEM_TOTAL        50000
MEM_STATIC       10000
THRESH           14
SCF_CONVERGENCE  8
XC_GRID          000099000590
NL_GRID          1
EDA_CLS_DISP     true
FD_MAT_VEC_PROD  FALSE
$end
--------------------------------------------------------------
 ----------------------------------------------------------------
             Standard Nuclear Orientation (Angstroms)
    I     Atom           X                Y                Z
 ----------------------------------------------------------------
    1      C       1.6257948745    -1.1554408288     0.2672862831
    2      C       1.8766128750     0.2351389859    -0.2568242082
    3      O       3.0632859169     0.8045281341     0.2518665281
    4      H       3.7887008925     0.2057970517     0.0580326915
    5      H       0.6829698434    -1.5441359418    -0.1227245291
    6      H       1.5852129376    -1.1535934536     1.3590802848
    7      H       2.4254358419    -1.8382069509    -0.0372005289
    8      H       1.0664259070     0.9050731062     0.0417316088
    9      H       1.8798148113     0.2278426087    -1.3564302059
   10      C      -3.3128300900     0.0854403279     0.4065481427
   11      C      -1.8263790918     0.3072942552     0.2902279808
   12      O      -1.2984521727    -0.1936461709    -0.9183828779
   13      H      -1.7511062055     0.2339115883    -1.6497879984
   14      H      -3.6908200267     0.4431886654     1.3663670418
   15      H      -3.5505611188    -0.9758876985     0.3141505204
   16      H      -3.8500881237     0.6220550697    -0.3810970103
   17      H      -1.2960040575    -0.2219314832     1.0872151317
   18      H      -1.5878420614     1.3742352908     0.4093646012
 ----------------------------------------------------------------
 Molecular Point Group                 C1    NOp =  1
 Largest Abelian Subgroup              C1    NOp =  1
 Nuclear Repulsion Energy =         246.86972098 hartrees
 There are       26 alpha and       26 beta electrons
 Requested basis set is def2-TZVPPD
 There are 164 shells and 432 basis functions

 Q-Chem warning in module libmdc/get_mega.C, line 171:

 Allowed MEM_STATIC has been capped at MEM_STATIC=8191.
 Reduce the value of MEM_STATIC to silence this warning.


 Total QAlloc Memory Limit  50000 MB
 Mega-Array Size      8007 MB
 MEM_STATIC part      8191 MB
 A cutoff of  1.0D-14 yielded  12182 shell pairs
 There are     83628 function pairs (    102673 Cartesian)
 Smallest overlap matrix eigenvalue = 7.48E-06

 Scale SEOQF with 1.000000e-01/1.000000e-01/1.000000e-01

 Standard Electronic Orientation quadrupole field applied
 Nucleus-field energy     =     0.0000000100 hartrees

 -----------------------------------------------------------------------
  General SCF calculation program by
  Eric Jon Sundstrom, Paul Horn, Yuezhi Mao, Dmitri Zuev, Alec White,
  David Stuck, Shaama M.S., Shane Yost, Joonho Lee, David Small,
  Daniel Levine, Susi Lehtola, Hugh Burton, Evgeny Epifanovsky,
  Bang C. Huynh
 -----------------------------------------------------------------------
================================================================
                 ALMO-EDA with the EDA2 driver                  
================================================================
 The second-generation ALMO-EDA (for DFT):                      
 P. R. Horn, Y. Mao and M. Head-Gordon, PCCP, 18, 23067 (2016)  
 Y. Mao et al. Annu. Rev. Phys. Chem. 72, 641 (2021)            
 Decomposition of the frozen energy:                            
 P. R. Horn, Y. Mao and M. Head-Gordon, JCP, 144, 114107 (2016) 
 FERF model for polarization:                                   
 P. R. Horn and M. Head-Gordon, JCP, 143, 114111 (2015)         
================================================================
 Using eda2 option set 1
 Option set summary: Frozen orbital wavefunction, initial wavefunction decomposition, and nDQ polarization.
--------------------------------
Printing EDA Options
--------------------------------
eda_child_super_basis      0
fragmo_guess_mode          0
child_mp                   1
child_mp_orders            232
cls_elec                   1
cls_disp                   1
scfmi_mode                 1
scfmi_occs                 0
scfmi_virts                0
frz_relax                  0
frz_relax_method           0
dc_pen_start               0
dc_pen_conv                0
dc_pen_increment           0
dc_pen_steps               0
dc_pen_thresh_factor       0
dc_pen_pre_newton_thresh   0
frz_ortho_decomp           1
frz_ortho_decomp_conv      6
plot_mo_ortho_frz          0
frgm_method                2
scfmi_freeze_ss            0
separate_rehyb             0
plot_diff_den              0
eda_nocv                   0
eda_vct_relax              1
disp_free_x                0
disp_free_c                0
eda_bsse                   0
eda_pct_a                  0
eda_covp                   0
--------------------------------
Attempting to make child job directory: /scratch/qchem137179//Frg1/
Attempting to make child job directory: /scratch/qchem137179//Frg2/
Creating input file /scratch/qchem137179/Frg1.input
using default PutDataFrgm: nothing
calling putenv with: QCSCRATCH=/scratch/qchem137179/ 
Spawning Job For Fragment 0
Done Job For Fragment 0
calling putenv with: QCSCRATCH=/scratch 
calling putenv with: QCTHREADS=6 
Creating input file /scratch/qchem137179/Frg2.input
using default PutDataFrgm: nothing
calling putenv with: QCSCRATCH=/scratch/qchem137179/ 
Spawning Job For Fragment 1
Done Job For Fragment 1
calling putenv with: QCSCRATCH=/scratch 
calling putenv with: QCTHREADS=6 
Doing General SCFMI
 Exchange:     0.1500 Hartree-Fock + 1.0000 wB97M-V + LR-HF
 Correlation:  1.0000 wB97M-V
 Using Euler-Maclaurin-Lebedev (99,590) quadrature formula
 Nonlocal Correlation:  VV10 with C = 0.0100 and b = 6.00 and scale = 1.00000
 Grid used for NLC:  SG-1 standard quadrature
performing fock build before subrot guess so that all methods have access
Printing subrot_rss_gen Method Specification:
Occupied Subspace Method is 0
Virtual Subspace Method is 0
Energy of the unrelaxed supersystem initial determinant -310.060883079980
write pseudocanon occs and virts to disk
write pseudocanon orbital energies to disk
Tolerance of ortho_decomp_scf: 1.00e-06
GDM subspace size: 20
Beginning the Orthogonal Decomposition of the Initial Supersystem Wavefunction
    1    -310.0398744104      6.25e-02     ortho_decomp Preconditoned Steepest Descent
    2    -310.0435625299      1.73e-03     ortho_decomp BFGS Step
    3    -310.0435784981      1.40e-04     ortho_decomp BFGS Step
    4    -310.0435785188      5.13e-06     ortho_decomp BFGS Step
    5    -310.0435785188      1.48e-07     ortho_decomp 00000 Convergence criterion met
 Hartree-Fock
 Hartree-Fock
 Hartree-Fock
 Exchange:     0.1500 Hartree-Fock + 1.0000 wB97M-V + LR-HF
 Correlation:  1.0000 wB97M-V
 Using Euler-Maclaurin-Lebedev (99,590) quadrature formula
 Nonlocal Correlation:  VV10 with C = 0.0100 and b = 6.00 and scale = 1.00000
 Grid used for NLC:  SG-1 standard quadrature
 Long-range K will be added via erf
 Coulomb attenuation parameter = 0.3 bohr**(-1)
 Nonlocal correlation = 2.046341313136e-01
Doing General SCFMI
 Exchange:     0.1500 Hartree-Fock + 1.0000 wB97M-V + LR-HF
 Correlation:  1.0000 wB97M-V
 Using Euler-Maclaurin-Lebedev (99,590) quadrature formula
 Nonlocal Correlation:  VV10 with C = 0.0100 and b = 6.00 and scale = 1.00000
 Grid used for NLC:  SG-1 standard quadrature
performing fock build at end of subrot_r(subrot) constructor so that all methods have access
<S^2> of initial wavefunction before polarization iterations 0.0000000000
Beginning iterations for the determination of the polarized wavefunction
Energy prior to optimization (guess energy) = -310.060883079980
Begin Timing: Total SCF Calculation
begin iterations for algorithm: DIIS         
the SCF tolerance is set to 1.00e-08
    1    -310.0608830800      1.36e-04     00000 
    2    -310.0613856280      5.90e-05     00000 
    3    -310.0614319467      3.45e-05     00000 
    4    -310.0614471652      9.85e-06     00000 
    5    -310.0614489617      3.05e-06     00000 
    6    -310.0614492880      1.43e-06     00000 
    7    -310.0614493617      4.66e-07     00000 
    8    -310.0614493712      1.40e-07     00000 
    9    -310.0614493717      7.86e-08     00000 
   10    -310.0614493718      3.03e-08     00000 
   11    -310.0614493719      1.15e-08     00000 
   12    -310.0614493719      4.48e-09     00000 Convergence criterion met
write pseudocanon occs and virts to disk
write pseudocanon orbital energies to disk
Timing for Total SCF: 273.00s (wall), 1639.24s (cpu)
<S^2> of polarized wavefunction after polarization iterations 0.0000000000
relaxing scfmi constraint to allow all rotations in the entire AO span
Doing General SCFMI
 Exchange:     0.1500 Hartree-Fock + 1.0000 wB97M-V + LR-HF
 Correlation:  1.0000 wB97M-V
 Using Euler-Maclaurin-Lebedev (99,590) quadrature formula
 Nonlocal Correlation:  VV10 with C = 0.0100 and b = 6.00 and scale = 1.00000
 Grid used for NLC:  SG-1 standard quadrature
performing fock build at end of subrot_r(subrot) constructor so that all methods have access
<S^2> of polarized wavefunction before ct-allowed iterations 0.0000000000
Beginning iterations for the determination of the CT-Allowed wavefunction
Energy prior to optimization (guess energy) = -310.061449371858
Begin Timing: Total SCF Calculation
begin iterations for algorithm: DIIS         
the SCF tolerance is set to 1.00e-08
    1    -310.0614493719      7.91e-05     00000 
    2    -310.0620654937      8.95e-06     00000 
    3    -310.0620832949      2.07e-06     00000 
    4    -310.0620837148      1.69e-06     00000 
    5    -310.0620839047      2.28e-07     00000 
    6    -310.0620839092      7.63e-08     00000 
    7    -310.0620839098      1.86e-08     00000 
    8    -310.0620839099      3.85e-09     00000 Convergence criterion met
write pseudocanon occs and virts to disk
write pseudocanon orbital energies to disk
Timing for Total SCF: 175.00s (wall), 1052.78s (cpu)
<S^2> of ct_allowed wavefunction after ct-allowed iterations 0.0000000000

================================
        Results of EDA2         
================================
Basic EDA Quantities
--------------------
Fragment Energies (Ha):
1 -155.0293847155
2 -155.0294448329
--------------------
  E_prp (kJ/mol) = -0.0000
  E_frz (kJ/mol) = -5.3916
  E_pol (kJ/mol) = -1.4868
  E_vct (kJ/mol) = -1.6660
  E_int (kJ/mol) = -8.5444
--------------------


Decomposition of frozen interaction energy
--------------------
  --------------------
  Orthogonal Frozen Decomposition:
  --------------------
     E_elec   (ELEC)   (kJ/mol) = -23.7036
     E_pauli  (PAULI)  (kJ/mol) = 30.7544
     E_disp   (DISP)   (kJ/mol) = -12.4424
  --------------------
  Classical Frozen Decomposition:
  --------------------
     E_cls_elec  (CLS ELEC)  (kJ/mol) = -9.9655
     E_mod_pauli (MOD PAULI) (kJ/mol) = 15.4384 (FRZ - CLS ELEC - CLS DISP)
     E_cls_disp  (CLS DISP)  (kJ/mol) = -10.8646
  --------------------
--------------------

Simplified EDA Summary (kJ/mol)
--------------------
 PREPARATION      -0.0000
 FROZEN           -5.3916 (ELEC + PAULI + DISP)
[ELEC + PAULI = 5.4729, DISP = -10.8646]
 POLARIZATION    -1.4868
 CHARGE TRANSFER -1.6660
 TOTAL           -8.5444     (PRP + FRZ + POL + CT)
--------------------
 
 --------------------------------------------------------------
 
                    Orbital Energies (a.u.)
 --------------------------------------------------------------
 
 Alpha MOs
 -- Occupied --
-19.3379 -19.3212 -10.3916 -10.3737 -10.3375 -10.3201  -1.1598  -1.1427
 -0.8771  -0.8599  -0.7482  -0.7306  -0.6211  -0.6023  -0.5720  -0.5581
 -0.5428  -0.5337  -0.4914  -0.4793  -0.4734  -0.4595  -0.4342  -0.4167
 -0.3878  -0.3700
 -- Virtual --
  0.0308   0.0459   0.0541   0.0618   0.0681   0.0862   0.0910   0.1049
  0.1082   0.1200   0.1211   0.1300   0.1407   0.1516   0.1550   0.1682
  0.1714   0.1826   0.1905   0.1959   0.2064   0.2073   0.2193   0.2221
  0.2340   0.2428   0.2522   0.2532   0.2602   0.2641   0.2713   0.2763
  0.2855   0.2924   0.2971   0.3023   0.3076   0.3131   0.3138   0.3234
  0.3266   0.3311   0.3345   0.3445   0.3479   0.3504   0.3544   0.3578
  0.3622   0.3659   0.3713   0.3805   0.3858   0.3927   0.3933   0.4025
  0.4066   0.4093   0.4173   0.4248   0.4319   0.4406   0.4473   0.4546
  0.4562   0.4593   0.4694   0.4784   0.4808   0.4869   0.4927   0.4956
  0.5123   0.5185   0.5206   0.5307   0.5358   0.5415   0.5545   0.5571
  0.5654   0.5693   0.5792   0.5897   0.6043   0.6086   0.6330   0.6450
  0.6473   0.6530   0.6631   0.6696   0.6770   0.6884   0.6948   0.6960
  0.7089   0.7164   0.7366   0.7451   0.7464   0.7482   0.7568   0.7669
  0.7755   0.7813   0.7863   0.7939   0.7975   0.8025   0.8098   0.8197
  0.8301   0.8393   0.8456   0.8647   0.8807   0.8889   0.9240   0.9343
  0.9515   0.9558   0.9651   0.9827   0.9880   0.9994   1.0147   1.0180
  1.0396   1.0534   1.0568   1.0819   1.1147   1.1208   1.1433   1.1485
  1.1610   1.1941   1.1977   1.2158   1.2208   1.2361   1.2419   1.2451
  1.2607   1.2687   1.2928   1.2996   1.3214   1.3240   1.3321   1.3431
  1.3566   1.3684   1.3852   1.4028   1.4057   1.4144   1.4247   1.4394
  1.4509   1.4656   1.4829   1.5031   1.5232   1.5387   1.5458   1.5547
  1.5948   1.6049   1.6309   1.6336   1.6508   1.6701   1.6781   1.6886
  1.6926   1.7086   1.7167   1.7331   1.7433   1.7588   1.7714   1.7874
  1.8039   1.8401   1.9250   1.9327   1.9806   2.0049   2.0363   2.0621
  2.0656   2.0868   2.1217   2.1277   2.1811   2.2102   2.2270   2.2403
  2.2704   2.2852   2.3463   2.3627   2.3724   2.4235   2.4653   2.4802
  2.4876   2.5268   2.6786   2.7015   2.7516   2.7610   2.7944   2.8105
  2.8338   2.8584   2.8739   2.8835   2.8949   2.9138   2.9195   2.9293
  2.9457   2.9519   2.9750   2.9834   2.9949   3.0129   3.0380   3.0483
  3.0614   3.0664   3.0855   3.1032   3.1157   3.1287   3.1483   3.1621
  3.1696   3.1960   3.2194   3.2315   3.2536   3.2591   3.2767   3.2855
  3.2962   3.3014   3.3079   3.3103   3.3264   3.3434   3.3560   3.3791
  3.4036   3.4167   3.4411   3.4594   3.5116   3.5184   3.5256   3.5477
  3.5709   3.5768   3.5976   3.6104   3.6363   3.6412   3.6651   3.6716
  3.7138   3.7213   3.7369   3.7509   3.7644   3.7768   3.7831   3.8075
  3.8155   3.8313   3.8577   3.8731   3.9040   3.9243   3.9829   3.9956
  4.0178   4.0333   4.0384   4.0501   4.0533   4.0713   4.1046   4.1097
  4.1196   4.1381   4.1410   4.1671   4.1871   4.1918   4.1978   4.2081
  4.2261   4.2423   4.2573   4.2673   4.2806   4.2876   4.3012   4.3138
  4.3394   4.3440   4.3815   4.4174   4.4236   4.4286   4.4424   4.4696
  4.4835   4.4945   4.5079   4.5124   4.5548   4.5663   4.5958   4.6251
  4.6802   4.6920   4.7136   4.7250   4.7374   4.7643   4.8050   4.8112
  4.8219   4.8332   4.9313   4.9553   4.9585   4.9867   4.9933   5.0047
  5.0252   5.0515   5.0834   5.1059   5.1374   5.1561   5.2217   5.2274
  5.2955   5.3170   5.3348   5.3497   5.3980   5.4154   5.4209   5.4264
  5.4404   5.4413   5.4776   5.4928   5.5115   5.5372   5.5763   5.5933
  5.6130   5.6388   5.6794   5.6993   5.7283   5.7417   5.7476   5.7717
  5.8051   5.8316   5.9016   5.9171   6.1124   6.1257   6.2924   6.3077
  6.6651   6.6680   6.8250   6.8267   6.8966   6.9027   6.9862   6.9961
  7.0725   7.0904   7.3659   7.3958   7.5490   7.5602   7.7821   7.8227
 23.7801  23.8001  24.0330  24.0810  44.7519  44.8239
 --------------------------------------------------------------
 
          Ground-State Mulliken Net Atomic Charges

     Atom                 Charge (a.u.)
  ----------------------------------------
      1 C                    -0.966384
      2 C                     0.116046
      3 O                    -0.416129
      4 H                     0.134919
      5 H                     0.233782
      6 H                     0.254169
      7 H                     0.355205
      8 H                     0.058821
      9 H                     0.244632
     10 C                    -1.111389
     11 C                    -0.092877
     12 O                    -0.362571
     13 H                     0.098237
     14 H                     0.293984
     15 H                     0.281842
     16 H                     0.291584
     17 H                     0.263519
     18 H                     0.322609
  ----------------------------------------
  Sum of atomic charges =     0.000000

 -----------------------------------------------------------------
                    Cartesian Multipole Moments
 -----------------------------------------------------------------
    Charge (ESU x 10^10)
                -0.0000
    Dipole Moment (Debye)
         X      -1.8779      Y      -0.4501      Z      -0.6678
       Tot       2.0433
    Quadrupole Moments (Debye-Ang)
        XX     -36.3754     XY      -7.1513     YY     -43.0338
        XZ      -1.4898     YZ      -1.8601     ZZ     -38.9712
    Octopole Moments (Debye-Ang^2)
       XXX      13.0191    XXY     -13.7464    XYY      -5.2488
       YYY       1.5325    XXZ     -11.5051    XYZ       0.9510
       YYZ      -1.5083    XZZ      -5.6524    YZZ       2.6224
       ZZZ      -9.0435
    Hexadecapole Moments (Debye-Ang^3)
      XXXX   -1278.5066   XXXY     -52.6341   XXYY    -281.1064
      XYYY       2.9101   YYYY    -173.9443   XXXZ      -7.1844
      XXYZ      -7.6129   XYYZ       0.5216   YYYZ       1.1441
      XXZZ    -246.8222   XYZZ      -3.5641   YYZZ     -51.3521
      XZZZ      15.2071   YZZZ      -2.7004   ZZZZ    -113.8040
 -----------------------------------------------------------------
 Total job time:  1467.94s(wall), 5227.64s(cpu) 
 Fri Feb 28 16:24:14 2025

        *************************************************************
        *                                                           *
        *  Thank you very much for using Q-Chem.  Have a nice day.  *
        *                                                           *
        *************************************************************


