
Running Job 1 of 1 004_ethanol_dimer_62_almo.inp
qchem 004_ethanol_dimer_62_almo.inp_163664.0 /scratch/qchem163664/ 6
/home/kchung25/qchem/5.4.0/exe/qcprog.exe_s 004_ethanol_dimer_62_almo.inp_163664.0 /scratch/qchem163664/
                  Welcome to Q-Chem
     A Quantum Leap Into The Future Of Chemistry


 Q-Chem 5.4, Q-Chem, Inc., Pleasanton, CA (2021)

 E. Epifanovsky,  A. T. B. Gilbert,  Xintian Feng,  Joonho Lee,  Yuezhi Mao,  
 N. Mardirossian,  P. Pokhilko,  A. White,  M. Wormit,  M. P. Coons,  
 A. L. Dempwolff,  Zhengting Gan,  D. Hait,  P. R. Horn,  L. D. Jacobson,  
 I. Kaliman,  J. Kussmann,  A. W. Lange,  Ka Un Lao,  D. S. Levine,  Jie Liu,  
 S. C. McKenzie,  A. F. Morrison,  K. Nanda,  F. Plasser,  D. R. Rehn,  
 M. L. Vidal,  Zhi-Qiang You,  Ying Zhu,  B. Alam,  B. Albrecht,  
 A. Aldossary,  E. Alguire,  J. H. Andersen,  D. Barton,  K. Begam,  A. Behn,  
 Y. A. Bernard,  E. J. Berquist,  H. Burton,  A. Carreras,  K. Carter-Fenk,  
 Romit Chakraborty,  A. D. Chien,  K. D. Closser,  V. Cofer-Shabica,  
 S. Dasgupta,  Jia Deng,  M. de Wergifosse,  M. Diedenhofen,  Hainam Do,  
 S. Ehlert,  Po-Tung Fang,  S. Fatehi,  Qingguo Feng,  T. Friedhoff,  
 J. Gayvert,  Qinghui Ge,  G. Gidofalvi,  M. Goldey,  J. Gomes,  
 C. Gonzalez-Espinoza,  S. Gulania,  A. Gunina,  M. W. D. Hanson-Heine,  
 P. H. P. Harbach,  A. W. Hauser,  M. F. Herbst,  M. Hernandez Vera,  
 M. Hodecker,  Z. C. Holden,  S. Houck,  Xunkun Huang,  Kerwin Hui,  
 B. C. Huynh,  M. Ivanov,  Hyunjun Ji,  Hanjie Jiang,  B. Kaduk,  S. Kaehler,  
 K. Khistyaev,  Jaehoon Kim,  P. Klunzinger,  Z. Koczor-Benda,  
 Joong Hoon Koh,  D. Kosenkov,  L. Koulias,  T. Kowalczyk,  C. M. Krauter,  
 K. Kue,  A. Kunitsa,  T. Kus,  A. Landau,  K. V. Lawler,  D. Lefrancois,  
 S. Lehtola,  Rain Li,  Yi-Pei Li,  Jiashu Liang,  M. Liebenthal,  
 Hung-Hsuan Lin,  You-Sheng Lin,  Fenglai Liu,  Kuan-Yu Liu,  
 M. Loipersberger,  A. Luenser,  A. Manjanath,  P. Manohar,  E. Mansoor,  
 S. F. Manzer,  Shan-Ping Mao,  A. V. Marenich,  T. Markovich,  S. Mason,  
 S. A. Maurer,  P. F. McLaughlin,  M. F. S. J. Menger,  J.-M. Mewes,  
 S. A. Mewes,  P. Morgante,  J. W. Mullinax,  K. J. Oosterbaan,  G. Paran,  
 Alexander C. Paul,  Suranjan K. Paul,  F. Pavosevic,  Zheng Pei,  S. Prager,  
 E. I. Proynov,  E. Ramos,  B. Rana,  A. E. Rask,  A. Rettig,  R. M. Richard,  
 F. Rob,  E. Rossomme,  T. Scheele,  M. Scheurer,  M. Schneider,  
 N. Sergueev,  S. M. Sharada,  W. Skomorowski,  D. W. Small,  C. J. Stein,  
 Yu-Chuan Su,  E. J. Sundstrom,  Zhen Tao,  J. Thirman,  T. Tsuchimochi,  
 N. M. Tubman,  S. P. Veccham,  O. Vydrov,  J. Wenzel,  J. Witte,  A. Yamada,  
 Kun Yao,  S. Yeganeh,  S. R. Yost,  A. Zech,  Igor Ying Zhang,  Xing Zhang,  
 Yu Zhang,  D. Zuev,  A. Aspuru-Guzik,  A. T. Bell,  N. A. Besley,  
 K. B. Bravaya,  B. R. Brooks,  D. Casanova,  Jeng-Da Chai,  S. Coriani,  
 C. J. Cramer,  A. E. DePrince, III,  R. A. DiStasio Jr.,  A. Dreuw,  
 B. D. Dunietz,  T. R. Furlani,  W. A. Goddard III,  S. Grimme,  
 S. Hammes-Schiffer,  T. Head-Gordon,  W. J. Hehre,  Chao-Ping Hsu,  
 T.-C. Jagau,  Yousung Jung,  A. Klamt,  Jing Kong,  D. S. Lambrecht,  
 WanZhen Liang,  N. J. Mayhall,  C. W. McCurdy,  J. B. Neaton,  T. Neudecker,  
 C. Ochsenfeld,  J. A. Parkhill,  R. Peverati,  V. A. Rassolov,  Yihan Shao,  
 L. V. Slipchenko,  R. P. Steele,  J. E. Subotnik,  A. J. W. Thom,  
 A. Tkatchenko,  D. G. Truhlar,  T. Van Voorhis,  T. A. Wesolowski,  
 K. B. Whaley,  H. L. Woodcock III,  P. M. Zimmerman,  S. Faraji,  
 P. M. W. Gill,  M. Head-Gordon,  J. M. Herbert,  A. I. Krylov

 Additional authors since Version 5.4.0: 
 Chandrima Chakravarty,  L. Cunha,  R. Kang,  Yongbin Kim,  S. Kotaru,  
 Shaozhi Li,  Xiangyuan Li,  F. Matz,  A. Molle,  V. Parravicini,  
 Haisheng Ren,  Hengyuan Shen,  Yingli Su,  Hung-Yi Tsai,  C. Utku,  
 Fang Wang,  Jeff Yang,  F. Zeller

 Contributors to earlier versions of Q-Chem not listed above: 
 R. D. Adamson,  B. Austin,  R. Baer,  J. Baker,  G. J. O. Beran,  
 K. Brandhorst,  S. T. Brown,  E. F. C. Byrd,  Arup K. Chakraborty,  
 G. K. L. Chan,  Chun-Min Chang,  Yunqing Chen,  C.-L. Cheng,  
 Siu Hung Chien,  D. M. Chipman,  D. L. Crittenden,  H. Dachsel,  
 R. J. Doerksen,  A. D. Dutoi,  R. G. Edgar,  J. Fosso-Tande,  
 L. Fusti-Molnar,  D. Ghosh,  A. Ghysels,  A. Golubeva-Zadorozhnaya,  
 J. Gonthier,  M. S. Gordon,  S. R. Gwaltney,  G. Hawkins,  J. E. Herr,  
 A. Heyden,  S. Hirata,  E. G. Hohenstein,  G. Kedziora,  F. J. Keil,  
 C. Kelley,  Jihan Kim,  R. A. King,  R. Z. Khaliullin,  P. P. Korambath,  
 W. Kurlancheek,  A. Laurent,  A. M. Lee,  M. S. Lee,  S. V. Levchenko,  
 Ching Yeh Lin,  D. Liotard,  E. Livshits,  R. C. Lochan,  I. Lotan,  
 L. A. Martinez-Martinez,  P. E. Maslen,  N. Nair,  D. P. O'Neill,  
 D. Neuhauser,  E. Neuscamman,  C. M. Oana,  R. Olivares-Amaya,  R. Olson,  
 T. M. Perrine,  B. Peters,  P. A. Pieniazek,  A. Prociuk,  Y. M. Rhee,  
 J. Ritchie,  M. A. Rohrdanz,  E. Rosta,  N. J. Russ,  H. F. Schaefer III,  
 M. W. Schmidt,  N. E. Schultz,  S. Sharma,  N. Shenvi,  C. D. Sherrill,  
 A. C. Simmonett,  A. Sodt,  T. Stein,  D. Stuck,  K. S. Thanthiriwatte,  
 V. Vanovschi,  L. Vogt,  Tao Wang,  A. Warshel,  M. A. Watson,  
 C. F. Williams,  Q. Wu,  X. Xu,  Jun Yang,  W. Zhang,  Yan Zhao

   Please cite Q-Chem as follows:
  "Software for the frontiers of quantum chemistry:
   An overview of developments in the Q-Chem 5 package"
   J. Chem. Phys. 155, 084801 (2021)
   https://doi.org/10.1063/5.0055522 (open access)

 Q-Chem 5.4.2 for Intel X86 EM64T Linux

 Parts of Q-Chem use Armadillo 9.900.5 (Nocturnal Misbehaviour).
 http://arma.sourceforge.net/

 Q-Chem begins on Sat Mar  1 01:32:27 2025  

 Host: 
0

     Scratch files written to /scratch/qchem163664//
 Dec1321 |scratch|qcdevops|jenkins|workspace|build_RNUM 5684   
 Processing $rem in /home/kchung25/qchem/5.4.0/config/preferences:
 Processing $rem in /home/kchung25/.qchemrc:

 Q-Chem warning in module libgen/rem_setup.C, line 3079:

 Neither GIA nor STOLL is specified by user. Use STOLL as the default


 Checking the input file for inconsistencies... 	...done.

--------------------------------------------------------------
User input:
--------------------------------------------------------------
$molecule
0 1
--
0 1
C    1.309013   1.134015  -0.188218
C    1.724146  -0.315014  -0.195909
O    3.069051  -0.501508   0.179173
H    3.209050  -0.059378   1.020349
H    0.271243   1.257351  -0.509886
H    1.953170   1.720116  -0.846698
H    1.388592   1.553026   0.820473
H    1.634571  -0.733745  -1.202623
H    1.051625  -0.905042   0.447878
--
0 1
C   -1.823592  -1.296449  -0.312637
C   -1.984814  -0.112096   0.605856
O   -2.156708   1.096874  -0.098750
H   -2.908238   1.000912  -0.689351
H   -1.633465  -2.212113   0.251297
H   -0.989131  -1.136448  -0.999502
H   -2.726588  -1.455432  -0.909543
H   -1.083812   0.024514   1.212183
H   -2.814275  -0.279428   1.307478
$end

$rem
JOBTYPE          eda
EDA2             1
METHOD           wB97M-V
BASIS            def2-TZVPPD
SYMMETRY         false
MEM_TOTAL        50000
MEM_STATIC       10000
THRESH           14
SCF_CONVERGENCE  8
XC_GRID          000099000590
NL_GRID          1
EDA_CLS_DISP     true
FD_MAT_VEC_PROD  FALSE
$end
--------------------------------------------------------------
 ----------------------------------------------------------------
             Standard Nuclear Orientation (Angstroms)
    I     Atom           X                Y                Z
 ----------------------------------------------------------------
    1      C       1.3090129900    -1.1340149732     0.1882178703
    2      C       1.7241458929     0.3150140544     0.1959089123
    3      O       3.0690508979     0.5015081501    -0.1791730220
    4      H       3.2090499667     0.0593781726    -1.0203490224
    5      H       0.2712429833    -1.2573510475     0.5098858200
    6      H       1.9531699985    -1.7201159404     0.8466978912
    7      H       1.3885920651    -1.5530259521    -0.8204731325
    8      H       1.6345708179     0.7337450327     1.2026229147
    9      H       1.0516248835     0.9050420195    -0.4478781099
   10      C      -1.8235921781     1.2964488156     0.3126367621
   11      C      -1.9848140561     0.1120958192    -0.6058562640
   12      O      -2.1567080083    -1.0968742033     0.0987497092
   13      H      -2.9082380422    -1.0009122627     0.6893506756
   14      H      -1.6334652130     2.2121128371    -0.2512972148
   15      H      -0.9891311995     1.1364478606     0.9995017985
   16      H      -2.7265882166     1.4554317460     0.9095427224
   17      H      -1.0838120187    -0.0245141112    -1.2121832240
   18      H      -2.8142750346     0.2794277747    -1.3074783000
 ----------------------------------------------------------------
 Molecular Point Group                 C1    NOp =  1
 Largest Abelian Subgroup              C1    NOp =  1
 Nuclear Repulsion Energy =         250.32188161 hartrees
 There are       26 alpha and       26 beta electrons
 Requested basis set is def2-TZVPPD
 There are 164 shells and 432 basis functions

 Q-Chem warning in module libmdc/get_mega.C, line 171:

 Allowed MEM_STATIC has been capped at MEM_STATIC=8191.
 Reduce the value of MEM_STATIC to silence this warning.


 Total QAlloc Memory Limit  50000 MB
 Mega-Array Size      8007 MB
 MEM_STATIC part      8191 MB
 A cutoff of  1.0D-14 yielded  12459 shell pairs
 There are     85727 function pairs (    105352 Cartesian)
 Smallest overlap matrix eigenvalue = 6.36E-06

 Scale SEOQF with 1.000000e-01/1.000000e-01/1.000000e-01

 Standard Electronic Orientation quadrupole field applied
 Nucleus-field energy     =     0.0000000103 hartrees

 -----------------------------------------------------------------------
  General SCF calculation program by
  Eric Jon Sundstrom, Paul Horn, Yuezhi Mao, Dmitri Zuev, Alec White,
  David Stuck, Shaama M.S., Shane Yost, Joonho Lee, David Small,
  Daniel Levine, Susi Lehtola, Hugh Burton, Evgeny Epifanovsky,
  Bang C. Huynh
 -----------------------------------------------------------------------
================================================================
                 ALMO-EDA with the EDA2 driver                  
================================================================
 The second-generation ALMO-EDA (for DFT):                      
 P. R. Horn, Y. Mao and M. Head-Gordon, PCCP, 18, 23067 (2016)  
 Y. Mao et al. Annu. Rev. Phys. Chem. 72, 641 (2021)            
 Decomposition of the frozen energy:                            
 P. R. Horn, Y. Mao and M. Head-Gordon, JCP, 144, 114107 (2016) 
 FERF model for polarization:                                   
 P. R. Horn and M. Head-Gordon, JCP, 143, 114111 (2015)         
================================================================
 Using eda2 option set 1
 Option set summary: Frozen orbital wavefunction, initial wavefunction decomposition, and nDQ polarization.
--------------------------------
Printing EDA Options
--------------------------------
eda_child_super_basis      0
fragmo_guess_mode          0
child_mp                   1
child_mp_orders            232
cls_elec                   1
cls_disp                   1
scfmi_mode                 1
scfmi_occs                 0
scfmi_virts                0
frz_relax                  0
frz_relax_method           0
dc_pen_start               0
dc_pen_conv                0
dc_pen_increment           0
dc_pen_steps               0
dc_pen_thresh_factor       0
dc_pen_pre_newton_thresh   0
frz_ortho_decomp           1
frz_ortho_decomp_conv      6
plot_mo_ortho_frz          0
frgm_method                2
scfmi_freeze_ss            0
separate_rehyb             0
plot_diff_den              0
eda_nocv                   0
eda_vct_relax              1
disp_free_x                0
disp_free_c                0
eda_bsse                   0
eda_pct_a                  0
eda_covp                   0
--------------------------------
Attempting to make child job directory: /scratch/qchem163664//Frg1/
Attempting to make child job directory: /scratch/qchem163664//Frg2/
Creating input file /scratch/qchem163664/Frg1.input
using default PutDataFrgm: nothing
calling putenv with: QCSCRATCH=/scratch/qchem163664/ 
Spawning Job For Fragment 0
Done Job For Fragment 0
calling putenv with: QCSCRATCH=/scratch 
calling putenv with: QCTHREADS=6 
Creating input file /scratch/qchem163664/Frg2.input
using default PutDataFrgm: nothing
calling putenv with: QCSCRATCH=/scratch/qchem163664/ 
Spawning Job For Fragment 1
Done Job For Fragment 1
calling putenv with: QCSCRATCH=/scratch 
calling putenv with: QCTHREADS=6 
Doing General SCFMI
 Exchange:     0.1500 Hartree-Fock + 1.0000 wB97M-V + LR-HF
 Correlation:  1.0000 wB97M-V
 Using Euler-Maclaurin-Lebedev (99,590) quadrature formula
 Nonlocal Correlation:  VV10 with C = 0.0100 and b = 6.00 and scale = 1.00000
 Grid used for NLC:  SG-1 standard quadrature
performing fock build before subrot guess so that all methods have access
Printing subrot_rss_gen Method Specification:
Occupied Subspace Method is 0
Virtual Subspace Method is 0
Energy of the unrelaxed supersystem initial determinant -310.060169769300
write pseudocanon occs and virts to disk
write pseudocanon orbital energies to disk
Tolerance of ortho_decomp_scf: 1.00e-06
GDM subspace size: 20
Beginning the Orthogonal Decomposition of the Initial Supersystem Wavefunction
    1    -310.0367602207      5.62e-02     ortho_decomp Preconditoned Steepest Descent
    2    -310.0400356506      1.54e-03     ortho_decomp BFGS Step
    3    -310.0400486746      1.18e-04     ortho_decomp BFGS Step
    4    -310.0400486943      4.77e-06     ortho_decomp BFGS Step
    5    -310.0400486943      1.70e-07     ortho_decomp 00000 Convergence criterion met
 Hartree-Fock
 Hartree-Fock
 Hartree-Fock
 Exchange:     0.1500 Hartree-Fock + 1.0000 wB97M-V + LR-HF
 Correlation:  1.0000 wB97M-V
 Using Euler-Maclaurin-Lebedev (99,590) quadrature formula
 Nonlocal Correlation:  VV10 with C = 0.0100 and b = 6.00 and scale = 1.00000
 Grid used for NLC:  SG-1 standard quadrature
 Long-range K will be added via erf
 Coulomb attenuation parameter = 0.3 bohr**(-1)
 Nonlocal correlation = 2.040645246586e-01
Doing General SCFMI
 Exchange:     0.1500 Hartree-Fock + 1.0000 wB97M-V + LR-HF
 Correlation:  1.0000 wB97M-V
 Using Euler-Maclaurin-Lebedev (99,590) quadrature formula
 Nonlocal Correlation:  VV10 with C = 0.0100 and b = 6.00 and scale = 1.00000
 Grid used for NLC:  SG-1 standard quadrature
performing fock build at end of subrot_r(subrot) constructor so that all methods have access
<S^2> of initial wavefunction before polarization iterations 0.0000000000
Beginning iterations for the determination of the polarized wavefunction
Energy prior to optimization (guess energy) = -310.060169769300
Begin Timing: Total SCF Calculation
begin iterations for algorithm: DIIS         
the SCF tolerance is set to 1.00e-08
    1    -310.0601697693      1.37e-04     00000 
    2    -310.0607527421      4.48e-05     00000 
    3    -310.0607979696      2.55e-05     00000 
    4    -310.0608081181      1.01e-05     00000 
    5    -310.0608099830      3.55e-06     00000 
    6    -310.0608104467      1.48e-06     00000 
    7    -310.0608105333      6.24e-07     00000 
    8    -310.0608105488      2.00e-07     00000 
    9    -310.0608105501      6.88e-08     00000 
   10    -310.0608105502      4.03e-08     00000 
   11    -310.0608105502      1.91e-08     00000 
   12    -310.0608105502      7.89e-09     00000 Convergence criterion met
write pseudocanon occs and virts to disk
write pseudocanon orbital energies to disk
Timing for Total SCF: 291.00s (wall), 1749.44s (cpu)
<S^2> of polarized wavefunction after polarization iterations 0.0000000000
relaxing scfmi constraint to allow all rotations in the entire AO span
Doing General SCFMI
 Exchange:     0.1500 Hartree-Fock + 1.0000 wB97M-V + LR-HF
 Correlation:  1.0000 wB97M-V
 Using Euler-Maclaurin-Lebedev (99,590) quadrature formula
 Nonlocal Correlation:  VV10 with C = 0.0100 and b = 6.00 and scale = 1.00000
 Grid used for NLC:  SG-1 standard quadrature
performing fock build at end of subrot_r(subrot) constructor so that all methods have access
<S^2> of polarized wavefunction before ct-allowed iterations 0.0000000000
Beginning iterations for the determination of the CT-Allowed wavefunction
Energy prior to optimization (guess energy) = -310.060810550218
Begin Timing: Total SCF Calculation
begin iterations for algorithm: DIIS         
the SCF tolerance is set to 1.00e-08
    1    -310.0608105502      9.39e-05     00000 
    2    -310.0617323630      1.12e-05     00000 
    3    -310.0617598252      2.53e-06     00000 
    4    -310.0617604402      2.08e-06     00000 
    5    -310.0617607300      2.79e-07     00000 
    6    -310.0617607374      9.27e-08     00000 
    7    -310.0617607386      2.32e-08     00000 
    8    -310.0617607386      5.26e-09     00000 Convergence criterion met
write pseudocanon occs and virts to disk
write pseudocanon orbital energies to disk
Timing for Total SCF: 188.00s (wall), 1123.53s (cpu)
<S^2> of ct_allowed wavefunction after ct-allowed iterations 0.0000000000

================================
        Results of EDA2         
================================
Basic EDA Quantities
--------------------
Fragment Energies (Ha):
1 -155.0293174337
2 -155.0294045176
--------------------
  E_prp (kJ/mol) = 0.0000
  E_frz (kJ/mol) = -3.8013
  E_pol (kJ/mol) = -1.6824
  E_vct (kJ/mol) = -2.4947
  E_int (kJ/mol) = -7.9784
--------------------


Decomposition of frozen interaction energy
--------------------
  --------------------
  Orthogonal Frozen Decomposition:
  --------------------
     E_elec   (ELEC)   (kJ/mol) = -25.6169
     E_pauli  (PAULI)  (kJ/mol) = 37.3978
     E_disp   (DISP)   (kJ/mol) = -15.5822
  --------------------
  Classical Frozen Decomposition:
  --------------------
     E_cls_elec  (CLS ELEC)  (kJ/mol) = -10.2443
     E_mod_pauli (MOD PAULI) (kJ/mol) = 20.2666 (FRZ - CLS ELEC - CLS DISP)
     E_cls_disp  (CLS DISP)  (kJ/mol) = -13.8236
  --------------------
--------------------

Simplified EDA Summary (kJ/mol)
--------------------
 PREPARATION      0.0000
 FROZEN           -3.8013 (ELEC + PAULI + DISP)
[ELEC + PAULI = 10.0223, DISP = -13.8236]
 POLARIZATION    -1.6824
 CHARGE TRANSFER -2.4947
 TOTAL           -7.9784     (PRP + FRZ + POL + CT)
--------------------
 
 --------------------------------------------------------------
 
                    Orbital Energies (a.u.)
 --------------------------------------------------------------
 
 Alpha MOs
 -- Occupied --
-19.3382 -19.3271 -10.3924 -10.3826 -10.3389 -10.3243  -1.1604  -1.1496
 -0.8791  -0.8652  -0.7495  -0.7375  -0.6230  -0.6091  -0.5717  -0.5592
 -0.5523  -0.5389  -0.4922  -0.4833  -0.4747  -0.4638  -0.4358  -0.4240
 -0.3877  -0.3760
 -- Virtual --
  0.0317   0.0431   0.0537   0.0576   0.0727   0.0801   0.0856   0.0980
  0.1087   0.1215   0.1232   0.1301   0.1442   0.1509   0.1588   0.1649
  0.1676   0.1799   0.1890   0.1937   0.2000   0.2036   0.2202   0.2296
  0.2375   0.2412   0.2498   0.2550   0.2597   0.2672   0.2775   0.2819
  0.2914   0.2943   0.2995   0.3047   0.3072   0.3120   0.3157   0.3244
  0.3273   0.3353   0.3385   0.3428   0.3473   0.3520   0.3541   0.3607
  0.3664   0.3735   0.3773   0.3814   0.3903   0.3934   0.3993   0.4048
  0.4150   0.4166   0.4273   0.4304   0.4445   0.4505   0.4564   0.4596
  0.4681   0.4702   0.4738   0.4822   0.4883   0.4964   0.5020   0.5120
  0.5170   0.5244   0.5293   0.5355   0.5464   0.5496   0.5629   0.5687
  0.5751   0.5776   0.5951   0.6028   0.6140   0.6237   0.6276   0.6374
  0.6466   0.6533   0.6636   0.6760   0.6798   0.6851   0.6949   0.7088
  0.7154   0.7206   0.7248   0.7378   0.7497   0.7530   0.7578   0.7608
  0.7722   0.7813   0.7861   0.8026   0.8083   0.8106   0.8221   0.8349
  0.8522   0.8535   0.8595   0.8820   0.8952   0.9082   0.9169   0.9243
  0.9423   0.9508   0.9722   0.9937   0.9969   1.0203   1.0327   1.0380
  1.0400   1.0689   1.0701   1.0970   1.1027   1.1307   1.1542   1.1581
  1.1719   1.1815   1.1858   1.2156   1.2245   1.2345   1.2509   1.2591
  1.2649   1.2755   1.2835   1.2994   1.3082   1.3135   1.3557   1.3626
  1.3687   1.3784   1.3963   1.4079   1.4136   1.4202   1.4329   1.4493
  1.4541   1.4745   1.4918   1.4947   1.5040   1.5264   1.5411   1.5582
  1.5915   1.6078   1.6393   1.6429   1.6602   1.6790   1.6826   1.6924
  1.6979   1.7224   1.7348   1.7482   1.7525   1.7819   1.7999   1.8121
  1.8306   1.8426   1.9532   1.9800   1.9906   2.0124   2.0425   2.0527
  2.0788   2.0874   2.1070   2.1380   2.1785   2.2171   2.2225   2.2497
  2.2659   2.2832   2.3563   2.3756   2.3900   2.4213   2.4523   2.4638
  2.4883   2.5093   2.6881   2.7041   2.7486   2.7871   2.7959   2.8091
  2.8377   2.8619   2.8646   2.8815   2.8932   2.9157   2.9229   2.9413
  2.9475   2.9632   2.9743   2.9965   2.9990   3.0136   3.0375   3.0403
  3.0660   3.0830   3.0900   3.1046   3.1131   3.1361   3.1502   3.1720
  3.1875   3.2129   3.2312   3.2502   3.2561   3.2732   3.2781   3.2896
  3.3036   3.3126   3.3249   3.3328   3.3354   3.3460   3.3617   3.3913
  3.4194   3.4405   3.4584   3.4750   3.4870   3.5069   3.5238   3.5582
  3.5727   3.5871   3.5995   3.6246   3.6367   3.6436   3.6771   3.6986
  3.7039   3.7299   3.7371   3.7526   3.7644   3.7725   3.7996   3.8141
  3.8176   3.8439   3.8580   3.8740   3.9154   3.9442   3.9872   3.9927
  4.0015   4.0111   4.0366   4.0465   4.0595   4.0628   4.0927   4.1106
  4.1220   4.1306   4.1559   4.1604   4.1766   4.1970   4.2072   4.2245
  4.2468   4.2524   4.2604   4.2686   4.2898   4.3066   4.3134   4.3194
  4.3398   4.3513   4.3810   4.3944   4.4309   4.4463   4.4546   4.4678
  4.4908   4.4960   4.5196   4.5285   4.5306   4.5694   4.6080   4.6502
  4.6987   4.7030   4.7100   4.7160   4.7375   4.7441   4.7975   4.8235
  4.8277   4.8433   4.9364   4.9628   4.9737   4.9864   5.0018   5.0149
  5.0531   5.0612   5.0640   5.0716   5.1389   5.1492   5.2226   5.2264
  5.2888   5.3143   5.3355   5.3491   5.4132   5.4205   5.4285   5.4326
  5.4417   5.4500   5.4828   5.5002   5.5104   5.5564   5.5823   5.5928
  5.6212   5.6362   5.6749   5.6954   5.7286   5.7427   5.7453   5.7867
  5.8213   5.8425   5.8936   5.9096   6.1144   6.1234   6.2887   6.3093
  6.6601   6.6711   6.8228   6.8294   6.8887   6.8978   6.9804   6.9944
  7.0774   7.0938   7.3731   7.3907   7.5522   7.5560   7.7763   7.7843
 23.7651  23.7851  24.0559  24.0982  44.7446  44.8023
 --------------------------------------------------------------
 
          Ground-State Mulliken Net Atomic Charges

     Atom                 Charge (a.u.)
  ----------------------------------------
      1 C                    -0.859501
      2 C                    -0.019506
      3 O                    -0.417777
      4 H                     0.136324
      5 H                     0.155940
      6 H                     0.352645
      7 H                     0.269990
      8 H                     0.223112
      9 H                     0.159526
     10 C                    -0.943008
     11 C                    -0.216846
     12 O                    -0.373292
     13 H                     0.127901
     14 H                     0.260835
     15 H                     0.252411
     16 H                     0.360214
     17 H                     0.206208
     18 H                     0.324821
  ----------------------------------------
  Sum of atomic charges =     0.000000

 -----------------------------------------------------------------
                    Cartesian Multipole Moments
 -----------------------------------------------------------------
    Charge (ESU x 10^10)
                 0.0000
    Dipole Moment (Debye)
         X      -2.3256      Y       0.4294      Z      -0.5419
       Tot       2.4262
    Quadrupole Moments (Debye-Ang)
        XX     -41.7801     XY      -5.3547     YY     -43.9028
        XZ      -5.0495     YZ      -0.4466     ZZ     -37.7429
    Octopole Moments (Debye-Ang^2)
       XXX     -44.6364    XXY     -12.2252    XYY       1.1361
       YYY       0.8359    XXZ      -4.4042    XYZ       4.5155
       YYZ       1.0753    XZZ       4.7112    YZZ      -1.6024
       ZZZ      -2.1723
    Hexadecapole Moments (Debye-Ang^3)
      XXXX   -1099.1781   XXXY     -14.9239   XXYY    -243.6827
      XYYY       5.4284   YYYY    -280.9126   XXXZ     -75.9982
      XXYZ      -6.9769   XYYZ      -2.9573   YYYZ      -5.3188
      XXZZ    -170.1870   XYZZ       6.6775   YYZZ     -61.6822
      XZZZ     -12.4708   YZZZ      -0.7330   ZZZZ    -102.2283
 -----------------------------------------------------------------
 Total job time:  1520.43s(wall), 5571.39s(cpu) 
 Sat Mar  1 01:57:48 2025

        *************************************************************
        *                                                           *
        *  Thank you very much for using Q-Chem.  Have a nice day.  *
        *                                                           *
        *************************************************************


