
Running Job 1 of 1 004_ethanol_dimer_12_almo.inp
qchem 004_ethanol_dimer_12_almo.inp_103392.0 /scratch/qchem103392/ 6
/home/kchung25/qchem/5.4.0/exe/qcprog.exe_s 004_ethanol_dimer_12_almo.inp_103392.0 /scratch/qchem103392/
                  Welcome to Q-Chem
     A Quantum Leap Into The Future Of Chemistry


 Q-Chem 5.4, Q-Chem, Inc., Pleasanton, CA (2021)

 E. Epifanovsky,  A. T. B. Gilbert,  Xintian Feng,  Joonho Lee,  Yuezhi Mao,  
 N. Mardirossian,  P. Pokhilko,  A. White,  M. Wormit,  M. P. Coons,  
 A. L. Dempwolff,  Zhengting Gan,  D. Hait,  P. R. Horn,  L. D. Jacobson,  
 I. Kaliman,  J. Kussmann,  A. W. Lange,  Ka Un Lao,  D. S. Levine,  Jie Liu,  
 S. C. McKenzie,  A. F. Morrison,  K. Nanda,  F. Plasser,  D. R. Rehn,  
 M. L. Vidal,  Zhi-Qiang You,  Ying Zhu,  B. Alam,  B. Albrecht,  
 A. Aldossary,  E. Alguire,  J. H. Andersen,  D. Barton,  K. Begam,  A. Behn,  
 Y. A. Bernard,  E. J. Berquist,  H. Burton,  A. Carreras,  K. Carter-Fenk,  
 Romit Chakraborty,  A. D. Chien,  K. D. Closser,  V. Cofer-Shabica,  
 S. Dasgupta,  Jia Deng,  M. de Wergifosse,  M. Diedenhofen,  Hainam Do,  
 S. Ehlert,  Po-Tung Fang,  S. Fatehi,  Qingguo Feng,  T. Friedhoff,  
 J. Gayvert,  Qinghui Ge,  G. Gidofalvi,  M. Goldey,  J. Gomes,  
 C. Gonzalez-Espinoza,  S. Gulania,  A. Gunina,  M. W. D. Hanson-Heine,  
 P. H. P. Harbach,  A. W. Hauser,  M. F. Herbst,  M. Hernandez Vera,  
 M. Hodecker,  Z. C. Holden,  S. Houck,  Xunkun Huang,  Kerwin Hui,  
 B. C. Huynh,  M. Ivanov,  Hyunjun Ji,  Hanjie Jiang,  B. Kaduk,  S. Kaehler,  
 K. Khistyaev,  Jaehoon Kim,  P. Klunzinger,  Z. Koczor-Benda,  
 Joong Hoon Koh,  D. Kosenkov,  L. Koulias,  T. Kowalczyk,  C. M. Krauter,  
 K. Kue,  A. Kunitsa,  T. Kus,  A. Landau,  K. V. Lawler,  D. Lefrancois,  
 S. Lehtola,  Rain Li,  Yi-Pei Li,  Jiashu Liang,  M. Liebenthal,  
 Hung-Hsuan Lin,  You-Sheng Lin,  Fenglai Liu,  Kuan-Yu Liu,  
 M. Loipersberger,  A. Luenser,  A. Manjanath,  P. Manohar,  E. Mansoor,  
 S. F. Manzer,  Shan-Ping Mao,  A. V. Marenich,  T. Markovich,  S. Mason,  
 S. A. Maurer,  P. F. McLaughlin,  M. F. S. J. Menger,  J.-M. Mewes,  
 S. A. Mewes,  P. Morgante,  J. W. Mullinax,  K. J. Oosterbaan,  G. Paran,  
 Alexander C. Paul,  Suranjan K. Paul,  F. Pavosevic,  Zheng Pei,  S. Prager,  
 E. I. Proynov,  E. Ramos,  B. Rana,  A. E. Rask,  A. Rettig,  R. M. Richard,  
 F. Rob,  E. Rossomme,  T. Scheele,  M. Scheurer,  M. Schneider,  
 N. Sergueev,  S. M. Sharada,  W. Skomorowski,  D. W. Small,  C. J. Stein,  
 Yu-Chuan Su,  E. J. Sundstrom,  Zhen Tao,  J. Thirman,  T. Tsuchimochi,  
 N. M. Tubman,  S. P. Veccham,  O. Vydrov,  J. Wenzel,  J. Witte,  A. Yamada,  
 Kun Yao,  S. Yeganeh,  S. R. Yost,  A. Zech,  Igor Ying Zhang,  Xing Zhang,  
 Yu Zhang,  D. Zuev,  A. Aspuru-Guzik,  A. T. Bell,  N. A. Besley,  
 K. B. Bravaya,  B. R. Brooks,  D. Casanova,  Jeng-Da Chai,  S. Coriani,  
 C. J. Cramer,  A. E. DePrince, III,  R. A. DiStasio Jr.,  A. Dreuw,  
 B. D. Dunietz,  T. R. Furlani,  W. A. Goddard III,  S. Grimme,  
 S. Hammes-Schiffer,  T. Head-Gordon,  W. J. Hehre,  Chao-Ping Hsu,  
 T.-C. Jagau,  Yousung Jung,  A. Klamt,  Jing Kong,  D. S. Lambrecht,  
 WanZhen Liang,  N. J. Mayhall,  C. W. McCurdy,  J. B. Neaton,  T. Neudecker,  
 C. Ochsenfeld,  J. A. Parkhill,  R. Peverati,  V. A. Rassolov,  Yihan Shao,  
 L. V. Slipchenko,  R. P. Steele,  J. E. Subotnik,  A. J. W. Thom,  
 A. Tkatchenko,  D. G. Truhlar,  T. Van Voorhis,  T. A. Wesolowski,  
 K. B. Whaley,  H. L. Woodcock III,  P. M. Zimmerman,  S. Faraji,  
 P. M. W. Gill,  M. Head-Gordon,  J. M. Herbert,  A. I. Krylov

 Additional authors since Version 5.4.0: 
 Chandrima Chakravarty,  L. Cunha,  R. Kang,  Yongbin Kim,  S. Kotaru,  
 Shaozhi Li,  Xiangyuan Li,  F. Matz,  A. Molle,  V. Parravicini,  
 Haisheng Ren,  Hengyuan Shen,  Yingli Su,  Hung-Yi Tsai,  C. Utku,  
 Fang Wang,  Jeff Yang,  F. Zeller

 Contributors to earlier versions of Q-Chem not listed above: 
 R. D. Adamson,  B. Austin,  R. Baer,  J. Baker,  G. J. O. Beran,  
 K. Brandhorst,  S. T. Brown,  E. F. C. Byrd,  Arup K. Chakraborty,  
 G. K. L. Chan,  Chun-Min Chang,  Yunqing Chen,  C.-L. Cheng,  
 Siu Hung Chien,  D. M. Chipman,  D. L. Crittenden,  H. Dachsel,  
 R. J. Doerksen,  A. D. Dutoi,  R. G. Edgar,  J. Fosso-Tande,  
 L. Fusti-Molnar,  D. Ghosh,  A. Ghysels,  A. Golubeva-Zadorozhnaya,  
 J. Gonthier,  M. S. Gordon,  S. R. Gwaltney,  G. Hawkins,  J. E. Herr,  
 A. Heyden,  S. Hirata,  E. G. Hohenstein,  G. Kedziora,  F. J. Keil,  
 C. Kelley,  Jihan Kim,  R. A. King,  R. Z. Khaliullin,  P. P. Korambath,  
 W. Kurlancheek,  A. Laurent,  A. M. Lee,  M. S. Lee,  S. V. Levchenko,  
 Ching Yeh Lin,  D. Liotard,  E. Livshits,  R. C. Lochan,  I. Lotan,  
 L. A. Martinez-Martinez,  P. E. Maslen,  N. Nair,  D. P. O'Neill,  
 D. Neuhauser,  E. Neuscamman,  C. M. Oana,  R. Olivares-Amaya,  R. Olson,  
 T. M. Perrine,  B. Peters,  P. A. Pieniazek,  A. Prociuk,  Y. M. Rhee,  
 J. Ritchie,  M. A. Rohrdanz,  E. Rosta,  N. J. Russ,  H. F. Schaefer III,  
 M. W. Schmidt,  N. E. Schultz,  S. Sharma,  N. Shenvi,  C. D. Sherrill,  
 A. C. Simmonett,  A. Sodt,  T. Stein,  D. Stuck,  K. S. Thanthiriwatte,  
 V. Vanovschi,  L. Vogt,  Tao Wang,  A. Warshel,  M. A. Watson,  
 C. F. Williams,  Q. Wu,  X. Xu,  Jun Yang,  W. Zhang,  Yan Zhao

   Please cite Q-Chem as follows:
  "Software for the frontiers of quantum chemistry:
   An overview of developments in the Q-Chem 5 package"
   J. Chem. Phys. 155, 084801 (2021)
   https://doi.org/10.1063/5.0055522 (open access)

 Q-Chem 5.4.2 for Intel X86 EM64T Linux

 Parts of Q-Chem use Armadillo 9.900.5 (Nocturnal Misbehaviour).
 http://arma.sourceforge.net/

 Q-Chem begins on Fri Feb 28 04:19:59 2025  

 Host: 
0

     Scratch files written to /scratch/qchem103392//
 Dec1321 |scratch|qcdevops|jenkins|workspace|build_RNUM 5684   
 Processing $rem in /home/kchung25/qchem/5.4.0/config/preferences:
 Processing $rem in /home/kchung25/.qchemrc:

 Q-Chem warning in module libgen/rem_setup.C, line 3079:

 Neither GIA nor STOLL is specified by user. Use STOLL as the default


 Checking the input file for inconsistencies... 	...done.

--------------------------------------------------------------
User input:
--------------------------------------------------------------
$molecule
0 1
--
0 1
C    3.091608  -0.342234   0.342496
C    1.814243   0.409338   0.088232
O    0.991026  -0.373677  -0.734281
H    0.159052   0.105580  -0.864495
H    3.767231   0.232535   0.978342
H    3.599214  -0.554477  -0.600236
H    2.880557  -1.295081   0.831645
H    2.039216   1.378884  -0.384019
H    1.317600   0.635034   1.047193
--
0 1
C   -2.437412  -1.052507  -0.034130
C   -1.988643   0.222921   0.618674
O   -1.453155   1.068303  -0.390085
H   -1.235118   1.920523  -0.005591
H   -2.870756  -1.728542   0.704209
H   -1.592558  -1.558597  -0.505015
H   -3.188197  -0.847469  -0.799105
H   -1.227429   0.010861   1.382310
H   -2.830557   0.718637   1.118065
$end

$rem
JOBTYPE          eda
EDA2             1
METHOD           wB97M-V
BASIS            def2-TZVPPD
SYMMETRY         false
MEM_TOTAL        50000
MEM_STATIC       10000
THRESH           14
SCF_CONVERGENCE  8
XC_GRID          000099000590
NL_GRID          1
EDA_CLS_DISP     true
FD_MAT_VEC_PROD  FALSE
$end
--------------------------------------------------------------
 ----------------------------------------------------------------
             Standard Nuclear Orientation (Angstroms)
    I     Atom           X                Y                Z
 ----------------------------------------------------------------
    1      C       3.0916080200    -0.3422341850     0.3424957501
    2      C       1.8142430290     0.4093378757     0.0882318845
    3      O       0.9910259962    -0.3736769916    -0.7342812091
    4      H       0.1590520026     0.1055800429    -0.8644951230
    5      H       3.7672310448     0.2325347116     0.9783418173
    6      H       3.5992139956    -0.5544770607    -0.6002362910
    7      H       2.8805570123    -1.2950812505     0.8316446192
    8      H       2.0392160374     1.3788839385    -0.3840189825
    9      H       1.3176000540     0.6350337489     1.0471929273
   10      C      -2.4374120017    -1.0525070253    -0.0341302317
   11      C      -1.9886429632     0.2229208733     0.6186739399
   12      O      -1.4531549687     1.0683030064    -0.3900849514
   13      H      -1.2351179440     1.9205229476    -0.0055908350
   14      H      -2.8707559988    -1.7285421219     0.7042086815
   15      H      -1.5925580216    -1.5585969745    -0.5050153219
   16      H      -3.1881970143    -0.8474689021    -0.7991051864
   17      H      -1.2274289508     0.0108607501     1.3823098934
   18      H      -2.8305569429     0.7186368185     1.1180650285
 ----------------------------------------------------------------
 Molecular Point Group                 C1    NOp =  1
 Largest Abelian Subgroup              C1    NOp =  1
 Nuclear Repulsion Energy =         255.42918044 hartrees
 There are       26 alpha and       26 beta electrons
 Requested basis set is def2-TZVPPD
 There are 164 shells and 432 basis functions

 Q-Chem warning in module libmdc/get_mega.C, line 171:

 Allowed MEM_STATIC has been capped at MEM_STATIC=8191.
 Reduce the value of MEM_STATIC to silence this warning.


 Total QAlloc Memory Limit  50000 MB
 Mega-Array Size      8007 MB
 MEM_STATIC part      8191 MB
 A cutoff of  1.0D-14 yielded  12295 shell pairs
 There are     84717 function pairs (    104241 Cartesian)
 Smallest overlap matrix eigenvalue = 8.83E-06

 Scale SEOQF with 1.000000e-01/1.000000e-01/1.000000e-01

 Standard Electronic Orientation quadrupole field applied
 Nucleus-field energy     =     0.0000000089 hartrees

 -----------------------------------------------------------------------
  General SCF calculation program by
  Eric Jon Sundstrom, Paul Horn, Yuezhi Mao, Dmitri Zuev, Alec White,
  David Stuck, Shaama M.S., Shane Yost, Joonho Lee, David Small,
  Daniel Levine, Susi Lehtola, Hugh Burton, Evgeny Epifanovsky,
  Bang C. Huynh
 -----------------------------------------------------------------------
================================================================
                 ALMO-EDA with the EDA2 driver                  
================================================================
 The second-generation ALMO-EDA (for DFT):                      
 P. R. Horn, Y. Mao and M. Head-Gordon, PCCP, 18, 23067 (2016)  
 Y. Mao et al. Annu. Rev. Phys. Chem. 72, 641 (2021)            
 Decomposition of the frozen energy:                            
 P. R. Horn, Y. Mao and M. Head-Gordon, JCP, 144, 114107 (2016) 
 FERF model for polarization:                                   
 P. R. Horn and M. Head-Gordon, JCP, 143, 114111 (2015)         
================================================================
 Using eda2 option set 1
 Option set summary: Frozen orbital wavefunction, initial wavefunction decomposition, and nDQ polarization.
--------------------------------
Printing EDA Options
--------------------------------
eda_child_super_basis      0
fragmo_guess_mode          0
child_mp                   1
child_mp_orders            232
cls_elec                   1
cls_disp                   1
scfmi_mode                 1
scfmi_occs                 0
scfmi_virts                0
frz_relax                  0
frz_relax_method           0
dc_pen_start               0
dc_pen_conv                0
dc_pen_increment           0
dc_pen_steps               0
dc_pen_thresh_factor       0
dc_pen_pre_newton_thresh   0
frz_ortho_decomp           1
frz_ortho_decomp_conv      6
plot_mo_ortho_frz          0
frgm_method                2
scfmi_freeze_ss            0
separate_rehyb             0
plot_diff_den              0
eda_nocv                   0
eda_vct_relax              1
disp_free_x                0
disp_free_c                0
eda_bsse                   0
eda_pct_a                  0
eda_covp                   0
--------------------------------
Attempting to make child job directory: /scratch/qchem103392//Frg1/
Attempting to make child job directory: /scratch/qchem103392//Frg2/
Creating input file /scratch/qchem103392/Frg1.input
using default PutDataFrgm: nothing
calling putenv with: QCSCRATCH=/scratch/qchem103392/ 
Spawning Job For Fragment 0
Done Job For Fragment 0
calling putenv with: QCSCRATCH=/scratch 
calling putenv with: QCTHREADS=6 
Creating input file /scratch/qchem103392/Frg2.input
using default PutDataFrgm: nothing
calling putenv with: QCSCRATCH=/scratch/qchem103392/ 
Spawning Job For Fragment 1
Done Job For Fragment 1
calling putenv with: QCSCRATCH=/scratch 
calling putenv with: QCTHREADS=6 
Doing General SCFMI
 Exchange:     0.1500 Hartree-Fock + 1.0000 wB97M-V + LR-HF
 Correlation:  1.0000 wB97M-V
 Using Euler-Maclaurin-Lebedev (99,590) quadrature formula
 Nonlocal Correlation:  VV10 with C = 0.0100 and b = 6.00 and scale = 1.00000
 Grid used for NLC:  SG-1 standard quadrature
performing fock build before subrot guess so that all methods have access
Printing subrot_rss_gen Method Specification:
Occupied Subspace Method is 0
Virtual Subspace Method is 0
Energy of the unrelaxed supersystem initial determinant -310.062255357754
write pseudocanon occs and virts to disk
write pseudocanon orbital energies to disk
Tolerance of ortho_decomp_scf: 1.00e-06
GDM subspace size: 20
Beginning the Orthogonal Decomposition of the Initial Supersystem Wavefunction
    1    -310.0116723550      8.92e-02     ortho_decomp Preconditoned Steepest Descent
    2    -310.0180081463      2.13e-03     ortho_decomp BFGS Step
    3    -310.0180287368      1.53e-04     ortho_decomp BFGS Step
    4    -310.0180287589      4.99e-06     ortho_decomp BFGS Step
    5    -310.0180287589      1.47e-07     ortho_decomp 00000 Convergence criterion met
 Hartree-Fock
 Hartree-Fock
 Hartree-Fock
 Exchange:     0.1500 Hartree-Fock + 1.0000 wB97M-V + LR-HF
 Correlation:  1.0000 wB97M-V
 Using Euler-Maclaurin-Lebedev (99,590) quadrature formula
 Nonlocal Correlation:  VV10 with C = 0.0100 and b = 6.00 and scale = 1.00000
 Grid used for NLC:  SG-1 standard quadrature
 Long-range K will be added via erf
 Coulomb attenuation parameter = 0.3 bohr**(-1)
 Nonlocal correlation = 2.040946019538e-01
Doing General SCFMI
 Exchange:     0.1500 Hartree-Fock + 1.0000 wB97M-V + LR-HF
 Correlation:  1.0000 wB97M-V
 Using Euler-Maclaurin-Lebedev (99,590) quadrature formula
 Nonlocal Correlation:  VV10 with C = 0.0100 and b = 6.00 and scale = 1.00000
 Grid used for NLC:  SG-1 standard quadrature
performing fock build at end of subrot_r(subrot) constructor so that all methods have access
<S^2> of initial wavefunction before polarization iterations 0.0000000000
Beginning iterations for the determination of the polarized wavefunction
Energy prior to optimization (guess energy) = -310.062255357754
Begin Timing: Total SCF Calculation
begin iterations for algorithm: DIIS         
the SCF tolerance is set to 1.00e-08
    1    -310.0622553578      2.93e-04     00000 
    2    -310.0646649593      1.01e-04     00000 
    3    -310.0648707731      6.74e-05     00000 
    4    -310.0649344043      2.04e-05     00000 
    5    -310.0649455825      6.97e-06     00000 
    6    -310.0649487347      3.11e-06     00000 
    7    -310.0649492793      1.67e-06     00000 
    8    -310.0649494134      6.38e-07     00000 
    9    -310.0649494257      2.72e-07     00000 
   10    -310.0649494275      1.07e-07     00000 
   11    -310.0649494279      4.31e-08     00000 
   12    -310.0649494280      1.63e-08     00000 
   13    -310.0649494280      7.25e-09     00000 Convergence criterion met
write pseudocanon occs and virts to disk
write pseudocanon orbital energies to disk
Timing for Total SCF: 307.00s (wall), 1842.78s (cpu)
<S^2> of polarized wavefunction after polarization iterations 0.0000000000
relaxing scfmi constraint to allow all rotations in the entire AO span
Doing General SCFMI
 Exchange:     0.1500 Hartree-Fock + 1.0000 wB97M-V + LR-HF
 Correlation:  1.0000 wB97M-V
 Using Euler-Maclaurin-Lebedev (99,590) quadrature formula
 Nonlocal Correlation:  VV10 with C = 0.0100 and b = 6.00 and scale = 1.00000
 Grid used for NLC:  SG-1 standard quadrature
performing fock build at end of subrot_r(subrot) constructor so that all methods have access
<S^2> of polarized wavefunction before ct-allowed iterations 0.0000000000
Beginning iterations for the determination of the CT-Allowed wavefunction
Energy prior to optimization (guess energy) = -310.064949427955
Begin Timing: Total SCF Calculation
begin iterations for algorithm: DIIS         
the SCF tolerance is set to 1.00e-08
    1    -310.0649494280      1.74e-04     00000 
    2    -310.0681673094      2.58e-05     00000 
    3    -310.0682783469      1.16e-05     00000 
    4    -310.0682866936      5.20e-06     00000 
    5    -310.0682889038      4.91e-07     00000 
    6    -310.0682889523      2.58e-07     00000 
    7    -310.0682889607      6.19e-08     00000 
    8    -310.0682889612      2.57e-08     00000 
    9    -310.0682889612      8.84e-09     00000 Convergence criterion met
write pseudocanon occs and virts to disk
write pseudocanon orbital energies to disk
Timing for Total SCF: 205.00s (wall), 1231.43s (cpu)
<S^2> of ct_allowed wavefunction after ct-allowed iterations 0.0000000000

================================
        Results of EDA2         
================================
Basic EDA Quantities
--------------------
Fragment Energies (Ha):
1 -155.0292275038
2 -155.0296637525
--------------------
  E_prp (kJ/mol) = 0.0000
  E_frz (kJ/mol) = -8.8326
  E_pol (kJ/mol) = -7.0734
  E_vct (kJ/mol) = -8.7680
  E_int (kJ/mol) = -24.6740
--------------------


Decomposition of frozen interaction energy
--------------------
  --------------------
  Orthogonal Frozen Decomposition:
  --------------------
     E_elec   (ELEC)   (kJ/mol) = -78.2446
     E_pauli  (PAULI)  (kJ/mol) = 86.5474
     E_disp   (DISP)   (kJ/mol) = -17.1353
  --------------------
  Classical Frozen Decomposition:
  --------------------
     E_cls_elec  (CLS ELEC)  (kJ/mol) = -39.8720
     E_mod_pauli (MOD PAULI) (kJ/mol) = 45.5038 (FRZ - CLS ELEC - CLS DISP)
     E_cls_disp  (CLS DISP)  (kJ/mol) = -14.4644
  --------------------
--------------------

Simplified EDA Summary (kJ/mol)
--------------------
 PREPARATION      0.0000
 FROZEN           -8.8326 (ELEC + PAULI + DISP)
[ELEC + PAULI = 5.6319, DISP = -14.4644]
 POLARIZATION    -7.0734
 CHARGE TRANSFER -8.7680
 TOTAL           -24.6740     (PRP + FRZ + POL + CT)
--------------------
 
 --------------------------------------------------------------
 
                    Orbital Energies (a.u.)
 --------------------------------------------------------------
 
 Alpha MOs
 -- Occupied --
-19.3536 -19.3092 -10.3984 -10.3773 -10.3330 -10.3203  -1.1730  -1.1341
 -0.8837  -0.8628  -0.7375  -0.7157  -0.6485  -0.6230  -0.5852  -0.5653
 -0.5274  -0.5023  -0.4912  -0.4789  -0.4735  -0.4576  -0.4521  -0.4244
 -0.3952  -0.3622
 -- Virtual --
  0.0273   0.0536   0.0556   0.0599   0.0772   0.0903   0.0946   0.1003
  0.1090   0.1179   0.1320   0.1443   0.1465   0.1525   0.1566   0.1651
  0.1777   0.1834   0.1856   0.1919   0.2114   0.2159   0.2219   0.2283
  0.2352   0.2372   0.2528   0.2601   0.2674   0.2696   0.2772   0.2843
  0.2861   0.2901   0.2962   0.3090   0.3122   0.3150   0.3222   0.3260
  0.3277   0.3345   0.3385   0.3427   0.3465   0.3479   0.3516   0.3601
  0.3624   0.3686   0.3730   0.3764   0.3822   0.3901   0.3932   0.3967
  0.4082   0.4144   0.4211   0.4262   0.4272   0.4372   0.4453   0.4499
  0.4541   0.4565   0.4628   0.4694   0.4751   0.4802   0.4820   0.4936
  0.5015   0.5056   0.5128   0.5249   0.5343   0.5355   0.5455   0.5476
  0.5716   0.5747   0.5883   0.5993   0.6136   0.6269   0.6325   0.6341
  0.6467   0.6667   0.6764   0.6803   0.6839   0.6984   0.7045   0.7104
  0.7179   0.7272   0.7324   0.7428   0.7485   0.7576   0.7599   0.7665
  0.7697   0.7835   0.7895   0.7922   0.8012   0.8059   0.8093   0.8219
  0.8296   0.8444   0.8526   0.8668   0.8922   0.8939   0.9153   0.9218
  0.9431   0.9569   0.9713   0.9878   1.0012   1.0196   1.0442   1.0485
  1.0652   1.0733   1.0784   1.0981   1.1226   1.1307   1.1499   1.1659
  1.1721   1.1915   1.2091   1.2145   1.2231   1.2395   1.2475   1.2533
  1.2639   1.2790   1.2838   1.3008   1.3121   1.3213   1.3355   1.3416
  1.3560   1.3700   1.3722   1.3909   1.4039   1.4140   1.4304   1.4320
  1.4577   1.4753   1.4848   1.5049   1.5172   1.5395   1.5513   1.5942
  1.6176   1.6279   1.6319   1.6351   1.6491   1.6598   1.6618   1.6737
  1.6802   1.6980   1.7050   1.7187   1.7218   1.7624   1.7773   1.7880
  1.7963   1.8328   1.9414   1.9439   1.9612   1.9788   2.0172   2.0343
  2.0579   2.1048   2.1220   2.1423   2.1905   2.2448   2.2577   2.2776
  2.3014   2.3365   2.3635   2.3905   2.3938   2.4311   2.4360   2.4884
  2.5343   2.5591   2.6945   2.7113   2.7193   2.7388   2.7686   2.8086
  2.8476   2.8594   2.8751   2.8783   2.8948   2.9116   2.9230   2.9393
  2.9463   2.9719   2.9819   2.9931   3.0021   3.0052   3.0316   3.0535
  3.0630   3.0816   3.0924   3.1183   3.1269   3.1417   3.1624   3.1924
  3.2035   3.2093   3.2215   3.2329   3.2356   3.2475   3.2647   3.2778
  3.2785   3.2878   3.3020   3.3067   3.3305   3.3466   3.3528   3.3874
  3.4378   3.4482   3.4580   3.4759   3.5048   3.5198   3.5426   3.5459
  3.5719   3.5916   3.6050   3.6124   3.6151   3.6276   3.6617   3.6975
  3.7040   3.7194   3.7320   3.7575   3.7716   3.7894   3.8061   3.8106
  3.8160   3.8678   3.8892   3.9065   3.9136   3.9329   3.9925   3.9946
  4.0070   4.0128   4.0396   4.0438   4.0739   4.0889   4.0978   4.1104
  4.1162   4.1245   4.1292   4.1440   4.1702   4.1943   4.2086   4.2120
  4.2215   4.2404   4.2454   4.2570   4.2711   4.2787   4.3001   4.3091
  4.3260   4.3783   4.3990   4.4089   4.4227   4.4507   4.4666   4.4798
  4.4957   4.4980   4.5157   4.5270   4.5589   4.5652   4.5932   4.6322
  4.6490   4.6783   4.6953   4.7063   4.7236   4.7423   4.8200   4.8463
  4.8639   4.8868   4.9224   4.9351   4.9477   4.9581   4.9662   4.9762
  5.0003   5.0195   5.0451   5.0825   5.1050   5.1229   5.2560   5.2666
  5.2951   5.3130   5.3236   5.3574   5.4099   5.4142   5.4205   5.4242
  5.4311   5.4398   5.4622   5.4754   5.5166   5.5182   5.5624   5.5783
  5.6292   5.6528   5.6574   5.6658   5.7482   5.7569   5.7893   5.7956
  5.8088   5.8514   5.9391   5.9998   6.0823   6.1616   6.2585   6.2902
  6.6442   6.6823   6.8457   6.8828   6.8869   6.9329   6.9867   7.0242
  7.0874   7.1304   7.3738   7.4169   7.5579   7.6314   7.7870   7.8610
 23.7778  23.8215  24.0592  24.0678  44.7798  44.8760
 --------------------------------------------------------------
 
          Ground-State Mulliken Net Atomic Charges

     Atom                 Charge (a.u.)
  ----------------------------------------
      1 C                    -1.124401
      2 C                    -0.115901
      3 O                    -0.452964
      4 H                     0.258737
      5 H                     0.305121
      6 H                     0.268571
      7 H                     0.281236
      8 H                     0.310625
      9 H                     0.262476
     10 C                    -0.967905
     11 C                    -0.193682
     12 O                    -0.430280
     13 H                     0.149115
     14 H                     0.296676
     15 H                     0.232000
     16 H                     0.267074
     17 H                     0.255600
     18 H                     0.397902
  ----------------------------------------
  Sum of atomic charges =     0.000000

 -----------------------------------------------------------------
                    Cartesian Multipole Moments
 -----------------------------------------------------------------
    Charge (ESU x 10^10)
                 0.0000
    Dipole Moment (Debye)
         X      -1.2623      Y       1.7353      Z       2.0978
       Tot       3.0009
    Quadrupole Moments (Debye-Ang)
        XX     -38.5553     XY       1.2604     YY     -38.0231
        XZ      -0.8662     YZ       0.3071     ZZ     -42.0553
    Octopole Moments (Debye-Ang^2)
       XXX      -6.4004    XXY       1.4714    XYY      -5.6308
       YYY      13.6172    XXZ       3.6316    XYZ      -3.0895
       YYZ       1.1375    XZZ      -2.5963    YZZ       1.1112
       ZZZ      -2.4031
    Hexadecapole Moments (Debye-Ang^3)
      XXXX   -1182.6638   XXXY      -1.1951   XXYY    -229.9223
      XYYY     -17.7963   YYYY    -173.8804   XXXZ      -9.7874
      XXYZ       4.2926   XYYZ      -4.5072   YYYZ      -1.4724
      XXZZ    -219.0976   XYZZ       0.8084   YYZZ     -53.4746
      XZZZ      -0.6393   YZZZ      -1.2727   ZZZZ    -126.7240
 -----------------------------------------------------------------
 Total job time:  1518.29s(wall), 5674.43s(cpu) 
 Fri Feb 28 04:45:17 2025

        *************************************************************
        *                                                           *
        *  Thank you very much for using Q-Chem.  Have a nice day.  *
        *                                                           *
        *************************************************************


