
Running Job 1 of 1 004_ethanol_dimer_66_almo.inp
qchem 004_ethanol_dimer_66_almo.inp_168222.0 /scratch/qchem168222/ 6
/home/kchung25/qchem/5.4.0/exe/qcprog.exe_s 004_ethanol_dimer_66_almo.inp_168222.0 /scratch/qchem168222/
                  Welcome to Q-Chem
     A Quantum Leap Into The Future Of Chemistry


 Q-Chem 5.4, Q-Chem, Inc., Pleasanton, CA (2021)

 E. Epifanovsky,  A. T. B. Gilbert,  Xintian Feng,  Joonho Lee,  Yuezhi Mao,  
 N. Mardirossian,  P. Pokhilko,  A. White,  M. Wormit,  M. P. Coons,  
 A. L. Dempwolff,  Zhengting Gan,  D. Hait,  P. R. Horn,  L. D. Jacobson,  
 I. Kaliman,  J. Kussmann,  A. W. Lange,  Ka Un Lao,  D. S. Levine,  Jie Liu,  
 S. C. McKenzie,  A. F. Morrison,  K. Nanda,  F. Plasser,  D. R. Rehn,  
 M. L. Vidal,  Zhi-Qiang You,  Ying Zhu,  B. Alam,  B. Albrecht,  
 A. Aldossary,  E. Alguire,  J. H. Andersen,  D. Barton,  K. Begam,  A. Behn,  
 Y. A. Bernard,  E. J. Berquist,  H. Burton,  A. Carreras,  K. Carter-Fenk,  
 Romit Chakraborty,  A. D. Chien,  K. D. Closser,  V. Cofer-Shabica,  
 S. Dasgupta,  Jia Deng,  M. de Wergifosse,  M. Diedenhofen,  Hainam Do,  
 S. Ehlert,  Po-Tung Fang,  S. Fatehi,  Qingguo Feng,  T. Friedhoff,  
 J. Gayvert,  Qinghui Ge,  G. Gidofalvi,  M. Goldey,  J. Gomes,  
 C. Gonzalez-Espinoza,  S. Gulania,  A. Gunina,  M. W. D. Hanson-Heine,  
 P. H. P. Harbach,  A. W. Hauser,  M. F. Herbst,  M. Hernandez Vera,  
 M. Hodecker,  Z. C. Holden,  S. Houck,  Xunkun Huang,  Kerwin Hui,  
 B. C. Huynh,  M. Ivanov,  Hyunjun Ji,  Hanjie Jiang,  B. Kaduk,  S. Kaehler,  
 K. Khistyaev,  Jaehoon Kim,  P. Klunzinger,  Z. Koczor-Benda,  
 Joong Hoon Koh,  D. Kosenkov,  L. Koulias,  T. Kowalczyk,  C. M. Krauter,  
 K. Kue,  A. Kunitsa,  T. Kus,  A. Landau,  K. V. Lawler,  D. Lefrancois,  
 S. Lehtola,  Rain Li,  Yi-Pei Li,  Jiashu Liang,  M. Liebenthal,  
 Hung-Hsuan Lin,  You-Sheng Lin,  Fenglai Liu,  Kuan-Yu Liu,  
 M. Loipersberger,  A. Luenser,  A. Manjanath,  P. Manohar,  E. Mansoor,  
 S. F. Manzer,  Shan-Ping Mao,  A. V. Marenich,  T. Markovich,  S. Mason,  
 S. A. Maurer,  P. F. McLaughlin,  M. F. S. J. Menger,  J.-M. Mewes,  
 S. A. Mewes,  P. Morgante,  J. W. Mullinax,  K. J. Oosterbaan,  G. Paran,  
 Alexander C. Paul,  Suranjan K. Paul,  F. Pavosevic,  Zheng Pei,  S. Prager,  
 E. I. Proynov,  E. Ramos,  B. Rana,  A. E. Rask,  A. Rettig,  R. M. Richard,  
 F. Rob,  E. Rossomme,  T. Scheele,  M. Scheurer,  M. Schneider,  
 N. Sergueev,  S. M. Sharada,  W. Skomorowski,  D. W. Small,  C. J. Stein,  
 Yu-Chuan Su,  E. J. Sundstrom,  Zhen Tao,  J. Thirman,  T. Tsuchimochi,  
 N. M. Tubman,  S. P. Veccham,  O. Vydrov,  J. Wenzel,  J. Witte,  A. Yamada,  
 Kun Yao,  S. Yeganeh,  S. R. Yost,  A. Zech,  Igor Ying Zhang,  Xing Zhang,  
 Yu Zhang,  D. Zuev,  A. Aspuru-Guzik,  A. T. Bell,  N. A. Besley,  
 K. B. Bravaya,  B. R. Brooks,  D. Casanova,  Jeng-Da Chai,  S. Coriani,  
 C. J. Cramer,  A. E. DePrince, III,  R. A. DiStasio Jr.,  A. Dreuw,  
 B. D. Dunietz,  T. R. Furlani,  W. A. Goddard III,  S. Grimme,  
 S. Hammes-Schiffer,  T. Head-Gordon,  W. J. Hehre,  Chao-Ping Hsu,  
 T.-C. Jagau,  Yousung Jung,  A. Klamt,  Jing Kong,  D. S. Lambrecht,  
 WanZhen Liang,  N. J. Mayhall,  C. W. McCurdy,  J. B. Neaton,  T. Neudecker,  
 C. Ochsenfeld,  J. A. Parkhill,  R. Peverati,  V. A. Rassolov,  Yihan Shao,  
 L. V. Slipchenko,  R. P. Steele,  J. E. Subotnik,  A. J. W. Thom,  
 A. Tkatchenko,  D. G. Truhlar,  T. Van Voorhis,  T. A. Wesolowski,  
 K. B. Whaley,  H. L. Woodcock III,  P. M. Zimmerman,  S. Faraji,  
 P. M. W. Gill,  M. Head-Gordon,  J. M. Herbert,  A. I. Krylov

 Additional authors since Version 5.4.0: 
 Chandrima Chakravarty,  L. Cunha,  R. Kang,  Yongbin Kim,  S. Kotaru,  
 Shaozhi Li,  Xiangyuan Li,  F. Matz,  A. Molle,  V. Parravicini,  
 Haisheng Ren,  Hengyuan Shen,  Yingli Su,  Hung-Yi Tsai,  C. Utku,  
 Fang Wang,  Jeff Yang,  F. Zeller

 Contributors to earlier versions of Q-Chem not listed above: 
 R. D. Adamson,  B. Austin,  R. Baer,  J. Baker,  G. J. O. Beran,  
 K. Brandhorst,  S. T. Brown,  E. F. C. Byrd,  Arup K. Chakraborty,  
 G. K. L. Chan,  Chun-Min Chang,  Yunqing Chen,  C.-L. Cheng,  
 Siu Hung Chien,  D. M. Chipman,  D. L. Crittenden,  H. Dachsel,  
 R. J. Doerksen,  A. D. Dutoi,  R. G. Edgar,  J. Fosso-Tande,  
 L. Fusti-Molnar,  D. Ghosh,  A. Ghysels,  A. Golubeva-Zadorozhnaya,  
 J. Gonthier,  M. S. Gordon,  S. R. Gwaltney,  G. Hawkins,  J. E. Herr,  
 A. Heyden,  S. Hirata,  E. G. Hohenstein,  G. Kedziora,  F. J. Keil,  
 C. Kelley,  Jihan Kim,  R. A. King,  R. Z. Khaliullin,  P. P. Korambath,  
 W. Kurlancheek,  A. Laurent,  A. M. Lee,  M. S. Lee,  S. V. Levchenko,  
 Ching Yeh Lin,  D. Liotard,  E. Livshits,  R. C. Lochan,  I. Lotan,  
 L. A. Martinez-Martinez,  P. E. Maslen,  N. Nair,  D. P. O'Neill,  
 D. Neuhauser,  E. Neuscamman,  C. M. Oana,  R. Olivares-Amaya,  R. Olson,  
 T. M. Perrine,  B. Peters,  P. A. Pieniazek,  A. Prociuk,  Y. M. Rhee,  
 J. Ritchie,  M. A. Rohrdanz,  E. Rosta,  N. J. Russ,  H. F. Schaefer III,  
 M. W. Schmidt,  N. E. Schultz,  S. Sharma,  N. Shenvi,  C. D. Sherrill,  
 A. C. Simmonett,  A. Sodt,  T. Stein,  D. Stuck,  K. S. Thanthiriwatte,  
 V. Vanovschi,  L. Vogt,  Tao Wang,  A. Warshel,  M. A. Watson,  
 C. F. Williams,  Q. Wu,  X. Xu,  Jun Yang,  W. Zhang,  Yan Zhao

   Please cite Q-Chem as follows:
  "Software for the frontiers of quantum chemistry:
   An overview of developments in the Q-Chem 5 package"
   J. Chem. Phys. 155, 084801 (2021)
   https://doi.org/10.1063/5.0055522 (open access)

 Q-Chem 5.4.2 for Intel X86 EM64T Linux

 Parts of Q-Chem use Armadillo 9.900.5 (Nocturnal Misbehaviour).
 http://arma.sourceforge.net/

 Q-Chem begins on Sat Mar  1 03:12:27 2025  

 Host: 
0

     Scratch files written to /scratch/qchem168222//
 Dec1321 |scratch|qcdevops|jenkins|workspace|build_RNUM 5684   
 Processing $rem in /home/kchung25/qchem/5.4.0/config/preferences:
 Processing $rem in /home/kchung25/.qchemrc:

 Q-Chem warning in module libgen/rem_setup.C, line 3079:

 Neither GIA nor STOLL is specified by user. Use STOLL as the default


 Checking the input file for inconsistencies... 	...done.

--------------------------------------------------------------
User input:
--------------------------------------------------------------
$molecule
0 1
--
0 1
C    1.233757   0.958573   0.577689
C    1.835635  -0.327214   0.088019
O    3.078182  -0.036974  -0.510572
H    3.484073  -0.853727  -0.806230
H    0.274099   0.763320   1.060038
H    1.077092   1.648204  -0.254963
H    1.899837   1.441573   1.294739
H    1.154875  -0.805792  -0.634716
H    1.954699  -1.027544   0.928295
--
0 1
C   -2.639490   0.875680  -0.242922
C   -1.910773  -0.403057  -0.543748
O   -1.556196  -1.000904   0.685198
H   -1.097021  -1.825559   0.512729
H   -2.944203   1.375097  -1.163798
H   -1.998952   1.555755   0.322279
H   -3.530574   0.675281   0.354545
H   -1.015306  -0.193014  -1.149039
H   -2.549285  -1.074466  -1.135123
$end

$rem
JOBTYPE          eda
EDA2             1
METHOD           wB97M-V
BASIS            def2-TZVPPD
SYMMETRY         false
MEM_TOTAL        50000
MEM_STATIC       10000
THRESH           14
SCF_CONVERGENCE  8
XC_GRID          000099000590
NL_GRID          1
EDA_CLS_DISP     true
FD_MAT_VEC_PROD  FALSE
$end
--------------------------------------------------------------
 ----------------------------------------------------------------
             Standard Nuclear Orientation (Angstroms)
    I     Atom           X                Y                Z
 ----------------------------------------------------------------
    1      C       1.2337570623    -0.9585732378    -0.5776889180
    2      C       1.8356350798     0.3272138809    -0.0880192511
    3      O       3.0781820811     0.0369740205     0.5105718139
    4      H       3.4840730921     0.8537270917     0.8062296021
    5      H       0.2740990609    -0.7633203508    -1.0600379608
    6      H       1.0770920611    -1.6482040233     0.2549632595
    7      H       1.8998370518    -1.4415734283    -1.2947387994
    8      H       1.1548750903     0.8057920729     0.6347156316
    9      H       1.9546990811     1.0275436648    -0.9282954310
   10      C      -2.6394899307    -0.8756799865     0.2429220895
   11      C      -1.9107729147     0.4030570826     0.5437477573
   12      O      -1.5561959174     1.0009037647    -0.6851983982
   13      H      -1.0970209073     1.8255588038    -0.5127296123
   14      H      -2.9442029292    -1.3750967478     1.1637982194
   15      H      -1.9989519422    -1.5557551378    -0.3222787414
   16      H      -3.5305739330    -0.6752811296    -0.3545449551
   17      H      -1.0153059125     0.1930142277     1.1490388043
   18      H      -2.5492849031     1.0744662406     1.1351225904
 ----------------------------------------------------------------
 Molecular Point Group                 C1    NOp =  1
 Largest Abelian Subgroup              C1    NOp =  1
 Nuclear Repulsion Energy =         250.27065316 hartrees
 There are       26 alpha and       26 beta electrons
 Requested basis set is def2-TZVPPD
 There are 164 shells and 432 basis functions

 Q-Chem warning in module libmdc/get_mega.C, line 171:

 Allowed MEM_STATIC has been capped at MEM_STATIC=8191.
 Reduce the value of MEM_STATIC to silence this warning.


 Total QAlloc Memory Limit  50000 MB
 Mega-Array Size      8007 MB
 MEM_STATIC part      8191 MB
 A cutoff of  1.0D-14 yielded  12379 shell pairs
 There are     85273 function pairs (    104846 Cartesian)
 Smallest overlap matrix eigenvalue = 6.53E-06

 Scale SEOQF with 1.000000e-01/1.000000e-01/1.000000e-01

 Standard Electronic Orientation quadrupole field applied
 Nucleus-field energy     =     0.0000000093 hartrees

 -----------------------------------------------------------------------
  General SCF calculation program by
  Eric Jon Sundstrom, Paul Horn, Yuezhi Mao, Dmitri Zuev, Alec White,
  David Stuck, Shaama M.S., Shane Yost, Joonho Lee, David Small,
  Daniel Levine, Susi Lehtola, Hugh Burton, Evgeny Epifanovsky,
  Bang C. Huynh
 -----------------------------------------------------------------------
================================================================
                 ALMO-EDA with the EDA2 driver                  
================================================================
 The second-generation ALMO-EDA (for DFT):                      
 P. R. Horn, Y. Mao and M. Head-Gordon, PCCP, 18, 23067 (2016)  
 Y. Mao et al. Annu. Rev. Phys. Chem. 72, 641 (2021)            
 Decomposition of the frozen energy:                            
 P. R. Horn, Y. Mao and M. Head-Gordon, JCP, 144, 114107 (2016) 
 FERF model for polarization:                                   
 P. R. Horn and M. Head-Gordon, JCP, 143, 114111 (2015)         
================================================================
 Using eda2 option set 1
 Option set summary: Frozen orbital wavefunction, initial wavefunction decomposition, and nDQ polarization.
--------------------------------
Printing EDA Options
--------------------------------
eda_child_super_basis      0
fragmo_guess_mode          0
child_mp                   1
child_mp_orders            232
cls_elec                   1
cls_disp                   1
scfmi_mode                 1
scfmi_occs                 0
scfmi_virts                0
frz_relax                  0
frz_relax_method           0
dc_pen_start               0
dc_pen_conv                0
dc_pen_increment           0
dc_pen_steps               0
dc_pen_thresh_factor       0
dc_pen_pre_newton_thresh   0
frz_ortho_decomp           1
frz_ortho_decomp_conv      6
plot_mo_ortho_frz          0
frgm_method                2
scfmi_freeze_ss            0
separate_rehyb             0
plot_diff_den              0
eda_nocv                   0
eda_vct_relax              1
disp_free_x                0
disp_free_c                0
eda_bsse                   0
eda_pct_a                  0
eda_covp                   0
--------------------------------
Attempting to make child job directory: /scratch/qchem168222//Frg1/
Attempting to make child job directory: /scratch/qchem168222//Frg2/
Creating input file /scratch/qchem168222/Frg1.input
using default PutDataFrgm: nothing
calling putenv with: QCSCRATCH=/scratch/qchem168222/ 
Spawning Job For Fragment 0
Done Job For Fragment 0
calling putenv with: QCSCRATCH=/scratch 
calling putenv with: QCTHREADS=6 
Creating input file /scratch/qchem168222/Frg2.input
using default PutDataFrgm: nothing
calling putenv with: QCSCRATCH=/scratch/qchem168222/ 
Spawning Job For Fragment 1
Done Job For Fragment 1
calling putenv with: QCSCRATCH=/scratch 
calling putenv with: QCTHREADS=6 
Doing General SCFMI
 Exchange:     0.1500 Hartree-Fock + 1.0000 wB97M-V + LR-HF
 Correlation:  1.0000 wB97M-V
 Using Euler-Maclaurin-Lebedev (99,590) quadrature formula
 Nonlocal Correlation:  VV10 with C = 0.0100 and b = 6.00 and scale = 1.00000
 Grid used for NLC:  SG-1 standard quadrature
performing fock build before subrot guess so that all methods have access
Printing subrot_rss_gen Method Specification:
Occupied Subspace Method is 0
Virtual Subspace Method is 0
Energy of the unrelaxed supersystem initial determinant -310.060424885008
write pseudocanon occs and virts to disk
write pseudocanon orbital energies to disk
Tolerance of ortho_decomp_scf: 1.00e-06
GDM subspace size: 20
Beginning the Orthogonal Decomposition of the Initial Supersystem Wavefunction
    1    -310.0384134958      4.96e-02     ortho_decomp Preconditoned Steepest Descent
    2    -310.0415418265      1.64e-03     ortho_decomp BFGS Step
    3    -310.0415565920      1.02e-04     ortho_decomp BFGS Step
    4    -310.0415566045      3.85e-06     ortho_decomp BFGS Step
    5    -310.0415566046      1.51e-07     ortho_decomp 00000 Convergence criterion met
 Hartree-Fock
 Hartree-Fock
 Hartree-Fock
 Exchange:     0.1500 Hartree-Fock + 1.0000 wB97M-V + LR-HF
 Correlation:  1.0000 wB97M-V
 Using Euler-Maclaurin-Lebedev (99,590) quadrature formula
 Nonlocal Correlation:  VV10 with C = 0.0100 and b = 6.00 and scale = 1.00000
 Grid used for NLC:  SG-1 standard quadrature
 Long-range K will be added via erf
 Coulomb attenuation parameter = 0.3 bohr**(-1)
 Nonlocal correlation = 2.042228029738e-01
Doing General SCFMI
 Exchange:     0.1500 Hartree-Fock + 1.0000 wB97M-V + LR-HF
 Correlation:  1.0000 wB97M-V
 Using Euler-Maclaurin-Lebedev (99,590) quadrature formula
 Nonlocal Correlation:  VV10 with C = 0.0100 and b = 6.00 and scale = 1.00000
 Grid used for NLC:  SG-1 standard quadrature
performing fock build at end of subrot_r(subrot) constructor so that all methods have access
<S^2> of initial wavefunction before polarization iterations 0.0000000000
Beginning iterations for the determination of the polarized wavefunction
Energy prior to optimization (guess energy) = -310.060424885008
Begin Timing: Total SCF Calculation
begin iterations for algorithm: DIIS         
the SCF tolerance is set to 1.00e-08
    1    -310.0604248850      1.28e-04     00000 
    2    -310.0609169885      5.29e-05     00000 
    3    -310.0609597284      3.09e-05     00000 
    4    -310.0609734555      9.00e-06     00000 
    5    -310.0609750089      3.26e-06     00000 
    6    -310.0609753647      1.34e-06     00000 
    7    -310.0609754337      5.01e-07     00000 
    8    -310.0609754440      1.51e-07     00000 
    9    -310.0609754446      7.28e-08     00000 
   10    -310.0609754446      3.24e-08     00000 
   11    -310.0609754446      1.34e-08     00000 
   12    -310.0609754447      5.90e-09     00000 Convergence criterion met
write pseudocanon occs and virts to disk
write pseudocanon orbital energies to disk
Timing for Total SCF: 286.00s (wall), 1713.28s (cpu)
<S^2> of polarized wavefunction after polarization iterations 0.0000000000
relaxing scfmi constraint to allow all rotations in the entire AO span
Doing General SCFMI
 Exchange:     0.1500 Hartree-Fock + 1.0000 wB97M-V + LR-HF
 Correlation:  1.0000 wB97M-V
 Using Euler-Maclaurin-Lebedev (99,590) quadrature formula
 Nonlocal Correlation:  VV10 with C = 0.0100 and b = 6.00 and scale = 1.00000
 Grid used for NLC:  SG-1 standard quadrature
performing fock build at end of subrot_r(subrot) constructor so that all methods have access
<S^2> of polarized wavefunction before ct-allowed iterations 0.0000000000
Beginning iterations for the determination of the CT-Allowed wavefunction
Energy prior to optimization (guess energy) = -310.060975444650
Begin Timing: Total SCF Calculation
begin iterations for algorithm: DIIS         
the SCF tolerance is set to 1.00e-08
    1    -310.0609754446      8.87e-05     00000 
    2    -310.0618012926      1.04e-05     00000 
    3    -310.0618248694      2.30e-06     00000 
    4    -310.0618254094      1.84e-06     00000 
    5    -310.0618256402      2.70e-07     00000 
    6    -310.0618256473      9.79e-08     00000 
    7    -310.0618256485      2.30e-08     00000 
    8    -310.0618256486      5.24e-09     00000 Convergence criterion met
write pseudocanon occs and virts to disk
write pseudocanon orbital energies to disk
Timing for Total SCF: 184.00s (wall), 1101.06s (cpu)
<S^2> of ct_allowed wavefunction after ct-allowed iterations 0.0000000000

================================
        Results of EDA2         
================================
Basic EDA Quantities
--------------------
Fragment Energies (Ha):
1 -155.0295316531
2 -155.0296126162
--------------------
  E_prp (kJ/mol) = 0.0000
  E_frz (kJ/mol) = -3.3623
  E_pol (kJ/mol) = -1.4455
  E_vct (kJ/mol) = -2.2322
  E_int (kJ/mol) = -7.0400
--------------------


Decomposition of frozen interaction energy
--------------------
  --------------------
  Orthogonal Frozen Decomposition:
  --------------------
     E_elec   (ELEC)   (kJ/mol) = -23.7444
     E_pauli  (PAULI)  (kJ/mol) = 35.1753
     E_disp   (DISP)   (kJ/mol) = -14.7931
  --------------------
  Classical Frozen Decomposition:
  --------------------
     E_cls_elec  (CLS ELEC)  (kJ/mol) = -8.5607
     E_mod_pauli (MOD PAULI) (kJ/mol) = 18.1591 (FRZ - CLS ELEC - CLS DISP)
     E_cls_disp  (CLS DISP)  (kJ/mol) = -12.9607
  --------------------
--------------------

Simplified EDA Summary (kJ/mol)
--------------------
 PREPARATION      0.0000
 FROZEN           -3.3623 (ELEC + PAULI + DISP)
[ELEC + PAULI = 9.5984, DISP = -12.9607]
 POLARIZATION    -1.4455
 CHARGE TRANSFER -2.2322
 TOTAL           -7.0400     (PRP + FRZ + POL + CT)
--------------------
 
 --------------------------------------------------------------
 
                    Orbital Energies (a.u.)
 --------------------------------------------------------------
 
 Alpha MOs
 -- Occupied --
-19.3369 -19.3308 -10.3903 -10.3860 -10.3301 -10.3210  -1.1581  -1.1526
 -0.8770  -0.8701  -0.7303  -0.7233  -0.6375  -0.6314  -0.5857  -0.5702
 -0.5164  -0.5103  -0.4878  -0.4772  -0.4702  -0.4630  -0.4406  -0.4344
 -0.3839  -0.3773
 -- Virtual --
  0.0269   0.0458   0.0518   0.0609   0.0749   0.0835   0.0900   0.0982
  0.1053   0.1165   0.1249   0.1389   0.1436   0.1553   0.1597   0.1654
  0.1725   0.1799   0.1832   0.1936   0.2007   0.2123   0.2165   0.2244
  0.2340   0.2430   0.2466   0.2614   0.2659   0.2780   0.2785   0.2832
  0.2836   0.2912   0.2972   0.3046   0.3109   0.3174   0.3214   0.3260
  0.3298   0.3322   0.3351   0.3410   0.3493   0.3525   0.3554   0.3607
  0.3681   0.3729   0.3791   0.3826   0.3865   0.3908   0.3986   0.4043
  0.4106   0.4175   0.4247   0.4285   0.4334   0.4448   0.4494   0.4556
  0.4640   0.4669   0.4721   0.4774   0.4870   0.4916   0.4967   0.5027
  0.5045   0.5183   0.5234   0.5336   0.5426   0.5471   0.5661   0.5703
  0.5770   0.5845   0.5875   0.5900   0.5958   0.6149   0.6295   0.6441
  0.6520   0.6626   0.6746   0.6797   0.6870   0.6985   0.7029   0.7137
  0.7201   0.7271   0.7361   0.7387   0.7556   0.7575   0.7632   0.7681
  0.7721   0.7827   0.7857   0.7870   0.8006   0.8117   0.8144   0.8211
  0.8352   0.8457   0.8500   0.8611   0.8843   0.8994   0.9111   0.9275
  0.9441   0.9531   0.9768   0.9816   0.9962   1.0087   1.0370   1.0417
  1.0475   1.0693   1.0816   1.0890   1.1089   1.1189   1.1502   1.1553
  1.1706   1.1806   1.2104   1.2114   1.2342   1.2379   1.2557   1.2619
  1.2690   1.2729   1.2837   1.2908   1.3036   1.3196   1.3272   1.3431
  1.3484   1.3664   1.3804   1.3981   1.4131   1.4238   1.4254   1.4318
  1.4408   1.4643   1.4871   1.4991   1.5151   1.5315   1.5515   1.5730
  1.5894   1.6113   1.6233   1.6485   1.6570   1.6643   1.6717   1.6829
  1.6915   1.7062   1.7141   1.7193   1.7276   1.7543   1.8070   1.8142
  1.8248   1.8560   1.9314   1.9602   1.9768   1.9958   2.0099   2.0248
  2.0674   2.0932   2.1138   2.1461   2.1606   2.1702   2.2426   2.2670
  2.2837   2.3069   2.3385   2.3593   2.3903   2.4104   2.4226   2.4600
  2.5323   2.5360   2.6890   2.7088   2.7180   2.7370   2.7632   2.7777
  2.8523   2.8660   2.8862   2.8935   2.8973   2.9147   2.9206   2.9419
  2.9572   2.9644   2.9826   2.9987   3.0075   3.0187   3.0232   3.0441
  3.0562   3.0624   3.1072   3.1095   3.1334   3.1488   3.1603   3.1931
  3.2054   3.2172   3.2236   3.2344   3.2414   3.2580   3.2736   3.2777
  3.2868   3.2909   3.2976   3.3136   3.3332   3.3469   3.3687   3.3829
  3.4203   3.4549   3.4603   3.5112   3.5142   3.5249   3.5389   3.5528
  3.5596   3.5828   3.5957   3.6029   3.6119   3.6273   3.6417   3.6656
  3.7008   3.7077   3.7210   3.7333   3.7678   3.7741   3.7869   3.7932
  3.8278   3.8518   3.9018   3.9149   3.9187   3.9404   3.9938   4.0070
  4.0080   4.0200   4.0377   4.0689   4.0743   4.0846   4.1002   4.1135
  4.1247   4.1327   4.1411   4.1517   4.1643   4.1708   4.1973   4.2009
  4.2146   4.2416   4.2467   4.2755   4.2775   4.2861   4.2993   4.3229
  4.3405   4.3678   4.3781   4.3842   4.3963   4.4406   4.4660   4.4862
  4.4944   4.5138   4.5198   4.5506   4.5617   4.5849   4.5907   4.6441
  4.6605   4.6703   4.6823   4.6903   4.7120   4.7239   4.8281   4.8486
  4.8670   4.8818   4.9172   4.9364   4.9484   4.9573   4.9680   5.0000
  5.0129   5.0290   5.0365   5.0593   5.1119   5.1229   5.2549   5.2692
  5.2963   5.3037   5.3294   5.3338   5.4088   5.4176   5.4219   5.4277
  5.4397   5.4563   5.4708   5.4881   5.5247   5.5544   5.5616   5.5761
  5.6305   5.6423   5.6602   5.6674   5.7495   5.7691   5.8036   5.8157
  5.8258   5.8347   5.9534   5.9705   6.1166   6.1220   6.2535   6.2664
  6.6774   6.6809   6.8171   6.8439   6.8771   6.8815   6.9463   6.9711
  7.0495   7.0814   7.3644   7.3772   7.5605   7.5632   7.7830   7.7897
 23.7703  23.7823  24.0692  24.1261  44.7891  44.8455
 --------------------------------------------------------------
 
          Ground-State Mulliken Net Atomic Charges

     Atom                 Charge (a.u.)
  ----------------------------------------
      1 C                    -0.885522
      2 C                    -0.113666
      3 O                    -0.390690
      4 H                     0.125624
      5 H                     0.203417
      6 H                     0.249581
      7 H                     0.341462
      8 H                     0.193664
      9 H                     0.279385
     10 C                    -1.013847
     11 C                    -0.173755
     12 O                    -0.385504
     13 H                     0.138477
     14 H                     0.294488
     15 H                     0.245009
     16 H                     0.269997
     17 H                     0.216124
     18 H                     0.405756
  ----------------------------------------
  Sum of atomic charges =     0.000000

 -----------------------------------------------------------------
                    Cartesian Multipole Moments
 -----------------------------------------------------------------
    Charge (ESU x 10^10)
                 0.0000
    Dipole Moment (Debye)
         X      -0.4984      Y       1.9462      Z       1.1384
       Tot       2.3091
    Quadrupole Moments (Debye-Ang)
        XX     -43.5934     XY       5.7281     YY     -36.6364
        XZ      -2.7261     YZ       1.8693     ZZ     -41.8522
    Octopole Moments (Debye-Ang^2)
       XXX      -1.0780    XXY      18.2145    XYY       5.3397
       YYY      15.0973    XXZ       7.2572    XYZ       2.8990
       YYZ       0.4151    XZZ       4.9553    YZZ       1.7122
       ZZZ       1.0387
    Hexadecapole Moments (Debye-Ang^3)
      XXXX   -1171.4057   XXXY      69.2546   XXYY    -217.1888
      XYYY      -6.6739   YYYY    -197.7448   XXXZ      19.9476
      XXYZ      21.0699   XYYZ       4.1867   YYYZ      -5.1431
      XXZZ    -214.4589   XYZZ       5.7378   YYZZ     -55.3639
      XZZZ       5.7206   YZZZ      -1.3066   ZZZZ    -135.3960
 -----------------------------------------------------------------
 Total job time:  1488.04s(wall), 5464.44s(cpu) 
 Sat Mar  1 03:37:15 2025

        *************************************************************
        *                                                           *
        *  Thank you very much for using Q-Chem.  Have a nice day.  *
        *                                                           *
        *************************************************************


