
Running Job 1 of 1 004_ethanol_dimer_09_almo.inp
qchem 004_ethanol_dimer_09_almo.inp_99785.0 /scratch/qchem99785/ 6
/home/kchung25/qchem/5.4.0/exe/qcprog.exe_s 004_ethanol_dimer_09_almo.inp_99785.0 /scratch/qchem99785/
                  Welcome to Q-Chem
     A Quantum Leap Into The Future Of Chemistry


 Q-Chem 5.4, Q-Chem, Inc., Pleasanton, CA (2021)

 E. Epifanovsky,  A. T. B. Gilbert,  Xintian Feng,  Joonho Lee,  Yuezhi Mao,  
 N. Mardirossian,  P. Pokhilko,  A. White,  M. Wormit,  M. P. Coons,  
 A. L. Dempwolff,  Zhengting Gan,  D. Hait,  P. R. Horn,  L. D. Jacobson,  
 I. Kaliman,  J. Kussmann,  A. W. Lange,  Ka Un Lao,  D. S. Levine,  Jie Liu,  
 S. C. McKenzie,  A. F. Morrison,  K. Nanda,  F. Plasser,  D. R. Rehn,  
 M. L. Vidal,  Zhi-Qiang You,  Ying Zhu,  B. Alam,  B. Albrecht,  
 A. Aldossary,  E. Alguire,  J. H. Andersen,  D. Barton,  K. Begam,  A. Behn,  
 Y. A. Bernard,  E. J. Berquist,  H. Burton,  A. Carreras,  K. Carter-Fenk,  
 Romit Chakraborty,  A. D. Chien,  K. D. Closser,  V. Cofer-Shabica,  
 S. Dasgupta,  Jia Deng,  M. de Wergifosse,  M. Diedenhofen,  Hainam Do,  
 S. Ehlert,  Po-Tung Fang,  S. Fatehi,  Qingguo Feng,  T. Friedhoff,  
 J. Gayvert,  Qinghui Ge,  G. Gidofalvi,  M. Goldey,  J. Gomes,  
 C. Gonzalez-Espinoza,  S. Gulania,  A. Gunina,  M. W. D. Hanson-Heine,  
 P. H. P. Harbach,  A. W. Hauser,  M. F. Herbst,  M. Hernandez Vera,  
 M. Hodecker,  Z. C. Holden,  S. Houck,  Xunkun Huang,  Kerwin Hui,  
 B. C. Huynh,  M. Ivanov,  Hyunjun Ji,  Hanjie Jiang,  B. Kaduk,  S. Kaehler,  
 K. Khistyaev,  Jaehoon Kim,  P. Klunzinger,  Z. Koczor-Benda,  
 Joong Hoon Koh,  D. Kosenkov,  L. Koulias,  T. Kowalczyk,  C. M. Krauter,  
 K. Kue,  A. Kunitsa,  T. Kus,  A. Landau,  K. V. Lawler,  D. Lefrancois,  
 S. Lehtola,  Rain Li,  Yi-Pei Li,  Jiashu Liang,  M. Liebenthal,  
 Hung-Hsuan Lin,  You-Sheng Lin,  Fenglai Liu,  Kuan-Yu Liu,  
 M. Loipersberger,  A. Luenser,  A. Manjanath,  P. Manohar,  E. Mansoor,  
 S. F. Manzer,  Shan-Ping Mao,  A. V. Marenich,  T. Markovich,  S. Mason,  
 S. A. Maurer,  P. F. McLaughlin,  M. F. S. J. Menger,  J.-M. Mewes,  
 S. A. Mewes,  P. Morgante,  J. W. Mullinax,  K. J. Oosterbaan,  G. Paran,  
 Alexander C. Paul,  Suranjan K. Paul,  F. Pavosevic,  Zheng Pei,  S. Prager,  
 E. I. Proynov,  E. Ramos,  B. Rana,  A. E. Rask,  A. Rettig,  R. M. Richard,  
 F. Rob,  E. Rossomme,  T. Scheele,  M. Scheurer,  M. Schneider,  
 N. Sergueev,  S. M. Sharada,  W. Skomorowski,  D. W. Small,  C. J. Stein,  
 Yu-Chuan Su,  E. J. Sundstrom,  Zhen Tao,  J. Thirman,  T. Tsuchimochi,  
 N. M. Tubman,  S. P. Veccham,  O. Vydrov,  J. Wenzel,  J. Witte,  A. Yamada,  
 Kun Yao,  S. Yeganeh,  S. R. Yost,  A. Zech,  Igor Ying Zhang,  Xing Zhang,  
 Yu Zhang,  D. Zuev,  A. Aspuru-Guzik,  A. T. Bell,  N. A. Besley,  
 K. B. Bravaya,  B. R. Brooks,  D. Casanova,  Jeng-Da Chai,  S. Coriani,  
 C. J. Cramer,  A. E. DePrince, III,  R. A. DiStasio Jr.,  A. Dreuw,  
 B. D. Dunietz,  T. R. Furlani,  W. A. Goddard III,  S. Grimme,  
 S. Hammes-Schiffer,  T. Head-Gordon,  W. J. Hehre,  Chao-Ping Hsu,  
 T.-C. Jagau,  Yousung Jung,  A. Klamt,  Jing Kong,  D. S. Lambrecht,  
 WanZhen Liang,  N. J. Mayhall,  C. W. McCurdy,  J. B. Neaton,  T. Neudecker,  
 C. Ochsenfeld,  J. A. Parkhill,  R. Peverati,  V. A. Rassolov,  Yihan Shao,  
 L. V. Slipchenko,  R. P. Steele,  J. E. Subotnik,  A. J. W. Thom,  
 A. Tkatchenko,  D. G. Truhlar,  T. Van Voorhis,  T. A. Wesolowski,  
 K. B. Whaley,  H. L. Woodcock III,  P. M. Zimmerman,  S. Faraji,  
 P. M. W. Gill,  M. Head-Gordon,  J. M. Herbert,  A. I. Krylov

 Additional authors since Version 5.4.0: 
 Chandrima Chakravarty,  L. Cunha,  R. Kang,  Yongbin Kim,  S. Kotaru,  
 Shaozhi Li,  Xiangyuan Li,  F. Matz,  A. Molle,  V. Parravicini,  
 Haisheng Ren,  Hengyuan Shen,  Yingli Su,  Hung-Yi Tsai,  C. Utku,  
 Fang Wang,  Jeff Yang,  F. Zeller

 Contributors to earlier versions of Q-Chem not listed above: 
 R. D. Adamson,  B. Austin,  R. Baer,  J. Baker,  G. J. O. Beran,  
 K. Brandhorst,  S. T. Brown,  E. F. C. Byrd,  Arup K. Chakraborty,  
 G. K. L. Chan,  Chun-Min Chang,  Yunqing Chen,  C.-L. Cheng,  
 Siu Hung Chien,  D. M. Chipman,  D. L. Crittenden,  H. Dachsel,  
 R. J. Doerksen,  A. D. Dutoi,  R. G. Edgar,  J. Fosso-Tande,  
 L. Fusti-Molnar,  D. Ghosh,  A. Ghysels,  A. Golubeva-Zadorozhnaya,  
 J. Gonthier,  M. S. Gordon,  S. R. Gwaltney,  G. Hawkins,  J. E. Herr,  
 A. Heyden,  S. Hirata,  E. G. Hohenstein,  G. Kedziora,  F. J. Keil,  
 C. Kelley,  Jihan Kim,  R. A. King,  R. Z. Khaliullin,  P. P. Korambath,  
 W. Kurlancheek,  A. Laurent,  A. M. Lee,  M. S. Lee,  S. V. Levchenko,  
 Ching Yeh Lin,  D. Liotard,  E. Livshits,  R. C. Lochan,  I. Lotan,  
 L. A. Martinez-Martinez,  P. E. Maslen,  N. Nair,  D. P. O'Neill,  
 D. Neuhauser,  E. Neuscamman,  C. M. Oana,  R. Olivares-Amaya,  R. Olson,  
 T. M. Perrine,  B. Peters,  P. A. Pieniazek,  A. Prociuk,  Y. M. Rhee,  
 J. Ritchie,  M. A. Rohrdanz,  E. Rosta,  N. J. Russ,  H. F. Schaefer III,  
 M. W. Schmidt,  N. E. Schultz,  S. Sharma,  N. Shenvi,  C. D. Sherrill,  
 A. C. Simmonett,  A. Sodt,  T. Stein,  D. Stuck,  K. S. Thanthiriwatte,  
 V. Vanovschi,  L. Vogt,  Tao Wang,  A. Warshel,  M. A. Watson,  
 C. F. Williams,  Q. Wu,  X. Xu,  Jun Yang,  W. Zhang,  Yan Zhao

   Please cite Q-Chem as follows:
  "Software for the frontiers of quantum chemistry:
   An overview of developments in the Q-Chem 5 package"
   J. Chem. Phys. 155, 084801 (2021)
   https://doi.org/10.1063/5.0055522 (open access)

 Q-Chem 5.4.2 for Intel X86 EM64T Linux

 Parts of Q-Chem use Armadillo 9.900.5 (Nocturnal Misbehaviour).
 http://arma.sourceforge.net/

 Q-Chem begins on Fri Feb 28 03:00:07 2025  

 Host: 
0

     Scratch files written to /scratch/qchem99785//
 Dec1321 |scratch|qcdevops|jenkins|workspace|build_RNUM 5684   
 Processing $rem in /home/kchung25/qchem/5.4.0/config/preferences:
 Processing $rem in /home/kchung25/.qchemrc:

 Q-Chem warning in module libgen/rem_setup.C, line 3079:

 Neither GIA nor STOLL is specified by user. Use STOLL as the default


 Checking the input file for inconsistencies... 	...done.

--------------------------------------------------------------
User input:
--------------------------------------------------------------
$molecule
0 1
--
0 1
C   -2.825279   0.590260   0.018664
C   -1.748480  -0.355750  -0.437794
O   -0.991884  -0.748233   0.679967
H   -0.124952  -1.045192   0.366962
H   -3.465444   0.891656  -0.812574
H   -2.382291   1.486317   0.459883
H   -3.448317   0.116000   0.779602
H   -1.109689   0.133620  -1.188475
H   -2.199527  -1.229700  -0.932538
--
0 1
C    1.512454   1.350659  -0.065268
C    2.324197   0.117047   0.210332
O    1.650626  -0.996929  -0.359426
H    2.190534  -1.782865  -0.252928
H    2.009402   2.232889   0.340535
H    0.524394   1.266641   0.393528
H    1.384845   1.491032  -1.140578
H    2.446890  -0.023945   1.292421
H    3.326865   0.211537  -0.225768
$end

$rem
JOBTYPE          eda
EDA2             1
METHOD           wB97M-V
BASIS            def2-TZVPPD
SYMMETRY         false
MEM_TOTAL        50000
MEM_STATIC       10000
THRESH           14
SCF_CONVERGENCE  8
XC_GRID          000099000590
NL_GRID          1
EDA_CLS_DISP     true
FD_MAT_VEC_PROD  FALSE
$end
--------------------------------------------------------------
 ----------------------------------------------------------------
             Standard Nuclear Orientation (Angstroms)
    I     Atom           X                Y                Z
 ----------------------------------------------------------------
    1      C       2.8252789924    -0.5902600300     0.0186644214
    2      C       1.7484799891     0.3557497907    -0.4377939422
    3      O       0.9918838463     0.7482330406     0.6799668734
    4      H       0.1249518636     1.0451919105     0.3669617020
    5      H       3.4654440991    -0.8916562115    -0.8125734305
    6      H       2.3822909946    -1.4863169394     0.4598836076
    7      H       3.4483168837    -0.1159997965     0.7796023649
    8      H       1.1096890976    -0.1336204410    -1.1884748835
    9      H       2.1995269939     1.2296996866    -0.9325381218
   10      C      -1.5124539561    -1.3506592936    -0.0652678492
   11      C      -2.3241970547    -0.1170472668     0.2103317407
   12      O      -1.6506260551     0.9969286218    -0.3594264775
   13      H      -2.1905341104     1.7828646196    -0.2529287413
   14      H      -2.0094019509    -2.2328892153     0.3405353276
   15      H      -0.5243940105    -1.2666411187     0.3935282358
   16      H      -1.3848448320    -1.4910325675    -1.1405777987
   17      H      -2.4468901796     0.0239450091     1.2924206905
   18      H      -3.3268650022    -0.2115374367    -0.2257683431
 ----------------------------------------------------------------
 Molecular Point Group                 C1    NOp =  1
 Largest Abelian Subgroup              C1    NOp =  1
 Nuclear Repulsion Energy =         258.12705712 hartrees
 There are       26 alpha and       26 beta electrons
 Requested basis set is def2-TZVPPD
 There are 164 shells and 432 basis functions

 Q-Chem warning in module libmdc/get_mega.C, line 171:

 Allowed MEM_STATIC has been capped at MEM_STATIC=8191.
 Reduce the value of MEM_STATIC to silence this warning.


 Total QAlloc Memory Limit  50000 MB
 Mega-Array Size      8007 MB
 MEM_STATIC part      8191 MB
 A cutoff of  1.0D-14 yielded  12435 shell pairs
 There are     85919 function pairs (    105814 Cartesian)
 Smallest overlap matrix eigenvalue = 6.60E-06

 Scale SEOQF with 1.000000e-01/1.000000e-01/1.000000e-01

 Standard Electronic Orientation quadrupole field applied
 Nucleus-field energy     =     0.0000000091 hartrees

 -----------------------------------------------------------------------
  General SCF calculation program by
  Eric Jon Sundstrom, Paul Horn, Yuezhi Mao, Dmitri Zuev, Alec White,
  David Stuck, Shaama M.S., Shane Yost, Joonho Lee, David Small,
  Daniel Levine, Susi Lehtola, Hugh Burton, Evgeny Epifanovsky,
  Bang C. Huynh
 -----------------------------------------------------------------------
================================================================
                 ALMO-EDA with the EDA2 driver                  
================================================================
 The second-generation ALMO-EDA (for DFT):                      
 P. R. Horn, Y. Mao and M. Head-Gordon, PCCP, 18, 23067 (2016)  
 Y. Mao et al. Annu. Rev. Phys. Chem. 72, 641 (2021)            
 Decomposition of the frozen energy:                            
 P. R. Horn, Y. Mao and M. Head-Gordon, JCP, 144, 114107 (2016) 
 FERF model for polarization:                                   
 P. R. Horn and M. Head-Gordon, JCP, 143, 114111 (2015)         
================================================================
 Using eda2 option set 1
 Option set summary: Frozen orbital wavefunction, initial wavefunction decomposition, and nDQ polarization.
--------------------------------
Printing EDA Options
--------------------------------
eda_child_super_basis      0
fragmo_guess_mode          0
child_mp                   1
child_mp_orders            232
cls_elec                   1
cls_disp                   1
scfmi_mode                 1
scfmi_occs                 0
scfmi_virts                0
frz_relax                  0
frz_relax_method           0
dc_pen_start               0
dc_pen_conv                0
dc_pen_increment           0
dc_pen_steps               0
dc_pen_thresh_factor       0
dc_pen_pre_newton_thresh   0
frz_ortho_decomp           1
frz_ortho_decomp_conv      6
plot_mo_ortho_frz          0
frgm_method                2
scfmi_freeze_ss            0
separate_rehyb             0
plot_diff_den              0
eda_nocv                   0
eda_vct_relax              1
disp_free_x                0
disp_free_c                0
eda_bsse                   0
eda_pct_a                  0
eda_covp                   0
--------------------------------
Attempting to make child job directory: /scratch/qchem99785//Frg1/
Attempting to make child job directory: /scratch/qchem99785//Frg2/
Creating input file /scratch/qchem99785/Frg1.input
using default PutDataFrgm: nothing
calling putenv with: QCSCRATCH=/scratch/qchem99785/ 
Spawning Job For Fragment 0
Done Job For Fragment 0
calling putenv with: QCSCRATCH=/scratch 
calling putenv with: QCTHREADS=6 
Creating input file /scratch/qchem99785/Frg2.input
using default PutDataFrgm: nothing
calling putenv with: QCSCRATCH=/scratch/qchem99785/ 
Spawning Job For Fragment 1
Done Job For Fragment 1
calling putenv with: QCSCRATCH=/scratch 
calling putenv with: QCTHREADS=6 
Doing General SCFMI
 Exchange:     0.1500 Hartree-Fock + 1.0000 wB97M-V + LR-HF
 Correlation:  1.0000 wB97M-V
 Using Euler-Maclaurin-Lebedev (99,590) quadrature formula
 Nonlocal Correlation:  VV10 with C = 0.0100 and b = 6.00 and scale = 1.00000
 Grid used for NLC:  SG-1 standard quadrature
performing fock build before subrot guess so that all methods have access
Printing subrot_rss_gen Method Specification:
Occupied Subspace Method is 0
Virtual Subspace Method is 0
Energy of the unrelaxed supersystem initial determinant -310.062111224487
write pseudocanon occs and virts to disk
write pseudocanon orbital energies to disk
Tolerance of ortho_decomp_scf: 1.00e-06
GDM subspace size: 20
Beginning the Orthogonal Decomposition of the Initial Supersystem Wavefunction
    1    -310.0041685022      9.87e-02     ortho_decomp Preconditoned Steepest Descent
    2    -310.0117648704      2.32e-03     ortho_decomp BFGS Step
    3    -310.0117901321      1.81e-04     ortho_decomp BFGS Step
    4    -310.0117901652      6.23e-06     ortho_decomp BFGS Step
    5    -310.0117901653      2.12e-07     ortho_decomp 00000 Convergence criterion met
 Hartree-Fock
 Hartree-Fock
 Hartree-Fock
 Exchange:     0.1500 Hartree-Fock + 1.0000 wB97M-V + LR-HF
 Correlation:  1.0000 wB97M-V
 Using Euler-Maclaurin-Lebedev (99,590) quadrature formula
 Nonlocal Correlation:  VV10 with C = 0.0100 and b = 6.00 and scale = 1.00000
 Grid used for NLC:  SG-1 standard quadrature
 Long-range K will be added via erf
 Coulomb attenuation parameter = 0.3 bohr**(-1)
 Nonlocal correlation = 2.037279394790e-01
Doing General SCFMI
 Exchange:     0.1500 Hartree-Fock + 1.0000 wB97M-V + LR-HF
 Correlation:  1.0000 wB97M-V
 Using Euler-Maclaurin-Lebedev (99,590) quadrature formula
 Nonlocal Correlation:  VV10 with C = 0.0100 and b = 6.00 and scale = 1.00000
 Grid used for NLC:  SG-1 standard quadrature
performing fock build at end of subrot_r(subrot) constructor so that all methods have access
<S^2> of initial wavefunction before polarization iterations 0.0000000000
Beginning iterations for the determination of the polarized wavefunction
Energy prior to optimization (guess energy) = -310.062111224488
Begin Timing: Total SCF Calculation
begin iterations for algorithm: DIIS         
the SCF tolerance is set to 1.00e-08
    1    -310.0621112245      3.05e-04     00000 
    2    -310.0647371319      1.04e-04     00000 
    3    -310.0649593649      6.98e-05     00000 
    4    -310.0650264851      2.21e-05     00000 
    5    -310.0650387093      7.24e-06     00000 
    6    -310.0650418392      3.28e-06     00000 
    7    -310.0650423511      1.67e-06     00000 
    8    -310.0650424835      6.75e-07     00000 
    9    -310.0650424966      2.61e-07     00000 
   10    -310.0650424986      8.97e-08     00000 
   11    -310.0650424988      3.50e-08     00000 
   12    -310.0650424989      1.48e-08     00000 
   13    -310.0650424989      7.30e-09     00000 Convergence criterion met
write pseudocanon occs and virts to disk
write pseudocanon orbital energies to disk
Timing for Total SCF: 316.00s (wall), 1897.31s (cpu)
<S^2> of polarized wavefunction after polarization iterations 0.0000000000
relaxing scfmi constraint to allow all rotations in the entire AO span
Doing General SCFMI
 Exchange:     0.1500 Hartree-Fock + 1.0000 wB97M-V + LR-HF
 Correlation:  1.0000 wB97M-V
 Using Euler-Maclaurin-Lebedev (99,590) quadrature formula
 Nonlocal Correlation:  VV10 with C = 0.0100 and b = 6.00 and scale = 1.00000
 Grid used for NLC:  SG-1 standard quadrature
performing fock build at end of subrot_r(subrot) constructor so that all methods have access
<S^2> of polarized wavefunction before ct-allowed iterations 0.0000000000
Beginning iterations for the determination of the CT-Allowed wavefunction
Energy prior to optimization (guess energy) = -310.065042498883
Begin Timing: Total SCF Calculation
begin iterations for algorithm: DIIS         
the SCF tolerance is set to 1.00e-08
    1    -310.0650424989      1.83e-04     00000 
    2    -310.0686141583      2.66e-05     00000 
    3    -310.0687375283      1.07e-05     00000 
    4    -310.0687447960      5.54e-06     00000 
    5    -310.0687471845      5.53e-07     00000 
    6    -310.0687472361      2.93e-07     00000 
    7    -310.0687472465      7.38e-08     00000 
    8    -310.0687472471      3.13e-08     00000 
    9    -310.0687472472      7.81e-09     00000 Convergence criterion met
write pseudocanon occs and virts to disk
write pseudocanon orbital energies to disk
Timing for Total SCF: 211.00s (wall), 1268.19s (cpu)
<S^2> of ct_allowed wavefunction after ct-allowed iterations 0.0000000000

================================
        Results of EDA2         
================================
Basic EDA Quantities
--------------------
Fragment Energies (Ha):
1 -155.0288183850
2 -155.0296708489
--------------------
  E_prp (kJ/mol) = 0.0000
  E_frz (kJ/mol) = -9.5096
  E_pol (kJ/mol) = -7.6962
  E_vct (kJ/mol) = -9.7269
  E_int (kJ/mol) = -26.9327
--------------------


Decomposition of frozen interaction energy
--------------------
  --------------------
  Orthogonal Frozen Decomposition:
  --------------------
     E_elec   (ELEC)   (kJ/mol) = -88.5168
     E_pauli  (PAULI)  (kJ/mol) = 98.7077
     E_disp   (DISP)   (kJ/mol) = -19.7006
  --------------------
  Classical Frozen Decomposition:
  --------------------
     E_cls_elec  (CLS ELEC)  (kJ/mol) = -45.4772
     E_mod_pauli (MOD PAULI) (kJ/mol) = 52.7853 (FRZ - CLS ELEC - CLS DISP)
     E_cls_disp  (CLS DISP)  (kJ/mol) = -16.8177
  --------------------
--------------------

Simplified EDA Summary (kJ/mol)
--------------------
 PREPARATION      0.0000
 FROZEN           -9.5096 (ELEC + PAULI + DISP)
[ELEC + PAULI = 7.3081, DISP = -16.8177]
 POLARIZATION    -7.6962
 CHARGE TRANSFER -9.7269
 TOTAL           -26.9327     (PRP + FRZ + POL + CT)
--------------------
 
 --------------------------------------------------------------
 
                    Orbital Energies (a.u.)
 --------------------------------------------------------------
 
 Alpha MOs
 -- Occupied --
-19.3541 -19.3047 -10.3985 -10.3699 -10.3324 -10.3164  -1.1730  -1.1291
 -0.8836  -0.8577  -0.7376  -0.7112  -0.6506  -0.6147  -0.5857  -0.5612
 -0.5281  -0.4951  -0.4915  -0.4788  -0.4735  -0.4561  -0.4479  -0.4176
 -0.3954  -0.3575
 -- Virtual --
  0.0270   0.0499   0.0569   0.0633   0.0786   0.0802   0.0993   0.1019
  0.1119   0.1224   0.1336   0.1399   0.1452   0.1562   0.1619   0.1723
  0.1808   0.1842   0.1912   0.1958   0.2001   0.2154   0.2287   0.2351
  0.2363   0.2431   0.2530   0.2605   0.2638   0.2713   0.2796   0.2889
  0.2898   0.2985   0.3041   0.3064   0.3120   0.3189   0.3217   0.3280
  0.3325   0.3364   0.3399   0.3419   0.3477   0.3541   0.3596   0.3645
  0.3702   0.3740   0.3772   0.3815   0.3886   0.3912   0.3962   0.4050
  0.4096   0.4115   0.4263   0.4337   0.4405   0.4472   0.4514   0.4575
  0.4617   0.4675   0.4742   0.4794   0.4817   0.4884   0.4968   0.5007
  0.5065   0.5140   0.5245   0.5262   0.5389   0.5444   0.5525   0.5587
  0.5753   0.5808   0.5973   0.6044   0.6171   0.6223   0.6324   0.6397
  0.6489   0.6565   0.6663   0.6874   0.6886   0.6997   0.7067   0.7098
  0.7123   0.7317   0.7359   0.7393   0.7516   0.7563   0.7654   0.7705
  0.7765   0.7803   0.7906   0.7992   0.8086   0.8180   0.8207   0.8276
  0.8434   0.8541   0.8619   0.8958   0.9050   0.9174   0.9231   0.9332
  0.9548   0.9689   0.9771   0.9903   1.0020   1.0142   1.0541   1.0639
  1.0794   1.0840   1.0952   1.1070   1.1299   1.1383   1.1591   1.1703
  1.1969   1.2134   1.2212   1.2291   1.2396   1.2449   1.2541   1.2638
  1.2760   1.2871   1.2982   1.3147   1.3288   1.3313   1.3425   1.3645
  1.3710   1.3767   1.3879   1.4032   1.4116   1.4296   1.4314   1.4362
  1.4633   1.4750   1.4849   1.5003   1.5265   1.5372   1.5491   1.5915
  1.6122   1.6213   1.6524   1.6544   1.6700   1.6707   1.6817   1.6845
  1.6941   1.7036   1.7161   1.7444   1.7635   1.7722   1.7785   1.8011
  1.8246   1.8518   1.9217   1.9594   1.9808   2.0147   2.0255   2.0566
  2.0808   2.1011   2.1081   2.1435   2.2062   2.2431   2.2545   2.2646
  2.3001   2.3374   2.3729   2.3965   2.4092   2.4231   2.4475   2.4881
  2.5236   2.5686   2.6752   2.7275   2.7332   2.7479   2.7772   2.7899
  2.8431   2.8669   2.8752   2.8931   2.9062   2.9128   2.9307   2.9440
  2.9541   2.9632   2.9822   2.9851   3.0136   3.0298   3.0395   3.0723
  3.0799   3.0854   3.1103   3.1205   3.1288   3.1628   3.1841   3.1961
  3.2096   3.2175   3.2225   3.2370   3.2464   3.2535   3.2831   3.2876
  3.2964   3.3035   3.3102   3.3341   3.3456   3.3468   3.3642   3.3986
  3.4080   3.4738   3.4860   3.5046   3.5156   3.5273   3.5565   3.5733
  3.5876   3.5921   3.6044   3.6215   3.6320   3.6413   3.6504   3.6873
  3.7072   3.7267   3.7511   3.7580   3.7671   3.7853   3.8069   3.8150
  3.8342   3.8675   3.9043   3.9311   3.9375   3.9550   4.0049   4.0161
  4.0244   4.0353   4.0472   4.0630   4.0751   4.0842   4.1036   4.1221
  4.1331   4.1372   4.1418   4.1578   4.1760   4.2145   4.2245   4.2336
  4.2378   4.2462   4.2682   4.2754   4.2896   4.2943   4.3211   4.3379
  4.3665   4.3854   4.3980   4.4090   4.4259   4.4501   4.4668   4.4771
  4.4909   4.5056   4.5206   4.5344   4.5549   4.5949   4.6202   4.6236
  4.6427   4.6917   4.6992   4.7179   4.7429   4.7673   4.8224   4.8364
  4.8547   4.8860   4.9312   4.9489   4.9541   4.9742   4.9753   5.0010
  5.0138   5.0327   5.0427   5.0864   5.1171   5.1231   5.2180   5.2616
  5.3042   5.3275   5.3375   5.3989   5.4167   5.4255   5.4326   5.4373
  5.4465   5.4544   5.4654   5.4876   5.5109   5.5302   5.5773   5.5991
  5.6391   5.6452   5.6673   5.6831   5.7565   5.7669   5.7965   5.8148
  5.8319   5.8400   5.9405   5.9854   6.0767   6.1564   6.2502   6.3003
  6.6427   6.6887   6.8513   6.8657   6.9155   6.9438   6.9635   7.0368
  7.0953   7.1430   7.3700   7.4123   7.5496   7.6401   7.7989   7.8931
 23.7460  23.8075  24.0683  24.0977  44.7954  44.8948
 --------------------------------------------------------------
 
          Ground-State Mulliken Net Atomic Charges

     Atom                 Charge (a.u.)
  ----------------------------------------
      1 C                    -1.030973
      2 C                    -0.184418
      3 O                    -0.500211
      4 H                     0.251392
      5 H                     0.294555
      6 H                     0.256968
      7 H                     0.256589
      8 H                     0.261704
      9 H                     0.369907
     10 C                    -0.864776
     11 C                    -0.252752
     12 O                    -0.391644
     13 H                     0.129493
     14 H                     0.324787
     15 H                     0.168784
     16 H                     0.256254
     17 H                     0.291083
     18 H                     0.363257
  ----------------------------------------
  Sum of atomic charges =     0.000000

 -----------------------------------------------------------------
                    Cartesian Multipole Moments
 -----------------------------------------------------------------
    Charge (ESU x 10^10)
                 0.0000
    Dipole Moment (Debye)
         X      -2.6401      Y       0.0017      Z      -0.8121
       Tot       2.7622
    Quadrupole Moments (Debye-Ang)
        XX     -34.5086     XY      -3.2059     YY     -38.0207
        XZ      -2.9553     YZ      -0.7419     ZZ     -42.8914
    Octopole Moments (Debye-Ang^2)
       XXX     -21.0617    XXY       9.9340    XYY     -12.7294
       YYY      15.2505    XXZ      -0.5459    XYZ      -1.4344
       YYZ      -0.6601    XZZ      -2.9939    YZZ       0.4778
       ZZZ       0.0549
    Hexadecapole Moments (Debye-Ang^3)
      XXXX    -996.3342   XXXY     -22.0476   XXYY    -195.6913
      XYYY     -23.1358   YYYY    -228.4393   XXXZ       3.6846
      XXYZ      -1.1946   XYYZ      -0.5293   YYYZ      -5.8237
      XXZZ    -191.6000   XYZZ      -2.6854   YYZZ     -60.1807
      XZZZ       0.3023   YZZZ       1.8910   ZZZZ    -108.0034
 -----------------------------------------------------------------
 Total job time:  1555.92s(wall), 5848.29s(cpu) 
 Fri Feb 28 03:26:03 2025

        *************************************************************
        *                                                           *
        *  Thank you very much for using Q-Chem.  Have a nice day.  *
        *                                                           *
        *************************************************************


