
Running Job 1 of 1 004_ethanol_dimer_45_almo.inp
qchem 004_ethanol_dimer_45_almo.inp_144117.0 /scratch/qchem144117/ 6
/home/kchung25/qchem/5.4.0/exe/qcprog.exe_s 004_ethanol_dimer_45_almo.inp_144117.0 /scratch/qchem144117/
                  Welcome to Q-Chem
     A Quantum Leap Into The Future Of Chemistry


 Q-Chem 5.4, Q-Chem, Inc., Pleasanton, CA (2021)

 E. Epifanovsky,  A. T. B. Gilbert,  Xintian Feng,  Joonho Lee,  Yuezhi Mao,  
 N. Mardirossian,  P. Pokhilko,  A. White,  M. Wormit,  M. P. Coons,  
 A. L. Dempwolff,  Zhengting Gan,  D. Hait,  P. R. Horn,  L. D. Jacobson,  
 I. Kaliman,  J. Kussmann,  A. W. Lange,  Ka Un Lao,  D. S. Levine,  Jie Liu,  
 S. C. McKenzie,  A. F. Morrison,  K. Nanda,  F. Plasser,  D. R. Rehn,  
 M. L. Vidal,  Zhi-Qiang You,  Ying Zhu,  B. Alam,  B. Albrecht,  
 A. Aldossary,  E. Alguire,  J. H. Andersen,  D. Barton,  K. Begam,  A. Behn,  
 Y. A. Bernard,  E. J. Berquist,  H. Burton,  A. Carreras,  K. Carter-Fenk,  
 Romit Chakraborty,  A. D. Chien,  K. D. Closser,  V. Cofer-Shabica,  
 S. Dasgupta,  Jia Deng,  M. de Wergifosse,  M. Diedenhofen,  Hainam Do,  
 S. Ehlert,  Po-Tung Fang,  S. Fatehi,  Qingguo Feng,  T. Friedhoff,  
 J. Gayvert,  Qinghui Ge,  G. Gidofalvi,  M. Goldey,  J. Gomes,  
 C. Gonzalez-Espinoza,  S. Gulania,  A. Gunina,  M. W. D. Hanson-Heine,  
 P. H. P. Harbach,  A. W. Hauser,  M. F. Herbst,  M. Hernandez Vera,  
 M. Hodecker,  Z. C. Holden,  S. Houck,  Xunkun Huang,  Kerwin Hui,  
 B. C. Huynh,  M. Ivanov,  Hyunjun Ji,  Hanjie Jiang,  B. Kaduk,  S. Kaehler,  
 K. Khistyaev,  Jaehoon Kim,  P. Klunzinger,  Z. Koczor-Benda,  
 Joong Hoon Koh,  D. Kosenkov,  L. Koulias,  T. Kowalczyk,  C. M. Krauter,  
 K. Kue,  A. Kunitsa,  T. Kus,  A. Landau,  K. V. Lawler,  D. Lefrancois,  
 S. Lehtola,  Rain Li,  Yi-Pei Li,  Jiashu Liang,  M. Liebenthal,  
 Hung-Hsuan Lin,  You-Sheng Lin,  Fenglai Liu,  Kuan-Yu Liu,  
 M. Loipersberger,  A. Luenser,  A. Manjanath,  P. Manohar,  E. Mansoor,  
 S. F. Manzer,  Shan-Ping Mao,  A. V. Marenich,  T. Markovich,  S. Mason,  
 S. A. Maurer,  P. F. McLaughlin,  M. F. S. J. Menger,  J.-M. Mewes,  
 S. A. Mewes,  P. Morgante,  J. W. Mullinax,  K. J. Oosterbaan,  G. Paran,  
 Alexander C. Paul,  Suranjan K. Paul,  F. Pavosevic,  Zheng Pei,  S. Prager,  
 E. I. Proynov,  E. Ramos,  B. Rana,  A. E. Rask,  A. Rettig,  R. M. Richard,  
 F. Rob,  E. Rossomme,  T. Scheele,  M. Scheurer,  M. Schneider,  
 N. Sergueev,  S. M. Sharada,  W. Skomorowski,  D. W. Small,  C. J. Stein,  
 Yu-Chuan Su,  E. J. Sundstrom,  Zhen Tao,  J. Thirman,  T. Tsuchimochi,  
 N. M. Tubman,  S. P. Veccham,  O. Vydrov,  J. Wenzel,  J. Witte,  A. Yamada,  
 Kun Yao,  S. Yeganeh,  S. R. Yost,  A. Zech,  Igor Ying Zhang,  Xing Zhang,  
 Yu Zhang,  D. Zuev,  A. Aspuru-Guzik,  A. T. Bell,  N. A. Besley,  
 K. B. Bravaya,  B. R. Brooks,  D. Casanova,  Jeng-Da Chai,  S. Coriani,  
 C. J. Cramer,  A. E. DePrince, III,  R. A. DiStasio Jr.,  A. Dreuw,  
 B. D. Dunietz,  T. R. Furlani,  W. A. Goddard III,  S. Grimme,  
 S. Hammes-Schiffer,  T. Head-Gordon,  W. J. Hehre,  Chao-Ping Hsu,  
 T.-C. Jagau,  Yousung Jung,  A. Klamt,  Jing Kong,  D. S. Lambrecht,  
 WanZhen Liang,  N. J. Mayhall,  C. W. McCurdy,  J. B. Neaton,  T. Neudecker,  
 C. Ochsenfeld,  J. A. Parkhill,  R. Peverati,  V. A. Rassolov,  Yihan Shao,  
 L. V. Slipchenko,  R. P. Steele,  J. E. Subotnik,  A. J. W. Thom,  
 A. Tkatchenko,  D. G. Truhlar,  T. Van Voorhis,  T. A. Wesolowski,  
 K. B. Whaley,  H. L. Woodcock III,  P. M. Zimmerman,  S. Faraji,  
 P. M. W. Gill,  M. Head-Gordon,  J. M. Herbert,  A. I. Krylov

 Additional authors since Version 5.4.0: 
 Chandrima Chakravarty,  L. Cunha,  R. Kang,  Yongbin Kim,  S. Kotaru,  
 Shaozhi Li,  Xiangyuan Li,  F. Matz,  A. Molle,  V. Parravicini,  
 Haisheng Ren,  Hengyuan Shen,  Yingli Su,  Hung-Yi Tsai,  C. Utku,  
 Fang Wang,  Jeff Yang,  F. Zeller

 Contributors to earlier versions of Q-Chem not listed above: 
 R. D. Adamson,  B. Austin,  R. Baer,  J. Baker,  G. J. O. Beran,  
 K. Brandhorst,  S. T. Brown,  E. F. C. Byrd,  Arup K. Chakraborty,  
 G. K. L. Chan,  Chun-Min Chang,  Yunqing Chen,  C.-L. Cheng,  
 Siu Hung Chien,  D. M. Chipman,  D. L. Crittenden,  H. Dachsel,  
 R. J. Doerksen,  A. D. Dutoi,  R. G. Edgar,  J. Fosso-Tande,  
 L. Fusti-Molnar,  D. Ghosh,  A. Ghysels,  A. Golubeva-Zadorozhnaya,  
 J. Gonthier,  M. S. Gordon,  S. R. Gwaltney,  G. Hawkins,  J. E. Herr,  
 A. Heyden,  S. Hirata,  E. G. Hohenstein,  G. Kedziora,  F. J. Keil,  
 C. Kelley,  Jihan Kim,  R. A. King,  R. Z. Khaliullin,  P. P. Korambath,  
 W. Kurlancheek,  A. Laurent,  A. M. Lee,  M. S. Lee,  S. V. Levchenko,  
 Ching Yeh Lin,  D. Liotard,  E. Livshits,  R. C. Lochan,  I. Lotan,  
 L. A. Martinez-Martinez,  P. E. Maslen,  N. Nair,  D. P. O'Neill,  
 D. Neuhauser,  E. Neuscamman,  C. M. Oana,  R. Olivares-Amaya,  R. Olson,  
 T. M. Perrine,  B. Peters,  P. A. Pieniazek,  A. Prociuk,  Y. M. Rhee,  
 J. Ritchie,  M. A. Rohrdanz,  E. Rosta,  N. J. Russ,  H. F. Schaefer III,  
 M. W. Schmidt,  N. E. Schultz,  S. Sharma,  N. Shenvi,  C. D. Sherrill,  
 A. C. Simmonett,  A. Sodt,  T. Stein,  D. Stuck,  K. S. Thanthiriwatte,  
 V. Vanovschi,  L. Vogt,  Tao Wang,  A. Warshel,  M. A. Watson,  
 C. F. Williams,  Q. Wu,  X. Xu,  Jun Yang,  W. Zhang,  Yan Zhao

   Please cite Q-Chem as follows:
  "Software for the frontiers of quantum chemistry:
   An overview of developments in the Q-Chem 5 package"
   J. Chem. Phys. 155, 084801 (2021)
   https://doi.org/10.1063/5.0055522 (open access)

 Q-Chem 5.4.2 for Intel X86 EM64T Linux

 Parts of Q-Chem use Armadillo 9.900.5 (Nocturnal Misbehaviour).
 http://arma.sourceforge.net/

 Q-Chem begins on Fri Feb 28 18:30:06 2025  

 Host: 
0

     Scratch files written to /scratch/qchem144117//
 Dec1321 |scratch|qcdevops|jenkins|workspace|build_RNUM 5684   
 Processing $rem in /home/kchung25/qchem/5.4.0/config/preferences:
 Processing $rem in /home/kchung25/.qchemrc:

 Q-Chem warning in module libgen/rem_setup.C, line 3079:

 Neither GIA nor STOLL is specified by user. Use STOLL as the default


 Checking the input file for inconsistencies... 	...done.

--------------------------------------------------------------
User input:
--------------------------------------------------------------
$molecule
0 1
--
0 1
C   -2.657704   0.913790  -0.176094
C   -1.885150  -0.312888  -0.589726
O   -1.497358  -1.104285   0.511985
H   -2.286624  -1.361853   0.995038
H   -2.918253   1.526409  -1.041526
H   -2.069254   1.522685   0.513667
H   -3.589525   0.637946   0.326692
H   -0.955578  -0.026085  -1.090366
H   -2.462428  -0.905448  -1.313311
--
0 1
C    1.215389   0.803162   0.677397
C    1.914559  -0.394247   0.085927
O    3.070109  -0.045258  -0.644100
H    3.655655   0.444291  -0.061235
H    0.297753   0.495728   1.184283
H    0.961446   1.523865  -0.104402
H    1.855335   1.311142   1.405635
H    1.256294  -0.909556  -0.618418
H    2.150606  -1.121693   0.875837
$end

$rem
JOBTYPE          eda
EDA2             1
METHOD           wB97M-V
BASIS            def2-TZVPPD
SYMMETRY         false
MEM_TOTAL        50000
MEM_STATIC       10000
THRESH           14
SCF_CONVERGENCE  8
XC_GRID          000099000590
NL_GRID          1
EDA_CLS_DISP     true
FD_MAT_VEC_PROD  FALSE
$end
--------------------------------------------------------------
 ----------------------------------------------------------------
             Standard Nuclear Orientation (Angstroms)
    I     Atom           X                Y                Z
 ----------------------------------------------------------------
    1      C       2.6577039494    -0.9137903094    -0.1760939273
    2      C       1.8851500386     0.3128877996    -0.5897257707
    3      O       1.4973579970     1.1042846274     0.5119853384
    4      H       2.2866239744     1.3618525056     0.9950384402
    5      H       2.9182529825    -1.5264091719    -1.0415260146
    6      H       2.0692538700    -1.5226854005     0.5136669245
    7      H       3.5895249263    -0.6379464415     0.3266921880
    8      H       0.9555780610     0.0260849313    -1.0903658878
    9      H       2.4624281197     0.9054478972    -1.3133106262
   10      C      -1.2153891071    -0.8031622703     0.6773968112
   11      C      -1.9145590064     0.3942468660     0.0859269680
   12      O      -3.0701089704     0.0452580483    -0.6441001762
   13      H      -3.6556550362    -0.4442910244    -0.0612353034
   14      H      -0.2977531290    -0.4957284024     1.1842829310
   15      H      -0.9614460852    -1.5238651470    -0.1044022953
   16      H      -1.8553351844    -1.3111423656     1.4056346768
   17      H      -1.2562939305     0.9095559563    -0.6184178949
   18      H      -2.1506060285     1.1216927405     0.8758370770
 ----------------------------------------------------------------
 Molecular Point Group                 C1    NOp =  1
 Largest Abelian Subgroup              C1    NOp =  1
 Nuclear Repulsion Energy =         249.54643520 hartrees
 There are       26 alpha and       26 beta electrons
 Requested basis set is def2-TZVPPD
 There are 164 shells and 432 basis functions

 Q-Chem warning in module libmdc/get_mega.C, line 171:

 Allowed MEM_STATIC has been capped at MEM_STATIC=8191.
 Reduce the value of MEM_STATIC to silence this warning.


 Total QAlloc Memory Limit  50000 MB
 Mega-Array Size      8007 MB
 MEM_STATIC part      8191 MB
 A cutoff of  1.0D-14 yielded  12329 shell pairs
 There are     84825 function pairs (    104323 Cartesian)
 Smallest overlap matrix eigenvalue = 7.60E-06

 Scale SEOQF with 1.000000e-01/1.000000e-01/1.000000e-01

 Standard Electronic Orientation quadrupole field applied
 Nucleus-field energy     =     0.0000000092 hartrees

 -----------------------------------------------------------------------
  General SCF calculation program by
  Eric Jon Sundstrom, Paul Horn, Yuezhi Mao, Dmitri Zuev, Alec White,
  David Stuck, Shaama M.S., Shane Yost, Joonho Lee, David Small,
  Daniel Levine, Susi Lehtola, Hugh Burton, Evgeny Epifanovsky,
  Bang C. Huynh
 -----------------------------------------------------------------------
================================================================
                 ALMO-EDA with the EDA2 driver                  
================================================================
 The second-generation ALMO-EDA (for DFT):                      
 P. R. Horn, Y. Mao and M. Head-Gordon, PCCP, 18, 23067 (2016)  
 Y. Mao et al. Annu. Rev. Phys. Chem. 72, 641 (2021)            
 Decomposition of the frozen energy:                            
 P. R. Horn, Y. Mao and M. Head-Gordon, JCP, 144, 114107 (2016) 
 FERF model for polarization:                                   
 P. R. Horn and M. Head-Gordon, JCP, 143, 114111 (2015)         
================================================================
 Using eda2 option set 1
 Option set summary: Frozen orbital wavefunction, initial wavefunction decomposition, and nDQ polarization.
--------------------------------
Printing EDA Options
--------------------------------
eda_child_super_basis      0
fragmo_guess_mode          0
child_mp                   1
child_mp_orders            232
cls_elec                   1
cls_disp                   1
scfmi_mode                 1
scfmi_occs                 0
scfmi_virts                0
frz_relax                  0
frz_relax_method           0
dc_pen_start               0
dc_pen_conv                0
dc_pen_increment           0
dc_pen_steps               0
dc_pen_thresh_factor       0
dc_pen_pre_newton_thresh   0
frz_ortho_decomp           1
frz_ortho_decomp_conv      6
plot_mo_ortho_frz          0
frgm_method                2
scfmi_freeze_ss            0
separate_rehyb             0
plot_diff_den              0
eda_nocv                   0
eda_vct_relax              1
disp_free_x                0
disp_free_c                0
eda_bsse                   0
eda_pct_a                  0
eda_covp                   0
--------------------------------
Attempting to make child job directory: /scratch/qchem144117//Frg1/
Attempting to make child job directory: /scratch/qchem144117//Frg2/
Creating input file /scratch/qchem144117/Frg1.input
using default PutDataFrgm: nothing
calling putenv with: QCSCRATCH=/scratch/qchem144117/ 
Spawning Job For Fragment 0
Done Job For Fragment 0
calling putenv with: QCSCRATCH=/scratch 
calling putenv with: QCTHREADS=6 
Creating input file /scratch/qchem144117/Frg2.input
using default PutDataFrgm: nothing
calling putenv with: QCSCRATCH=/scratch/qchem144117/ 
Spawning Job For Fragment 1
Done Job For Fragment 1
calling putenv with: QCSCRATCH=/scratch 
calling putenv with: QCTHREADS=6 
Doing General SCFMI
 Exchange:     0.1500 Hartree-Fock + 1.0000 wB97M-V + LR-HF
 Correlation:  1.0000 wB97M-V
 Using Euler-Maclaurin-Lebedev (99,590) quadrature formula
 Nonlocal Correlation:  VV10 with C = 0.0100 and b = 6.00 and scale = 1.00000
 Grid used for NLC:  SG-1 standard quadrature
performing fock build before subrot guess so that all methods have access
Printing subrot_rss_gen Method Specification:
Occupied Subspace Method is 0
Virtual Subspace Method is 0
Energy of the unrelaxed supersystem initial determinant -310.060767221802
write pseudocanon occs and virts to disk
write pseudocanon orbital energies to disk
Tolerance of ortho_decomp_scf: 1.00e-06
GDM subspace size: 20
Beginning the Orthogonal Decomposition of the Initial Supersystem Wavefunction
    1    -310.0390072212      5.69e-02     ortho_decomp Preconditoned Steepest Descent
    2    -310.0421095409      1.56e-03     ortho_decomp BFGS Step
    3    -310.0421226564      1.27e-04     ortho_decomp BFGS Step
    4    -310.0421226746      4.71e-06     ortho_decomp BFGS Step
    5    -310.0421226746      1.43e-07     ortho_decomp 00000 Convergence criterion met
 Hartree-Fock
 Hartree-Fock
 Hartree-Fock
 Exchange:     0.1500 Hartree-Fock + 1.0000 wB97M-V + LR-HF
 Correlation:  1.0000 wB97M-V
 Using Euler-Maclaurin-Lebedev (99,590) quadrature formula
 Nonlocal Correlation:  VV10 with C = 0.0100 and b = 6.00 and scale = 1.00000
 Grid used for NLC:  SG-1 standard quadrature
 Long-range K will be added via erf
 Coulomb attenuation parameter = 0.3 bohr**(-1)
 Nonlocal correlation = 2.042893703730e-01
Doing General SCFMI
 Exchange:     0.1500 Hartree-Fock + 1.0000 wB97M-V + LR-HF
 Correlation:  1.0000 wB97M-V
 Using Euler-Maclaurin-Lebedev (99,590) quadrature formula
 Nonlocal Correlation:  VV10 with C = 0.0100 and b = 6.00 and scale = 1.00000
 Grid used for NLC:  SG-1 standard quadrature
performing fock build at end of subrot_r(subrot) constructor so that all methods have access
<S^2> of initial wavefunction before polarization iterations 0.0000000000
Beginning iterations for the determination of the polarized wavefunction
Energy prior to optimization (guess energy) = -310.060767221802
Begin Timing: Total SCF Calculation
begin iterations for algorithm: DIIS         
the SCF tolerance is set to 1.00e-08
    1    -310.0607672218      1.37e-04     00000 
    2    -310.0613076296      5.21e-05     00000 
    3    -310.0613516388      3.09e-05     00000 
    4    -310.0613647327      1.07e-05     00000 
    5    -310.0613666664      3.01e-06     00000 
    6    -310.0613670249      1.42e-06     00000 
    7    -310.0613670952      5.02e-07     00000 
    8    -310.0613671066      1.38e-07     00000 
    9    -310.0613671072      6.10e-08     00000 
   10    -310.0613671072      3.25e-08     00000 
   11    -310.0613671073      1.43e-08     00000 
   12    -310.0613671073      5.93e-09     00000 Convergence criterion met
write pseudocanon occs and virts to disk
write pseudocanon orbital energies to disk
Timing for Total SCF: 284.00s (wall), 1701.85s (cpu)
<S^2> of polarized wavefunction after polarization iterations 0.0000000000
relaxing scfmi constraint to allow all rotations in the entire AO span
Doing General SCFMI
 Exchange:     0.1500 Hartree-Fock + 1.0000 wB97M-V + LR-HF
 Correlation:  1.0000 wB97M-V
 Using Euler-Maclaurin-Lebedev (99,590) quadrature formula
 Nonlocal Correlation:  VV10 with C = 0.0100 and b = 6.00 and scale = 1.00000
 Grid used for NLC:  SG-1 standard quadrature
performing fock build at end of subrot_r(subrot) constructor so that all methods have access
<S^2> of polarized wavefunction before ct-allowed iterations 0.0000000000
Beginning iterations for the determination of the CT-Allowed wavefunction
Energy prior to optimization (guess energy) = -310.061367107254
Begin Timing: Total SCF Calculation
begin iterations for algorithm: DIIS         
the SCF tolerance is set to 1.00e-08
    1    -310.0613671073      8.66e-05     00000 
    2    -310.0621413131      1.03e-05     00000 
    3    -310.0621641710      2.46e-06     00000 
    4    -310.0621647137      1.97e-06     00000 
    5    -310.0621649724      2.72e-07     00000 
    6    -310.0621649790      8.67e-08     00000 
    7    -310.0621649799      2.18e-08     00000 
    8    -310.0621649800      4.88e-09     00000 Convergence criterion met
write pseudocanon occs and virts to disk
write pseudocanon orbital energies to disk
Timing for Total SCF: 183.00s (wall), 1094.07s (cpu)
<S^2> of ct_allowed wavefunction after ct-allowed iterations 0.0000000000

================================
        Results of EDA2         
================================
Basic EDA Quantities
--------------------
Fragment Energies (Ha):
1 -155.0294461037
2 -155.0293941018
--------------------
  E_prp (kJ/mol) = 0.0000
  E_frz (kJ/mol) = -5.0594
  E_pol (kJ/mol) = -1.5750
  E_vct (kJ/mol) = -2.0948
  E_int (kJ/mol) = -8.7293
--------------------


Decomposition of frozen interaction energy
--------------------
  --------------------
  Orthogonal Frozen Decomposition:
  --------------------
     E_elec   (ELEC)   (kJ/mol) = -24.5013
     E_pauli  (PAULI)  (kJ/mol) = 33.5623
     E_disp   (DISP)   (kJ/mol) = -14.1204
  --------------------
  Classical Frozen Decomposition:
  --------------------
     E_cls_elec  (CLS ELEC)  (kJ/mol) = -10.0592
     E_mod_pauli (MOD PAULI) (kJ/mol) = 17.5458 (FRZ - CLS ELEC - CLS DISP)
     E_cls_disp  (CLS DISP)  (kJ/mol) = -12.5460
  --------------------
--------------------

Simplified EDA Summary (kJ/mol)
--------------------
 PREPARATION      0.0000
 FROZEN           -5.0594 (ELEC + PAULI + DISP)
[ELEC + PAULI = 7.4866, DISP = -12.5460]
 POLARIZATION    -1.5750
 CHARGE TRANSFER -2.0948
 TOTAL           -8.7293     (PRP + FRZ + POL + CT)
--------------------
 
 --------------------------------------------------------------
 
                    Orbital Energies (a.u.)
 --------------------------------------------------------------
 
 Alpha MOs
 -- Occupied --
-19.3373 -19.3229 -10.3906 -10.3760 -10.3372 -10.3226  -1.1591  -1.1446
 -0.8768  -0.8623  -0.7474  -0.7327  -0.6215  -0.6051  -0.5725  -0.5512
 -0.5495  -0.5353  -0.4913  -0.4783  -0.4758  -0.4632  -0.4330  -0.4188
 -0.3868  -0.3719
 -- Virtual --
  0.0315   0.0465   0.0535   0.0585   0.0747   0.0816   0.0896   0.1061
  0.1075   0.1155   0.1275   0.1347   0.1397   0.1567   0.1580   0.1653
  0.1708   0.1787   0.1874   0.1954   0.2059   0.2093   0.2167   0.2259
  0.2345   0.2377   0.2504   0.2558   0.2663   0.2763   0.2781   0.2837
  0.2879   0.2922   0.3000   0.3040   0.3084   0.3109   0.3189   0.3250
  0.3310   0.3354   0.3383   0.3399   0.3503   0.3524   0.3564   0.3631
  0.3668   0.3769   0.3814   0.3845   0.3874   0.3917   0.3968   0.4046
  0.4067   0.4165   0.4214   0.4309   0.4371   0.4444   0.4501   0.4579
  0.4596   0.4699   0.4750   0.4785   0.4843   0.4935   0.4952   0.5008
  0.5103   0.5254   0.5282   0.5370   0.5427   0.5549   0.5617   0.5648
  0.5687   0.5799   0.5920   0.6004   0.6119   0.6203   0.6252   0.6377
  0.6480   0.6595   0.6623   0.6717   0.6847   0.6904   0.6943   0.6986
  0.7138   0.7238   0.7353   0.7390   0.7507   0.7558   0.7591   0.7632
  0.7687   0.7715   0.7785   0.7827   0.8056   0.8085   0.8152   0.8279
  0.8315   0.8498   0.8561   0.8655   0.8853   0.8911   0.9047   0.9260
  0.9335   0.9399   0.9671   0.9836   0.9915   0.9985   1.0180   1.0245
  1.0572   1.0780   1.0881   1.0941   1.1299   1.1368   1.1471   1.1589
  1.1633   1.1770   1.1987   1.2181   1.2185   1.2342   1.2459   1.2612
  1.2735   1.2799   1.2950   1.2992   1.3193   1.3279   1.3389   1.3520
  1.3631   1.3694   1.3849   1.4067   1.4138   1.4215   1.4338   1.4542
  1.4627   1.4717   1.4817   1.5015   1.5108   1.5258   1.5453   1.5652
  1.5850   1.5966   1.6307   1.6411   1.6522   1.6642   1.6722   1.6783
  1.6986   1.7069   1.7224   1.7398   1.7615   1.7760   1.7823   1.8039
  1.8136   1.8407   1.9408   1.9706   1.9759   1.9896   2.0439   2.0591
  2.0701   2.0925   2.1212   2.1299   2.1835   2.2021   2.2321   2.2358
  2.2646   2.2980   2.3516   2.3637   2.3826   2.4121   2.4503   2.4673
  2.4952   2.5215   2.6874   2.7036   2.7424   2.7579   2.7994   2.8120
  2.8254   2.8530   2.8606   2.8772   2.8971   2.9109   2.9248   2.9322
  2.9484   2.9625   2.9754   2.9901   3.0018   3.0126   3.0426   3.0521
  3.0590   3.0697   3.0898   3.1036   3.1129   3.1385   3.1652   3.1795
  3.1863   3.1967   3.2219   3.2521   3.2598   3.2684   3.2846   3.2948
  3.3052   3.3099   3.3173   3.3309   3.3410   3.3505   3.3559   3.4001
  3.4144   3.4315   3.4529   3.4692   3.5040   3.5197   3.5268   3.5502
  3.5737   3.5896   3.5969   3.6148   3.6287   3.6351   3.6735   3.6877
  3.7144   3.7231   3.7417   3.7434   3.7620   3.7683   3.7883   3.8000
  3.8205   3.8373   3.8578   3.8786   3.9146   3.9253   3.9908   3.9982
  4.0119   4.0291   4.0348   4.0436   4.0609   4.0737   4.1023   4.1149
  4.1218   4.1330   4.1488   4.1651   4.1828   4.1896   4.2094   4.2272
  4.2359   4.2462   4.2603   4.2682   4.2856   4.3004   4.3014   4.3160
  4.3505   4.3652   4.3803   4.3943   4.4108   4.4497   4.4647   4.4683
  4.4853   4.5018   4.5116   4.5271   4.5375   4.5705   4.6141   4.6495
  4.6841   4.6969   4.7092   4.7286   4.7426   4.7630   4.8034   4.8062
  4.8254   4.8362   4.9319   4.9559   4.9627   4.9879   4.9982   5.0104
  5.0478   5.0506   5.0777   5.0943   5.1477   5.1497   5.2216   5.2318
  5.2988   5.3090   5.3400   5.3470   5.4077   5.4114   5.4268   5.4319
  5.4423   5.4482   5.4847   5.5029   5.5067   5.5494   5.5815   5.5932
  5.6126   5.6367   5.6769   5.6942   5.7295   5.7429   5.7477   5.7765
  5.8111   5.8416   5.9000   5.9074   6.1124   6.1253   6.2898   6.3036
  6.6660   6.6711   6.8247   6.8272   6.8957   6.9014   6.9846   6.9940
  7.0686   7.0889   7.3688   7.3887   7.5514   7.5567   7.7748   7.8192
 23.7588  23.7790  24.0487  24.1231  44.7493  44.8077
 --------------------------------------------------------------
 
          Ground-State Mulliken Net Atomic Charges

     Atom                 Charge (a.u.)
  ----------------------------------------
      1 C                    -0.944615
      2 C                    -0.205081
      3 O                    -0.341576
      4 H                     0.105700
      5 H                     0.268285
      6 H                     0.268150
      7 H                     0.294545
      8 H                     0.185800
      9 H                     0.361284
     10 C                    -0.895490
     11 C                    -0.072972
     12 O                    -0.415195
     13 H                     0.135068
     14 H                     0.178757
     15 H                     0.258101
     16 H                     0.372992
     17 H                     0.172543
     18 H                     0.273704
  ----------------------------------------
  Sum of atomic charges =     0.000000

 -----------------------------------------------------------------
                    Cartesian Multipole Moments
 -----------------------------------------------------------------
    Charge (ESU x 10^10)
                -0.0000
    Dipole Moment (Debye)
         X       2.2379      Y      -0.8034      Z       1.2511
       Tot       2.6868
    Quadrupole Moments (Debye-Ang)
        XX     -35.5496     XY       3.7359     YY     -41.3446
        XZ      -4.7652     YZ       0.6544     ZZ     -41.1422
    Octopole Moments (Debye-Ang^2)
       XXX       7.1453    XXY      -1.8180    XYY      -0.0360
       YYY       4.6346    XXZ      22.5081    XYZ       3.2842
       YYZ       0.9351    XZZ       6.0438    YZZ       3.4540
       ZZZ       1.7691
    Hexadecapole Moments (Debye-Ang^3)
      XXXX   -1098.3060   XXXY      77.9073   XXYY    -222.6256
      XYYY      12.0463   YYYY    -210.2084   XXXZ     -33.6452
      XXYZ      12.2348   XYYZ       5.0279   YYYZ       6.7592
      XXZZ    -227.0892   XYZZ       6.8365   YYZZ     -52.8060
      XZZZ       6.7648   YZZZ       5.7586   ZZZZ    -139.4400
 -----------------------------------------------------------------
 Total job time:  1510.12s(wall), 5428.66s(cpu) 
 Fri Feb 28 18:55:17 2025

        *************************************************************
        *                                                           *
        *  Thank you very much for using Q-Chem.  Have a nice day.  *
        *                                                           *
        *************************************************************


